Log file open, 06/04/17 15:52:24
LogInit:Display: Running engine for game: Project_lonesome
LogPlatformFile: Not using cached read wrapper
LogInit:Display: RandInit(-1372106631) SRandInit(-1372106631).
LogTaskGraph: Started task graph with 5 named threads and 8 total threads with 1 sets of task threads.
LogStats: Stats thread started at 0.084044
LogInit: Using libcurl 7.47.1
LogInit:  - built for x86_64-pc-win32
LogInit:  - supports SSL with OpenSSL/1.0.2g
LogInit:  - supports HTTP deflate (compression) using libz 1.2.8
LogInit:  - other features:
LogInit:      CURL_VERSION_SSL
LogInit:      CURL_VERSION_LIBZ
LogInit:      CURL_VERSION_IPV6
LogInit:      CURL_VERSION_ASYNCHDNS
LogInit:      CURL_VERSION_LARGEFILE
LogInit:      CURL_VERSION_IDN
LogInit:  CurlRequestOptions (configurable via config and command line):
LogInit:  - bVerifyPeer = false  - Libcurl will NOT verify peer certificate
LogInit:  - bUseHttpProxy = false  - Libcurl will NOT use HTTP proxy
LogInit:  - bDontReuseConnections = false  - Libcurl will reuse connections
LogInit:  - CertBundlePath = nullptr  - Libcurl will use whatever was configured at build time.
LogInit: Build: ++UE4+Release-4.15-CL-3348071
LogInit: Engine Version: 4.15.1-3348071+++UE4+Release-4.15
LogInit: Compatible Engine Version: 4.15.0-3299760+++UE4+Release-4.15
LogInit: Net CL: 3299760
LogDevObjectVersion: Number of dev versions registered: 14
LogDevObjectVersion:   Dev-Blueprints (B0D832E4-1F89-4F0D-ACCF-7EB736FD4AA2): 8
LogDevObjectVersion:   Dev-Build (E1C64328-A22C-4D53-A36C-8E866417BD8C): 0
LogDevObjectVersion:   Dev-Core (375EC13C-06E4-48FB-B500-84F0262A717E): 2
LogDevObjectVersion:   Dev-Editor (E4B068ED-F494-42E9-A231-DA0B2E46BB41): 14
LogDevObjectVersion:   Dev-Framework (CFFC743F-43B0-4480-9391-14DF171D2073): 22
LogDevObjectVersion:   Dev-Mobile (B02B49B5-BB20-44E9-A304-32B752E40360): 0
LogDevObjectVersion:   Dev-Networking (A4E4105C-59A1-49B5-A7C5-40C4547EDFEE): 0
LogDevObjectVersion:   Dev-Online (39C831C9-5AE6-47DC-9A44-9C173E1C8E7C): 0
LogDevObjectVersion:   Dev-Physics (78F01B33-EBEA-4F98-B9B4-84EACCB95AA2): 0
LogDevObjectVersion:   Dev-Platform (6631380F-2D4D-43E0-8009-CF276956A95A): 0
LogDevObjectVersion:   Dev-Rendering (12F88B9F-8875-4AFC-A67C-D90C383ABD29): 12
LogDevObjectVersion:   Dev-Sequencer (7B5AE74C-D270-4C10-A958-57980B212A5A): 3
LogDevObjectVersion:   Dev-VR (D7296918-1DD6-4BDD-9DE2-64A83CC13884): 0
LogDevObjectVersion:   Dev-LoadTimes (C2A15278-BFE7-4AFE-6C17-90FF531DF755): 1
LogInit: Compiled (64-bit): Mar 15 2017 16:52:47
LogInit: Compiled with Visual C++: 19.00.23026.00
LogInit: Build Configuration: Development
LogInit: Branch Name: ++UE4+Release-4.15
LogInit: Command line:  
LogInit: Base directory: H:/Program Files/Epic Games/UE_4.15/Engine/Binaries/Win64/
LogInit: Installed Engine Build: 1
LogInit: Presizing for max 8388607 objects, including 0 objects not considered by GC, pre-allocating 0 bytes for permanent pool.
LogInit: Object subsystem initialized
[2017.06.04-22.52.25:451][  0]LogInit: Selected Device Profile: [Windows]
[2017.06.04-22.52.25:451][  0]LogInit: Applying CVar settings loaded from the selected device profile: [Windows]
[2017.06.04-22.52.25:460][  0]LogInit: Computer: DESKTOP-969FG03
[2017.06.04-22.52.25:460][  0]LogInit: User: elmen
[2017.06.04-22.52.25:460][  0]LogInit: CPU Page size=65536, Cores=4
[2017.06.04-22.52.25:460][  0]LogInit: High frequency timer resolution =3.312799 MHz
[2017.06.04-22.52.25:461][  0]LogMemory: Memory total: Physical=16.0GB (16GB approx)
[2017.06.04-22.52.25:461][  0]LogMemory: Platform Memory Stats for Windows
[2017.06.04-22.52.25:461][  0]LogMemory: Process Physical Memory: 265.48 MB used, 265.48 MB peak
[2017.06.04-22.52.25:461][  0]LogMemory: Process Virtual Memory: 262.78 MB used, 262.78 MB peak
[2017.06.04-22.52.25:461][  0]LogMemory: Physical Memory: 9690.23 MB used,  6654.73 MB free, 16344.95 MB total
[2017.06.04-22.52.25:461][  0]LogMemory: Virtual Memory: 630.96 MB used,  6654.73 MB free, 134217728.00 MB total
[2017.06.04-22.52.25:540][  0]LogTextLocalizationManager: No specific translations for ('en-US') exist, so ('en') translations will be used.
[2017.06.04-22.52.26:232][  0]LogD3D11RHI: D3D11 adapters:
[2017.06.04-22.52.26:752][  0]LogD3D11RHI:    0. 'NVIDIA GeForce GTX 1050' (Feature Level 11_0)
[2017.06.04-22.52.26:752][  0]LogD3D11RHI:       2006/0/8172 MB DedicatedVideo/DedicatedSystem/SharedSystem, Outputs:1, VendorId:0x10de
[2017.06.04-22.52.26:753][  0]LogD3D11RHI:    1. 'Microsoft Basic Render Driver' (Feature Level 11_0)
[2017.06.04-22.52.26:753][  0]LogD3D11RHI:       0/0/8172 MB DedicatedVideo/DedicatedSystem/SharedSystem, Outputs:0, VendorId:0x1414
[2017.06.04-22.52.26:753][  0]LogD3D11RHI: Chosen D3D11 Adapter: 0
[2017.06.04-22.52.26:759][  0]LogD3D11RHI: Creating new Direct3DDevice
[2017.06.04-22.52.26:759][  0]LogD3D11RHI:     GPU DeviceId: 0x1c81 (for the marketing name, search the web for "GPU Device Id")
[2017.06.04-22.52.26:759][  0]LogWindows: EnumDisplayDevices:
[2017.06.04-22.52.26:759][  0]LogWindows:    0. 'NVIDIA GeForce GTX 1050' (P:1 D:1)
[2017.06.04-22.52.26:759][  0]LogWindows:    1. 'NVIDIA GeForce GTX 1050' (P:0 D:0)
[2017.06.04-22.52.26:760][  0]LogWindows:    2. 'NVIDIA GeForce GTX 1050' (P:0 D:0)
[2017.06.04-22.52.26:760][  0]LogWindows:    3. 'NVIDIA GeForce GTX 1050' (P:0 D:0)
[2017.06.04-22.52.26:760][  0]LogWindows: DebugString: FoundDriverCount:4 
[2017.06.04-22.52.26:760][  0]LogD3D11RHI:     Adapter Name: NVIDIA GeForce GTX 1050
[2017.06.04-22.52.26:760][  0]LogD3D11RHI:   Driver Version: 378.92 (internal:21.21.13.7892, unified:378.92)
[2017.06.04-22.52.26:760][  0]LogD3D11RHI:      Driver Date: 3-16-2017
[2017.06.04-22.52.26:760][  0]LogRHI: Texture pool is 1361 MB (70% of 1945 MB)
[2017.06.04-22.52.27:240][  0]LogD3D11RHI: Async texture creation enabled
[2017.06.04-22.52.27:280][  0]LogD3D11RHI: GPU Timing Frequency: 1000.000000 (Debug: 2 1)
[2017.06.04-22.52.27:331][  0]LogShaderCompilers: Guid format shader working directory is -36 characters bigger than the processId version (../../../../../../Documents/GitHub/ProjectLonesomeRecovered/Project_lonesome 4.15/Intermediate/Shaders/WorkingDirectory/23740/).
[2017.06.04-22.52.27:331][  0]LogShaderCompilers: Cleaned the shader compiler working directory 'C:/Users/elmen/AppData/Local/Temp/UnrealShaderWorkingDir/255D57504DDDE27A4286AB88CC0D9664/'.
[2017.06.04-22.52.27:331][  0]LogShaderCompilers:Display: Using Local Shader Compiler.
[2017.06.04-22.52.28:535][  0]LogTemp:Display: Loaded TP AllDesktopTargetPlatform
[2017.06.04-22.52.28:597][  0]LogTemp:Display: Loaded TP MacClientTargetPlatform
[2017.06.04-22.52.28:654][  0]LogTemp:Display: Loaded TP MacNoEditorTargetPlatform
[2017.06.04-22.52.28:714][  0]LogTemp:Display: Loaded TP MacServerTargetPlatform
[2017.06.04-22.52.28:771][  0]LogTemp:Display: Loaded TP MacTargetPlatform
[2017.06.04-22.52.28:830][  0]LogTemp:Display: Loaded TP WindowsClientTargetPlatform
[2017.06.04-22.52.28:887][  0]LogTemp:Display: Loaded TP WindowsNoEditorTargetPlatform
[2017.06.04-22.52.28:946][  0]LogTemp:Display: Loaded TP WindowsServerTargetPlatform
[2017.06.04-22.52.28:992][  0]LogTemp:Display: Loaded TP WindowsTargetPlatform
[2017.06.04-22.52.29:052][  0]LogTemp:Display: Loaded TP AndroidTargetPlatform
[2017.06.04-22.52.29:112][  0]LogTemp:Display: Loaded TP Android_ASTCTargetPlatform
[2017.06.04-22.52.29:169][  0]LogTemp:Display: Loaded TP Android_ATCTargetPlatform
[2017.06.04-22.52.29:226][  0]LogTemp:Display: Loaded TP Android_DXTTargetPlatform
[2017.06.04-22.52.29:285][  0]LogTemp:Display: Loaded TP Android_ETC1TargetPlatform
[2017.06.04-22.52.29:346][  0]LogTemp:Display: Loaded TP Android_ETC2TargetPlatform
[2017.06.04-22.52.29:459][  0]LogTemp:Display: Loaded TP Android_MultiTargetPlatform
[2017.06.04-22.52.29:459][  0]LogTemp:Display: Loaded TP Android_PVRTCTargetPlatform
[2017.06.04-22.52.29:499][  0]LogTemp:Display: Loaded TP HTML5TargetPlatform
[2017.06.04-22.52.29:608][  0]LogTemp:Display: Loaded TP IOSTargetPlatform
[2017.06.04-22.52.29:643][  0]LogTemp:Display: Loaded TP TVOSTargetPlatform
[2017.06.04-22.52.29:701][  0]LogTemp:Display: Loaded TP LinuxClientTargetPlatform
[2017.06.04-22.52.29:758][  0]LogTemp:Display: Loaded TP LinuxNoEditorTargetPlatform
[2017.06.04-22.52.29:820][  0]LogTemp:Display: Loaded TP LinuxServerTargetPlatform
[2017.06.04-22.52.29:882][  0]LogTemp:Display: Loaded TP LinuxTargetPlatform
[2017.06.04-22.52.29:882][  0]LogTargetPlatformManager:Display: Building Assets For Windows
[2017.06.04-22.52.30:321][  0]LogDerivedDataCache:Display: Max Cache Size: 512 MB
[2017.06.04-22.52.30:372][  0]LogDerivedDataCache: Loaded boot cache 0.05s 50MB C:/Users/elmen/AppData/Local/UnrealEngine/4.15/DerivedDataCache/Boot.ddc.
[2017.06.04-22.52.30:372][  0]LogDerivedDataCache:Display: Loaded Boot cache: C:/Users/elmen/AppData/Local/UnrealEngine/4.15/DerivedDataCache/Boot.ddc
[2017.06.04-22.52.30:373][  0]LogDerivedDataCache: FDerivedDataBackendGraph:  Pak pak cache file ../../../../../../Documents/GitHub/ProjectLonesomeRecovered/Project_lonesome 4.15/DerivedDataCache/DDC.ddp not found, will not use a pak cache.
[2017.06.04-22.52.30:373][  0]LogDerivedDataCache: Unable to find inner node Pak for hierarchical cache Hierarchy.
[2017.06.04-22.52.30:373][  0]LogDerivedDataCache: FDerivedDataBackendGraph:  CompressedPak pak cache file ../../../../../../Documents/GitHub/ProjectLonesomeRecovered/Project_lonesome 4.15/DerivedDataCache/Compressed.ddp not found, will not use a pak cache.
[2017.06.04-22.52.30:373][  0]LogDerivedDataCache: Unable to find inner node CompressedPak for hierarchical cache Hierarchy.
[2017.06.04-22.52.30:391][  0]LogDerivedDataCache:Display: Pak cache opened for reading ../../../Engine/DerivedDataCache/Compressed.ddp.
[2017.06.04-22.52.30:403][  0]LogDerivedDataCache: Using Local data cache path C:/Users/elmen/AppData/Local/UnrealEngine/Common/DerivedDataCache: Writable
[2017.06.04-22.52.30:414][  0]LogSlate: Using Freetype 2.6.0
[2017.06.04-22.52.30:415][  0]LogSlate: SlateFontCache - WITH_FREETYPE: 1, WITH_HARFBUZZ: 1
[2017.06.04-22.52.30:415][  0]LogSlate: SlateFontCache - WITH_FREETYPE: 1, WITH_HARFBUZZ: 1
[2017.06.04-22.52.30:803][  0]LogInit: Selected Device Profile: [Windows]
[2017.06.04-22.52.30:807][  0]LogContentStreaming: Texture pool size is 0.00 MB
[2017.06.04-22.52.31:036][  0]LogMeshUtilities: Using QuadricMeshReduction for automatic static mesh reduction
[2017.06.04-22.52.31:081][  0]LogSimplygon: Simplygon DLL not present - disabling.
[2017.06.04-22.52.31:133][  0]LogMeshUtilities: Using SimplygonSwarm for distributed automatic mesh merging
[2017.06.04-22.52.31:133][  0]LogMeshUtilities: No automatic skeletal mesh reduction module available
[2017.06.04-22.52.31:133][  0]LogMeshUtilities: No automatic mesh merging module available
[2017.06.04-22.52.31:730][  0]LogNetVersion: GetLocalNetworkVersion: CL: 3299760, ProjectName: project_lonesome, ProjectVersion: , EngineNetworkVersion: 2, GameNetworkVersion: 0, NetworkChecksum: 3824462427
[2017.06.04-22.52.31:773][  0]LogAssetRegistry: FAssetRegistry took 0.0212 seconds to start up
[2017.06.04-22.52.31:824][  0]LogPackageLocalizationCache: Processed 3 localized package path(s) for 2 prioritized culture(s) in 0.029700 seconds
[2017.06.04-22.52.31:829][  0]LogUObjectArray: 32494 objects as part of root set at end of initial load.
[2017.06.04-22.52.31:829][  0]LogUObjectAllocator: 7077256 out of 0 bytes used by permanent object pool.
[2017.06.04-22.52.31:829][  0]LogUObjectArray: CloseDisregardForGC: 0/0 objects in disregard for GC pool
[2017.06.04-22.52.31:898][  0]LogInit: WinSock: version 1.1 (2.2), MaxSocks=32767, MaxUdp=65467
[2017.06.04-22.52.33:822][  0]LogTcpMessaging: Initializing TcpMessaging bridge
[2017.06.04-22.52.33:863][  0]LogUdpMessaging: Initializing bridge on interface 0.0.0.0:0 to multicast group 230.0.0.1:6666.
[2017.06.04-22.52.34:382][  0]LogMaterial: Uniform references updated for custom material expression Custom.
[2017.06.04-22.52.34:821][  0]SourceControl: Info Source control is disabled
[2017.06.04-22.52.34:918][  0]SourceControl: Info Source control is disabled
[2017.06.04-22.52.34:975][  0]SourceControl: Info Source control is disabled
[2017.06.04-22.52.35:041][  0]SourceControl: Info Source control is disabled
[2017.06.04-22.52.36:423][  0]LogEngine: Initializing Engine...
[2017.06.04-22.52.36:424][  0]LogHMD: Failed to initialize OpenVR with code 110
[2017.06.04-22.52.36:662][  0]LogAIModule: Creating AISystem for world Untitled
[2017.06.04-22.52.36:675][  0]LogInit: XAudio2 using 'Speakers / Headphones (Realtek High Definition Audio)' : 2 channels at 48 kHz using 32 bits per sample (channel mask 0x3)
[2017.06.04-22.52.36:698][  0]LogInit: FAudioDevice initialized.
[2017.06.04-22.52.36:724][  0]LogDerivedDataCache: Saved boot cache 0.03s 50MB C:/Users/elmen/AppData/Local/UnrealEngine/4.15/DerivedDataCache/Boot.ddc.
[2017.06.04-22.52.36:727][  0]LogInit: Texture streaming: Enabled
[2017.06.04-22.52.36:815][  0]LogEngineSessionManager: EngineSessionManager initialized
[2017.06.04-22.52.36:823][  0]LogEngineSessionManager: EngineSessionManager sent abnormal shutdown report. Type=Crashed, SessionId={11A095C5-4F8D-EB38-47B5-899B105561FE}
[2017.06.04-22.52.36:915][  0]LogInit: Transaction tracking system initialized
[2017.06.04-22.52.37:266][  0]BlueprintLog: New page: Editor Load
[2017.06.04-22.52.38:146][  0]LocalizationService: Info Localization service is disabled
[2017.06.04-22.52.38:839][  0]LogConsoleResponse:Display: 
[2017.06.04-22.52.38:974][  0]LogCook:Display: Max memory allowance for cook 16384mb min free memory 0mb
[2017.06.04-22.52.38:974][  0]LogCook:Display: Mobile HDR setting 1
[2017.06.04-22.52.40:001][  0]LogFileCache: Scanning file cache for directory 'H:/Documents/GitHub/ProjectLonesomeRecovered/Project_lonesome 4.15/Content/' took 0.03s
[2017.06.04-22.52.40:044][  0]SourceControl: Info Source control is disabled
[2017.06.04-22.52.40:044][  0]Cmd: MAP LOAD FILE="../../../../../../Documents/GitHub/ProjectLonesomeRecovered/Project_lonesome 4.15/Content/FirstPersonBP/Maps/FirstPersonExampleMap.umap" TEMPLATE=0 SHOWPROGRESS=1 FEATURELEVEL=3
[2017.06.04-22.52.40:044][  0]LightingResults: New page: Lighting Build
[2017.06.04-22.52.40:085][  0]MapCheck: New page: Map Check
[2017.06.04-22.52.40:085][  0]LightingResults: New page: Lighting Build
[2017.06.04-22.52.41:906][  0]LogAIModule: Creating AISystem for world FirstPersonExampleMap
[2017.06.04-22.52.41:932][  0]LogEditorServer: Finished looking for orphan Actors (0.000 secs)
[2017.06.04-22.52.41:933][  0]Cmd: MAP CHECKDEP NOCLEARLOG
[2017.06.04-22.52.42:014][  0]MapCheck: Info Map check complete: 0 Error(s), 0 Warning(s), took 80.964ms to complete.
[2017.06.04-22.52.42:014][  0]LogFileHelpers: Loading map 'FirstPersonExampleMap' took 1.971
[2017.06.04-22.52.42:218][  0]LogCollectionManager: Loaded 1 collections in 0.001652 seconds
[2017.06.04-22.52.42:297][  0]LogFileCache: Scanning file cache for directory 'H:/Documents/GitHub/ProjectLonesomeRecovered/Project_lonesome 4.15/Saved/Collections/' took 0.01s
[2017.06.04-22.52.42:297][  0]LogFileCache: Scanning file cache for directory 'H:/Documents/GitHub/ProjectLonesomeRecovered/Project_lonesome 4.15/Content/Developers/elmen/Collections/' took 0.01s
[2017.06.04-22.52.42:297][  0]LogFileCache: Scanning file cache for directory 'H:/Documents/GitHub/ProjectLonesomeRecovered/Project_lonesome 4.15/Content/Collections/' took 0.01s
[2017.06.04-22.52.42:297][  0]LogCollectionManager: Rebuilt the GUID cache for 1 collections in 0.000005 seconds
[2017.06.04-22.52.42:297][  0]LogCollectionManager: Rebuilt the hierarchy cache for 1 collections in 0.000000 seconds
[2017.06.04-22.52.42:308][  0]LogContentBrowser: Native class hierarchy populated in 0.0105 seconds. Added 2245 classes and 453 folders.
[2017.06.04-22.52.42:311][  0]LogStats: UGameplayTagsManager::ConstructGameplayTagTree: Construct from data asset -  0.000 s
[2017.06.04-22.52.42:311][  0]LogStats: UGameplayTagsManager::ConstructGameplayTagTree: GameplayTagTreeChangedEvent.Broadcast -  0.000 s
[2017.06.04-22.52.42:370][  0]LogContentBrowser: Native class hierarchy updated for 'WidgetCarousel' in 0.0007 seconds. Added 0 classes and 0 folders.
[2017.06.04-22.52.42:430][  0]LogContentBrowser: Native class hierarchy updated for 'AddContentDialog' in 0.0005 seconds. Added 0 classes and 0 folders.
[2017.06.04-22.52.42:477][  0]LogContentBrowser: Native class hierarchy updated for 'SceneOutliner' in 0.0006 seconds. Added 1 classes and 2 folders.
[2017.06.04-22.52.42:597][  0]LogCrashTracker: Crashtracker disabled due to settings.
[2017.06.04-22.52.42:605][  0]LogUObjectGlobals:Warning: Failed to find object 'Class None.'
[2017.06.04-22.52.42:671][  0]LogContentBrowser: Native class hierarchy updated for 'HierarchicalLODOutliner' in 0.0006 seconds. Added 1 classes and 2 folders.
[2017.06.04-22.52.42:671][  0]LogLoad: (Engine Initialization) Total time: 19.30 seconds
[2017.06.04-22.52.42:671][  0]LogLoad: (Engine Initialization) Total Blueprint compile time: 0.76 seconds
[2017.06.04-22.52.42:671][  0]LogExternalProfiler: Found external profiler: VSPerf
[2017.06.04-22.52.42:671][  0]LogExternalProfiler: Using external profiler: VSPerf
[2017.06.04-22.52.43:011][  0]LogOcInput: OculusInput pre-init called
[2017.06.04-22.52.43:032][  0]LogContentStreaming: Texture pool size now 1000 MB
[2017.06.04-22.52.43:033][  0]LogSlate: Took 0.000334 seconds to synchronously load lazily loaded font '../../../Engine/Content/Slate/Fonts/Roboto-Regular.ttf' (155K)
[2017.06.04-22.52.43:037][  0]LogSlate: Took 0.000278 seconds to synchronously load lazily loaded font '../../../Engine/Content/Slate/Fonts/Roboto-Bold.ttf' (160K)
[2017.06.04-22.52.43:044][  0]LogSlate: Took 0.000313 seconds to synchronously load lazily loaded font '../../../Engine/Content/Editor/Slate/Fonts/FontAwesome.ttf' (139K)
[2017.06.04-22.52.43:228][  0]LogRenderer: Reallocating scene render targets to support 1208x576 NumSamples 1 (Frame:2).
[2017.06.04-22.52.44:018][  3]LogAssetRegistry: Asset discovery search completed in 12.2657 seconds
[2017.06.04-22.52.44:018][  3]LogCollectionManager: Rebuilt the object cache for 1 collections in 0.000009 seconds (found 0 objects)
[2017.06.04-22.52.44:018][  3]LogCollectionManager: Fixed up redirectors for 1 collections in 0.000042 seconds (updated 0 objects)
[2017.06.04-22.52.47:351][ 13]LogSlate: Took 0.000243 seconds to synchronously load lazily loaded font '../../../Engine/Content/Slate/Fonts/Roboto-Light.ttf' (159K)
[2017.06.04-22.52.54:784][432]LogSlate: Took 0.000309 seconds to synchronously load lazily loaded font '../../../Engine/Content/Slate/Fonts/Roboto-Light.ttf' (159K)
[2017.06.04-22.52.55:401][432]LogAIModule: Creating AISystem for world Basement2
[2017.06.04-22.52.55:464][432]Cmd: MAP LOAD FILE="../../../../../../Documents/GitHub/ProjectLonesomeRecovered/Project_lonesome 4.15/Content/Levels/Basement2.umap" TEMPLATE=0 SHOWPROGRESS=1 FEATURELEVEL=3
[2017.06.04-22.52.55:464][432]LightingResults: New page: Lighting Build
[2017.06.04-22.52.55:466][432]LoadErrors: New page: Loading map: Basement2.umap
[2017.06.04-22.52.55:467][432]MapCheck: New page: Map Check
[2017.06.04-22.52.55:467][432]LightingResults: New page: Lighting Build
[2017.06.04-22.52.55:585][432]LogEditorServer: Finished looking for orphan Actors (0.000 secs)
[2017.06.04-22.52.55:632][432]Cmd: MAP CHECKDEP NOCLEARLOG
[2017.06.04-22.52.55:725][432]MapCheck: Info Map check complete: 0 Error(s), 0 Warning(s), took 92.468ms to complete.
[2017.06.04-22.52.55:725][432]LogFileHelpers: Loading map 'Basement2' took 0.262
[2017.06.04-22.52.56:827][545]LogLinker:Warning: Can't find file '/Game/Levels/Basement_BuiltData'
[2017.06.04-22.52.56:827][545]LogLinker:Warning: Can't find file for asset '/Game/Levels/Basement_BuiltData' while loading ../../../../../../Documents/GitHub/ProjectLonesomeRecovered/Project_lonesome 4.15/Content/Levels/Basement.umap.
[2017.06.04-22.52.56:827][545]LoadErrors:Error: Error /Game/Levels/Basement : Can't find file for asset. /Game/Levels/Basement_BuiltData
[2017.06.04-22.52.56:830][545]LogLinker:Warning: Can't find file '/Game/Levels/Basement_BuiltData'
[2017.06.04-22.52.56:830][545]LogLinker:Warning: Can't find file for asset '/Game/Levels/Basement_BuiltData' while loading ../../../../../../Documents/GitHub/ProjectLonesomeRecovered/Project_lonesome 4.15/Content/Levels/Basement.umap.
[2017.06.04-22.52.56:838][545]LogLinker:Warning: Can't find file '/Game/Levels/Basement_BuiltData'
[2017.06.04-22.52.56:838][545]LogLinker:Warning: Can't find file for asset '/Game/Levels/Basement_BuiltData' while loading NULL.
[2017.06.04-22.52.56:838][545]LogLinker:Warning: Can't find file '/Game/Levels/Basement_BuiltData'
[2017.06.04-22.52.56:838][545]LogLinker:Warning: Can't find file for asset '/Game/Levels/Basement_BuiltData' while loading NULL.
[2017.06.04-22.52.56:847][545]LogBlueprint:Warning: [Basement] 'FlashLight_Light' variable not found. Base class was probably changed.
[2017.06.04-22.52.56:872][545]LogBlueprint:Warning: [Compiler PersistentLevel.Basement] Warning Could not find a variable named "FlashLight_Light" in 'FirstPersonCharacter_C'.
Make sure 'FirstPersonCharacter_C' has been compiled for  Get FlashLight_Light
[2017.06.04-22.52.56:901][545]LogBlueprint:Error: [Compiler PersistentLevel.Basement] Error The property associated with  Flash Light Light  could not be found
[2017.06.04-22.52.56:907][545]LogBlueprint:Warning: [Compiler PersistentLevel.Basement] Warning [0033.54] Compile of PersistentLevel.Basement failed. 1 Fatal Issue(s) 1 Warning(s) [in 58 ms] (/Game/Levels/Basement.Basement:PersistentLevel.Basement)
[2017.06.04-22.52.56:907][545]LogBlueprint:Warning: [Compiler PersistentLevel.Basement] Warning [0033.54] Compile of PersistentLevel.Basement failed. 1 Fatal Issue(s) 2 Warning(s) [in 0 ms] (/Game/Levels/Basement.Basement:PersistentLevel.Basement)
[2017.06.04-22.52.56:907][545]LogBlueprint:Warning: [Compiler PersistentLevel.Basement] Warning [0033.54] Compile of PersistentLevel.Basement failed. 1 Fatal Issue(s) 3 Warning(s) [in 0 ms] (/Game/Levels/Basement.Basement:PersistentLevel.Basement)
[2017.06.04-22.52.56:907][545]LogBlueprint:Warning: [Basement] 'FlashLight_Light' variable not found. Base class was probably changed.
[2017.06.04-22.52.56:921][545]LogUObjectGlobals:Warning: Guid referenced by ArrowComponent /Game/Levels/Basement.Basement:PersistentLevel.LightSource.ArrowComponent0 is already used by ArrowComponent /Game/Levels/Basement2.Basement2:PersistentLevel.LightSource.ArrowComponent0, which should never happen in the editor but could happen at runtime with duplicate level loading or PIE
[2017.06.04-22.52.56:921][545]LogUObjectGlobals:Warning: Guid referenced by AudioComponent /Game/Levels/Basement.Basement:PersistentLevel.background_2_Cue_8.AudioComponent0 is already used by AudioComponent /Game/Levels/Basement2.Basement2:PersistentLevel.background_2_Cue_8.AudioComponent0, which should never happen in the editor but could happen at runtime with duplicate level loading or PIE
[2017.06.04-22.52.56:921][545]LogUObjectGlobals:Warning: Guid referenced by BillboardComponent /Game/Levels/Basement.Basement:PersistentLevel.Trigger_Flicker.Sprite is already used by BillboardComponent /Game/Levels/Basement2.Basement2:PersistentLevel.Trigger_Flicker.Sprite, which should never happen in the editor but could happen at runtime with duplicate level loading or PIE
[2017.06.04-22.52.56:921][545]LogUObjectGlobals:Warning: Guid referenced by BillboardComponent /Game/Levels/Basement.Basement:PersistentLevel.TriggerBox_1.Sprite is already used by BillboardComponent /Game/Levels/Basement2.Basement2:PersistentLevel.TriggerBox_1.Sprite, which should never happen in the editor but could happen at runtime with duplicate level loading or PIE
[2017.06.04-22.52.56:921][545]LogUObjectGlobals:Warning: Guid referenced by BoxComponent /Game/Levels/Basement.Basement:PersistentLevel.Trigger_Flicker.CollisionComp is already used by BoxComponent /Game/Levels/Basement2.Basement2:PersistentLevel.Trigger_Flicker.CollisionComp, which should never happen in the editor but could happen at runtime with duplicate level loading or PIE
[2017.06.04-22.52.56:921][545]LogUObjectGlobals:Warning: Guid referenced by BoxComponent /Game/Levels/Basement.Basement:PersistentLevel.TriggerBox_1.CollisionComp is already used by BoxComponent /Game/Levels/Basement2.Basement2:PersistentLevel.TriggerBox_1.CollisionComp, which should never happen in the editor but could happen at runtime with duplicate level loading or PIE
[2017.06.04-22.52.56:921][545]LogUObjectGlobals:Warning: Guid referenced by DirectionalLightComponent /Game/Levels/Basement.Basement:PersistentLevel.LightSource.LightComponent0 is already used by DirectionalLightComponent /Game/Levels/Basement2.Basement2:PersistentLevel.LightSource.LightComponent0, which should never happen in the editor but could happen at runtime with duplicate level loading or PIE
[2017.06.04-22.52.56:922][545]LogLinker:Warning: Can't find file '/Game/Levels/Basement_BuiltData'
[2017.06.04-22.52.56:922][545]LoadErrors: Info Failed to load /Game/Levels/Basement_BuiltData.Basement_BuiltData Referenced by PersistentLevel
[2017.06.04-22.52.56:922][545]LogLinker:Warning: Can't find file for asset '/Game/Levels/Basement_BuiltData' while loading NULL.
[2017.06.04-22.52.56:925][545]LogUObjectGlobals:Warning: Guid referenced by StaticMeshComponent /Game/Levels/Basement.Basement:PersistentLevel.Cube10.StaticMeshComponent0 is already used by StaticMeshComponent /Game/Levels/Basement2.Basement2:PersistentLevel.Cube10.StaticMeshComponent0, which should never happen in the editor but could happen at runtime with duplicate level loading or PIE
[2017.06.04-22.52.56:925][545]LogUObjectGlobals:Warning: Guid referenced by StaticMeshComponent /Game/Levels/Basement.Basement:PersistentLevel.Cube11.StaticMeshComponent0 is already used by StaticMeshComponent /Game/Levels/Basement2.Basement2:PersistentLevel.Cube11.StaticMeshComponent0, which should never happen in the editor but could happen at runtime with duplicate level loading or PIE
[2017.06.04-22.52.56:925][545]LogUObjectGlobals:Warning: Guid referenced by StaticMeshComponent /Game/Levels/Basement.Basement:PersistentLevel.Cube12.StaticMeshComponent0 is already used by StaticMeshComponent /Game/Levels/Basement2.Basement2:PersistentLevel.Cube12.StaticMeshComponent0, which should never happen in the editor but could happen at runtime with duplicate level loading or PIE
[2017.06.04-22.52.56:925][545]LogUObjectGlobals:Warning: Guid referenced by StaticMeshComponent /Game/Levels/Basement.Basement:PersistentLevel.Cube13.StaticMeshComponent0 is already used by StaticMeshComponent /Game/Levels/Basement2.Basement2:PersistentLevel.Cube13.StaticMeshComponent0, which should never happen in the editor but could happen at runtime with duplicate level loading or PIE
[2017.06.04-22.52.56:925][545]LogUObjectGlobals:Warning: Guid referenced by StaticMeshComponent /Game/Levels/Basement.Basement:PersistentLevel.Cube14.StaticMeshComponent0 is already used by StaticMeshComponent /Game/Levels/Basement2.Basement2:PersistentLevel.Cube14.StaticMeshComponent0, which should never happen in the editor but could happen at runtime with duplicate level loading or PIE
[2017.06.04-22.52.56:925][545]LogUObjectGlobals:Warning: Guid referenced by StaticMeshComponent /Game/Levels/Basement.Basement:PersistentLevel.Cube15.StaticMeshComponent0 is already used by StaticMeshComponent /Game/Levels/Basement2.Basement2:PersistentLevel.Cube15.StaticMeshComponent0, which should never happen in the editor but could happen at runtime with duplicate level loading or PIE
[2017.06.04-22.52.56:925][545]LogUObjectGlobals:Warning: Guid referenced by StaticMeshComponent /Game/Levels/Basement.Basement:PersistentLevel.Cube17.StaticMeshComponent0 is already used by StaticMeshComponent /Game/Levels/Basement2.Basement2:PersistentLevel.Cube17.StaticMeshComponent0, which should never happen in the editor but could happen at runtime with duplicate level loading or PIE
[2017.06.04-22.52.56:925][545]LogUObjectGlobals:Warning: Guid referenced by StaticMeshComponent /Game/Levels/Basement.Basement:PersistentLevel.Cube18.StaticMeshComponent0 is already used by StaticMeshComponent /Game/Levels/Basement2.Basement2:PersistentLevel.Cube18.StaticMeshComponent0, which should never happen in the editor but could happen at runtime with duplicate level loading or PIE
[2017.06.04-22.52.56:925][545]LogUObjectGlobals:Warning: Guid referenced by StaticMeshComponent /Game/Levels/Basement.Basement:PersistentLevel.Cube19.StaticMeshComponent0 is already used by StaticMeshComponent /Game/Levels/Basement2.Basement2:PersistentLevel.Cube19.StaticMeshComponent0, which should never happen in the editor but could happen at runtime with duplicate level loading or PIE
[2017.06.04-22.52.56:925][545]LogUObjectGlobals:Warning: Guid referenced by StaticMeshComponent /Game/Levels/Basement.Basement:PersistentLevel.Cube2.StaticMeshComponent0 is already used by StaticMeshComponent /Game/Levels/Basement2.Basement2:PersistentLevel.Cube2.StaticMeshComponent0, which should never happen in the editor but could happen at runtime with duplicate level loading or PIE
[2017.06.04-22.52.56:926][545]LogUObjectGlobals:Warning: Guid referenced by StaticMeshComponent /Game/Levels/Basement.Basement:PersistentLevel.Cube20.StaticMeshComponent0 is already used by StaticMeshComponent /Game/Levels/Basement2.Basement2:PersistentLevel.Cube20.StaticMeshComponent0, which should never happen in the editor but could happen at runtime with duplicate level loading or PIE
[2017.06.04-22.52.56:926][545]LogUObjectGlobals:Warning: Guid referenced by StaticMeshComponent /Game/Levels/Basement.Basement:PersistentLevel.Cube21.StaticMeshComponent0 is already used by StaticMeshComponent /Game/Levels/Basement2.Basement2:PersistentLevel.Cube21.StaticMeshComponent0, which should never happen in the editor but could happen at runtime with duplicate level loading or PIE
[2017.06.04-22.52.56:926][545]LogUObjectGlobals:Warning: Guid referenced by StaticMeshComponent /Game/Levels/Basement.Basement:PersistentLevel.Cube22.StaticMeshComponent0 is already used by StaticMeshComponent /Game/Levels/Basement2.Basement2:PersistentLevel.Cube22.StaticMeshComponent0, which should never happen in the editor but could happen at runtime with duplicate level loading or PIE
[2017.06.04-22.52.56:926][545]LogUObjectGlobals:Warning: Guid referenced by StaticMeshComponent /Game/Levels/Basement.Basement:PersistentLevel.Cube23.StaticMeshComponent0 is already used by StaticMeshComponent /Game/Levels/Basement2.Basement2:PersistentLevel.Cube23.StaticMeshComponent0, which should never happen in the editor but could happen at runtime with duplicate level loading or PIE
[2017.06.04-22.52.56:926][545]LogUObjectGlobals:Warning: Guid referenced by StaticMeshComponent /Game/Levels/Basement.Basement:PersistentLevel.Cube24.StaticMeshComponent0 is already used by StaticMeshComponent /Game/Levels/Basement2.Basement2:PersistentLevel.Cube24.StaticMeshComponent0, which should never happen in the editor but could happen at runtime with duplicate level loading or PIE
[2017.06.04-22.52.56:926][545]LogUObjectGlobals:Warning: Guid referenced by StaticMeshComponent /Game/Levels/Basement.Basement:PersistentLevel.Cube25.StaticMeshComponent0 is already used by StaticMeshComponent /Game/Levels/Basement2.Basement2:PersistentLevel.Cube25.StaticMeshComponent0, which should never happen in the editor but could happen at runtime with duplicate level loading or PIE
[2017.06.04-22.52.56:926][545]LogUObjectGlobals:Warning: Guid referenced by StaticMeshComponent /Game/Levels/Basement.Basement:PersistentLevel.Cube26.StaticMeshComponent0 is already used by StaticMeshComponent /Game/Levels/Basement2.Basement2:PersistentLevel.Cube26.StaticMeshComponent0, which should never happen in the editor but could happen at runtime with duplicate level loading or PIE
[2017.06.04-22.52.56:926][545]LogUObjectGlobals:Warning: Guid referenced by StaticMeshComponent /Game/Levels/Basement.Basement:PersistentLevel.Cube27.StaticMeshComponent0 is already used by StaticMeshComponent /Game/Levels/Basement2.Basement2:PersistentLevel.Cube27.StaticMeshComponent0, which should never happen in the editor but could happen at runtime with duplicate level loading or PIE
[2017.06.04-22.52.56:926][545]LogUObjectGlobals:Warning: Guid referenced by StaticMeshComponent /Game/Levels/Basement.Basement:PersistentLevel.Cube28.StaticMeshComponent0 is already used by StaticMeshComponent /Game/Levels/Basement2.Basement2:PersistentLevel.Cube28.StaticMeshComponent0, which should never happen in the editor but could happen at runtime with duplicate level loading or PIE
[2017.06.04-22.52.56:926][545]LogUObjectGlobals:Warning: Guid referenced by StaticMeshComponent /Game/Levels/Basement.Basement:PersistentLevel.Cube29.StaticMeshComponent0 is already used by StaticMeshComponent /Game/Levels/Basement2.Basement2:PersistentLevel.Cube29.StaticMeshComponent0, which should never happen in the editor but could happen at runtime with duplicate level loading or PIE
[2017.06.04-22.52.56:926][545]LogUObjectGlobals:Warning: Guid referenced by StaticMeshComponent /Game/Levels/Basement.Basement:PersistentLevel.Cube3.StaticMeshComponent0 is already used by StaticMeshComponent /Game/Levels/Basement2.Basement2:PersistentLevel.Cube3.StaticMeshComponent0, which should never happen in the editor but could happen at runtime with duplicate level loading or PIE
[2017.06.04-22.52.56:926][545]LogUObjectGlobals:Warning: Guid referenced by StaticMeshComponent /Game/Levels/Basement.Basement:PersistentLevel.Cube30.StaticMeshComponent0 is already used by StaticMeshComponent /Game/Levels/Basement2.Basement2:PersistentLevel.Cube30.StaticMeshComponent0, which should never happen in the editor but could happen at runtime with duplicate level loading or PIE
[2017.06.04-22.52.56:926][545]LogUObjectGlobals:Warning: Guid referenced by StaticMeshComponent /Game/Levels/Basement.Basement:PersistentLevel.Cube31.StaticMeshComponent0 is already used by StaticMeshComponent /Game/Levels/Basement2.Basement2:PersistentLevel.Cube31.StaticMeshComponent0, which should never happen in the editor but could happen at runtime with duplicate level loading or PIE
[2017.06.04-22.52.56:926][545]LogUObjectGlobals:Warning: Guid referenced by StaticMeshComponent /Game/Levels/Basement.Basement:PersistentLevel.Cube32.StaticMeshComponent0 is already used by StaticMeshComponent /Game/Levels/Basement2.Basement2:PersistentLevel.Cube32.StaticMeshComponent0, which should never happen in the editor but could happen at runtime with duplicate level loading or PIE
[2017.06.04-22.52.56:926][545]LogUObjectGlobals:Warning: Guid referenced by StaticMeshComponent /Game/Levels/Basement.Basement:PersistentLevel.Cube33.StaticMeshComponent0 is already used by StaticMeshComponent /Game/Levels/Basement2.Basement2:PersistentLevel.Cube33.StaticMeshComponent0, which should never happen in the editor but could happen at runtime with duplicate level loading or PIE
[2017.06.04-22.52.56:927][545]LogUObjectGlobals:Warning: Guid referenced by StaticMeshComponent /Game/Levels/Basement.Basement:PersistentLevel.Cube4.StaticMeshComponent0 is already used by StaticMeshComponent /Game/Levels/Basement2.Basement2:PersistentLevel.Cube4.StaticMeshComponent0, which should never happen in the editor but could happen at runtime with duplicate level loading or PIE
[2017.06.04-22.52.56:927][545]LogUObjectGlobals:Warning: Guid referenced by StaticMeshComponent /Game/Levels/Basement.Basement:PersistentLevel.Cube5.StaticMeshComponent0 is already used by StaticMeshComponent /Game/Levels/Basement2.Basement2:PersistentLevel.Cube5.StaticMeshComponent0, which should never happen in the editor but could happen at runtime with duplicate level loading or PIE
[2017.06.04-22.52.56:927][545]LogUObjectGlobals:Warning: Guid referenced by StaticMeshComponent /Game/Levels/Basement.Basement:PersistentLevel.Cube6.StaticMeshComponent0 is already used by StaticMeshComponent /Game/Levels/Basement2.Basement2:PersistentLevel.Cube6.StaticMeshComponent0, which should never happen in the editor but could happen at runtime with duplicate level loading or PIE
[2017.06.04-22.52.56:927][545]LogUObjectGlobals:Warning: Guid referenced by StaticMeshComponent /Game/Levels/Basement.Basement:PersistentLevel.Cube7.StaticMeshComponent0 is already used by StaticMeshComponent /Game/Levels/Basement2.Basement2:PersistentLevel.Cube7.StaticMeshComponent0, which should never happen in the editor but could happen at runtime with duplicate level loading or PIE
[2017.06.04-22.52.56:927][545]LogUObjectGlobals:Warning: Guid referenced by StaticMeshComponent /Game/Levels/Basement.Basement:PersistentLevel.Cube8.StaticMeshComponent0 is already used by StaticMeshComponent /Game/Levels/Basement2.Basement2:PersistentLevel.Cube8.StaticMeshComponent0, which should never happen in the editor but could happen at runtime with duplicate level loading or PIE
[2017.06.04-22.52.56:927][545]LogUObjectGlobals:Warning: Guid referenced by StaticMeshComponent /Game/Levels/Basement.Basement:PersistentLevel.Cube9.StaticMeshComponent0 is already used by StaticMeshComponent /Game/Levels/Basement2.Basement2:PersistentLevel.Cube9.StaticMeshComponent0, which should never happen in the editor but could happen at runtime with duplicate level loading or PIE
[2017.06.04-22.52.56:927][545]LogUObjectGlobals:Warning: Guid referenced by StaticMeshComponent /Game/Levels/Basement.Basement:PersistentLevel.DoorFrame_2.StaticMeshComponent0 is already used by StaticMeshComponent /Game/Levels/Basement2.Basement2:PersistentLevel.DoorFrame_2.StaticMeshComponent0, which should never happen in the editor but could happen at runtime with duplicate level loading or PIE
[2017.06.04-22.52.56:927][545]LogUObjectGlobals:Warning: Guid referenced by StaticMeshComponent /Game/Levels/Basement.Basement:PersistentLevel.Floor.StaticMeshComponent0 is already used by StaticMeshComponent /Game/Levels/Basement2.Basement2:PersistentLevel.Floor.StaticMeshComponent0, which should never happen in the editor but could happen at runtime with duplicate level loading or PIE
[2017.06.04-22.52.56:964][545]LogAIModule: Creating AISystem for world Basement
[2017.06.04-22.52.56:998][545]Cmd: MAP LOAD FILE="../../../../../../Documents/GitHub/ProjectLonesomeRecovered/Project_lonesome 4.15/Content/Levels/Basement.umap" TEMPLATE=0 SHOWPROGRESS=1 FEATURELEVEL=3
[2017.06.04-22.52.56:998][545]LightingResults: New page: Lighting Build
[2017.06.04-22.52.57:000][545]LoadErrors: New page: Loading map: Basement.umap
[2017.06.04-22.52.57:001][545]MapCheck: New page: Map Check
[2017.06.04-22.52.57:001][545]LightingResults: New page: Lighting Build
[2017.06.04-22.52.57:146][545]LogEditorServer: Finished looking for orphan Actors (0.000 secs)
[2017.06.04-22.52.57:194][545]Cmd: MAP CHECKDEP NOCLEARLOG
[2017.06.04-22.52.57:286][545]MapCheck: Info Map check complete: 0 Error(s), 0 Warning(s), took 91.823ms to complete.
[2017.06.04-22.52.57:286][545]LogFileHelpers: Loading map 'Basement' took 0.289
[2017.06.04-22.53.05:623][501]LogEditorViewport: Clicking on Actor (context menu): StaticMeshActor (Floor)
[2017.06.04-22.53.10:137][913]LogEditorViewport: Clicking on Actor (context menu): StaticMeshActor (Floor)
[2017.06.04-22.53.12:338][102]LogEditorViewport: Clicking on Actor (LMB): StaticMeshActor (Cube19)
[2017.06.04-22.53.12:700][120]LogEditorViewport: Clicking on Actor (context menu): StaticMeshActor (Floor)
[2017.06.04-22.53.13:367][172]LogEditorViewport: Clicking on Actor (context menu): StaticMeshActor (Floor)
[2017.06.04-22.53.14:150][242]LogEditorViewport: Clicking on Actor (LMB): Door_Blueprint_C (Door_Office)
[2017.06.04-22.53.25:239][298]LogEditorViewport: Clicking on Actor (LMB): StrongAcidBP_C (StrongAcidBP)
[2017.06.04-22.53.26:957][471]LogEditorViewport: Clicking on Actor (LMB): BriefcaseCodeBP_C (BriefcaseCodeBP)
[2017.06.04-22.53.27:945][566]LogEditorViewport: Clicking on Actor (LMB): Furnace_C (Furnace)
[2017.06.04-22.53.29:097][678]LogEditorViewport: Clicking on Actor (LMB): Knight_C (Knight)
[2017.06.04-22.53.30:794][845]LogEditorViewport: Clicking on Actor (LMB): StaticMeshActor (Desk1_Polygon)
[2017.06.04-22.53.30:853][845]LogEditorViewport: Clicking on Component (LMB): StaticMeshComponent (StaticMeshComponent0)
[2017.06.04-22.53.31:709][926]LogEditorViewport: Clicking on Component (LMB): StaticMeshComponent (StaticMeshComponent0)
[2017.06.04-22.53.31:759][929]LogEditorViewport: Clicking on Actor (double click): StaticMeshActor (Desk1_Polygon)
[2017.06.04-22.53.32:770][ 25]LogEditorViewport: Clicking on Actor (LMB): StaticMeshActor (Floor)
[2017.06.04-22.53.34:680][198]LogEditorViewport: Clicking on Actor (context menu): StaticMeshActor (Floor)
[2017.06.04-22.53.42:965][736]LogEditorViewport: Clicking on Actor (LMB): StaticMeshActor (Desk1_Polygon)
[2017.06.04-22.53.45:021][898]LogEditorViewport: Clicking on Actor (context menu): StaticMeshActor (Cube6)
[2017.06.04-22.53.45:666][948]LogEditorViewport: Clicking on Actor (LMB): Furnace_C (Furnace)
[2017.06.04-22.53.47:391][ 44]LogContentBrowser: Native class hierarchy updated for 'BlueprintGraph' in 0.0010 seconds. Added 112 classes and 0 folders.
[2017.06.04-22.53.48:272][ 44]LogSlate: Took 0.000404 seconds to synchronously load lazily loaded font '../../../Engine/Content/Editor/Slate/Fonts/Roboto-BoldCondensed.ttf' (158K)
[2017.06.04-22.53.48:531][ 45]LogSlate: Took 0.000425 seconds to synchronously load lazily loaded font '../../../Engine/Content/Editor/Slate/Fonts/Roboto-Italic.ttf' (157K)
[2017.06.04-22.54.02:692][964]LogEditorViewport: Clicking Background
[2017.06.04-22.54.17:049][ 58]LogSlate: Took 0.000293 seconds to synchronously load lazily loaded font '../../../Engine/Content/Slate/Fonts/Roboto-Regular.ttf' (155K)
[2017.06.04-22.54.17:625][ 58]LogAIModule: Creating AISystem for world Third-Floor
[2017.06.04-22.54.17:691][ 58]Cmd: MAP LOAD FILE="../../../../../../Documents/GitHub/ProjectLonesomeRecovered/Project_lonesome 4.15/Content/Levels/Third-Floor.umap" TEMPLATE=0 SHOWPROGRESS=1 FEATURELEVEL=3
[2017.06.04-22.54.17:691][ 58]LightingResults: New page: Lighting Build
[2017.06.04-22.54.17:693][ 58]LoadErrors: New page: Loading map: Third-Floor.umap
[2017.06.04-22.54.17:694][ 58]MapCheck: New page: Map Check
[2017.06.04-22.54.17:694][ 58]LightingResults: New page: Lighting Build
[2017.06.04-22.54.17:913][ 58]LogEditorServer: Finished looking for orphan Actors (0.000 secs)
[2017.06.04-22.54.17:964][ 58]Cmd: MAP CHECKDEP NOCLEARLOG
[2017.06.04-22.54.18:075][ 58]MapCheck: Info Map check complete: 0 Error(s), 0 Warning(s), took 111.302ms to complete.
[2017.06.04-22.54.18:076][ 58]LogFileHelpers: Loading map 'Third-Floor' took 0.386
[2017.06.04-22.54.36:339][146]LogTemp: Repeting last play command: New Editor Window (PIE)
[2017.06.04-22.54.36:368][146]LogBlueprintUserMessages: Early PlayInEditor Detection: Level '/Game/Levels/Third-Floor.Third-Floor:PersistentLevel' has LevelScriptBlueprint '/Game/Levels/Third-Floor.Third-Floor:PersistentLevel.Third-Floor' with GeneratedClass '/Game/Levels/Third-Floor.Third-Floor_C' with ClassGeneratedBy '/Game/Levels/Third-Floor.Third-Floor:PersistentLevel.Third-Floor'
[2017.06.04-22.54.36:368][146]LogPlayLevel: PlayLevel: No blueprints needed recompiling
[2017.06.04-22.54.36:401][146]PIE: New page: PIE session: Third-Floor (Jun 4, 2017, 8:54:36 AM)
[2017.06.04-22.54.36:401][146]LogPlayLevel: Creating play world package: /Game/Levels/UEDPIE_0_Third-Floor
[2017.06.04-22.54.36:416][146]LogPlayLevel: PIE: StaticDuplicateObject took: (0.014243s)
[2017.06.04-22.54.36:416][146]LogAIModule: Creating AISystem for world Third-Floor
[2017.06.04-22.54.36:416][146]LogPlayLevel: PIE: World Init took: (0.000741s)
[2017.06.04-22.54.36:417][146]LogPlayLevel: PIE: Created PIE world by copying editor world from /Game/Levels/Third-Floor.Third-Floor to /Game/Levels/UEDPIE_0_Third-Floor.Third-Floor (0.015349s)
[2017.06.04-22.54.36:439][146]LogInit: XAudio2 using 'Speakers / Headphones (Realtek High Definition Audio)' : 2 channels at 48 kHz using 32 bits per sample (channel mask 0x3)
[2017.06.04-22.54.36:457][146]LogInit: FAudioDevice initialized.
[2017.06.04-22.54.36:519][146]LogLoad: Game class is 'FirstPersonGameMode_C'
[2017.06.04-22.54.36:529][146]LogWorld: Bringing World /Game/Levels/UEDPIE_0_Third-Floor.Third-Floor up for play (max tick rate 0) at 2017.06.04-15.54.36
[2017.06.04-22.54.36:530][146]LogWorld: Bringing up level for play took: 0.010169
[2017.06.04-22.54.36:668][146]LogContentBrowser: Native class hierarchy updated for 'MovieSceneCapture' in 0.0007 seconds. Added 11 classes and 0 folders.
[2017.06.04-22.54.36:668][146]LogGameMode:Display: Match State Changed from EnteringMap to WaitingToStart
[2017.06.04-22.54.36:668][146]LogGameState: Match State Changed from EnteringMap to WaitingToStart
[2017.06.04-22.54.36:668][146]LogGameMode:Display: Match State Changed from WaitingToStart to InProgress
[2017.06.04-22.54.36:744][146]LogGameState: Match State Changed from WaitingToStart to InProgress
[2017.06.04-22.54.36:750][146]PIE: Info Play in editor start time for /Game/Levels/UEDPIE_0_Third-Floor 1.222
[2017.06.04-22.54.36:750][146]LogBlueprintUserMessages: Late PlayInEditor Detection: Level '/Game/Levels/Third-Floor.Third-Floor:PersistentLevel' has LevelScriptBlueprint '/Game/Levels/Third-Floor.Third-Floor:PersistentLevel.Third-Floor' with GeneratedClass '/Game/Levels/Third-Floor.Third-Floor_C' with ClassGeneratedBy '/Game/Levels/Third-Floor.Third-Floor:PersistentLevel.Third-Floor'
[2017.06.04-22.54.36:841][146]LogRenderer: Reallocating scene render targets to support 1292x756 NumSamples 1 (Frame:7686).
[2017.06.04-22.54.39:241][388]LogBlueprintUserMessages: Early EndPlayMap Detection: Level '/Game/Levels/Third-Floor.Third-Floor:PersistentLevel' has LevelScriptBlueprint '/Game/Levels/Third-Floor.Third-Floor:PersistentLevel.Third-Floor' with GeneratedClass '/Game/Levels/Third-Floor.Third-Floor_C' with ClassGeneratedBy '/Game/Levels/Third-Floor.Third-Floor:PersistentLevel.Third-Floor'
[2017.06.04-22.54.39:303][388]LogBlueprintUserMessages: Late EndPlayMap Detection: Level '/Game/Levels/Third-Floor.Third-Floor:PersistentLevel' has LevelScriptBlueprint '/Game/Levels/Third-Floor.Third-Floor:PersistentLevel.Third-Floor' with GeneratedClass '/Game/Levels/Third-Floor.Third-Floor_C' with ClassGeneratedBy '/Game/Levels/Third-Floor.Third-Floor:PersistentLevel.Third-Floor'
[2017.06.04-22.55.44:271][512]LogMetaData: Removing '/Game/Levels/Third-Floor2.Third-Floor2_C' ref from Metadata '/Game/Levels/Third-Floor.PackageMetaData'
[2017.06.04-22.55.44:271][512]LogMetaData: Removing '/Game/Levels/Third-Floor2.SKEL_Third-Floor2_C' ref from Metadata '/Game/Levels/Third-Floor.PackageMetaData'
[2017.06.04-22.55.44:905][512]LogSavePackage: Save=485.24ms
[2017.06.04-22.55.44:905][512]LogSavePackage: Moving '../../../../../../Documents/GitHub/ProjectLonesomeRecovered/Project_lonesome 4.15/Saved/Third-Floor20F0B947041F96EA6135567A02A820B81.tmp' to '../../../../../../Documents/GitHub/ProjectLonesomeRecovered/Project_lonesome 4.15/Content/Levels/Third-Floor2.umap'
[2017.06.04-22.55.44:908][512]LogSavePackage:Display: Finished SavePackage ../../../../../../Documents/GitHub/ProjectLonesomeRecovered/Project_lonesome 4.15/Content/Levels/Third-Floor2.umap
[2017.06.04-22.55.44:987][512]LogFileHelpers: Saving map 'Third-Floor2' took 0.692
[2017.06.04-22.55.46:036][598]Cmd: MAP LOAD FILE="../../../../../../Documents/GitHub/ProjectLonesomeRecovered/Project_lonesome 4.15/Content/Levels/Third-Floor2.umap" TEMPLATE=0 SHOWPROGRESS=1 FEATURELEVEL=3
[2017.06.04-22.55.46:037][598]LightingResults: New page: Lighting Build
[2017.06.04-22.55.46:038][598]LoadErrors: New page: Loading map: Third-Floor2.umap
[2017.06.04-22.55.46:041][598]MapCheck: New page: Map Check
[2017.06.04-22.55.46:041][598]LightingResults: New page: Lighting Build
[2017.06.04-22.55.46:329][598]LogAIModule: Creating AISystem for world Third-Floor2
[2017.06.04-22.55.46:573][598]LogEditorServer: Finished looking for orphan Actors (0.000 secs)
[2017.06.04-22.55.46:623][598]Cmd: MAP CHECKDEP NOCLEARLOG
[2017.06.04-22.55.46:728][598]MapCheck: Info Map check complete: 0 Error(s), 0 Warning(s), took 105.387ms to complete.
[2017.06.04-22.55.46:733][598]LogFileHelpers: Loading map 'Third-Floor2' took 0.698
[2017.06.04-22.55.48:746][742]LogSavePackage: Save=541.02ms
[2017.06.04-22.55.48:746][742]LogSavePackage: Moving '../../../../../../Documents/GitHub/ProjectLonesomeRecovered/Project_lonesome 4.15/Saved/Third-Floor2353C627C495FD6AAC2E915AFADB5B549.tmp' to '../../../../../../Documents/GitHub/ProjectLonesomeRecovered/Project_lonesome 4.15/Content/Levels/Third-Floor2.umap'
[2017.06.04-22.55.48:765][742]LogSavePackage:Display: Finished SavePackage ../../../../../../Documents/GitHub/ProjectLonesomeRecovered/Project_lonesome 4.15/Content/Levels/Third-Floor2.umap
[2017.06.04-22.55.55:040][959]LogWindowsTextInputMethodSystem:Display: IME system now deactivated.
[2017.06.04-22.55.55:256][960]Cmd: QUIT_EDITOR
[2017.06.04-22.55.55:583][960]LogExit: Preparing to exit.
[2017.06.04-22.55.56:030][960]LogDirectoryWatcher: A directory notification for 'H:/Documents/GitHub/ProjectLonesomeRecovered/Project_lonesome 4.15/Content/' was aborted.
[2017.06.04-22.55.56:076][960]LogExit: Editor shut down
[2017.06.04-22.55.56:077][960]LogExit: Transaction tracking system shut down
[2017.06.04-22.55.56:247][960]LogObj: Freed 0b from 0 cluster array pools.
[2017.06.04-22.55.56:247][960]LogExit: Object subsystem successfully closed.
[2017.06.04-22.55.56:274][960]LogD3D11RHI: Shutdown
[2017.06.04-22.55.56:274][960]LogD3D11RHI: CleanupD3DDevice
[2017.06.04-22.55.56:390][960]LogD3D11RHI: ~FD3D11DynamicRHI
[2017.06.04-22.55.56:399][960]LogModuleManager: Shutting down and abandoning module MovieSceneCapture (504)
[2017.06.04-22.55.56:399][960]LogModuleManager: Shutting down and abandoning module BlueprintGraph (502)
[2017.06.04-22.55.56:399][960]LogModuleManager: Shutting down and abandoning module BlueprintProfiler (500)
[2017.06.04-22.55.56:399][960]LogModuleManager: Shutting down and abandoning module HierarchicalLODOutliner (498)
[2017.06.04-22.55.56:399][960]LogModuleManager: Shutting down and abandoning module CrashTracker (496)
[2017.06.04-22.55.56:399][960]LogModuleManager: Shutting down and abandoning module SceneOutliner (494)
[2017.06.04-22.55.56:399][960]LogModuleManager: Shutting down and abandoning module AddContentDialog (492)
[2017.06.04-22.55.56:399][960]LogDirectoryWatcher: A directory notification for 'H:/Program Files/Epic Games/UE_4.15/FeaturePacks/' was aborted.
[2017.06.04-22.55.56:400][960]LogModuleManager: Shutting down and abandoning module WidgetCarousel (491)
[2017.06.04-22.55.56:400][960]LogModuleManager: Shutting down and abandoning module EditorWidgets (488)
[2017.06.04-22.55.56:400][960]LogModuleManager: Shutting down and abandoning module CollectionManager (486)
[2017.06.04-22.55.56:400][960]LogDirectoryWatcher: A directory notification for 'H:/Documents/GitHub/ProjectLonesomeRecovered/Project_lonesome 4.15/Content/Collections/' was aborted.
[2017.06.04-22.55.56:400][960]LogDirectoryWatcher: A directory notification for 'H:/Documents/GitHub/ProjectLonesomeRecovered/Project_lonesome 4.15/Content/Developers/elmen/Collections/' was aborted.
[2017.06.04-22.55.56:400][960]LogDirectoryWatcher: A directory notification for 'H:/Documents/GitHub/ProjectLonesomeRecovered/Project_lonesome 4.15/Saved/Collections/' was aborted.
[2017.06.04-22.55.56:400][960]LogModuleManager: Shutting down and abandoning module StatsViewer (484)
[2017.06.04-22.55.56:400][960]LogModuleManager: Shutting down and abandoning module FoliageEdit (482)
[2017.06.04-22.55.56:400][960]LogModuleManager: Shutting down and abandoning module LandscapeEditor (480)
[2017.06.04-22.55.56:400][960]LogModuleManager: Shutting down and abandoning module SceneDepthPickerMode (478)
[2017.06.04-22.55.56:400][960]LogModuleManager: Shutting down and abandoning module ActorPickerMode (476)
[2017.06.04-22.55.56:400][960]LogModuleManager: Shutting down and abandoning module GeometryMode (474)
[2017.06.04-22.55.56:400][960]LogModuleManager: Shutting down and abandoning module TextureAlignMode (472)
[2017.06.04-22.55.56:400][960]LogModuleManager: Shutting down and abandoning module BspMode (470)
[2017.06.04-22.55.56:400][960]LogModuleManager: Shutting down and abandoning module HardwareSurvey (468)
[2017.06.04-22.55.56:400][960]LogModuleManager: Shutting down and abandoning module SequenceRecorderSections (466)
[2017.06.04-22.55.56:400][960]LogModuleManager: Shutting down and abandoning module AutomationWorker (464)
[2017.06.04-22.55.56:400][960]LogModuleManager: Shutting down and abandoning module MatineeToLevelSequence (462)
[2017.06.04-22.55.56:400][960]LogModuleManager: Shutting down and abandoning module LevelSequenceEditor (460)
[2017.06.04-22.55.56:400][960]LogModuleManager: Shutting down and abandoning module PlacementMode (459)
[2017.06.04-22.55.56:400][960]LogModuleManager: Shutting down and abandoning module WmfMediaFactory (456)
[2017.06.04-22.55.56:400][960]LogModuleManager: Shutting down and abandoning module WmfMediaEditor (454)
[2017.06.04-22.55.56:400][960]LogModuleManager: Shutting down and abandoning module MfMediaFactory (452)
[2017.06.04-22.55.56:400][960]LogModuleManager: Shutting down and abandoning module MfMediaEditor (450)
[2017.06.04-22.55.56:400][960]LogModuleManager: Shutting down and abandoning module AvfMediaFactory (448)
[2017.06.04-22.55.56:400][960]LogModuleManager: Shutting down and abandoning module AvfMediaEditor (446)
[2017.06.04-22.55.56:400][960]LogModuleManager: Shutting down and abandoning module AndroidMediaFactory (444)
[2017.06.04-22.55.56:400][960]LogModuleManager: Shutting down and abandoning module Media (443)
[2017.06.04-22.55.56:400][960]LogModuleManager: Shutting down and abandoning module AndroidMediaEditor (440)
[2017.06.04-22.55.56:400][960]LogModuleManager: Shutting down and abandoning module CharacterAI (438)
[2017.06.04-22.55.56:400][960]LogModuleManager: Shutting down and abandoning module AudioCapture (436)
[2017.06.04-22.55.56:400][960]LogModuleManager: Shutting down and abandoning module SequenceRecorder (435)
[2017.06.04-22.55.56:400][960]LogModuleManager: Shutting down and abandoning module SmartSnapping (432)
[2017.06.04-22.55.56:400][960]LogModuleManager: Shutting down and abandoning module SessionServices (430)
[2017.06.04-22.55.56:400][960]LogModuleManager: Shutting down and abandoning module ViewportSnapping (428)
[2017.06.04-22.55.56:400][960]LogModuleManager: Shutting down and abandoning module ViewportInteraction (426)
[2017.06.04-22.55.56:400][960]LogModuleManager: Shutting down and abandoning module LogVisualizer (424)
[2017.06.04-22.55.56:400][960]LogModuleManager: Shutting down and abandoning module IntroTutorials (422)
[2017.06.04-22.55.56:401][960]LogModuleManager: Shutting down and abandoning module GameProjectGeneration (421)
[2017.06.04-22.55.56:401][960]LogModuleManager: Shutting down and abandoning module EditorLiveStreaming (418)
[2017.06.04-22.55.56:401][960]LogModuleManager: Shutting down and abandoning module IOSPlatformEditor (416)
[2017.06.04-22.55.56:401][960]LogModuleManager: Shutting down and abandoning module HTML5PlatformEditor (414)
[2017.06.04-22.55.56:401][960]LogModuleManager: Shutting down and abandoning module AndroidPlatformEditor (412)
[2017.06.04-22.55.56:401][960]LogModuleManager: Shutting down and abandoning module AndroidDeviceDetection (411)
[2017.06.04-22.55.56:586][960]LogModuleManager: Shutting down and abandoning module IOSRuntimeSettings (408)
[2017.06.04-22.55.56:586][960]LogModuleManager: Shutting down and abandoning module AndroidRuntimeSettings (406)
[2017.06.04-22.55.56:586][960]LogModuleManager: Shutting down and abandoning module InputBindingEditor (404)
[2017.06.04-22.55.56:586][960]LogModuleManager: Shutting down and abandoning module NiagaraEditor (402)
[2017.06.04-22.55.56:586][960]LogModuleManager: Shutting down and abandoning module MergeActors (400)
[2017.06.04-22.55.56:586][960]LogModuleManager: Shutting down and abandoning module SizeMap (398)
[2017.06.04-22.55.56:586][960]LogModuleManager: Shutting down and abandoning module TreeMap (396)
[2017.06.04-22.55.56:586][960]LogModuleManager: Shutting down and abandoning module ReferenceViewer (394)
[2017.06.04-22.55.56:586][960]LogModuleManager: Shutting down and abandoning module LocalizationDashboard (392)
[2017.06.04-22.55.56:586][960]LogModuleManager: Shutting down and abandoning module LocalizationService (391)
[2017.06.04-22.55.56:586][960]LogModuleManager: Shutting down and abandoning module HardwareTargeting (388)
[2017.06.04-22.55.56:586][960]LogModuleManager: Shutting down and abandoning module DeviceProfileEditor (386)
[2017.06.04-22.55.56:586][960]LogModuleManager: Shutting down and abandoning module UndoHistory (384)
[2017.06.04-22.55.56:586][960]LogModuleManager: Shutting down and abandoning module UserFeedback (382)
[2017.06.04-22.55.56:586][960]LogModuleManager: Shutting down and abandoning module XmlParser (380)
[2017.06.04-22.55.56:586][960]LogModuleManager: Shutting down and abandoning module Blutility (378)
[2017.06.04-22.55.56:586][960]LogModuleManager: Shutting down and abandoning module ProjectSettingsViewer (376)
[2017.06.04-22.55.56:586][960]LogModuleManager: Shutting down and abandoning module ProjectTargetPlatformEditor (375)
[2017.06.04-22.55.56:586][960]LogModuleManager: Shutting down and abandoning module EditorSettingsViewer (372)
[2017.06.04-22.55.56:586][960]LogModuleManager: Shutting down and abandoning module SettingsEditor (370)
[2017.06.04-22.55.56:586][960]LogModuleManager: Shutting down and abandoning module ProjectLauncher (368)
[2017.06.04-22.55.56:586][960]LogModuleManager: Shutting down and abandoning module SessionFrontend (366)
[2017.06.04-22.55.56:586][960]LogModuleManager: Shutting down and abandoning module ProfilerClient (364)
[2017.06.04-22.55.56:586][960]LogModuleManager: Shutting down and abandoning module DeviceManager (362)
[2017.06.04-22.55.56:586][960]LogModuleManager: Shutting down and abandoning module TargetDeviceServices (361)
[2017.06.04-22.55.56:629][960]LogModuleManager: Shutting down and abandoning module AutomationController (358)
[2017.06.04-22.55.56:629][960]LogModuleManager: Shutting down and abandoning module AutomationWindow (356)
[2017.06.04-22.55.56:629][960]LogModuleManager: Shutting down and abandoning module Layers (354)
[2017.06.04-22.55.56:629][960]LogModuleManager: Shutting down and abandoning module ComponentVisualizers (352)
[2017.06.04-22.55.56:629][960]LogModuleManager: Shutting down and abandoning module DetailCustomizations (350)
[2017.06.04-22.55.56:629][960]LogModuleManager: Shutting down and abandoning module PackagesDialog (348)
[2017.06.04-22.55.56:629][960]LogModuleManager: Shutting down and abandoning module Persona (346)
[2017.06.04-22.55.56:629][960]LogModuleManager: Shutting down and abandoning module AnimGraph (345)
[2017.06.04-22.55.56:629][960]LogModuleManager: Shutting down and abandoning module Kismet (342)
[2017.06.04-22.55.56:637][960]LogModuleManager: Shutting down and abandoning module GraphEditor (340)
[2017.06.04-22.55.56:637][960]LogModuleManager: Shutting down and abandoning module ClassViewer (338)
[2017.06.04-22.55.56:637][960]LogModuleManager: Shutting down and abandoning module Toolbox (336)
[2017.06.04-22.55.56:637][960]LogModuleManager: Shutting down and abandoning module ModuleUI (334)
[2017.06.04-22.55.56:637][960]LogModuleManager: Shutting down and abandoning module MovieSceneTools (332)
[2017.06.04-22.55.56:637][960]LogModuleManager: Shutting down and abandoning module OutputLog (330)
[2017.06.04-22.55.56:637][960]LogModuleManager: Shutting down and abandoning module GammaUI (328)
[2017.06.04-22.55.56:637][960]LogModuleManager: Shutting down and abandoning module Documentation (326)
[2017.06.04-22.55.56:637][960]LogModuleManager: Shutting down and abandoning module Niagara (324)
[2017.06.04-22.55.56:637][960]LogModuleManager: Shutting down and abandoning module StreamingPauseRendering (322)
[2017.06.04-22.55.56:637][960]LogModuleManager: Shutting down and abandoning module AnalyticsET (320)
[2017.06.04-22.55.56:637][960]LogModuleManager: Shutting down and abandoning module PortalServices (318)
[2017.06.04-22.55.56:637][960]LogModuleManager: Shutting down and abandoning module PortalRpc (316)
[2017.06.04-22.55.56:637][960]LogModuleManager: Shutting down and abandoning module MessagingRpc (314)
[2017.06.04-22.55.56:637][960]LogModuleManager: Shutting down and abandoning module AIModule (312)
[2017.06.04-22.55.56:637][960]LogModuleManager: Shutting down and abandoning module GameplayDebugger (311)
[2017.06.04-22.55.56:637][960]LogModuleManager: Shutting down and abandoning module AITestSuite (309)
[2017.06.04-22.55.56:637][960]LogModuleManager: Shutting down and abandoning module ProfilerService (306)
[2017.06.04-22.55.56:675][960]LogModuleManager: Shutting down and abandoning module TaskGraph (304)
[2017.06.04-22.55.56:675][960]LogModuleManager: Shutting down and abandoning module SteamVRController (302)
[2017.06.04-22.55.56:675][960]LogModuleManager: Shutting down and abandoning module SteamVR (300)
[2017.06.04-22.55.56:675][960]LogModuleManager: Shutting down and abandoning module ProceduralMeshComponentEditor (298)
[2017.06.04-22.55.56:675][960]LogModuleManager: Shutting down and abandoning module ProceduralMeshComponent (296)
[2017.06.04-22.55.56:675][960]LogModuleManager: Shutting down and abandoning module OculusLibrary (294)
[2017.06.04-22.55.56:675][960]LogModuleManager: Shutting down and abandoning module OculusInput (292)
[2017.06.04-22.55.56:675][960]LogModuleManager: Shutting down and abandoning module MobilePatchingUtils (290)
[2017.06.04-22.55.56:675][960]LogModuleManager: Shutting down and abandoning module CustomMeshComponent (288)
[2017.06.04-22.55.56:675][960]LogModuleManager: Shutting down and abandoning module CableComponent (286)
[2017.06.04-22.55.56:675][960]LogModuleManager: Shutting down and abandoning module ArchVisCharacter (284)
[2017.06.04-22.55.56:675][960]LogModuleManager: Shutting down and abandoning module MediaPlayerEditor (280)
[2017.06.04-22.55.56:675][960]LogModuleManager: Shutting down and abandoning module HTML5Networking (278)
[2017.06.04-22.55.56:675][960]LogModuleManager: Shutting down and abandoning module AlembicImporter (276)
[2017.06.04-22.55.56:675][960]LogModuleManager: Shutting down and abandoning module AlembicLibrary (275)
[2017.06.04-22.55.56:675][960]LogModuleManager: Shutting down and abandoning module GeometryCache (274)
[2017.06.04-22.55.56:675][960]LogModuleManager: Shutting down and abandoning module GeometryCacheEd (273)
[2017.06.04-22.55.56:675][960]LogModuleManager: Shutting down and abandoning module SuperSearchEditor (268)
[2017.06.04-22.55.56:675][960]LogModuleManager: Shutting down and abandoning module SuperSearch (267)
[2017.06.04-22.55.56:675][960]LogModuleManager: Shutting down and abandoning module SpeedTreeImporter (264)
[2017.06.04-22.55.56:675][960]LogModuleManager: Shutting down and abandoning module PluginBrowser (262)
[2017.06.04-22.55.56:675][960]LogModuleManager: Shutting down and abandoning module MobileLauncherProfileWizard (260)
[2017.06.04-22.55.56:675][960]LogModuleManager: Shutting down and abandoning module EpicSurvey (258)
[2017.06.04-22.55.56:675][960]LogModuleManager: Shutting down and abandoning module VisualStudioSourceCodeAccess (256)
[2017.06.04-22.55.56:675][960]LogModuleManager: Shutting down and abandoning module DesktopPlatform (255)
[2017.06.04-22.55.56:675][960]LogModuleManager: Shutting down and abandoning module UObjectPlugin (252)
[2017.06.04-22.55.56:675][960]LogModuleManager: Shutting down and abandoning module SubversionSourceControl (250)
[2017.06.04-22.55.56:675][960]LogModuleManager: Shutting down and abandoning module PerforceSourceControl (248)
[2017.06.04-22.55.56:675][960]LogModuleManager: Shutting down and abandoning module GitSourceControl (246)
[2017.06.04-22.55.56:675][960]LogModuleManager: Shutting down and abandoning module SourceControl (245)
[2017.06.04-22.55.56:675][960]LogModuleManager: Shutting down and abandoning module LightPropagationVolumeEditor (242)
[2017.06.04-22.55.56:676][960]LogModuleManager: Shutting down and abandoning module PaperTiledImporter (240)
[2017.06.04-22.55.56:676][960]LogModuleManager: Shutting down and abandoning module PaperSpriteSheetImporter (238)
[2017.06.04-22.55.56:676][960]LogModuleManager: Shutting down and abandoning module Paper2DEditor (236)
[2017.06.04-22.55.56:676][960]LogModuleManager: Shutting down and abandoning module MeshPaint (235)
[2017.06.04-22.55.56:676][960]LogModuleManager: Shutting down and abandoning module LevelEditor (233)
[2017.06.04-22.55.56:676][960]LogModuleManager: Shutting down and abandoning module PixelInspectorModule (232)
[2017.06.04-22.55.56:676][960]LogModuleManager: Shutting down and abandoning module MainFrame (230)
[2017.06.04-22.55.56:676][960]LogModuleManager: Shutting down and abandoning module HotReload (229)
[2017.06.04-22.55.56:677][960]LogModuleManager: Shutting down and abandoning module ContentBrowser (225)
[2017.06.04-22.55.56:677][960]LogModuleManager: Shutting down and abandoning module PhysXVehiclesEditor (222)
[2017.06.04-22.55.56:677][960]LogModuleManager: Shutting down and abandoning module PhysXVehicles (220)
[2017.06.04-22.55.56:677][960]LogModuleManager: Shutting down and abandoning module LocationServicesBPLibrary (218)
[2017.06.04-22.55.56:678][960]LogModuleManager: Shutting down and abandoning module UdpMessaging (216)
[2017.06.04-22.55.56:778][960]LogModuleManager: Shutting down and abandoning module TcpMessaging (214)
[2017.06.04-22.55.56:878][960]LogModuleManager: Shutting down and abandoning module GameplayTagsEditor (212)
[2017.06.04-22.55.56:878][960]LogModuleManager: Shutting down and abandoning module FacialAnimationEditor (210)
[2017.06.04-22.55.56:878][960]LogModuleManager: Shutting down and abandoning module FacialAnimation (208)
[2017.06.04-22.55.56:878][960]LogModuleManager: Shutting down and abandoning module LightPropagationVolumeRuntime (206)
[2017.06.04-22.55.56:878][960]LogModuleManager: Shutting down and abandoning module Paper2D (204)
[2017.06.04-22.55.56:878][960]LogModuleManager: Shutting down and abandoning module WindowsMoviePlayer (202)
[2017.06.04-22.55.56:878][960]LogModuleManager: Shutting down and abandoning module WmfMedia (200)
[2017.06.04-22.55.56:878][960]LogModuleManager: Shutting down and abandoning module MfMedia (198)
[2017.06.04-22.55.56:878][960]LogModuleManager: Shutting down and abandoning module MediaAssets (196)
[2017.06.04-22.55.56:878][960]LogModuleManager: Shutting down and abandoning module GameLiveStreaming (194)
[2017.06.04-22.55.56:879][960]LogModuleManager: Shutting down and abandoning module VREditor (192)
[2017.06.04-22.55.56:879][960]LogModuleManager: Shutting down and abandoning module GameplayTasksEditor (190)
[2017.06.04-22.55.56:879][960]LogModuleManager: Shutting down and abandoning module BehaviorTreeEditor (188)
[2017.06.04-22.55.56:879][960]LogModuleManager: Shutting down and abandoning module FunctionalTesting (186)
[2017.06.04-22.55.56:879][960]LogModuleManager: Shutting down and abandoning module CollisionAnalyzer (184)
[2017.06.04-22.55.56:879][960]LogModuleManager: Shutting down and abandoning module UMG (182)
[2017.06.04-22.55.56:879][960]LogModuleManager: Shutting down and abandoning module UMGEditor (181)
[2017.06.04-22.55.56:879][960]LogModuleManager: Shutting down and abandoning module Sequencer (180)
[2017.06.04-22.55.56:879][960]LogModuleManager: Shutting down and abandoning module AssetTools (178)
[2017.06.04-22.55.56:879][960]LogModuleManager: Shutting down and abandoning module MessageLog (177)
[2017.06.04-22.55.56:879][960]LogModuleManager: Shutting down and abandoning module WorkspaceMenuStructure (176)
[2017.06.04-22.55.56:879][960]LogModuleManager: Shutting down and abandoning module SlateReflector (170)
[2017.06.04-22.55.56:879][960]LogModuleManager: Shutting down and abandoning module Slate (168)
[2017.06.04-22.55.56:879][960]LogModuleManager: Shutting down and abandoning module EditorStyle (166)
[2017.06.04-22.55.56:881][960]LogModuleManager: Shutting down and abandoning module SourceCodeAccess (164)
[2017.06.04-22.55.56:881][960]LogModuleManager: Shutting down and abandoning module HeadMountedDisplay (162)
[2017.06.04-22.55.56:881][960]LogModuleManager: Shutting down and abandoning module XAudio2 (160)
[2017.06.04-22.55.56:881][960]LogModuleManager: Shutting down and abandoning module Networking (158)
[2017.06.04-22.55.56:881][960]LogModuleManager: Shutting down and abandoning module Core (154)
[2017.06.04-22.55.56:881][960]LogModuleManager: Shutting down and abandoning module AssetRegistry (152)
[2017.06.04-22.55.57:026][960]LogDirectoryWatcher: A directory notification for '../../../Engine/Content/' was aborted.
[2017.06.04-22.55.57:026][960]LogDirectoryWatcher: A directory notification for '../../../../../../Documents/GitHub/ProjectLonesomeRecovered/Project_lonesome 4.15/Content/' was aborted.
[2017.06.04-22.55.57:026][960]LogDirectoryWatcher: A directory notification for '../../../Engine/Plugins/2D/Paper2D/Content/' was aborted.
[2017.06.04-22.55.57:026][960]LogModuleManager: Shutting down and abandoning module DirectoryWatcher (151)
[2017.06.04-22.55.57:026][960]LogModuleManager: Shutting down and abandoning module KismetCompiler (148)
[2017.06.04-22.55.57:026][960]LogModuleManager: Shutting down and abandoning module PhysXFormats (146)
[2017.06.04-22.55.57:026][960]LogModuleManager: Shutting down and abandoning module MeshUtilities (144)
[2017.06.04-22.55.57:026][960]LogModuleManager: Shutting down and abandoning module SimplygonSwarm (143)
[2017.06.04-22.55.57:026][960]LogModuleManager: Shutting down and abandoning module SimplygonMeshReduction (141)
[2017.06.04-22.55.57:026][960]LogModuleManager: Shutting down and abandoning module QuadricMeshReduction (139)
[2017.06.04-22.55.57:026][960]LogModuleManager: Shutting down and abandoning module PropertyEditor (137)
[2017.06.04-22.55.57:027][960]LogModuleManager: Shutting down and abandoning module DerivedDataCache (134)
[2017.06.04-22.55.57:048][960]LogDerivedDataCache: Shutdown
[2017.06.04-22.55.57:048][960]LogModuleManager: Shutting down and abandoning module TargetPlatform (132)
[2017.06.04-22.55.57:048][960]LogModuleManager: Shutting down and abandoning module VulkanShaderFormat (131)
[2017.06.04-22.55.57:048][960]LogModuleManager: Shutting down and abandoning module ShaderFormatOpenGL (129)
[2017.06.04-22.55.57:048][960]LogModuleManager: Shutting down and abandoning module ShaderFormatD3D (127)
[2017.06.04-22.55.57:048][960]LogModuleManager: Shutting down and abandoning module MetalShaderFormat (125)
[2017.06.04-22.55.57:048][960]LogModuleManager: Shutting down and abandoning module TextureFormatUncompressed (123)
[2017.06.04-22.55.57:048][960]LogModuleManager: Shutting down and abandoning module TextureFormatPVR (121)
[2017.06.04-22.55.57:048][960]LogModuleManager: Shutting down and abandoning module TextureFormatDXT (119)
[2017.06.04-22.55.57:048][960]LogModuleManager: Shutting down and abandoning module TextureFormatIntelISPCTexComp (117)
[2017.06.04-22.55.57:048][960]LogModuleManager: Shutting down and abandoning module TextureFormatASTC (115)
[2017.06.04-22.55.57:048][960]LogModuleManager: Shutting down and abandoning module ImageWrapper (114)
[2017.06.04-22.55.57:048][960]LogModuleManager: Shutting down and abandoning module TextureFormatAndroid (111)
[2017.06.04-22.55.57:048][960]LogModuleManager: Shutting down and abandoning module AudioFormatOpus (109)
[2017.06.04-22.55.57:048][960]LogModuleManager: Shutting down and abandoning module AudioFormatOgg (107)
[2017.06.04-22.55.57:048][960]LogModuleManager: Shutting down and abandoning module AudioFormatADPCM (105)
[2017.06.04-22.55.57:048][960]LogModuleManager: Shutting down and abandoning module LinuxTargetPlatform (103)
[2017.06.04-22.55.57:048][960]LogModuleManager: Shutting down and abandoning module LinuxServerTargetPlatform (101)
[2017.06.04-22.55.57:048][960]LogModuleManager: Shutting down and abandoning module LinuxNoEditorTargetPlatform (99)
[2017.06.04-22.55.57:048][960]LogModuleManager: Shutting down and abandoning module LinuxClientTargetPlatform (97)
[2017.06.04-22.55.57:048][960]LogModuleManager: Shutting down and abandoning module TVOSTargetPlatform (95)
[2017.06.04-22.55.57:048][960]LogModuleManager: Shutting down and abandoning module Messaging (93)
[2017.06.04-22.55.57:048][960]LogModuleManager: Shutting down and abandoning module IOSTargetPlatform (91)
[2017.06.04-22.55.57:048][960]LogModuleManager: Shutting down and abandoning module HTML5TargetPlatform (89)
[2017.06.04-22.55.57:048][960]LogModuleManager: Shutting down and abandoning module Android_PVRTCTargetPlatform (87)
[2017.06.04-22.55.57:048][960]LogModuleManager: Shutting down and abandoning module Android_MultiTargetPlatform (85)
[2017.06.04-22.55.57:048][960]LogModuleManager: Shutting down and abandoning module Android_ETC2TargetPlatform (83)
[2017.06.04-22.55.57:048][960]LogModuleManager: Shutting down and abandoning module Android_ETC1TargetPlatform (81)
[2017.06.04-22.55.57:048][960]LogModuleManager: Shutting down and abandoning module Android_DXTTargetPlatform (79)
[2017.06.04-22.55.57:049][960]LogModuleManager: Shutting down and abandoning module Android_ATCTargetPlatform (77)
[2017.06.04-22.55.57:049][960]LogModuleManager: Shutting down and abandoning module Android_ASTCTargetPlatform (75)
[2017.06.04-22.55.57:049][960]LogModuleManager: Shutting down and abandoning module AndroidTargetPlatform (73)
[2017.06.04-22.55.57:049][960]LogModuleManager: Shutting down and abandoning module WindowsTargetPlatform (71)
[2017.06.04-22.55.57:049][960]LogModuleManager: Shutting down and abandoning module WindowsServerTargetPlatform (69)
[2017.06.04-22.55.57:049][960]LogModuleManager: Shutting down and abandoning module WindowsNoEditorTargetPlatform (67)
[2017.06.04-22.55.57:049][960]LogModuleManager: Shutting down and abandoning module WindowsClientTargetPlatform (65)
[2017.06.04-22.55.57:049][960]LogModuleManager: Shutting down and abandoning module MacTargetPlatform (63)
[2017.06.04-22.55.57:049][960]LogModuleManager: Shutting down and abandoning module MacServerTargetPlatform (61)
[2017.06.04-22.55.57:049][960]LogModuleManager: Shutting down and abandoning module MacNoEditorTargetPlatform (59)
[2017.06.04-22.55.57:049][960]LogModuleManager: Shutting down and abandoning module MacClientTargetPlatform (57)
[2017.06.04-22.55.57:049][960]LogModuleManager: Shutting down and abandoning module AllDesktopTargetPlatform (55)
[2017.06.04-22.55.57:049][960]LogModuleManager: Shutting down and abandoning module InputCore (52)
[2017.06.04-22.55.57:049][960]LogModuleManager: Shutting down and abandoning module Settings (50)
[2017.06.04-22.55.57:049][960]LogModuleManager: Shutting down and abandoning module OculusRift (48)
[2017.06.04-22.55.57:049][960]LogModuleManager: Shutting down and abandoning module GearVR (46)
[2017.06.04-22.55.57:049][960]LogModuleManager: Shutting down and abandoning module ExampleDeviceProfileSelector (44)
[2017.06.04-22.55.57:049][960]LogModuleManager: Shutting down and abandoning module OnlineBlueprintSupport (42)
[2017.06.04-22.55.57:049][960]LogModuleManager: Shutting down and abandoning module OnlineSubsystem (38)
[2017.06.04-22.55.57:049][960]LogOnline:Display: Unloading online subsystem: NULL
[2017.06.04-22.55.57:049][960]LogModuleManager: Shutting down and abandoning module XMPP (37)
[2017.06.04-22.55.57:049][960]LogModuleManager: Shutting down and abandoning module HTTP (35)
[2017.06.04-22.55.57:049][960]LogHttp:Display: Http module shutting down, but needs to wait on 1 outstanding Http requests:
[2017.06.04-22.55.57:049][960]LogHttp:Display: 	verb=[POST] url=[https://datarouter.ol.epicgames.com/datarouter/api/v1/public/data?SessionID=%7B5D9E009F-4874-69C2-5B57-AE91B2819564%7D&AppID=UEEditor.Rocket.Release&AppVersion=4.15.1-3348071%2B%2B%2BUE4%2BRelease-4.15&UserID=9363d7fd4e3e0adcf29a7c9bb0f96409%7Ccdbbf98d3d754678b70ab58708a0b131%7C50db7265-1a42-4a2a-99c2-71b2d571add2&AppEnvironment=datacollector-binary&UploadType=eteventstream] status=Processing
[2017.06.04-22.55.57:057][960]LogModuleManager: Shutting down and abandoning module SSL (34)
[2017.06.04-22.55.57:059][960]LogModuleManager: Shutting down and abandoning module AudioEditor (30)
[2017.06.04-22.55.57:059][960]LogModuleManager: Shutting down and abandoning module TextureCompressor (28)
[2017.06.04-22.55.57:059][960]LogModuleManager: Shutting down and abandoning module ShaderCore (26)
[2017.06.04-22.55.57:059][960]LogModuleManager: Shutting down and abandoning module Landscape (24)
[2017.06.04-22.55.57:059][960]LogModuleManager: Shutting down and abandoning module SlateRHIRenderer (22)
[2017.06.04-22.55.57:060][960]LogModuleManager: Shutting down and abandoning module OpenGLDrv (20)
[2017.06.04-22.55.57:060][960]LogModuleManager: Shutting down and abandoning module D3D11RHI (18)
[2017.06.04-22.55.57:060][960]LogModuleManager: Shutting down and abandoning module AnimGraphRuntime (16)
[2017.06.04-22.55.57:060][960]LogModuleManager: Shutting down and abandoning module Renderer (14)
[2017.06.04-22.55.57:060][960]LogModuleManager: Shutting down and abandoning module Engine (12)
[2017.06.04-22.55.57:060][960]LogModuleManager: Shutting down and abandoning module CoreUObject (10)
[2017.06.04-22.55.57:060][960]LogModuleManager: Shutting down and abandoning module NetworkFile (8)
[2017.06.04-22.55.57:060][960]LogModuleManager: Shutting down and abandoning module StreamingFile (6)
[2017.06.04-22.55.57:060][960]LogModuleManager: Shutting down and abandoning module SandboxFile (4)
[2017.06.04-22.55.57:060][960]LogModuleManager: Shutting down and abandoning module PakFile (2)
[2017.06.04-22.55.57:062][960]LogExit: Exiting.
[2017.06.04-22.55.57:063][960]Log file closed, 06/04/17 15:55:57
