Log file open, 05/17/17 21:31:15
LogInit:Display: Running engine for game: Project_lonesome
LogPlatformFile: Not using cached read wrapper
LogInit:Display: RandInit(-907310873) SRandInit(-907310873).
LogTaskGraph: Started task graph with 5 named threads and 8 total threads with 1 sets of task threads.
LogStats: Stats thread started at 0.078880
LogInit: Using libcurl 7.47.1
LogInit:  - built for x86_64-pc-win32
LogInit:  - supports SSL with OpenSSL/1.0.2g
LogInit:  - supports HTTP deflate (compression) using libz 1.2.8
LogInit:  - other features:
LogInit:      CURL_VERSION_SSL
LogInit:      CURL_VERSION_LIBZ
LogInit:      CURL_VERSION_IPV6
LogInit:      CURL_VERSION_ASYNCHDNS
LogInit:      CURL_VERSION_LARGEFILE
LogInit:      CURL_VERSION_IDN
LogInit:  CurlRequestOptions (configurable via config and command line):
LogInit:  - bVerifyPeer = false  - Libcurl will NOT verify peer certificate
LogInit:  - bUseHttpProxy = false  - Libcurl will NOT use HTTP proxy
LogInit:  - bDontReuseConnections = false  - Libcurl will reuse connections
LogInit:  - CertBundlePath = nullptr  - Libcurl will use whatever was configured at build time.
LogInit: Build: ++UE4+Release-4.15-CL-3348071
LogInit: Engine Version: 4.15.1-3348071+++UE4+Release-4.15
LogInit: Compatible Engine Version: 4.15.0-3299760+++UE4+Release-4.15
LogInit: Net CL: 3299760
LogDevObjectVersion: Number of dev versions registered: 14
LogDevObjectVersion:   Dev-Blueprints (B0D832E4-1F89-4F0D-ACCF-7EB736FD4AA2): 8
LogDevObjectVersion:   Dev-Build (E1C64328-A22C-4D53-A36C-8E866417BD8C): 0
LogDevObjectVersion:   Dev-Core (375EC13C-06E4-48FB-B500-84F0262A717E): 2
LogDevObjectVersion:   Dev-Editor (E4B068ED-F494-42E9-A231-DA0B2E46BB41): 14
LogDevObjectVersion:   Dev-Framework (CFFC743F-43B0-4480-9391-14DF171D2073): 22
LogDevObjectVersion:   Dev-Mobile (B02B49B5-BB20-44E9-A304-32B752E40360): 0
LogDevObjectVersion:   Dev-Networking (A4E4105C-59A1-49B5-A7C5-40C4547EDFEE): 0
LogDevObjectVersion:   Dev-Online (39C831C9-5AE6-47DC-9A44-9C173E1C8E7C): 0
LogDevObjectVersion:   Dev-Physics (78F01B33-EBEA-4F98-B9B4-84EACCB95AA2): 0
LogDevObjectVersion:   Dev-Platform (6631380F-2D4D-43E0-8009-CF276956A95A): 0
LogDevObjectVersion:   Dev-Rendering (12F88B9F-8875-4AFC-A67C-D90C383ABD29): 12
LogDevObjectVersion:   Dev-Sequencer (7B5AE74C-D270-4C10-A958-57980B212A5A): 3
LogDevObjectVersion:   Dev-VR (D7296918-1DD6-4BDD-9DE2-64A83CC13884): 0
LogDevObjectVersion:   Dev-LoadTimes (C2A15278-BFE7-4AFE-6C17-90FF531DF755): 1
LogInit: Compiled (64-bit): Mar 15 2017 16:52:47
LogInit: Compiled with Visual C++: 19.00.23026.00
LogInit: Build Configuration: Development
LogInit: Branch Name: ++UE4+Release-4.15
LogInit: Command line: -EpicPortal 
LogInit: Base directory: H:/Program Files/Epic Games/UE_4.15/Engine/Binaries/Win64/
LogInit: Installed Engine Build: 1
LogInit: Presizing for max 8388607 objects, including 0 objects not considered by GC, pre-allocating 0 bytes for permanent pool.
LogInit: Object subsystem initialized
[2017.05.18-04.31.16:740][  0]LogInit: Selected Device Profile: [Windows]
[2017.05.18-04.31.16:740][  0]LogInit: Applying CVar settings loaded from the selected device profile: [Windows]
[2017.05.18-04.31.16:748][  0]LogInit: Computer: DESKTOP-969FG03
[2017.05.18-04.31.16:748][  0]LogInit: User: elmen
[2017.05.18-04.31.16:748][  0]LogInit: CPU Page size=65536, Cores=4
[2017.05.18-04.31.16:748][  0]LogInit: High frequency timer resolution =3.312799 MHz
[2017.05.18-04.31.16:748][  0]LogMemory: Memory total: Physical=16.0GB (16GB approx)
[2017.05.18-04.31.16:748][  0]LogMemory: Platform Memory Stats for Windows
[2017.05.18-04.31.16:748][  0]LogMemory: Process Physical Memory: 264.39 MB used, 264.39 MB peak
[2017.05.18-04.31.16:748][  0]LogMemory: Process Virtual Memory: 262.73 MB used, 262.73 MB peak
[2017.05.18-04.31.16:748][  0]LogMemory: Physical Memory: 6835.89 MB used,  9509.06 MB free, 16344.95 MB total
[2017.05.18-04.31.16:748][  0]LogMemory: Virtual Memory: 630.96 MB used,  9509.06 MB free, 134217728.00 MB total
[2017.05.18-04.31.16:820][  0]LogTextLocalizationManager: No specific translations for ('en-US') exist, so ('en') translations will be used.
[2017.05.18-04.31.17:448][  0]LogD3D11RHI: D3D11 adapters:
[2017.05.18-04.31.17:947][  0]LogD3D11RHI:    0. 'NVIDIA GeForce GTX 1050' (Feature Level 11_0)
[2017.05.18-04.31.17:947][  0]LogD3D11RHI:       2006/0/8172 MB DedicatedVideo/DedicatedSystem/SharedSystem, Outputs:1, VendorId:0x10de
[2017.05.18-04.31.17:949][  0]LogD3D11RHI:    1. 'Microsoft Basic Render Driver' (Feature Level 11_0)
[2017.05.18-04.31.17:949][  0]LogD3D11RHI:       0/0/8172 MB DedicatedVideo/DedicatedSystem/SharedSystem, Outputs:0, VendorId:0x1414
[2017.05.18-04.31.17:949][  0]LogD3D11RHI: Chosen D3D11 Adapter: 0
[2017.05.18-04.31.17:954][  0]LogD3D11RHI: Creating new Direct3DDevice
[2017.05.18-04.31.17:954][  0]LogD3D11RHI:     GPU DeviceId: 0x1c81 (for the marketing name, search the web for "GPU Device Id")
[2017.05.18-04.31.17:954][  0]LogWindows: EnumDisplayDevices:
[2017.05.18-04.31.17:954][  0]LogWindows:    0. 'NVIDIA GeForce GTX 1050' (P:1 D:1)
[2017.05.18-04.31.17:954][  0]LogWindows:    1. 'NVIDIA GeForce GTX 1050' (P:0 D:0)
[2017.05.18-04.31.17:955][  0]LogWindows:    2. 'NVIDIA GeForce GTX 1050' (P:0 D:0)
[2017.05.18-04.31.17:955][  0]LogWindows:    3. 'NVIDIA GeForce GTX 1050' (P:0 D:0)
[2017.05.18-04.31.17:955][  0]LogWindows: DebugString: FoundDriverCount:4 
[2017.05.18-04.31.17:955][  0]LogD3D11RHI:     Adapter Name: NVIDIA GeForce GTX 1050
[2017.05.18-04.31.17:955][  0]LogD3D11RHI:   Driver Version: 378.92 (internal:21.21.13.7892, unified:378.92)
[2017.05.18-04.31.17:955][  0]LogD3D11RHI:      Driver Date: 3-16-2017
[2017.05.18-04.31.17:955][  0]LogRHI: Texture pool is 1361 MB (70% of 1945 MB)
[2017.05.18-04.31.18:397][  0]LogD3D11RHI: Async texture creation enabled
[2017.05.18-04.31.18:429][  0]LogD3D11RHI: GPU Timing Frequency: 1000.000000 (Debug: 2 1)
[2017.05.18-04.31.18:479][  0]LogShaderCompilers: Guid format shader working directory is -36 characters bigger than the processId version (../../../../../../Documents/GitHub/ProjectLonesomeRecovered/Project_lonesome 4.15/Intermediate/Shaders/WorkingDirectory/19884/).
[2017.05.18-04.31.18:479][  0]LogShaderCompilers: Cleaned the shader compiler working directory 'C:/Users/elmen/AppData/Local/Temp/UnrealShaderWorkingDir/2F7D32A94F89661F525DD2B6C5D8E476/'.
[2017.05.18-04.31.18:479][  0]LogShaderCompilers:Display: Using Local Shader Compiler.
[2017.05.18-04.31.19:532][  0]LogTemp:Display: Loaded TP AllDesktopTargetPlatform
[2017.05.18-04.31.19:584][  0]LogTemp:Display: Loaded TP MacClientTargetPlatform
[2017.05.18-04.31.19:635][  0]LogTemp:Display: Loaded TP MacNoEditorTargetPlatform
[2017.05.18-04.31.19:686][  0]LogTemp:Display: Loaded TP MacServerTargetPlatform
[2017.05.18-04.31.19:739][  0]LogTemp:Display: Loaded TP MacTargetPlatform
[2017.05.18-04.31.19:825][  0]LogTemp:Display: Loaded TP WindowsClientTargetPlatform
[2017.05.18-04.31.19:886][  0]LogTemp:Display: Loaded TP WindowsNoEditorTargetPlatform
[2017.05.18-04.31.19:948][  0]LogTemp:Display: Loaded TP WindowsServerTargetPlatform
[2017.05.18-04.31.19:988][  0]LogTemp:Display: Loaded TP WindowsTargetPlatform
[2017.05.18-04.31.20:052][  0]LogTemp:Display: Loaded TP AndroidTargetPlatform
[2017.05.18-04.31.20:103][  0]LogTemp:Display: Loaded TP Android_ASTCTargetPlatform
[2017.05.18-04.31.20:155][  0]LogTemp:Display: Loaded TP Android_ATCTargetPlatform
[2017.05.18-04.31.20:206][  0]LogTemp:Display: Loaded TP Android_DXTTargetPlatform
[2017.05.18-04.31.20:257][  0]LogTemp:Display: Loaded TP Android_ETC1TargetPlatform
[2017.05.18-04.31.20:307][  0]LogTemp:Display: Loaded TP Android_ETC2TargetPlatform
[2017.05.18-04.31.20:411][  0]LogTemp:Display: Loaded TP Android_MultiTargetPlatform
[2017.05.18-04.31.20:412][  0]LogTemp:Display: Loaded TP Android_PVRTCTargetPlatform
[2017.05.18-04.31.20:446][  0]LogTemp:Display: Loaded TP HTML5TargetPlatform
[2017.05.18-04.31.20:537][  0]LogTemp:Display: Loaded TP IOSTargetPlatform
[2017.05.18-04.31.20:570][  0]LogTemp:Display: Loaded TP TVOSTargetPlatform
[2017.05.18-04.31.20:620][  0]LogTemp:Display: Loaded TP LinuxClientTargetPlatform
[2017.05.18-04.31.20:670][  0]LogTemp:Display: Loaded TP LinuxNoEditorTargetPlatform
[2017.05.18-04.31.20:720][  0]LogTemp:Display: Loaded TP LinuxServerTargetPlatform
[2017.05.18-04.31.20:772][  0]LogTemp:Display: Loaded TP LinuxTargetPlatform
[2017.05.18-04.31.20:772][  0]LogTargetPlatformManager:Display: Building Assets For Windows
[2017.05.18-04.31.21:147][  0]LogDerivedDataCache:Display: Max Cache Size: 512 MB
[2017.05.18-04.31.21:192][  0]LogDerivedDataCache: Loaded boot cache 0.05s 50MB C:/Users/elmen/AppData/Local/UnrealEngine/4.15/DerivedDataCache/Boot.ddc.
[2017.05.18-04.31.21:192][  0]LogDerivedDataCache:Display: Loaded Boot cache: C:/Users/elmen/AppData/Local/UnrealEngine/4.15/DerivedDataCache/Boot.ddc
[2017.05.18-04.31.21:192][  0]LogDerivedDataCache: FDerivedDataBackendGraph:  Pak pak cache file ../../../../../../Documents/GitHub/ProjectLonesomeRecovered/Project_lonesome 4.15/DerivedDataCache/DDC.ddp not found, will not use a pak cache.
[2017.05.18-04.31.21:192][  0]LogDerivedDataCache: Unable to find inner node Pak for hierarchical cache Hierarchy.
[2017.05.18-04.31.21:192][  0]LogDerivedDataCache: FDerivedDataBackendGraph:  CompressedPak pak cache file ../../../../../../Documents/GitHub/ProjectLonesomeRecovered/Project_lonesome 4.15/DerivedDataCache/Compressed.ddp not found, will not use a pak cache.
[2017.05.18-04.31.21:193][  0]LogDerivedDataCache: Unable to find inner node CompressedPak for hierarchical cache Hierarchy.
[2017.05.18-04.31.21:210][  0]LogDerivedDataCache:Display: Pak cache opened for reading ../../../Engine/DerivedDataCache/Compressed.ddp.
[2017.05.18-04.31.21:223][  0]LogDerivedDataCache: Using Local data cache path C:/Users/elmen/AppData/Local/UnrealEngine/Common/DerivedDataCache: Writable
[2017.05.18-04.31.21:232][  0]LogSlate: Using Freetype 2.6.0
[2017.05.18-04.31.21:232][  0]LogSlate: SlateFontCache - WITH_FREETYPE: 1, WITH_HARFBUZZ: 1
[2017.05.18-04.31.21:233][  0]LogSlate: SlateFontCache - WITH_FREETYPE: 1, WITH_HARFBUZZ: 1
[2017.05.18-04.31.21:549][  0]LogInit: Selected Device Profile: [Windows]
[2017.05.18-04.31.21:552][  0]LogContentStreaming: Texture pool size is 0.00 MB
[2017.05.18-04.31.21:744][  0]LogMeshUtilities: Using QuadricMeshReduction for automatic static mesh reduction
[2017.05.18-04.31.21:782][  0]LogSimplygon: Simplygon DLL not present - disabling.
[2017.05.18-04.31.21:826][  0]LogMeshUtilities: Using SimplygonSwarm for distributed automatic mesh merging
[2017.05.18-04.31.21:826][  0]LogMeshUtilities: No automatic skeletal mesh reduction module available
[2017.05.18-04.31.21:826][  0]LogMeshUtilities: No automatic mesh merging module available
[2017.05.18-04.31.22:335][  0]LogNetVersion: GetLocalNetworkVersion: CL: 3299760, ProjectName: project_lonesome, ProjectVersion: , EngineNetworkVersion: 2, GameNetworkVersion: 0, NetworkChecksum: 3824462427
[2017.05.18-04.31.22:377][  0]LogAssetRegistry: FAssetRegistry took 0.0215 seconds to start up
[2017.05.18-04.31.22:417][  0]LogPackageLocalizationCache: Processed 3 localized package path(s) for 2 prioritized culture(s) in 0.022752 seconds
[2017.05.18-04.31.22:422][  0]LogUObjectArray: 32494 objects as part of root set at end of initial load.
[2017.05.18-04.31.22:422][  0]LogUObjectAllocator: 7077256 out of 0 bytes used by permanent object pool.
[2017.05.18-04.31.22:422][  0]LogUObjectArray: CloseDisregardForGC: 0/0 objects in disregard for GC pool
[2017.05.18-04.31.22:472][  0]LogInit: WinSock: version 1.1 (2.2), MaxSocks=32767, MaxUdp=65467
[2017.05.18-04.31.23:986][  0]LogTcpMessaging: Initializing TcpMessaging bridge
[2017.05.18-04.31.24:022][  0]LogUdpMessaging: Initializing bridge on interface 0.0.0.0:0 to multicast group 230.0.0.1:6666.
[2017.05.18-04.31.24:459][  0]LogMaterial: Uniform references updated for custom material expression Custom.
[2017.05.18-04.31.24:801][  0]SourceControl: Info Source control is disabled
[2017.05.18-04.31.24:870][  0]SourceControl: Info Source control is disabled
[2017.05.18-04.31.24:913][  0]SourceControl: Info Source control is disabled
[2017.05.18-04.31.24:955][  0]SourceControl: Info Source control is disabled
[2017.05.18-04.31.26:084][  0]LogEngine: Initializing Engine...
[2017.05.18-04.31.26:085][  0]LogHMD: Failed to initialize OpenVR with code 110
[2017.05.18-04.31.26:297][  0]LogAIModule: Creating AISystem for world Untitled
[2017.05.18-04.31.26:310][  0]LogInit: XAudio2 using 'Speakers / Headphones (Realtek High Definition Audio)' : 2 channels at 48 kHz using 32 bits per sample (channel mask 0x3)
[2017.05.18-04.31.26:456][  0]LogInit: FAudioDevice initialized.
[2017.05.18-04.31.26:497][  0]LogDerivedDataCache: Saved boot cache 0.04s 50MB C:/Users/elmen/AppData/Local/UnrealEngine/4.15/DerivedDataCache/Boot.ddc.
[2017.05.18-04.31.26:503][  0]LogInit: Texture streaming: Enabled
[2017.05.18-04.31.26:581][  0]LogEngineSessionManager: EngineSessionManager initialized
[2017.05.18-04.31.26:661][  0]LogInit: Transaction tracking system initialized
[2017.05.18-04.31.26:955][  0]BlueprintLog: New page: Editor Load
[2017.05.18-04.31.27:696][  0]LocalizationService: Info Localization service is disabled
[2017.05.18-04.31.28:275][  0]LogConsoleResponse:Display: 
[2017.05.18-04.31.28:389][  0]LogCook:Display: Max memory allowance for cook 16384mb min free memory 0mb
[2017.05.18-04.31.28:389][  0]LogCook:Display: Mobile HDR setting 1
[2017.05.18-04.31.28:824][  0]LogFileCache: Scanning file cache for directory 'H:/Documents/GitHub/ProjectLonesomeRecovered/Project_lonesome 4.15/Content/' took 0.02s
[2017.05.18-04.31.29:295][  0]SourceControl: Info Source control is disabled
[2017.05.18-04.31.29:295][  0]Cmd: MAP LOAD FILE="../../../../../../Documents/GitHub/ProjectLonesomeRecovered/Project_lonesome 4.15/Content/FirstPersonBP/Maps/FirstPersonExampleMap.umap" TEMPLATE=0 SHOWPROGRESS=1 FEATURELEVEL=3
[2017.05.18-04.31.29:295][  0]LightingResults: New page: Lighting Build
[2017.05.18-04.31.29:330][  0]MapCheck: New page: Map Check
[2017.05.18-04.31.29:330][  0]LightingResults: New page: Lighting Build
[2017.05.18-04.31.30:971][  0]LogAIModule: Creating AISystem for world FirstPersonExampleMap
[2017.05.18-04.31.30:995][  0]LogEditorServer: Finished looking for orphan Actors (0.000 secs)
[2017.05.18-04.31.30:995][  0]Cmd: MAP CHECKDEP NOCLEARLOG
[2017.05.18-04.31.31:052][  0]MapCheck: Info Map check complete: 0 Error(s), 0 Warning(s), took 55.898ms to complete.
[2017.05.18-04.31.31:052][  0]LogFileHelpers: Loading map 'FirstPersonExampleMap' took 1.757
[2017.05.18-04.31.31:140][  0]LogWindowsTextInputMethodSystem:Display: IME system now deactivated.
[2017.05.18-04.31.31:278][  0]LogCollectionManager: Loaded 1 collections in 0.001714 seconds
[2017.05.18-04.31.31:377][  0]LogFileCache: Scanning file cache for directory 'H:/Documents/GitHub/ProjectLonesomeRecovered/Project_lonesome 4.15/Saved/Collections/' took 0.01s
[2017.05.18-04.31.31:377][  0]LogFileCache: Scanning file cache for directory 'H:/Documents/GitHub/ProjectLonesomeRecovered/Project_lonesome 4.15/Content/Developers/elmen/Collections/' took 0.01s
[2017.05.18-04.31.31:377][  0]LogFileCache: Scanning file cache for directory 'H:/Documents/GitHub/ProjectLonesomeRecovered/Project_lonesome 4.15/Content/Collections/' took 0.01s
[2017.05.18-04.31.31:377][  0]LogCollectionManager: Rebuilt the GUID cache for 1 collections in 0.000005 seconds
[2017.05.18-04.31.31:377][  0]LogCollectionManager: Rebuilt the hierarchy cache for 1 collections in 0.000000 seconds
[2017.05.18-04.31.31:386][  0]LogContentBrowser: Native class hierarchy populated in 0.0087 seconds. Added 2245 classes and 453 folders.
[2017.05.18-04.31.31:389][  0]LogStats: UGameplayTagsManager::ConstructGameplayTagTree: Construct from data asset -  0.000 s
[2017.05.18-04.31.31:389][  0]LogStats: UGameplayTagsManager::ConstructGameplayTagTree: GameplayTagTreeChangedEvent.Broadcast -  0.000 s
[2017.05.18-04.31.31:442][  0]LogContentBrowser: Native class hierarchy updated for 'WidgetCarousel' in 0.0005 seconds. Added 0 classes and 0 folders.
[2017.05.18-04.31.31:491][  0]LogContentBrowser: Native class hierarchy updated for 'AddContentDialog' in 0.0005 seconds. Added 0 classes and 0 folders.
[2017.05.18-04.31.31:531][  0]LogContentBrowser: Native class hierarchy updated for 'SceneOutliner' in 0.0005 seconds. Added 1 classes and 2 folders.
[2017.05.18-04.31.31:575][  0]LogCrashTracker: Crashtracker disabled due to settings.
[2017.05.18-04.31.31:583][  0]LogUObjectGlobals:Warning: Failed to find object 'Class None.'
[2017.05.18-04.31.31:643][  0]LogContentBrowser: Native class hierarchy updated for 'HierarchicalLODOutliner' in 0.0006 seconds. Added 1 classes and 2 folders.
[2017.05.18-04.31.31:643][  0]LogLoad: (Engine Initialization) Total time: 16.98 seconds
[2017.05.18-04.31.31:643][  0]LogLoad: (Engine Initialization) Total Blueprint compile time: 0.66 seconds
[2017.05.18-04.31.31:643][  0]LogExternalProfiler: Found external profiler: VSPerf
[2017.05.18-04.31.31:643][  0]LogExternalProfiler: Using external profiler: VSPerf
[2017.05.18-04.31.31:652][  0]LogOcInput: OculusInput pre-init called
[2017.05.18-04.31.31:673][  0]LogContentStreaming: Texture pool size now 1000 MB
[2017.05.18-04.31.31:674][  0]LogSlate: Took 0.000290 seconds to synchronously load lazily loaded font '../../../Engine/Content/Slate/Fonts/Roboto-Regular.ttf' (155K)
[2017.05.18-04.31.31:678][  0]LogSlate: Took 0.000257 seconds to synchronously load lazily loaded font '../../../Engine/Content/Slate/Fonts/Roboto-Bold.ttf' (160K)
[2017.05.18-04.31.31:684][  0]LogSlate: Took 0.000201 seconds to synchronously load lazily loaded font '../../../Engine/Content/Editor/Slate/Fonts/FontAwesome.ttf' (139K)
[2017.05.18-04.31.31:811][  0]LogSlate: Took 0.000365 seconds to synchronously load lazily loaded font '../../../Engine/Content/Slate/Fonts/Roboto-Light.ttf' (159K)
[2017.05.18-04.31.31:852][  0]LogRenderer: Reallocating scene render targets to support 1208x576 NumSamples 1 (Frame:2).
[2017.05.18-04.31.31:957][  2]LogAssetRegistry: Asset discovery search completed in 9.6015 seconds
[2017.05.18-04.31.31:957][  2]LogCollectionManager: Rebuilt the object cache for 1 collections in 0.000008 seconds (found 0 objects)
[2017.05.18-04.31.31:957][  2]LogCollectionManager: Fixed up redirectors for 1 collections in 0.000029 seconds (updated 0 objects)
[2017.05.18-04.31.39:571][897]LogSlate: Took 0.000214 seconds to synchronously load lazily loaded font '../../../Engine/Content/Slate/Fonts/Roboto-Light.ttf' (159K)
[2017.05.18-04.31.39:907][897]LogAIModule: Creating AISystem for world Park
[2017.05.18-04.31.39:952][897]Cmd: MAP LOAD FILE="../../../../../../Documents/GitHub/ProjectLonesomeRecovered/Project_lonesome 4.15/Content/Levels/Park.umap" TEMPLATE=0 SHOWPROGRESS=1 FEATURELEVEL=3
[2017.05.18-04.31.39:952][897]LightingResults: New page: Lighting Build
[2017.05.18-04.31.39:954][897]LoadErrors: New page: Loading map: Park.umap
[2017.05.18-04.31.39:954][897]MapCheck: New page: Map Check
[2017.05.18-04.31.39:954][897]LightingResults: New page: Lighting Build
[2017.05.18-04.31.39:969][897]LogEditorServer: Finished looking for orphan Actors (0.000 secs)
[2017.05.18-04.31.40:026][897]Cmd: MAP CHECKDEP NOCLEARLOG
[2017.05.18-04.31.40:087][897]MapCheck: Info Map check complete: 0 Error(s), 0 Warning(s), took 60.907ms to complete.
[2017.05.18-04.31.40:088][897]LogFileHelpers: Loading map 'Park' took 0.136
[2017.05.18-04.32.01:485][473]LogFactory: FactoryCreateFile: StaticMesh with FbxFactory (0 0 ../../../../../../Downloads/Large bare maple tree.fbx)
[2017.05.18-04.32.10:264][473]LogSlate: Took 0.000229 seconds to synchronously load lazily loaded font '../../../Engine/Content/Slate/Fonts/Roboto-Regular.ttf' (155K)
[2017.05.18-04.32.10:761][473]LogFbx: ItemName: Model, ItemCount : 10
[2017.05.18-04.32.10:762][473]LogFbx: ItemName: Geometry, ItemCount : 1
[2017.05.18-04.32.10:762][473]LogFbx: ItemName: Material, ItemCount : 1
[2017.05.18-04.32.10:762][473]LogFbx: ItemName: Texture, ItemCount : 1
[2017.05.18-04.32.10:762][473]LogFbx: ItemName: Video, ItemCount : 1
[2017.05.18-04.32.10:762][473]LogFbx: ItemName: Pose, ItemCount : 1
[2017.05.18-04.32.10:762][473]LogFbx: ItemName: GlobalSettings, ItemCount : 1
[2017.05.18-04.32.10:766][473]LogFbx: Loading FBX Scene from ../../../../../../Downloads/Large bare maple tree.fbx
[2017.05.18-04.32.22:990][473]LogFbx: FBX Scene Loaded Succesfully
[2017.05.18-04.32.34:657][473]LogFbx: Loading FBX Scene from ../../../../../../Downloads/Large bare maple tree.fbx
[2017.05.18-04.32.46:871][473]LogFbx: FBX Scene Loaded Succesfully
[2017.05.18-04.32.46:925][473]LogLinker: Can't find file '/Game/Objects/Models/Trees/Material__bark_pine_texture_pai'
[2017.05.18-04.32.46:926][473]LogLinker: Can't find file '/Game/Objects/Models/Trees/Material__bark_pine_texture_pai'
[2017.05.18-04.32.46:927][473]LogLinker: Can't find file '/Game/Objects/Models/Trees/bark_pine_texture_painted'
[2017.05.18-04.32.46:927][473]LogLinker: Can't find file '/Game/Objects/Models/Trees/bark_pine_texture_painted'
[2017.05.18-04.32.46:928][473]LogStreaming:Warning: Failed to read file 'bark pine texture painted.jpg' error.
[2017.05.18-04.32.46:928][473]LogStreaming:Warning: Failed to read file '../../../../../../Downloads/..\bark pine texture painted.jpg' error.
[2017.05.18-04.32.46:928][473]LogStreaming:Warning: Failed to read file '../../../../../../Downloads/bark pine texture painted.jpg' error.
[2017.05.18-04.32.46:928][473]LogFbxMaterialImport:Warning: Unable to find TEXTure file bark pine texture painted.jpg. Tried:
 - bark pine texture painted.jpg
 - ../../../../../../Downloads/..\bark pine texture painted.jpg
 - ../../../../../../Downloads/bark pine texture painted.jpg
[2017.05.18-04.32.46:930][473]LogMaterial: Missing cached shader map for material Material__bark_pine_texture_pai, compiling. 
[2017.05.18-04.32.46:931][473]LogTemp:Display: Added material ShaderMap 0x000002987D882E80 with Material 0x0000029832AC2980 to ShaderMapsBeingCompiled
[2017.05.18-04.32.46:955][473]LogTemp:Display: Kicking off shader compilation for Material__bark_pine_texture_pai, GameThreadShaderMap 0x000002987D882E80
[2017.05.18-04.32.46:956][473]LogFbx:Warning: Triangulating static mesh tree_Curve_003
[2017.05.18-04.35.31:335][473]LogStaticMesh: Building static mesh Large_bare_maple_tree...
