Log file open, 05/14/17 22:38:58
LogInit:Display: Running engine for game: Project_lonesome
LogPlatformFile: Not using cached read wrapper
LogInit:Display: RandInit(-1903161319) SRandInit(-1903161319).
LogTaskGraph: Started task graph with 5 named threads and 8 total threads with 1 sets of task threads.
LogStats: Stats thread started at 0.087545
LogInit: Using libcurl 7.47.1
LogInit:  - built for x86_64-pc-win32
LogInit:  - supports SSL with OpenSSL/1.0.2g
LogInit:  - supports HTTP deflate (compression) using libz 1.2.8
LogInit:  - other features:
LogInit:      CURL_VERSION_SSL
LogInit:      CURL_VERSION_LIBZ
LogInit:      CURL_VERSION_IPV6
LogInit:      CURL_VERSION_ASYNCHDNS
LogInit:      CURL_VERSION_LARGEFILE
LogInit:      CURL_VERSION_IDN
LogInit:  CurlRequestOptions (configurable via config and command line):
LogInit:  - bVerifyPeer = false  - Libcurl will NOT verify peer certificate
LogInit:  - bUseHttpProxy = false  - Libcurl will NOT use HTTP proxy
LogInit:  - bDontReuseConnections = false  - Libcurl will reuse connections
LogInit:  - CertBundlePath = nullptr  - Libcurl will use whatever was configured at build time.
LogInit: Build: ++UE4+Release-4.15-CL-3348071
LogInit: Engine Version: 4.15.1-3348071+++UE4+Release-4.15
LogInit: Compatible Engine Version: 4.15.0-3299760+++UE4+Release-4.15
LogInit: Net CL: 3299760
LogDevObjectVersion: Number of dev versions registered: 14
LogDevObjectVersion:   Dev-Blueprints (B0D832E4-1F89-4F0D-ACCF-7EB736FD4AA2): 8
LogDevObjectVersion:   Dev-Build (E1C64328-A22C-4D53-A36C-8E866417BD8C): 0
LogDevObjectVersion:   Dev-Core (375EC13C-06E4-48FB-B500-84F0262A717E): 2
LogDevObjectVersion:   Dev-Editor (E4B068ED-F494-42E9-A231-DA0B2E46BB41): 14
LogDevObjectVersion:   Dev-Framework (CFFC743F-43B0-4480-9391-14DF171D2073): 22
LogDevObjectVersion:   Dev-Mobile (B02B49B5-BB20-44E9-A304-32B752E40360): 0
LogDevObjectVersion:   Dev-Networking (A4E4105C-59A1-49B5-A7C5-40C4547EDFEE): 0
LogDevObjectVersion:   Dev-Online (39C831C9-5AE6-47DC-9A44-9C173E1C8E7C): 0
LogDevObjectVersion:   Dev-Physics (78F01B33-EBEA-4F98-B9B4-84EACCB95AA2): 0
LogDevObjectVersion:   Dev-Platform (6631380F-2D4D-43E0-8009-CF276956A95A): 0
LogDevObjectVersion:   Dev-Rendering (12F88B9F-8875-4AFC-A67C-D90C383ABD29): 12
LogDevObjectVersion:   Dev-Sequencer (7B5AE74C-D270-4C10-A958-57980B212A5A): 3
LogDevObjectVersion:   Dev-VR (D7296918-1DD6-4BDD-9DE2-64A83CC13884): 0
LogDevObjectVersion:   Dev-LoadTimes (C2A15278-BFE7-4AFE-6C17-90FF531DF755): 1
LogInit: Compiled (64-bit): Mar 15 2017 16:52:47
LogInit: Compiled with Visual C++: 19.00.23026.00
LogInit: Build Configuration: Development
LogInit: Branch Name: ++UE4+Release-4.15
LogInit: Command line: -EpicPortal 
LogInit: Base directory: C:/Program Files/Epic Games/UE_4.15/Engine/Binaries/Win64/
LogInit: Installed Engine Build: 1
LogInit: Presizing for max 8388607 objects, including 0 objects not considered by GC, pre-allocating 0 bytes for permanent pool.
LogInit: Object subsystem initialized
[2017.05.15-05.38.59:269][  0]LogInit: Selected Device Profile: [Windows]
[2017.05.15-05.38.59:269][  0]LogInit: Applying CVar settings loaded from the selected device profile: [Windows]
[2017.05.15-05.38.59:282][  0]LogInit: Computer: JEREMY-PC
[2017.05.15-05.38.59:282][  0]LogInit: User: Jeremy
[2017.05.15-05.38.59:282][  0]LogInit: CPU Page size=65536, Cores=4
[2017.05.15-05.38.59:282][  0]LogInit: High frequency timer resolution =3.312791 MHz
[2017.05.15-05.38.59:282][  0]LogMemory: Memory total: Physical=15.9GB (16GB approx)
[2017.05.15-05.38.59:282][  0]LogMemory: Platform Memory Stats for Windows
[2017.05.15-05.38.59:282][  0]LogMemory: Process Physical Memory: 264.74 MB used, 264.74 MB peak
[2017.05.15-05.38.59:282][  0]LogMemory: Process Virtual Memory: 262.48 MB used, 262.48 MB peak
[2017.05.15-05.38.59:282][  0]LogMemory: Physical Memory: 6736.77 MB used,  9564.34 MB free, 16301.11 MB total
[2017.05.15-05.38.59:282][  0]LogMemory: Virtual Memory: 631.00 MB used,  9564.34 MB free, 134217728.00 MB total
[2017.05.15-05.38.59:419][  0]LogTextLocalizationManager: No specific translations for ('en-US') exist, so ('en') translations will be used.
[2017.05.15-05.39.00:182][  0]LogD3D11RHI: D3D11 adapters:
[2017.05.15-05.39.00:703][  0]LogD3D11RHI:    0. 'NVIDIA GeForce GTX 1070' (Feature Level 11_0)
[2017.05.15-05.39.00:703][  0]LogD3D11RHI:       8145/0/8150 MB DedicatedVideo/DedicatedSystem/SharedSystem, Outputs:2, VendorId:0x10de
[2017.05.15-05.39.00:707][  0]LogD3D11RHI:    1. 'Intel(R) HD Graphics 3000' (Feature Level 10_0)
[2017.05.15-05.39.00:707][  0]LogD3D11RHI:       32/0/1632 MB DedicatedVideo/DedicatedSystem/SharedSystem, Outputs:0, VendorId:0x8086
[2017.05.15-05.39.00:709][  0]LogD3D11RHI:    2. 'Microsoft Basic Render Driver' (Feature Level 11_0)
[2017.05.15-05.39.00:709][  0]LogD3D11RHI:       0/0/8150 MB DedicatedVideo/DedicatedSystem/SharedSystem, Outputs:0, VendorId:0x1414
[2017.05.15-05.39.00:709][  0]LogD3D11RHI: Chosen D3D11 Adapter: 0
[2017.05.15-05.39.00:714][  0]LogD3D11RHI: Creating new Direct3DDevice
[2017.05.15-05.39.00:714][  0]LogD3D11RHI:     GPU DeviceId: 0x1b81 (for the marketing name, search the web for "GPU Device Id")
[2017.05.15-05.39.00:714][  0]LogWindows: EnumDisplayDevices:
[2017.05.15-05.39.00:714][  0]LogWindows:    0. 'NVIDIA GeForce GTX 1070' (P:0 D:1)
[2017.05.15-05.39.00:714][  0]LogWindows:    1. 'NVIDIA GeForce GTX 1070' (P:1 D:1)
[2017.05.15-05.39.00:714][  0]LogWindows:    2. 'NVIDIA GeForce GTX 1070' (P:0 D:0)
[2017.05.15-05.39.00:715][  0]LogWindows:    3. 'NVIDIA GeForce GTX 1070' (P:0 D:0)
[2017.05.15-05.39.00:715][  0]LogWindows:    4. 'Intel(R) HD Graphics 3000' (P:0 D:0)
[2017.05.15-05.39.00:715][  0]LogWindows:    5. 'Intel(R) HD Graphics 3000' (P:0 D:0)
[2017.05.15-05.39.00:715][  0]LogWindows: DebugString: PrimaryIsNotTheChoosenAdapter PrimaryIsNotTheChoosenAdapter FoundDriverCount:4 
[2017.05.15-05.39.00:715][  0]LogD3D11RHI:     Adapter Name: NVIDIA GeForce GTX 1070
[2017.05.15-05.39.00:715][  0]LogD3D11RHI:   Driver Version: 376.53 (internal:21.21.13.7653, unified:376.53)
[2017.05.15-05.39.00:715][  0]LogD3D11RHI:      Driver Date: 12-29-2016
[2017.05.15-05.39.00:715][  0]LogRHI: Texture pool is 1361 MB (70% of 1945 MB)
[2017.05.15-05.39.01:223][  0]LogD3D11RHI: Async texture creation enabled
[2017.05.15-05.39.01:257][  0]LogD3D11RHI: GPU Timing Frequency: 1000.000000 (Debug: 2 1)
[2017.05.15-05.39.01:351][  0]LogShaderCompilers: Guid format shader working directory is -48 characters bigger than the processId version (../../../../../../Users/Jeremy/Documents/GitHub/ProjectLonesomeRecovered/Project_lonesome 4.15/Intermediate/Shaders/WorkingDirectory/14096/).
[2017.05.15-05.39.01:351][  0]LogShaderCompilers: Cleaned the shader compiler working directory 'C:/Users/Jeremy/AppData/Local/Temp/UnrealShaderWorkingDir/6512E02B43F437BC1E95169D02C747BF/'.
[2017.05.15-05.39.01:351][  0]LogShaderCompilers:Display: Using Local Shader Compiler.
[2017.05.15-05.39.03:037][  0]LogTemp:Display: Loaded TP AllDesktopTargetPlatform
[2017.05.15-05.39.03:130][  0]LogTemp:Display: Loaded TP MacClientTargetPlatform
[2017.05.15-05.39.03:221][  0]LogTemp:Display: Loaded TP MacNoEditorTargetPlatform
[2017.05.15-05.39.03:315][  0]LogTemp:Display: Loaded TP MacServerTargetPlatform
[2017.05.15-05.39.03:411][  0]LogTemp:Display: Loaded TP MacTargetPlatform
[2017.05.15-05.39.03:507][  0]LogTemp:Display: Loaded TP WindowsClientTargetPlatform
[2017.05.15-05.39.03:597][  0]LogTemp:Display: Loaded TP WindowsNoEditorTargetPlatform
[2017.05.15-05.39.03:683][  0]LogTemp:Display: Loaded TP WindowsServerTargetPlatform
[2017.05.15-05.39.03:762][  0]LogTemp:Display: Loaded TP WindowsTargetPlatform
[2017.05.15-05.39.03:846][  0]LogTemp:Display: Loaded TP AndroidTargetPlatform
[2017.05.15-05.39.03:935][  0]LogTemp:Display: Loaded TP Android_ASTCTargetPlatform
[2017.05.15-05.39.04:022][  0]LogTemp:Display: Loaded TP Android_ATCTargetPlatform
[2017.05.15-05.39.04:106][  0]LogTemp:Display: Loaded TP Android_DXTTargetPlatform
[2017.05.15-05.39.04:187][  0]LogTemp:Display: Loaded TP Android_ETC1TargetPlatform
[2017.05.15-05.39.04:271][  0]LogTemp:Display: Loaded TP Android_ETC2TargetPlatform
[2017.05.15-05.39.04:434][  0]LogTemp:Display: Loaded TP Android_MultiTargetPlatform
[2017.05.15-05.39.04:434][  0]LogTemp:Display: Loaded TP Android_PVRTCTargetPlatform
[2017.05.15-05.39.04:493][  0]LogTemp:Display: Loaded TP HTML5TargetPlatform
[2017.05.15-05.39.04:625][  0]LogTemp:Display: Loaded TP IOSTargetPlatform
[2017.05.15-05.39.04:673][  0]LogTemp:Display: Loaded TP TVOSTargetPlatform
[2017.05.15-05.39.04:752][  0]LogTemp:Display: Loaded TP LinuxClientTargetPlatform
[2017.05.15-05.39.04:834][  0]LogTemp:Display: Loaded TP LinuxNoEditorTargetPlatform
[2017.05.15-05.39.04:916][  0]LogTemp:Display: Loaded TP LinuxServerTargetPlatform
[2017.05.15-05.39.04:997][  0]LogTemp:Display: Loaded TP LinuxTargetPlatform
[2017.05.15-05.39.04:997][  0]LogTargetPlatformManager:Display: Building Assets For Windows
[2017.05.15-05.39.05:698][  0]LogDerivedDataCache:Display: Max Cache Size: 512 MB
[2017.05.15-05.39.05:754][  0]LogDerivedDataCache: Loaded boot cache 0.06s 50MB C:/Users/Jeremy/AppData/Local/UnrealEngine/4.15/DerivedDataCache/Boot.ddc.
[2017.05.15-05.39.05:754][  0]LogDerivedDataCache:Display: Loaded Boot cache: C:/Users/Jeremy/AppData/Local/UnrealEngine/4.15/DerivedDataCache/Boot.ddc
[2017.05.15-05.39.05:754][  0]LogDerivedDataCache: FDerivedDataBackendGraph:  Pak pak cache file ../../../../../../Users/Jeremy/Documents/GitHub/ProjectLonesomeRecovered/Project_lonesome 4.15/DerivedDataCache/DDC.ddp not found, will not use a pak cache.
[2017.05.15-05.39.05:754][  0]LogDerivedDataCache: Unable to find inner node Pak for hierarchical cache Hierarchy.
[2017.05.15-05.39.05:754][  0]LogDerivedDataCache: FDerivedDataBackendGraph:  CompressedPak pak cache file ../../../../../../Users/Jeremy/Documents/GitHub/ProjectLonesomeRecovered/Project_lonesome 4.15/DerivedDataCache/Compressed.ddp not found, will not use a pak cache.
[2017.05.15-05.39.05:754][  0]LogDerivedDataCache: Unable to find inner node CompressedPak for hierarchical cache Hierarchy.
[2017.05.15-05.39.05:773][  0]LogDerivedDataCache:Display: Pak cache opened for reading ../../../Engine/DerivedDataCache/Compressed.ddp.
[2017.05.15-05.39.05:786][  0]LogDerivedDataCache: Using Local data cache path C:/Users/Jeremy/AppData/Local/UnrealEngine/Common/DerivedDataCache: Writable
[2017.05.15-05.39.05:796][  0]LogSlate: Using Freetype 2.6.0
[2017.05.15-05.39.05:797][  0]LogSlate: SlateFontCache - WITH_FREETYPE: 1, WITH_HARFBUZZ: 1
[2017.05.15-05.39.05:797][  0]LogSlate: SlateFontCache - WITH_FREETYPE: 1, WITH_HARFBUZZ: 1
[2017.05.15-05.39.06:196][  0]LogInit: Selected Device Profile: [Windows]
[2017.05.15-05.39.06:200][  0]LogContentStreaming: Texture pool size is 0.00 MB
[2017.05.15-05.39.06:492][  0]LogMeshUtilities: Using QuadricMeshReduction for automatic static mesh reduction
[2017.05.15-05.39.06:562][  0]LogSimplygon: Simplygon DLL not present - disabling.
[2017.05.15-05.39.06:636][  0]LogMeshUtilities: Using SimplygonSwarm for distributed automatic mesh merging
[2017.05.15-05.39.06:636][  0]LogMeshUtilities: No automatic skeletal mesh reduction module available
[2017.05.15-05.39.06:636][  0]LogMeshUtilities: No automatic mesh merging module available
[2017.05.15-05.39.07:366][  0]LogNetVersion: GetLocalNetworkVersion: CL: 3299760, ProjectName: project_lonesome, ProjectVersion: , EngineNetworkVersion: 2, GameNetworkVersion: 0, NetworkChecksum: 3824462427
[2017.05.15-05.39.07:425][  0]LogAssetRegistry: FAssetRegistry took 0.0227 seconds to start up
[2017.05.15-05.39.07:524][  0]LogPackageLocalizationCache: Processed 3 localized package path(s) for 2 prioritized culture(s) in 0.043663 seconds
[2017.05.15-05.39.07:533][  0]LogUObjectArray: 32493 objects as part of root set at end of initial load.
[2017.05.15-05.39.07:533][  0]LogUObjectAllocator: 7077032 out of 0 bytes used by permanent object pool.
[2017.05.15-05.39.07:533][  0]LogUObjectArray: CloseDisregardForGC: 0/0 objects in disregard for GC pool
[2017.05.15-05.39.07:646][  0]LogInit: WinSock: version 1.1 (2.2), MaxSocks=32767, MaxUdp=65467
[2017.05.15-05.39.10:174][  0]LogTcpMessaging: Initializing TcpMessaging bridge
[2017.05.15-05.39.10:229][  0]LogUdpMessaging: Initializing bridge on interface 0.0.0.0:0 to multicast group 230.0.0.1:6666.
[2017.05.15-05.39.10:939][  0]LogMaterial: Uniform references updated for custom material expression Custom.
[2017.05.15-05.39.11:545][  0]SourceControl: Info Source control is disabled
[2017.05.15-05.39.11:546][  0]SourceControl: Info Source control is disabled
[2017.05.15-05.39.11:623][  0]SourceControl: Info Source control is disabled
[2017.05.15-05.39.11:700][  0]SourceControl: Info Source control is disabled
[2017.05.15-05.39.13:739][  0]LogEngine: Initializing Engine...
[2017.05.15-05.39.13:740][  0]LogHMD: Failed to initialize OpenVR with code 110
[2017.05.15-05.39.14:079][  0]LogAIModule: Creating AISystem for world Untitled
[2017.05.15-05.39.14:099][  0]LogInit: XAudio2 using 'Headset Earphone (ASTRO MixAmp Pro           )' : 2 channels at 48 kHz using 16 bits per sample (channel mask 0x3)
[2017.05.15-05.39.14:113][  0]LogInit: FAudioDevice initialized.
[2017.05.15-05.39.14:142][  0]LogDerivedDataCache: Saved boot cache 0.03s 50MB C:/Users/Jeremy/AppData/Local/UnrealEngine/4.15/DerivedDataCache/Boot.ddc.
[2017.05.15-05.39.14:154][  0]LogInit: Texture streaming: Enabled
[2017.05.15-05.39.14:313][  0]LogEngineSessionManager: EngineSessionManager initialized
[2017.05.15-05.39.14:462][  0]LogInit: Transaction tracking system initialized
[2017.05.15-05.39.15:036][  0]BlueprintLog: New page: Editor Load
[2017.05.15-05.39.16:527][  0]LocalizationService: Info Localization service is disabled
[2017.05.15-05.39.17:674][  0]LogConsoleResponse:Display: 
[2017.05.15-05.39.17:839][  0]LogCook:Display: Max memory allowance for cook 16384mb min free memory 0mb
[2017.05.15-05.39.17:839][  0]LogCook:Display: Mobile HDR setting 1
[2017.05.15-05.39.17:931][  0]LogFileCache: Scanning file cache for directory 'C:/Users/Jeremy/Documents/GitHub/ProjectLonesomeRecovered/Project_lonesome 4.15/Content/' took 0.03s
[2017.05.15-05.39.19:542][  0]SourceControl: Info Source control is disabled
[2017.05.15-05.39.19:543][  0]LightingResults: New page: Lighting Build
[2017.05.15-05.39.19:611][  0]MapCheck: New page: Map Check
[2017.05.15-05.39.19:611][  0]LightingResults: New page: Lighting Build
[2017.05.15-05.39.21:691][  0]LogAIModule: Creating AISystem for world FirstPersonExampleMap
[2017.05.15-05.39.21:719][  0]LogEditorServer: Finished looking for orphan Actors (0.000 secs)
[2017.05.15-05.39.21:719][  0]Cmd: MAP CHECKDEP NOCLEARLOG
[2017.05.15-05.39.21:830][  0]MapCheck: Info Map check complete: 0 Error(s), 0 Warning(s), took 110.101ms to complete.
[2017.05.15-05.39.21:830][  0]LogFileHelpers: Loading map 'FirstPersonExampleMap' took 2.287
[2017.05.15-05.39.21:911][  0]LogWindowsTextInputMethodSystem:Display: IME system now deactivated.
[2017.05.15-05.39.22:104][  0]LogCollectionManager: Loaded 1 collections in 0.002743 seconds
[2017.05.15-05.39.22:222][  0]LogFileCache: Scanning file cache for directory 'C:/Users/Jeremy/Documents/GitHub/ProjectLonesomeRecovered/Project_lonesome 4.15/Saved/Collections/' took 0.01s
[2017.05.15-05.39.22:222][  0]LogFileCache: Scanning file cache for directory 'C:/Users/Jeremy/Documents/GitHub/ProjectLonesomeRecovered/Project_lonesome 4.15/Content/Developers/Jeremy/Collections/' took 0.01s
[2017.05.15-05.39.22:222][  0]LogFileCache: Scanning file cache for directory 'C:/Users/Jeremy/Documents/GitHub/ProjectLonesomeRecovered/Project_lonesome 4.15/Content/Collections/' took 0.01s
[2017.05.15-05.39.22:222][  0]LogCollectionManager: Rebuilt the GUID cache for 1 collections in 0.000006 seconds
[2017.05.15-05.39.22:222][  0]LogCollectionManager: Rebuilt the hierarchy cache for 1 collections in 0.000000 seconds
[2017.05.15-05.39.22:232][  0]LogContentBrowser: Native class hierarchy populated in 0.0102 seconds. Added 2245 classes and 453 folders.
[2017.05.15-05.39.22:236][  0]LogStats: UGameplayTagsManager::ConstructGameplayTagTree: Construct from data asset -  0.000 s
[2017.05.15-05.39.22:237][  0]LogStats: UGameplayTagsManager::ConstructGameplayTagTree: GameplayTagTreeChangedEvent.Broadcast -  0.000 s
[2017.05.15-05.39.22:339][  0]LogContentBrowser: Native class hierarchy updated for 'WidgetCarousel' in 0.0006 seconds. Added 0 classes and 0 folders.
[2017.05.15-05.39.22:407][  0]LogContentBrowser: Native class hierarchy updated for 'AddContentDialog' in 0.0006 seconds. Added 0 classes and 0 folders.
[2017.05.15-05.39.22:477][  0]LogContentBrowser: Native class hierarchy updated for 'SceneOutliner' in 0.0006 seconds. Added 1 classes and 2 folders.
[2017.05.15-05.39.22:540][  0]LogCrashTracker: Crashtracker disabled due to settings.
[2017.05.15-05.39.22:550][  0]LogUObjectGlobals:Warning: Failed to find object 'Class None.'
[2017.05.15-05.39.22:652][  0]LogContentBrowser: Native class hierarchy updated for 'HierarchicalLODOutliner' in 0.0009 seconds. Added 1 classes and 2 folders.
[2017.05.15-05.39.22:653][  0]LogLoad: (Engine Initialization) Total time: 25.99 seconds
[2017.05.15-05.39.22:653][  0]LogLoad: (Engine Initialization) Total Blueprint compile time: 0.90 seconds
[2017.05.15-05.39.22:653][  0]LogExternalProfiler: Found external profiler: VSPerf
[2017.05.15-05.39.22:653][  0]LogExternalProfiler: Using external profiler: VSPerf
[2017.05.15-05.39.22:664][  0]LogOcInput: OculusInput pre-init called
[2017.05.15-05.39.22:686][  0]LogContentStreaming: Texture pool size now 1000 MB
[2017.05.15-05.39.22:688][  0]LogSlate: Took 0.000567 seconds to synchronously load lazily loaded font '../../../Engine/Content/Slate/Fonts/Roboto-Regular.ttf' (155K)
[2017.05.15-05.39.22:692][  0]LogSlate: Took 0.000344 seconds to synchronously load lazily loaded font '../../../Engine/Content/Slate/Fonts/Roboto-Bold.ttf' (160K)
[2017.05.15-05.39.22:699][  0]LogSlate: Took 0.000371 seconds to synchronously load lazily loaded font '../../../Engine/Content/Editor/Slate/Fonts/FontAwesome.ttf' (139K)
[2017.05.15-05.39.22:905][  0]LogRenderer: Reallocating scene render targets to support 1208x580 NumSamples 1 (Frame:2).
[2017.05.15-05.39.23:033][  3]LogAssetRegistry: Asset discovery search completed in 15.6306 seconds
[2017.05.15-05.39.23:033][  3]LogCollectionManager: Rebuilt the object cache for 1 collections in 0.000022 seconds (found 0 objects)
[2017.05.15-05.39.23:033][  3]LogCollectionManager: Fixed up redirectors for 1 collections in 0.000045 seconds (updated 0 objects)
[2017.05.15-05.39.26:863][449]LogSlate: Took 0.000200 seconds to synchronously load lazily loaded font '../../../Engine/Content/Slate/Fonts/Roboto-Light.ttf' (159K)
[2017.05.15-05.41.24:698][434]LogSlate: Took 0.000204 seconds to synchronously load lazily loaded font '../../../Engine/Content/Slate/Fonts/Roboto-Light.ttf' (159K)
[2017.05.15-05.41.25:317][434]LogAIModule: Creating AISystem for world Third-Floor
[2017.05.15-05.41.25:376][434]Cmd: MAP LOAD FILE="../../../../../../Users/Jeremy/Documents/GitHub/ProjectLonesomeRecovered/Project_lonesome 4.15/Content/Levels/Third-Floor.umap" TEMPLATE=0 SHOWPROGRESS=1 FEATURELEVEL=3
[2017.05.15-05.41.25:376][434]LightingResults: New page: Lighting Build
[2017.05.15-05.41.25:378][434]LoadErrors: New page: Loading map: Third-Floor.umap
[2017.05.15-05.41.25:379][434]MapCheck: New page: Map Check
[2017.05.15-05.41.25:379][434]LightingResults: New page: Lighting Build
[2017.05.15-05.41.25:412][434]LogEditorServer: Finished looking for orphan Actors (0.000 secs)
[2017.05.15-05.41.25:456][434]Cmd: MAP CHECKDEP NOCLEARLOG
[2017.05.15-05.41.25:573][434]MapCheck: Info Map check complete: 0 Error(s), 0 Warning(s), took 116.461ms to complete.
[2017.05.15-05.41.25:574][434]LogFileHelpers: Loading map 'Third-Floor' took 0.198
[2017.05.15-05.41.31:040][ 23]LogEditorViewport: Clicking on Actor (LMB): Door_Blueprint_C (Door_Room332)
[2017.05.15-05.41.41:047][982]LogEditorViewport: Clicking on Actor (LMB): StaticMeshActor (Floor6)
[2017.05.15-05.41.41:604][ 29]LogEditorViewport: Clicking on Actor (LMB): StaticMeshActor (DoorFrame)
[2017.05.15-05.44.40:054][688]LogEditorViewport: Clicking on Actor (LMB): Door_Blueprint_C (Door_ManagerOffice)
[2017.05.15-05.45.39:901][427]LogEditorViewport: Clicking on Actor (LMB): Door_Blueprint_C (Door_Room313)
[2017.05.15-05.45.46:432][ 71]LogEditorViewport: Clicking on Actor (LMB): Door_Blueprint_C (Door_Room314)
[2017.05.15-05.45.49:889][391]LogEditorViewport: Clicking on Actor (LMB): Door_Blueprint_C (Door_Room315)
[2017.05.15-05.46.08:375][995]LogEditorViewport: Clicking on Actor (LMB): StaticMeshActor (Cube325)
[2017.05.15-05.46.18:281][964]LogEditorViewport: Clicking on Actor (LMB): Door_Blueprint_C (Door_Room315)
[2017.05.15-05.46.19:967][134]LogEditorViewport: Clicking on Actor (LMB): StaticMeshActor (Floor2)
[2017.05.15-05.46.21:091][242]LogEditorViewport: Clicking on Actor (LMB): Door_Blueprint_C (Door_Room316)
[2017.05.15-05.46.33:371][890]LogEditorViewport: Clicking on Actor (LMB): Door_Blueprint_C (Door_Room332)
[2017.05.15-05.46.35:448][ 99]LogEditorViewport: Clicking on Actor (LMB): StaticMeshActor (Cube317)
[2017.05.15-05.46.36:711][219]LogEditorViewport: Clicking on Actor (LMB): Door_Blueprint_C (Door_Room331)
[2017.05.15-05.50.48:966][336]LogFactory: FactoryCreateFile: Texture with ReimportTextureFactory (0 0 D:\School Stuff\Spring Term 2017\Junior Project\3rd floor - Final.png)
[2017.05.15-05.50.49:049][336]LogTexture:Display: Building textures: 3rd_floor_-_Final (AutoDXT, 1600X1200) - 96 MB total VRAM
[2017.05.15-05.50.52:514][348]LogSlate: Took 0.000240 seconds to synchronously load lazily loaded font '../../../Engine/Content/Slate/Fonts/Roboto-Regular.ttf' (155K)
[2017.05.15-05.50.52:665][348]LogContentBrowser: Native class hierarchy updated for 'BlueprintGraph' in 0.0010 seconds. Added 112 classes and 0 folders.
[2017.05.15-05.50.53:592][348]LogSlate: Took 0.000244 seconds to synchronously load lazily loaded font '../../../Engine/Content/Slate/Fonts/Roboto-Light.ttf' (159K)
[2017.05.15-05.50.53:593][348]LogSlate: Took 0.000240 seconds to synchronously load lazily loaded font '../../../Engine/Content/Editor/Slate/Fonts/Roboto-BoldCondensed.ttf' (158K)
[2017.05.15-05.51.06:868][962]BlueprintLog: New page: Compile 3rdFloorLayout
[2017.05.15-05.51.07:072][962]LogSavePackage: Save=5.86ms
[2017.05.15-05.51.07:072][962]LogSavePackage: Moving '../../../../../../Users/Jeremy/Documents/GitHub/ProjectLonesomeRecovered/Project_lonesome 4.15/Saved/3rdFloorLayout8E15B46A45E904777D2D04BB8CD64776.tmp' to '../../../../../../Users/Jeremy/Documents/GitHub/ProjectLonesomeRecovered/Project_lonesome 4.15/Content/UI/Level_Maps/3rdFloorLayout.uasset'
[2017.05.15-05.51.07:077][962]LogSavePackage:Display: Finished SavePackage ../../../../../../Users/Jeremy/Documents/GitHub/ProjectLonesomeRecovered/Project_lonesome 4.15/Content/UI/Level_Maps/3rdFloorLayout.uasset
[2017.05.15-05.51.10:586][165]LogTemp: Repeting last play command: New Editor Window (PIE)
[2017.05.15-05.51.10:611][165]LogBlueprintUserMessages: Early PlayInEditor Detection: Level '/Game/Levels/Third-Floor.Third-Floor:PersistentLevel' has LevelScriptBlueprint '/Game/Levels/Third-Floor.Third-Floor:PersistentLevel.Third-Floor' with GeneratedClass '/Game/Levels/Third-Floor.Third-Floor_C' with ClassGeneratedBy '/Game/Levels/Third-Floor.Third-Floor:PersistentLevel.Third-Floor'
[2017.05.15-05.51.10:611][165]LogPlayLevel: PlayLevel: No blueprints needed recompiling
[2017.05.15-05.51.10:612][165]PIE: New page: PIE session: Third-Floor (May 14, 2017, 3:51:10 PM)
[2017.05.15-05.51.10:612][165]LogPlayLevel: Creating play world package: /Game/Levels/UEDPIE_0_Third-Floor
[2017.05.15-05.51.10:624][165]LogPlayLevel: PIE: StaticDuplicateObject took: (0.012242s)
[2017.05.15-05.51.10:625][165]LogAIModule: Creating AISystem for world Third-Floor
[2017.05.15-05.51.10:625][165]LogPlayLevel: PIE: World Init took: (0.000814s)
[2017.05.15-05.51.10:625][165]LogPlayLevel: PIE: Created PIE world by copying editor world from /Game/Levels/Third-Floor.Third-Floor to /Game/Levels/UEDPIE_0_Third-Floor.Third-Floor (0.013348s)
[2017.05.15-05.51.10:662][165]LogInit: XAudio2 using 'Headset Earphone (ASTRO MixAmp Pro           )' : 2 channels at 48 kHz using 16 bits per sample (channel mask 0x3)
[2017.05.15-05.51.10:670][165]LogInit: FAudioDevice initialized.
[2017.05.15-05.51.10:771][165]LogLoad: Game class is 'FirstPersonGameMode_C'
[2017.05.15-05.51.10:779][165]LogWorld: Bringing World /Game/Levels/UEDPIE_0_Third-Floor.Third-Floor up for play (max tick rate 0) at 2017.05.14-22.51.10
[2017.05.15-05.51.10:780][165]LogWorld: Bringing up level for play took: 0.007365
[2017.05.15-05.51.10:843][165]LogContentBrowser: Native class hierarchy updated for 'MovieSceneCapture' in 0.0007 seconds. Added 11 classes and 0 folders.
[2017.05.15-05.51.10:843][165]LogGameMode:Display: Match State Changed from EnteringMap to WaitingToStart
[2017.05.15-05.51.10:843][165]LogGameState: Match State Changed from EnteringMap to WaitingToStart
[2017.05.15-05.51.10:844][165]LogGameMode:Display: Match State Changed from WaitingToStart to InProgress
[2017.05.15-05.51.10:855][165]LogGameState: Match State Changed from WaitingToStart to InProgress
[2017.05.15-05.51.10:860][165]PIE: Info Play in editor start time for /Game/Levels/UEDPIE_0_Third-Floor 1.191
[2017.05.15-05.51.10:861][165]LogBlueprintUserMessages: Late PlayInEditor Detection: Level '/Game/Levels/Third-Floor.Third-Floor:PersistentLevel' has LevelScriptBlueprint '/Game/Levels/Third-Floor.Third-Floor:PersistentLevel.Third-Floor' with GeneratedClass '/Game/Levels/Third-Floor.Third-Floor_C' with ClassGeneratedBy '/Game/Levels/Third-Floor.Third-Floor:PersistentLevel.Third-Floor'
[2017.05.15-05.51.10:917][165]LogRenderer: Reallocating scene render targets to support 1292x756 NumSamples 1 (Frame:15891).
[2017.05.15-05.51.23:454][563]LogBlueprintUserMessages: Early EndPlayMap Detection: Level '/Game/Levels/Third-Floor.Third-Floor:PersistentLevel' has LevelScriptBlueprint '/Game/Levels/Third-Floor.Third-Floor:PersistentLevel.Third-Floor' with GeneratedClass '/Game/Levels/Third-Floor.Third-Floor_C' with ClassGeneratedBy '/Game/Levels/Third-Floor.Third-Floor:PersistentLevel.Third-Floor'
[2017.05.15-05.51.23:501][563]LogBlueprintUserMessages: Late EndPlayMap Detection: Level '/Game/Levels/Third-Floor.Third-Floor:PersistentLevel' has LevelScriptBlueprint '/Game/Levels/Third-Floor.Third-Floor:PersistentLevel.Third-Floor' with GeneratedClass '/Game/Levels/Third-Floor.Third-Floor_C' with ClassGeneratedBy '/Game/Levels/Third-Floor.Third-Floor:PersistentLevel.Third-Floor'
[2017.05.15-05.51.56:413][653]LogFileHelpers: Editor autosave (incl. sublevels) for '/Game/Levels/Third-Floor' took 0.023
[2017.05.15-05.51.56:415][653]OBJ SavePackage: Generating thumbnails for [1] asset(s) in package [/Game/UI/Level_Maps/3rd_floor_-_Final] ([1] browsable assets)...
[2017.05.15-05.51.56:424][653]OBJ SavePackage:     Rendered thumbnail for [Texture2D /Game/UI/Level_Maps/3rd_floor_-_Final.3rd_floor_-_Final]
[2017.05.15-05.51.56:424][653]OBJ SavePackage: Finished generating thumbnails for package [/Game/UI/Level_Maps/3rd_floor_-_Final]
[2017.05.15-05.51.56:437][653]LogSavePackage: Save=10.56ms
[2017.05.15-05.51.56:437][653]LogSavePackage: Moving '../../../../../../Users/Jeremy/Documents/GitHub/ProjectLonesomeRecovered/Project_lonesome 4.15/Saved/3rd_floor_-_Final_Auto150A9A8984FDD1F77373F929988969E54.tmp' to '../../../../../../Users/Jeremy/Documents/GitHub/ProjectLonesomeRecovered/Project_lonesome 4.15/Saved/Autosaves/Game/UI/Level_Maps/3rd_floor_-_Final_Auto1.uasset'
[2017.05.15-05.51.56:441][653]LogSavePackage:Display: Finished SavePackage ../../../../../../Users/Jeremy/Documents/GitHub/ProjectLonesomeRecovered/Project_lonesome 4.15/Saved/Autosaves/Game/UI/Level_Maps/3rd_floor_-_Final_Auto1.uasset
[2017.05.15-05.51.56:441][653]LogFileHelpers: Auto-saving content packages took 0.027
[2017.05.15-05.54.14:115][621]LogAIModule: Creating AISystem for world First-Floor
[2017.05.15-05.54.15:910][621]LogSavePackage: Save=163.66ms
[2017.05.15-05.54.15:910][621]LogSavePackage: Moving '../../../../../../Users/Jeremy/Documents/GitHub/ProjectLonesomeRecovered/Project_lonesome 4.15/Saved/3rd_floor_-_FinalAE3182AA4F2FDABB3A1C0AB251D10563.tmp' to '../../../../../../Users/Jeremy/Documents/GitHub/ProjectLonesomeRecovered/Project_lonesome 4.15/Content/UI/Level_Maps/3rd_floor_-_Final.uasset'
[2017.05.15-05.54.15:914][621]LogSavePackage:Display: Finished SavePackage ../../../../../../Users/Jeremy/Documents/GitHub/ProjectLonesomeRecovered/Project_lonesome 4.15/Content/UI/Level_Maps/3rd_floor_-_Final.uasset
[2017.05.15-05.54.15:916][621]Cmd: MAP LOAD FILE="../../../../../../Users/Jeremy/Documents/GitHub/ProjectLonesomeRecovered/Project_lonesome 4.15/Content/Levels/First-Floor.umap" TEMPLATE=0 SHOWPROGRESS=1 FEATURELEVEL=3
[2017.05.15-05.54.15:916][621]LightingResults: New page: Lighting Build
[2017.05.15-05.54.15:918][621]LoadErrors: New page: Loading map: First-Floor.umap
[2017.05.15-05.54.15:920][621]MapCheck: New page: Map Check
[2017.05.15-05.54.15:920][621]LightingResults: New page: Lighting Build
[2017.05.15-05.54.15:959][621]LogEditorServer: Finished looking for orphan Actors (0.000 secs)
[2017.05.15-05.54.16:002][621]Cmd: MAP CHECKDEP NOCLEARLOG
[2017.05.15-05.54.16:147][621]MapCheck: Info Map check complete: 0 Error(s), 0 Warning(s), took 144.438ms to complete.
[2017.05.15-05.54.16:153][621]LogFileHelpers: Loading map 'First-Floor' took 0.238
[2017.05.15-05.54.45:374][ 95]LogEditorViewport: Clicking on Actor (LMB): StaticMeshActor (Floor5)
[2017.05.15-05.54.47:208][276]LogEditorViewport: Clicking on Actor (LMB): StaticMeshActor (Floor5)
[2017.05.15-06.02.38:151][131]LogEditorViewport: Clicking on Actor (LMB): StaticMeshActor (Floor2)
[2017.05.15-06.02.43:335][665]LogEditorViewport: Clicking on Actor (LMB): Door_Blueprint_C (Door_NurseRoom)
[2017.05.15-06.03.42:175][548]LogEditorViewport: Clicking on Actor (LMB): Door_Blueprint_C (Door_Office)
[2017.05.15-06.04.22:896][285]LogEditorViewport: Clicking on Actor (LMB): Door_Blueprint_C (Door_ClothingShop)
[2017.05.15-06.05.14:295][550]LogEditorViewport: Clicking on Actor (LMB): Door_Blueprint_C (Door_Bar)
[2017.05.15-06.06.00:783][355]LogEditorViewport: Clicking on Actor (LMB): Door_Blueprint_C (Door_GiftShop)
[2017.05.15-06.08.33:947][967]LogFactory: FactoryCreateFile: Texture with ReimportTextureFactory (0 0 D:\School Stuff\Spring Term 2017\Junior Project\Main floor - Final.png)
[2017.05.15-06.08.34:033][967]LogTexture:Display: Building textures: Main_floor_-_Final (AutoDXT, 1600X1200) - 132 MB total VRAM
[2017.05.15-06.08.51:569][623]BlueprintLog: New page: Compile MainFloorLayout
[2017.05.15-06.08.51:778][623]LogSavePackage: Save=6.13ms
[2017.05.15-06.08.51:778][623]LogSavePackage: Moving '../../../../../../Users/Jeremy/Documents/GitHub/ProjectLonesomeRecovered/Project_lonesome 4.15/Saved/MainFloorLayoutF633E36A4457DB5499B7EF985D3276BF.tmp' to '../../../../../../Users/Jeremy/Documents/GitHub/ProjectLonesomeRecovered/Project_lonesome 4.15/Content/UI/Level_Maps/MainFloorLayout.uasset'
[2017.05.15-06.08.51:783][623]LogSavePackage:Display: Finished SavePackage ../../../../../../Users/Jeremy/Documents/GitHub/ProjectLonesomeRecovered/Project_lonesome 4.15/Content/UI/Level_Maps/MainFloorLayout.uasset
[2017.05.15-06.08.54:132][772]LogTemp: Repeting last play command: New Editor Window (PIE)
[2017.05.15-06.08.54:153][772]LogBlueprintUserMessages: Early PlayInEditor Detection: Level '/Game/Levels/First-Floor.First-Floor:PersistentLevel' has LevelScriptBlueprint '/Game/Levels/First-Floor.First-Floor:PersistentLevel.First-Floor' with GeneratedClass '/Game/Levels/First-Floor.First-Floor_C' with ClassGeneratedBy '/Game/Levels/First-Floor.First-Floor:PersistentLevel.First-Floor'
[2017.05.15-06.08.54:153][772]LogPlayLevel: PlayLevel: No blueprints needed recompiling
[2017.05.15-06.08.54:153][772]PIE: New page: PIE session: First-Floor (May 14, 2017, 4:08:54 PM)
[2017.05.15-06.08.54:154][772]LogPlayLevel: Creating play world package: /Game/Levels/UEDPIE_0_First-Floor
[2017.05.15-06.08.54:168][772]LogPlayLevel: PIE: StaticDuplicateObject took: (0.014118s)
[2017.05.15-06.08.54:169][772]LogAIModule: Creating AISystem for world First-Floor
[2017.05.15-06.08.54:169][772]LogPlayLevel: PIE: World Init took: (0.000908s)
[2017.05.15-06.08.54:169][772]LogPlayLevel: PIE: Created PIE world by copying editor world from /Game/Levels/First-Floor.First-Floor to /Game/Levels/UEDPIE_0_First-Floor.First-Floor (0.015317s)
[2017.05.15-06.08.54:202][772]LogInit: XAudio2 using 'Headset Earphone (ASTRO MixAmp Pro           )' : 2 channels at 48 kHz using 16 bits per sample (channel mask 0x3)
[2017.05.15-06.08.54:210][772]LogInit: FAudioDevice initialized.
[2017.05.15-06.08.54:289][772]LogLoad: Game class is 'FirstPersonGameMode_C'
[2017.05.15-06.08.54:295][772]LogWorld: Bringing World /Game/Levels/UEDPIE_0_First-Floor.First-Floor up for play (max tick rate 0) at 2017.05.14-23.08.54
[2017.05.15-06.08.54:295][772]LogWorld: Bringing up level for play took: 0.005640
[2017.05.15-06.08.54:296][772]LogGameMode:Display: Match State Changed from EnteringMap to WaitingToStart
[2017.05.15-06.08.54:296][772]LogGameState: Match State Changed from EnteringMap to WaitingToStart
[2017.05.15-06.08.54:296][772]LogGameMode:Display: Match State Changed from WaitingToStart to InProgress
[2017.05.15-06.08.54:307][772]LogGameState: Match State Changed from WaitingToStart to InProgress
[2017.05.15-06.08.54:311][772]PIE: Info Play in editor start time for /Game/Levels/UEDPIE_0_First-Floor 0.642
[2017.05.15-06.08.54:311][772]LogBlueprintUserMessages: Late PlayInEditor Detection: Level '/Game/Levels/First-Floor.First-Floor:PersistentLevel' has LevelScriptBlueprint '/Game/Levels/First-Floor.First-Floor:PersistentLevel.First-Floor' with GeneratedClass '/Game/Levels/First-Floor.First-Floor_C' with ClassGeneratedBy '/Game/Levels/First-Floor.First-Floor:PersistentLevel.First-Floor'
[2017.05.15-06.08.59:524][366]LogBlueprintUserMessages: Early EndPlayMap Detection: Level '/Game/Levels/First-Floor.First-Floor:PersistentLevel' has LevelScriptBlueprint '/Game/Levels/First-Floor.First-Floor:PersistentLevel.First-Floor' with GeneratedClass '/Game/Levels/First-Floor.First-Floor_C' with ClassGeneratedBy '/Game/Levels/First-Floor.First-Floor:PersistentLevel.First-Floor'
[2017.05.15-06.08.59:597][366]LogBlueprintUserMessages: Late EndPlayMap Detection: Level '/Game/Levels/First-Floor.First-Floor:PersistentLevel' has LevelScriptBlueprint '/Game/Levels/First-Floor.First-Floor:PersistentLevel.First-Floor' with GeneratedClass '/Game/Levels/First-Floor.First-Floor_C' with ClassGeneratedBy '/Game/Levels/First-Floor.First-Floor:PersistentLevel.First-Floor'
[2017.05.15-06.09.00:387][441]LogTemp: Repeting last play command: New Editor Window (PIE)
[2017.05.15-06.09.00:409][441]LogBlueprintUserMessages: Early PlayInEditor Detection: Level '/Game/Levels/First-Floor.First-Floor:PersistentLevel' has LevelScriptBlueprint '/Game/Levels/First-Floor.First-Floor:PersistentLevel.First-Floor' with GeneratedClass '/Game/Levels/First-Floor.First-Floor_C' with ClassGeneratedBy '/Game/Levels/First-Floor.First-Floor:PersistentLevel.First-Floor'
[2017.05.15-06.09.00:409][441]LogPlayLevel: PlayLevel: No blueprints needed recompiling
[2017.05.15-06.09.00:409][441]PIE: New page: PIE session: First-Floor (May 14, 2017, 4:09:00 PM)
[2017.05.15-06.09.00:409][441]LogPlayLevel: Creating play world package: /Game/Levels/UEDPIE_0_First-Floor
[2017.05.15-06.09.00:423][441]LogPlayLevel: PIE: StaticDuplicateObject took: (0.013115s)
[2017.05.15-06.09.00:424][441]LogAIModule: Creating AISystem for world First-Floor
[2017.05.15-06.09.00:424][441]LogPlayLevel: PIE: World Init took: (0.000825s)
[2017.05.15-06.09.00:424][441]LogPlayLevel: PIE: Created PIE world by copying editor world from /Game/Levels/First-Floor.First-Floor to /Game/Levels/UEDPIE_0_First-Floor.First-Floor (0.014209s)
[2017.05.15-06.09.00:463][441]LogInit: XAudio2 using 'Headset Earphone (ASTRO MixAmp Pro           )' : 2 channels at 48 kHz using 16 bits per sample (channel mask 0x3)
[2017.05.15-06.09.00:471][441]LogInit: FAudioDevice initialized.
[2017.05.15-06.09.00:552][441]LogLoad: Game class is 'FirstPersonGameMode_C'
[2017.05.15-06.09.00:558][441]LogWorld: Bringing World /Game/Levels/UEDPIE_0_First-Floor.First-Floor up for play (max tick rate 0) at 2017.05.14-23.09.00
[2017.05.15-06.09.00:559][441]LogWorld: Bringing up level for play took: 0.006003
[2017.05.15-06.09.00:560][441]LogGameMode:Display: Match State Changed from EnteringMap to WaitingToStart
[2017.05.15-06.09.00:560][441]LogGameState: Match State Changed from EnteringMap to WaitingToStart
[2017.05.15-06.09.00:560][441]LogGameMode:Display: Match State Changed from WaitingToStart to InProgress
[2017.05.15-06.09.00:571][441]LogGameState: Match State Changed from WaitingToStart to InProgress
[2017.05.15-06.09.00:575][441]PIE: Info Play in editor start time for /Game/Levels/UEDPIE_0_First-Floor 0.905
[2017.05.15-06.09.00:576][441]LogBlueprintUserMessages: Late PlayInEditor Detection: Level '/Game/Levels/First-Floor.First-Floor:PersistentLevel' has LevelScriptBlueprint '/Game/Levels/First-Floor.First-Floor:PersistentLevel.First-Floor' with GeneratedClass '/Game/Levels/First-Floor.First-Floor_C' with ClassGeneratedBy '/Game/Levels/First-Floor.First-Floor:PersistentLevel.First-Floor'
[2017.05.15-06.09.01:766][565]LogRenderer: Reallocating scene render targets to support 1920x1028 NumSamples 1 (Frame:29213).
[2017.05.15-06.09.05:828][ 19]LogBlueprintUserMessages: Early EndPlayMap Detection: Level '/Game/Levels/First-Floor.First-Floor:PersistentLevel' has LevelScriptBlueprint '/Game/Levels/First-Floor.First-Floor:PersistentLevel.First-Floor' with GeneratedClass '/Game/Levels/First-Floor.First-Floor_C' with ClassGeneratedBy '/Game/Levels/First-Floor.First-Floor:PersistentLevel.First-Floor'
[2017.05.15-06.09.05:901][ 19]LogBlueprintUserMessages: Late EndPlayMap Detection: Level '/Game/Levels/First-Floor.First-Floor:PersistentLevel' has LevelScriptBlueprint '/Game/Levels/First-Floor.First-Floor:PersistentLevel.First-Floor' with GeneratedClass '/Game/Levels/First-Floor.First-Floor_C' with ClassGeneratedBy '/Game/Levels/First-Floor.First-Floor:PersistentLevel.First-Floor'
[2017.05.15-06.09.11:658][456]LogSavePackage: Save=345.20ms
[2017.05.15-06.09.11:658][456]LogSavePackage: Moving '../../../../../../Users/Jeremy/Documents/GitHub/ProjectLonesomeRecovered/Project_lonesome 4.15/Saved/First-Floor049931DB4CF87326376533800AE16146.tmp' to '../../../../../../Users/Jeremy/Documents/GitHub/ProjectLonesomeRecovered/Project_lonesome 4.15/Content/Levels/First-Floor.umap'
[2017.05.15-06.09.11:660][456]LogSavePackage:Display: Finished SavePackage ../../../../../../Users/Jeremy/Documents/GitHub/ProjectLonesomeRecovered/Project_lonesome 4.15/Content/Levels/First-Floor.umap
[2017.05.15-06.09.11:878][456]LogSavePackage: Save=158.68ms
[2017.05.15-06.09.11:878][456]LogSavePackage: Moving '../../../../../../Users/Jeremy/Documents/GitHub/ProjectLonesomeRecovered/Project_lonesome 4.15/Saved/First-Floor_BuiltDataC946AD30414E62D53BF25C9D30336BFE.tmp' to '../../../../../../Users/Jeremy/Documents/GitHub/ProjectLonesomeRecovered/Project_lonesome 4.15/Content/Levels/First-Floor_BuiltData.uasset'
[2017.05.15-06.09.11:881][456]LogSavePackage:Display: Finished SavePackage ../../../../../../Users/Jeremy/Documents/GitHub/ProjectLonesomeRecovered/Project_lonesome 4.15/Content/Levels/First-Floor_BuiltData.uasset
[2017.05.15-06.09.20:691][144]LogAIModule: Creating AISystem for world Basement
[2017.05.15-06.09.22:710][144]LogSavePackage: Save=155.86ms
[2017.05.15-06.09.22:710][144]LogSavePackage: Moving '../../../../../../Users/Jeremy/Documents/GitHub/ProjectLonesomeRecovered/Project_lonesome 4.15/Saved/Main_floor_-_Final514732E34CC5C967CE2DFC8F08D66F1A.tmp' to '../../../../../../Users/Jeremy/Documents/GitHub/ProjectLonesomeRecovered/Project_lonesome 4.15/Content/UI/Level_Maps/Main_floor_-_Final.uasset'
[2017.05.15-06.09.22:715][144]LogSavePackage:Display: Finished SavePackage ../../../../../../Users/Jeremy/Documents/GitHub/ProjectLonesomeRecovered/Project_lonesome 4.15/Content/UI/Level_Maps/Main_floor_-_Final.uasset
[2017.05.15-06.09.22:716][144]Cmd: MAP LOAD FILE="../../../../../../Users/Jeremy/Documents/GitHub/ProjectLonesomeRecovered/Project_lonesome 4.15/Content/Levels/Basement.umap" TEMPLATE=0 SHOWPROGRESS=1 FEATURELEVEL=3
[2017.05.15-06.09.22:716][144]LightingResults: New page: Lighting Build
[2017.05.15-06.09.22:718][144]LoadErrors: New page: Loading map: Basement.umap
[2017.05.15-06.09.22:720][144]MapCheck: New page: Map Check
[2017.05.15-06.09.22:720][144]LightingResults: New page: Lighting Build
[2017.05.15-06.09.22:763][144]LogEditorServer: Finished looking for orphan Actors (0.000 secs)
[2017.05.15-06.09.22:806][144]Cmd: MAP CHECKDEP NOCLEARLOG
[2017.05.15-06.09.22:954][144]MapCheck: Info Map check complete: 0 Error(s), 0 Warning(s), took 147.399ms to complete.
[2017.05.15-06.09.22:954][144]LogFileHelpers: Loading map 'Basement' took 0.239
[2017.05.15-06.17.44:259][391]LogEditorViewport: Clicking on Actor (LMB): Door_Blueprint_C (Door_Study)
[2017.05.15-06.18.18:778][742]LogEditorViewport: Clicking on Actor (LMB): Door_Blueprint_C (Door_Office)
[2017.05.15-06.18.40:257][ 51]LogEditorViewport: Clicking on Actor (LMB): Door_Blueprint_C (Door_EmptyRoom)
[2017.05.15-06.18.54:751][510]LogEditorViewport: Clicking on Actor (LMB): Door_Blueprint_C (Door_BoilerRoom)
[2017.05.15-06.19.30:316][649]LogEditorViewport: Clicking on Actor (LMB): Door_Blueprint_C (Door_Library)
[2017.05.15-06.21.10:943][675]LogFactory: FactoryCreateFile: Texture with ReimportTextureFactory (0 0 D:\School Stuff\Spring Term 2017\Junior Project\Basement - Final.png)
[2017.05.15-06.21.11:036][675]LogTexture:Display: Building textures: Basement_-_Final (AutoDXT, 1600X1200) - 130 MB total VRAM
[2017.05.15-06.21.22:681][ 62]BlueprintLog: New page: Compile BasementLayout
[2017.05.15-06.21.22:894][ 62]LogSavePackage: Save=6.85ms
[2017.05.15-06.21.22:894][ 62]LogSavePackage: Moving '../../../../../../Users/Jeremy/Documents/GitHub/ProjectLonesomeRecovered/Project_lonesome 4.15/Saved/BasementLayoutF7817466465D765E6F1872B694262887.tmp' to '../../../../../../Users/Jeremy/Documents/GitHub/ProjectLonesomeRecovered/Project_lonesome 4.15/Content/UI/Level_Maps/BasementLayout.uasset'
[2017.05.15-06.21.22:899][ 62]LogSavePackage:Display: Finished SavePackage ../../../../../../Users/Jeremy/Documents/GitHub/ProjectLonesomeRecovered/Project_lonesome 4.15/Content/UI/Level_Maps/BasementLayout.uasset
[2017.05.15-06.21.25:858][288]LogTemp: Repeting last play command: New Editor Window (PIE)
[2017.05.15-06.21.25:882][288]LogBlueprintUserMessages: Early PlayInEditor Detection: Level '/Game/Levels/Basement.Basement:PersistentLevel' has LevelScriptBlueprint '/Game/Levels/Basement.Basement:PersistentLevel.Basement' with GeneratedClass '/Game/Levels/Basement.Basement_C' with ClassGeneratedBy '/Game/Levels/Basement.Basement:PersistentLevel.Basement'
[2017.05.15-06.21.25:882][288]LogPlayLevel: PlayLevel: No blueprints needed recompiling
[2017.05.15-06.21.25:882][288]PIE: New page: PIE session: Basement (May 14, 2017, 4:21:25 PM)
[2017.05.15-06.21.25:883][288]LogPlayLevel: Creating play world package: /Game/Levels/UEDPIE_0_Basement
[2017.05.15-06.21.25:891][288]LogPlayLevel: PIE: StaticDuplicateObject took: (0.007962s)
[2017.05.15-06.21.25:891][288]LogAIModule: Creating AISystem for world Basement
[2017.05.15-06.21.25:891][288]LogPlayLevel: PIE: World Init took: (0.000816s)
[2017.05.15-06.21.25:892][288]LogPlayLevel: PIE: Created PIE world by copying editor world from /Game/Levels/Basement.Basement to /Game/Levels/UEDPIE_0_Basement.Basement (0.009056s)
[2017.05.15-06.21.25:922][288]LogInit: XAudio2 using 'Headset Earphone (ASTRO MixAmp Pro           )' : 2 channels at 48 kHz using 16 bits per sample (channel mask 0x3)
[2017.05.15-06.21.25:931][288]LogInit: FAudioDevice initialized.
[2017.05.15-06.21.26:004][288]LogLoad: Game class is 'FirstPersonGameMode_C'
[2017.05.15-06.21.26:008][288]LogWorld: Bringing World /Game/Levels/UEDPIE_0_Basement.Basement up for play (max tick rate 0) at 2017.05.14-23.21.26
[2017.05.15-06.21.26:009][288]LogWorld: Bringing up level for play took: 0.004483
[2017.05.15-06.21.26:010][288]LogGameMode:Display: Match State Changed from EnteringMap to WaitingToStart
[2017.05.15-06.21.26:010][288]LogGameState: Match State Changed from EnteringMap to WaitingToStart
[2017.05.15-06.21.26:010][288]LogGameMode:Display: Match State Changed from WaitingToStart to InProgress
[2017.05.15-06.21.26:022][288]LogGameState: Match State Changed from WaitingToStart to InProgress
[2017.05.15-06.21.26:026][288]PIE: Info Play in editor start time for /Game/Levels/UEDPIE_0_Basement 0.357
[2017.05.15-06.21.26:027][288]LogBlueprintUserMessages: Late PlayInEditor Detection: Level '/Game/Levels/Basement.Basement:PersistentLevel' has LevelScriptBlueprint '/Game/Levels/Basement.Basement:PersistentLevel.Basement' with GeneratedClass '/Game/Levels/Basement.Basement_C' with ClassGeneratedBy '/Game/Levels/Basement.Basement:PersistentLevel.Basement'
[2017.05.15-06.21.34:297][195]LogBlueprintUserMessages: Early EndPlayMap Detection: Level '/Game/Levels/Basement.Basement:PersistentLevel' has LevelScriptBlueprint '/Game/Levels/Basement.Basement:PersistentLevel.Basement' with GeneratedClass '/Game/Levels/Basement.Basement_C' with ClassGeneratedBy '/Game/Levels/Basement.Basement:PersistentLevel.Basement'
[2017.05.15-06.21.34:369][195]LogBlueprintUserMessages: Late EndPlayMap Detection: Level '/Game/Levels/Basement.Basement:PersistentLevel' has LevelScriptBlueprint '/Game/Levels/Basement.Basement:PersistentLevel.Basement' with GeneratedClass '/Game/Levels/Basement.Basement_C' with ClassGeneratedBy '/Game/Levels/Basement.Basement:PersistentLevel.Basement'
[2017.05.15-06.21.36:289][353]LogSavePackage: Save=295.71ms
[2017.05.15-06.21.36:289][353]LogSavePackage: Moving '../../../../../../Users/Jeremy/Documents/GitHub/ProjectLonesomeRecovered/Project_lonesome 4.15/Saved/Basement406A3B2D40106605B88E4AB87CCE3180.tmp' to '../../../../../../Users/Jeremy/Documents/GitHub/ProjectLonesomeRecovered/Project_lonesome 4.15/Content/Levels/Basement.umap'
[2017.05.15-06.21.36:292][353]LogSavePackage:Display: Finished SavePackage ../../../../../../Users/Jeremy/Documents/GitHub/ProjectLonesomeRecovered/Project_lonesome 4.15/Content/Levels/Basement.umap
[2017.05.15-06.21.54:077][561]LogAIModule: Creating AISystem for world Park
[2017.05.15-06.21.55:816][561]LogSavePackage: Save=156.68ms
[2017.05.15-06.21.55:816][561]LogSavePackage: Moving '../../../../../../Users/Jeremy/Documents/GitHub/ProjectLonesomeRecovered/Project_lonesome 4.15/Saved/Basement_-_FinalA5FF238042F4EF06BA2195B25C4E1974.tmp' to '../../../../../../Users/Jeremy/Documents/GitHub/ProjectLonesomeRecovered/Project_lonesome 4.15/Content/UI/Level_Maps/Basement_-_Final.uasset'
[2017.05.15-06.21.55:821][561]LogSavePackage:Display: Finished SavePackage ../../../../../../Users/Jeremy/Documents/GitHub/ProjectLonesomeRecovered/Project_lonesome 4.15/Content/UI/Level_Maps/Basement_-_Final.uasset
[2017.05.15-06.21.55:822][561]Cmd: MAP LOAD FILE="../../../../../../Users/Jeremy/Documents/GitHub/ProjectLonesomeRecovered/Project_lonesome 4.15/Content/Levels/Park.umap" TEMPLATE=0 SHOWPROGRESS=1 FEATURELEVEL=3
[2017.05.15-06.21.55:822][561]LightingResults: New page: Lighting Build
[2017.05.15-06.21.55:824][561]LoadErrors: New page: Loading map: Park.umap
[2017.05.15-06.21.55:826][561]MapCheck: New page: Map Check
[2017.05.15-06.21.55:826][561]LightingResults: New page: Lighting Build
[2017.05.15-06.21.55:869][561]LogEditorServer: Finished looking for orphan Actors (0.000 secs)
[2017.05.15-06.21.55:913][561]Cmd: MAP CHECKDEP NOCLEARLOG
[2017.05.15-06.21.56:062][561]MapCheck: Info Map check complete: 0 Error(s), 0 Warning(s), took 148.79ms to complete.
[2017.05.15-06.21.56:068][561]LogFileHelpers: Loading map 'Park' took 0.247
[2017.05.15-06.22.31:141][586]LogEditorViewport: Clicking on Actor (LMB): AmbientSound (Background_3_Cue)
[2017.05.15-06.22.55:400][ 41]LogEditorViewport: Clicking on Actor (LMB): StaticMeshActor (Cube2)
[2017.05.15-06.22.59:541][398]LogSavePackage: Save=191.33ms
[2017.05.15-06.22.59:541][398]LogSavePackage: Moving '../../../../../../Users/Jeremy/Documents/GitHub/ProjectLonesomeRecovered/Project_lonesome 4.15/Saved/Park88E2FDB94BF5A4218D2950B045EBB884.tmp' to '../../../../../../Users/Jeremy/Documents/GitHub/ProjectLonesomeRecovered/Project_lonesome 4.15/Content/Levels/Park.umap'
[2017.05.15-06.22.59:544][398]LogSavePackage:Display: Finished SavePackage ../../../../../../Users/Jeremy/Documents/GitHub/ProjectLonesomeRecovered/Project_lonesome 4.15/Content/Levels/Park.umap
[2017.05.15-06.22.59:645][398]LogSavePackage: Save=42.44ms
[2017.05.15-06.22.59:645][398]LogSavePackage: Moving '../../../../../../Users/Jeremy/Documents/GitHub/ProjectLonesomeRecovered/Project_lonesome 4.15/Saved/Park_BuiltDataE822298E4D307DA3031ED59D7B2E4434.tmp' to '../../../../../../Users/Jeremy/Documents/GitHub/ProjectLonesomeRecovered/Project_lonesome 4.15/Content/Levels/Park_BuiltData.uasset'
[2017.05.15-06.22.59:647][398]LogSavePackage:Display: Finished SavePackage ../../../../../../Users/Jeremy/Documents/GitHub/ProjectLonesomeRecovered/Project_lonesome 4.15/Content/Levels/Park_BuiltData.uasset
[2017.05.15-06.23.50:984][544]LogSavePackage: Save=187.72ms
[2017.05.15-06.23.50:984][544]LogSavePackage: Moving '../../../../../../Users/Jeremy/Documents/GitHub/ProjectLonesomeRecovered/Project_lonesome 4.15/Saved/ParkD1FFD3EA43955A4A5CDF938ADCC7C882.tmp' to '../../../../../../Users/Jeremy/Documents/GitHub/ProjectLonesomeRecovered/Project_lonesome 4.15/Content/Levels/Park.umap'
[2017.05.15-06.23.50:987][544]LogSavePackage:Display: Finished SavePackage ../../../../../../Users/Jeremy/Documents/GitHub/ProjectLonesomeRecovered/Project_lonesome 4.15/Content/Levels/Park.umap
[2017.05.15-06.23.51:076][544]LogSavePackage: Save=33.66ms
[2017.05.15-06.23.51:076][544]LogSavePackage: Moving '../../../../../../Users/Jeremy/Documents/GitHub/ProjectLonesomeRecovered/Project_lonesome 4.15/Saved/Park_BuiltData32069354423D08C7807776903582C425.tmp' to '../../../../../../Users/Jeremy/Documents/GitHub/ProjectLonesomeRecovered/Project_lonesome 4.15/Content/Levels/Park_BuiltData.uasset'
[2017.05.15-06.23.51:079][544]LogSavePackage:Display: Finished SavePackage ../../../../../../Users/Jeremy/Documents/GitHub/ProjectLonesomeRecovered/Project_lonesome 4.15/Content/Levels/Park_BuiltData.uasset
[2017.05.15-06.23.53:547][716]LogSlate: Took 0.000399 seconds to synchronously load lazily loaded font '../../../Engine/Content/Editor/Slate/Fonts/Roboto-Italic.ttf' (157K)
[2017.05.15-06.24.04:854][316]BlueprintLog: New page: Compile Park
[2017.05.15-06.24.08:583][564]LogTemp: Repeting last play command: New Editor Window (PIE)
[2017.05.15-06.24.08:605][564]LogBlueprintUserMessages: Early PlayInEditor Detection: Level '/Game/Levels/Park.Park:PersistentLevel' has LevelScriptBlueprint '/Game/Levels/Park.Park:PersistentLevel.Park' with GeneratedClass '/Game/Levels/Park.Park_C' with ClassGeneratedBy '/Game/Levels/Park.Park:PersistentLevel.Park'
[2017.05.15-06.24.08:605][564]LogPlayLevel: PlayLevel: No blueprints needed recompiling
[2017.05.15-06.24.08:605][564]PIE: New page: PIE session: Park (May 14, 2017, 4:24:08 PM)
[2017.05.15-06.24.08:606][564]LogPlayLevel: Creating play world package: /Game/Levels/UEDPIE_0_Park
[2017.05.15-06.24.08:614][564]LogPlayLevel: PIE: StaticDuplicateObject took: (0.008097s)
[2017.05.15-06.24.08:614][564]LogAIModule: Creating AISystem for world Park
[2017.05.15-06.24.08:615][564]LogPlayLevel: PIE: World Init took: (0.000962s)
[2017.05.15-06.24.08:615][564]LogPlayLevel: PIE: Created PIE world by copying editor world from /Game/Levels/Park.Park to /Game/Levels/UEDPIE_0_Park.Park (0.009362s)
[2017.05.15-06.24.08:648][564]LogInit: XAudio2 using 'Headset Earphone (ASTRO MixAmp Pro           )' : 2 channels at 48 kHz using 16 bits per sample (channel mask 0x3)
[2017.05.15-06.24.08:656][564]LogInit: FAudioDevice initialized.
[2017.05.15-06.24.08:726][564]LogLoad: Game class is 'FirstPersonGameMode_C'
[2017.05.15-06.24.08:729][564]LogWorld: Bringing World /Game/Levels/UEDPIE_0_Park.Park up for play (max tick rate 0) at 2017.05.14-23.24.08
[2017.05.15-06.24.08:729][564]LogWorld: Bringing up level for play took: 0.001950
[2017.05.15-06.24.08:730][564]LogGameMode:Display: Match State Changed from EnteringMap to WaitingToStart
[2017.05.15-06.24.08:730][564]LogGameState: Match State Changed from EnteringMap to WaitingToStart
[2017.05.15-06.24.08:730][564]LogGameMode:Display: Match State Changed from WaitingToStart to InProgress
[2017.05.15-06.24.08:734][564]LogGameState: Match State Changed from WaitingToStart to InProgress
[2017.05.15-06.24.08:739][564]PIE: Info Play in editor start time for /Game/Levels/UEDPIE_0_Park 1.069
[2017.05.15-06.24.08:739][564]LogBlueprintUserMessages: Late PlayInEditor Detection: Level '/Game/Levels/Park.Park:PersistentLevel' has LevelScriptBlueprint '/Game/Levels/Park.Park:PersistentLevel.Park' with GeneratedClass '/Game/Levels/Park.Park_C' with ClassGeneratedBy '/Game/Levels/Park.Park:PersistentLevel.Park'
[2017.05.15-06.24.15:537][326]LogBlueprintUserMessages: Early EndPlayMap Detection: Level '/Game/Levels/Park.Park:PersistentLevel' has LevelScriptBlueprint '/Game/Levels/Park.Park:PersistentLevel.Park' with GeneratedClass '/Game/Levels/Park.Park_C' with ClassGeneratedBy '/Game/Levels/Park.Park:PersistentLevel.Park'
[2017.05.15-06.24.15:629][326]LogBlueprintUserMessages: Late EndPlayMap Detection: Level '/Game/Levels/Park.Park:PersistentLevel' has LevelScriptBlueprint '/Game/Levels/Park.Park:PersistentLevel.Park' with GeneratedClass '/Game/Levels/Park.Park_C' with ClassGeneratedBy '/Game/Levels/Park.Park:PersistentLevel.Park'
[2017.05.15-06.24.17:295][469]LogSavePackage: Save=183.96ms
[2017.05.15-06.24.17:295][469]LogSavePackage: Moving '../../../../../../Users/Jeremy/Documents/GitHub/ProjectLonesomeRecovered/Project_lonesome 4.15/Saved/Park1689C71C4F8C2ADD55F025A30DD06260.tmp' to '../../../../../../Users/Jeremy/Documents/GitHub/ProjectLonesomeRecovered/Project_lonesome 4.15/Content/Levels/Park.umap'
[2017.05.15-06.24.17:299][469]LogSavePackage:Display: Finished SavePackage ../../../../../../Users/Jeremy/Documents/GitHub/ProjectLonesomeRecovered/Project_lonesome 4.15/Content/Levels/Park.umap
[2017.05.15-06.24.17:388][469]LogSavePackage: Save=33.84ms
[2017.05.15-06.24.17:388][469]LogSavePackage: Moving '../../../../../../Users/Jeremy/Documents/GitHub/ProjectLonesomeRecovered/Project_lonesome 4.15/Saved/Park_BuiltDataD24F7F4C47C527F3AB6AEDBE214A26B4.tmp' to '../../../../../../Users/Jeremy/Documents/GitHub/ProjectLonesomeRecovered/Project_lonesome 4.15/Content/Levels/Park_BuiltData.uasset'
[2017.05.15-06.24.17:390][469]LogSavePackage:Display: Finished SavePackage ../../../../../../Users/Jeremy/Documents/GitHub/ProjectLonesomeRecovered/Project_lonesome 4.15/Content/Levels/Park_BuiltData.uasset
[2017.05.15-06.26.56:476][282]LogSavePackage: Save=189.96ms
[2017.05.15-06.26.56:476][282]LogSavePackage: Moving '../../../../../../Users/Jeremy/Documents/GitHub/ProjectLonesomeRecovered/Project_lonesome 4.15/Saved/Park1576BF914873342FD18DDCB74E4EBC19.tmp' to '../../../../../../Users/Jeremy/Documents/GitHub/ProjectLonesomeRecovered/Project_lonesome 4.15/Content/Levels/Park.umap'
[2017.05.15-06.26.56:479][282]LogSavePackage:Display: Finished SavePackage ../../../../../../Users/Jeremy/Documents/GitHub/ProjectLonesomeRecovered/Project_lonesome 4.15/Content/Levels/Park.umap
[2017.05.15-06.26.56:573][282]LogSavePackage: Save=35.38ms
[2017.05.15-06.26.56:573][282]LogSavePackage: Moving '../../../../../../Users/Jeremy/Documents/GitHub/ProjectLonesomeRecovered/Project_lonesome 4.15/Saved/Park_BuiltData1F2807B641C2DE20FB0C009BDE30B892.tmp' to '../../../../../../Users/Jeremy/Documents/GitHub/ProjectLonesomeRecovered/Project_lonesome 4.15/Content/Levels/Park_BuiltData.uasset'
[2017.05.15-06.26.56:576][282]LogSavePackage:Display: Finished SavePackage ../../../../../../Users/Jeremy/Documents/GitHub/ProjectLonesomeRecovered/Project_lonesome 4.15/Content/Levels/Park_BuiltData.uasset
[2017.05.15-06.26.57:521][358]LogSavePackage: Save=190.06ms
[2017.05.15-06.26.57:521][358]LogSavePackage: Moving '../../../../../../Users/Jeremy/Documents/GitHub/ProjectLonesomeRecovered/Project_lonesome 4.15/Saved/ParkC1697D7240C96CE54330C08C1A29EB0E.tmp' to '../../../../../../Users/Jeremy/Documents/GitHub/ProjectLonesomeRecovered/Project_lonesome 4.15/Content/Levels/Park.umap'
[2017.05.15-06.26.57:524][358]LogSavePackage:Display: Finished SavePackage ../../../../../../Users/Jeremy/Documents/GitHub/ProjectLonesomeRecovered/Project_lonesome 4.15/Content/Levels/Park.umap
[2017.05.15-06.26.57:617][358]LogSavePackage: Save=35.09ms
[2017.05.15-06.26.57:617][358]LogSavePackage: Moving '../../../../../../Users/Jeremy/Documents/GitHub/ProjectLonesomeRecovered/Project_lonesome 4.15/Saved/Park_BuiltData704D7E0543E770E8165147AAE385BFEA.tmp' to '../../../../../../Users/Jeremy/Documents/GitHub/ProjectLonesomeRecovered/Project_lonesome 4.15/Content/Levels/Park_BuiltData.uasset'
[2017.05.15-06.26.57:619][358]LogSavePackage:Display: Finished SavePackage ../../../../../../Users/Jeremy/Documents/GitHub/ProjectLonesomeRecovered/Project_lonesome 4.15/Content/Levels/Park_BuiltData.uasset
[2017.05.15-06.27.10:103][636]LogSavePackage: Save=186.68ms
[2017.05.15-06.27.10:103][636]LogSavePackage: Moving '../../../../../../Users/Jeremy/Documents/GitHub/ProjectLonesomeRecovered/Project_lonesome 4.15/Saved/ParkAB448EFC492399F2677796A0713992B6.tmp' to '../../../../../../Users/Jeremy/Documents/GitHub/ProjectLonesomeRecovered/Project_lonesome 4.15/Content/Levels/Park.umap'
[2017.05.15-06.27.10:106][636]LogSavePackage:Display: Finished SavePackage ../../../../../../Users/Jeremy/Documents/GitHub/ProjectLonesomeRecovered/Project_lonesome 4.15/Content/Levels/Park.umap
[2017.05.15-06.27.10:198][636]LogSavePackage: Save=35.56ms
[2017.05.15-06.27.10:198][636]LogSavePackage: Moving '../../../../../../Users/Jeremy/Documents/GitHub/ProjectLonesomeRecovered/Project_lonesome 4.15/Saved/Park_BuiltDataFD2604274BC1CE61019AE0A083E0A249.tmp' to '../../../../../../Users/Jeremy/Documents/GitHub/ProjectLonesomeRecovered/Project_lonesome 4.15/Content/Levels/Park_BuiltData.uasset'
[2017.05.15-06.27.10:201][636]LogSavePackage:Display: Finished SavePackage ../../../../../../Users/Jeremy/Documents/GitHub/ProjectLonesomeRecovered/Project_lonesome 4.15/Content/Levels/Park_BuiltData.uasset
[2017.05.15-06.27.10:749][670]LogSavePackage: Save=186.51ms
[2017.05.15-06.27.10:749][670]LogSavePackage: Moving '../../../../../../Users/Jeremy/Documents/GitHub/ProjectLonesomeRecovered/Project_lonesome 4.15/Saved/ParkCBD510D349CBCD0739093EA85A45E455.tmp' to '../../../../../../Users/Jeremy/Documents/GitHub/ProjectLonesomeRecovered/Project_lonesome 4.15/Content/Levels/Park.umap'
[2017.05.15-06.27.10:752][670]LogSavePackage:Display: Finished SavePackage ../../../../../../Users/Jeremy/Documents/GitHub/ProjectLonesomeRecovered/Project_lonesome 4.15/Content/Levels/Park.umap
[2017.05.15-06.27.10:838][670]LogSavePackage: Save=31.39ms
[2017.05.15-06.27.10:838][670]LogSavePackage: Moving '../../../../../../Users/Jeremy/Documents/GitHub/ProjectLonesomeRecovered/Project_lonesome 4.15/Saved/Park_BuiltData084810DD4DCD92C4CDCE1FADD5868917.tmp' to '../../../../../../Users/Jeremy/Documents/GitHub/ProjectLonesomeRecovered/Project_lonesome 4.15/Content/Levels/Park_BuiltData.uasset'
[2017.05.15-06.27.10:840][670]LogSavePackage:Display: Finished SavePackage ../../../../../../Users/Jeremy/Documents/GitHub/ProjectLonesomeRecovered/Project_lonesome 4.15/Content/Levels/Park_BuiltData.uasset
[2017.05.15-06.27.11:605][719]Cmd: QUIT_EDITOR
[2017.05.15-06.27.12:340][719]LogWindowsTextInputMethodSystem:Display: IME system now deactivated.
[2017.05.15-06.27.12:367][719]LogExit: Preparing to exit.
[2017.05.15-06.27.13:306][719]LogDirectoryWatcher: A directory notification for 'C:/Users/Jeremy/Documents/GitHub/ProjectLonesomeRecovered/Project_lonesome 4.15/Content/' was aborted.
[2017.05.15-06.27.13:364][719]LogExit: Editor shut down
[2017.05.15-06.27.13:364][719]LogExit: Transaction tracking system shut down
[2017.05.15-06.27.13:501][719]LogObj: Freed 0b from 0 cluster array pools.
[2017.05.15-06.27.13:502][719]LogExit: Object subsystem successfully closed.
[2017.05.15-06.27.13:524][719]LogD3D11RHI: Shutdown
[2017.05.15-06.27.13:524][719]LogD3D11RHI: CleanupD3DDevice
[2017.05.15-06.27.13:629][719]LogD3D11RHI: ~FD3D11DynamicRHI
[2017.05.15-06.27.13:669][719]LogModuleManager: Shutting down and abandoning module MovieSceneCapture (506)
[2017.05.15-06.27.13:669][719]LogModuleManager: Shutting down and abandoning module SequencerWidgets (504)
[2017.05.15-06.27.13:669][719]LogModuleManager: Shutting down and abandoning module BlueprintGraph (502)
[2017.05.15-06.27.13:669][719]LogModuleManager: Shutting down and abandoning module BlueprintProfiler (500)
[2017.05.15-06.27.13:669][719]LogModuleManager: Shutting down and abandoning module HierarchicalLODOutliner (498)
[2017.05.15-06.27.13:669][719]LogModuleManager: Shutting down and abandoning module CrashTracker (496)
[2017.05.15-06.27.13:669][719]LogModuleManager: Shutting down and abandoning module SceneOutliner (494)
[2017.05.15-06.27.13:669][719]LogModuleManager: Shutting down and abandoning module AddContentDialog (492)
[2017.05.15-06.27.13:669][719]LogDirectoryWatcher: A directory notification for 'C:/Program Files/Epic Games/UE_4.15/FeaturePacks/' was aborted.
[2017.05.15-06.27.13:670][719]LogModuleManager: Shutting down and abandoning module WidgetCarousel (491)
[2017.05.15-06.27.13:670][719]LogModuleManager: Shutting down and abandoning module EditorWidgets (488)
[2017.05.15-06.27.13:670][719]LogModuleManager: Shutting down and abandoning module CollectionManager (486)
[2017.05.15-06.27.13:670][719]LogDirectoryWatcher: A directory notification for 'C:/Users/Jeremy/Documents/GitHub/ProjectLonesomeRecovered/Project_lonesome 4.15/Content/Collections/' was aborted.
[2017.05.15-06.27.13:670][719]LogDirectoryWatcher: A directory notification for 'C:/Users/Jeremy/Documents/GitHub/ProjectLonesomeRecovered/Project_lonesome 4.15/Content/Developers/Jeremy/Collections/' was aborted.
[2017.05.15-06.27.13:671][719]LogDirectoryWatcher: A directory notification for 'C:/Users/Jeremy/Documents/GitHub/ProjectLonesomeRecovered/Project_lonesome 4.15/Saved/Collections/' was aborted.
[2017.05.15-06.27.13:671][719]LogModuleManager: Shutting down and abandoning module StatsViewer (484)
[2017.05.15-06.27.13:671][719]LogModuleManager: Shutting down and abandoning module FoliageEdit (482)
[2017.05.15-06.27.13:671][719]LogModuleManager: Shutting down and abandoning module LandscapeEditor (480)
[2017.05.15-06.27.13:671][719]LogModuleManager: Shutting down and abandoning module SceneDepthPickerMode (478)
[2017.05.15-06.27.13:671][719]LogModuleManager: Shutting down and abandoning module ActorPickerMode (476)
[2017.05.15-06.27.13:671][719]LogModuleManager: Shutting down and abandoning module GeometryMode (474)
[2017.05.15-06.27.13:671][719]LogModuleManager: Shutting down and abandoning module TextureAlignMode (472)
[2017.05.15-06.27.13:671][719]LogModuleManager: Shutting down and abandoning module BspMode (470)
[2017.05.15-06.27.13:671][719]LogModuleManager: Shutting down and abandoning module HardwareSurvey (468)
[2017.05.15-06.27.13:671][719]LogModuleManager: Shutting down and abandoning module SequenceRecorderSections (466)
[2017.05.15-06.27.13:671][719]LogModuleManager: Shutting down and abandoning module AutomationWorker (464)
[2017.05.15-06.27.13:671][719]LogModuleManager: Shutting down and abandoning module MatineeToLevelSequence (462)
[2017.05.15-06.27.13:671][719]LogModuleManager: Shutting down and abandoning module LevelSequenceEditor (460)
[2017.05.15-06.27.13:671][719]LogModuleManager: Shutting down and abandoning module PlacementMode (459)
[2017.05.15-06.27.13:671][719]LogModuleManager: Shutting down and abandoning module WmfMediaFactory (456)
[2017.05.15-06.27.13:671][719]LogModuleManager: Shutting down and abandoning module WmfMediaEditor (454)
[2017.05.15-06.27.13:671][719]LogModuleManager: Shutting down and abandoning module MfMediaFactory (452)
[2017.05.15-06.27.13:671][719]LogModuleManager: Shutting down and abandoning module MfMediaEditor (450)
[2017.05.15-06.27.13:671][719]LogModuleManager: Shutting down and abandoning module AvfMediaFactory (448)
[2017.05.15-06.27.13:671][719]LogModuleManager: Shutting down and abandoning module AvfMediaEditor (446)
[2017.05.15-06.27.13:671][719]LogModuleManager: Shutting down and abandoning module AndroidMediaFactory (444)
[2017.05.15-06.27.13:671][719]LogModuleManager: Shutting down and abandoning module Media (443)
[2017.05.15-06.27.13:671][719]LogModuleManager: Shutting down and abandoning module AndroidMediaEditor (440)
[2017.05.15-06.27.13:671][719]LogModuleManager: Shutting down and abandoning module CharacterAI (438)
[2017.05.15-06.27.13:671][719]LogModuleManager: Shutting down and abandoning module AudioCapture (436)
[2017.05.15-06.27.13:671][719]LogModuleManager: Shutting down and abandoning module SequenceRecorder (435)
[2017.05.15-06.27.13:671][719]LogModuleManager: Shutting down and abandoning module SmartSnapping (432)
[2017.05.15-06.27.13:671][719]LogModuleManager: Shutting down and abandoning module SessionServices (430)
[2017.05.15-06.27.13:671][719]LogModuleManager: Shutting down and abandoning module ViewportSnapping (428)
[2017.05.15-06.27.13:671][719]LogModuleManager: Shutting down and abandoning module ViewportInteraction (426)
[2017.05.15-06.27.13:671][719]LogModuleManager: Shutting down and abandoning module LogVisualizer (424)
[2017.05.15-06.27.13:671][719]LogModuleManager: Shutting down and abandoning module IntroTutorials (422)
[2017.05.15-06.27.13:671][719]LogModuleManager: Shutting down and abandoning module GameProjectGeneration (421)
[2017.05.15-06.27.13:671][719]LogModuleManager: Shutting down and abandoning module EditorLiveStreaming (418)
[2017.05.15-06.27.13:671][719]LogModuleManager: Shutting down and abandoning module IOSPlatformEditor (416)
[2017.05.15-06.27.13:671][719]LogModuleManager: Shutting down and abandoning module HTML5PlatformEditor (414)
[2017.05.15-06.27.13:671][719]LogModuleManager: Shutting down and abandoning module AndroidPlatformEditor (412)
[2017.05.15-06.27.13:671][719]LogModuleManager: Shutting down and abandoning module AndroidDeviceDetection (411)
[2017.05.15-06.27.14:131][719]LogModuleManager: Shutting down and abandoning module IOSRuntimeSettings (408)
[2017.05.15-06.27.14:131][719]LogModuleManager: Shutting down and abandoning module AndroidRuntimeSettings (406)
[2017.05.15-06.27.14:131][719]LogModuleManager: Shutting down and abandoning module InputBindingEditor (404)
[2017.05.15-06.27.14:131][719]LogModuleManager: Shutting down and abandoning module NiagaraEditor (402)
[2017.05.15-06.27.14:131][719]LogModuleManager: Shutting down and abandoning module MergeActors (400)
[2017.05.15-06.27.14:131][719]LogModuleManager: Shutting down and abandoning module SizeMap (398)
[2017.05.15-06.27.14:131][719]LogModuleManager: Shutting down and abandoning module TreeMap (396)
[2017.05.15-06.27.14:131][719]LogModuleManager: Shutting down and abandoning module ReferenceViewer (394)
[2017.05.15-06.27.14:131][719]LogModuleManager: Shutting down and abandoning module LocalizationDashboard (392)
[2017.05.15-06.27.14:131][719]LogModuleManager: Shutting down and abandoning module LocalizationService (391)
[2017.05.15-06.27.14:131][719]LogModuleManager: Shutting down and abandoning module HardwareTargeting (388)
[2017.05.15-06.27.14:131][719]LogModuleManager: Shutting down and abandoning module DeviceProfileEditor (386)
[2017.05.15-06.27.14:131][719]LogModuleManager: Shutting down and abandoning module UndoHistory (384)
[2017.05.15-06.27.14:131][719]LogModuleManager: Shutting down and abandoning module UserFeedback (382)
[2017.05.15-06.27.14:131][719]LogModuleManager: Shutting down and abandoning module XmlParser (380)
[2017.05.15-06.27.14:131][719]LogModuleManager: Shutting down and abandoning module Blutility (378)
[2017.05.15-06.27.14:131][719]LogModuleManager: Shutting down and abandoning module ProjectSettingsViewer (376)
[2017.05.15-06.27.14:131][719]LogModuleManager: Shutting down and abandoning module ProjectTargetPlatformEditor (375)
[2017.05.15-06.27.14:131][719]LogModuleManager: Shutting down and abandoning module EditorSettingsViewer (372)
[2017.05.15-06.27.14:132][719]LogModuleManager: Shutting down and abandoning module SettingsEditor (370)
[2017.05.15-06.27.14:132][719]LogModuleManager: Shutting down and abandoning module ProjectLauncher (368)
[2017.05.15-06.27.14:132][719]LogModuleManager: Shutting down and abandoning module SessionFrontend (366)
[2017.05.15-06.27.14:132][719]LogModuleManager: Shutting down and abandoning module ProfilerClient (364)
[2017.05.15-06.27.14:132][719]LogModuleManager: Shutting down and abandoning module DeviceManager (362)
[2017.05.15-06.27.14:132][719]LogModuleManager: Shutting down and abandoning module TargetDeviceServices (361)
[2017.05.15-06.27.14:186][719]LogModuleManager: Shutting down and abandoning module AutomationController (358)
[2017.05.15-06.27.14:186][719]LogModuleManager: Shutting down and abandoning module AutomationWindow (356)
[2017.05.15-06.27.14:186][719]LogModuleManager: Shutting down and abandoning module Layers (354)
[2017.05.15-06.27.14:186][719]LogModuleManager: Shutting down and abandoning module ComponentVisualizers (352)
[2017.05.15-06.27.14:186][719]LogModuleManager: Shutting down and abandoning module DetailCustomizations (350)
[2017.05.15-06.27.14:186][719]LogModuleManager: Shutting down and abandoning module PackagesDialog (348)
[2017.05.15-06.27.14:186][719]LogModuleManager: Shutting down and abandoning module Persona (346)
[2017.05.15-06.27.14:186][719]LogModuleManager: Shutting down and abandoning module AnimGraph (345)
[2017.05.15-06.27.14:186][719]LogModuleManager: Shutting down and abandoning module Kismet (342)
[2017.05.15-06.27.14:196][719]LogModuleManager: Shutting down and abandoning module GraphEditor (340)
[2017.05.15-06.27.14:196][719]LogModuleManager: Shutting down and abandoning module ClassViewer (338)
[2017.05.15-06.27.14:196][719]LogModuleManager: Shutting down and abandoning module Toolbox (336)
[2017.05.15-06.27.14:196][719]LogModuleManager: Shutting down and abandoning module ModuleUI (334)
[2017.05.15-06.27.14:196][719]LogModuleManager: Shutting down and abandoning module MovieSceneTools (332)
[2017.05.15-06.27.14:196][719]LogModuleManager: Shutting down and abandoning module OutputLog (330)
[2017.05.15-06.27.14:196][719]LogModuleManager: Shutting down and abandoning module GammaUI (328)
[2017.05.15-06.27.14:196][719]LogModuleManager: Shutting down and abandoning module Documentation (326)
[2017.05.15-06.27.14:196][719]LogModuleManager: Shutting down and abandoning module Niagara (324)
[2017.05.15-06.27.14:196][719]LogModuleManager: Shutting down and abandoning module StreamingPauseRendering (322)
[2017.05.15-06.27.14:196][719]LogModuleManager: Shutting down and abandoning module AnalyticsET (320)
[2017.05.15-06.27.14:196][719]LogModuleManager: Shutting down and abandoning module PortalServices (318)
[2017.05.15-06.27.14:196][719]LogModuleManager: Shutting down and abandoning module PortalRpc (316)
[2017.05.15-06.27.14:196][719]LogModuleManager: Shutting down and abandoning module MessagingRpc (314)
[2017.05.15-06.27.14:196][719]LogModuleManager: Shutting down and abandoning module AIModule (312)
[2017.05.15-06.27.14:196][719]LogModuleManager: Shutting down and abandoning module GameplayDebugger (311)
[2017.05.15-06.27.14:197][719]LogModuleManager: Shutting down and abandoning module AITestSuite (309)
[2017.05.15-06.27.14:197][719]LogModuleManager: Shutting down and abandoning module ProfilerService (306)
[2017.05.15-06.27.14:279][719]LogModuleManager: Shutting down and abandoning module TaskGraph (304)
[2017.05.15-06.27.14:279][719]LogModuleManager: Shutting down and abandoning module SteamVRController (302)
[2017.05.15-06.27.14:279][719]LogModuleManager: Shutting down and abandoning module SteamVR (300)
[2017.05.15-06.27.14:279][719]LogModuleManager: Shutting down and abandoning module ProceduralMeshComponentEditor (298)
[2017.05.15-06.27.14:279][719]LogModuleManager: Shutting down and abandoning module ProceduralMeshComponent (296)
[2017.05.15-06.27.14:279][719]LogModuleManager: Shutting down and abandoning module OculusLibrary (294)
[2017.05.15-06.27.14:279][719]LogModuleManager: Shutting down and abandoning module OculusInput (292)
[2017.05.15-06.27.14:279][719]LogModuleManager: Shutting down and abandoning module MobilePatchingUtils (290)
[2017.05.15-06.27.14:279][719]LogModuleManager: Shutting down and abandoning module CustomMeshComponent (288)
[2017.05.15-06.27.14:279][719]LogModuleManager: Shutting down and abandoning module CableComponent (286)
[2017.05.15-06.27.14:279][719]LogModuleManager: Shutting down and abandoning module ArchVisCharacter (284)
[2017.05.15-06.27.14:279][719]LogModuleManager: Shutting down and abandoning module MediaPlayerEditor (280)
[2017.05.15-06.27.14:279][719]LogModuleManager: Shutting down and abandoning module HTML5Networking (278)
[2017.05.15-06.27.14:279][719]LogModuleManager: Shutting down and abandoning module AlembicImporter (276)
[2017.05.15-06.27.14:279][719]LogModuleManager: Shutting down and abandoning module AlembicLibrary (275)
[2017.05.15-06.27.14:279][719]LogModuleManager: Shutting down and abandoning module GeometryCache (274)
[2017.05.15-06.27.14:279][719]LogModuleManager: Shutting down and abandoning module GeometryCacheEd (273)
[2017.05.15-06.27.14:279][719]LogModuleManager: Shutting down and abandoning module SuperSearchEditor (268)
[2017.05.15-06.27.14:279][719]LogModuleManager: Shutting down and abandoning module SuperSearch (267)
[2017.05.15-06.27.14:279][719]LogModuleManager: Shutting down and abandoning module SpeedTreeImporter (264)
[2017.05.15-06.27.14:279][719]LogModuleManager: Shutting down and abandoning module PluginBrowser (262)
[2017.05.15-06.27.14:279][719]LogModuleManager: Shutting down and abandoning module MobileLauncherProfileWizard (260)
[2017.05.15-06.27.14:279][719]LogModuleManager: Shutting down and abandoning module EpicSurvey (258)
[2017.05.15-06.27.14:280][719]LogModuleManager: Shutting down and abandoning module VisualStudioSourceCodeAccess (256)
[2017.05.15-06.27.14:280][719]LogModuleManager: Shutting down and abandoning module DesktopPlatform (255)
[2017.05.15-06.27.14:280][719]LogModuleManager: Shutting down and abandoning module UObjectPlugin (252)
[2017.05.15-06.27.14:280][719]LogModuleManager: Shutting down and abandoning module SubversionSourceControl (250)
[2017.05.15-06.27.14:280][719]LogModuleManager: Shutting down and abandoning module PerforceSourceControl (248)
[2017.05.15-06.27.14:280][719]LogModuleManager: Shutting down and abandoning module GitSourceControl (246)
[2017.05.15-06.27.14:280][719]LogModuleManager: Shutting down and abandoning module SourceControl (245)
[2017.05.15-06.27.14:280][719]LogModuleManager: Shutting down and abandoning module LightPropagationVolumeEditor (242)
[2017.05.15-06.27.14:280][719]LogModuleManager: Shutting down and abandoning module PaperTiledImporter (240)
[2017.05.15-06.27.14:280][719]LogModuleManager: Shutting down and abandoning module PaperSpriteSheetImporter (238)
[2017.05.15-06.27.14:280][719]LogModuleManager: Shutting down and abandoning module Paper2DEditor (236)
[2017.05.15-06.27.14:280][719]LogModuleManager: Shutting down and abandoning module MeshPaint (235)
[2017.05.15-06.27.14:280][719]LogModuleManager: Shutting down and abandoning module LevelEditor (233)
[2017.05.15-06.27.14:280][719]LogModuleManager: Shutting down and abandoning module PixelInspectorModule (232)
[2017.05.15-06.27.14:280][719]LogModuleManager: Shutting down and abandoning module MainFrame (230)
[2017.05.15-06.27.14:280][719]LogModuleManager: Shutting down and abandoning module HotReload (229)
[2017.05.15-06.27.14:280][719]LogModuleManager: Shutting down and abandoning module ContentBrowser (225)
[2017.05.15-06.27.14:281][719]LogModuleManager: Shutting down and abandoning module PhysXVehiclesEditor (222)
[2017.05.15-06.27.14:281][719]LogModuleManager: Shutting down and abandoning module PhysXVehicles (220)
[2017.05.15-06.27.14:281][719]LogModuleManager: Shutting down and abandoning module LocationServicesBPLibrary (218)
[2017.05.15-06.27.14:281][719]LogModuleManager: Shutting down and abandoning module UdpMessaging (216)
[2017.05.15-06.27.14:382][719]LogModuleManager: Shutting down and abandoning module TcpMessaging (214)
[2017.05.15-06.27.14:482][719]LogModuleManager: Shutting down and abandoning module GameplayTagsEditor (212)
[2017.05.15-06.27.14:482][719]LogModuleManager: Shutting down and abandoning module FacialAnimationEditor (210)
[2017.05.15-06.27.14:482][719]LogModuleManager: Shutting down and abandoning module FacialAnimation (208)
[2017.05.15-06.27.14:482][719]LogModuleManager: Shutting down and abandoning module LightPropagationVolumeRuntime (206)
[2017.05.15-06.27.14:482][719]LogModuleManager: Shutting down and abandoning module Paper2D (204)
[2017.05.15-06.27.14:482][719]LogModuleManager: Shutting down and abandoning module WindowsMoviePlayer (202)
[2017.05.15-06.27.14:482][719]LogModuleManager: Shutting down and abandoning module WmfMedia (200)
[2017.05.15-06.27.14:482][719]LogModuleManager: Shutting down and abandoning module MfMedia (198)
[2017.05.15-06.27.14:482][719]LogModuleManager: Shutting down and abandoning module MediaAssets (196)
[2017.05.15-06.27.14:482][719]LogModuleManager: Shutting down and abandoning module GameLiveStreaming (194)
[2017.05.15-06.27.14:482][719]LogModuleManager: Shutting down and abandoning module VREditor (192)
[2017.05.15-06.27.14:482][719]LogModuleManager: Shutting down and abandoning module GameplayTasksEditor (190)
[2017.05.15-06.27.14:482][719]LogModuleManager: Shutting down and abandoning module BehaviorTreeEditor (188)
[2017.05.15-06.27.14:482][719]LogModuleManager: Shutting down and abandoning module FunctionalTesting (186)
[2017.05.15-06.27.14:482][719]LogModuleManager: Shutting down and abandoning module CollisionAnalyzer (184)
[2017.05.15-06.27.14:482][719]LogModuleManager: Shutting down and abandoning module UMG (182)
[2017.05.15-06.27.14:482][719]LogModuleManager: Shutting down and abandoning module UMGEditor (181)
[2017.05.15-06.27.14:482][719]LogModuleManager: Shutting down and abandoning module Sequencer (180)
[2017.05.15-06.27.14:482][719]LogModuleManager: Shutting down and abandoning module AssetTools (178)
[2017.05.15-06.27.14:482][719]LogModuleManager: Shutting down and abandoning module MessageLog (177)
[2017.05.15-06.27.14:482][719]LogModuleManager: Shutting down and abandoning module WorkspaceMenuStructure (176)
[2017.05.15-06.27.14:482][719]LogModuleManager: Shutting down and abandoning module SlateReflector (170)
[2017.05.15-06.27.14:482][719]LogModuleManager: Shutting down and abandoning module Slate (168)
[2017.05.15-06.27.14:482][719]LogModuleManager: Shutting down and abandoning module EditorStyle (166)
[2017.05.15-06.27.14:486][719]LogModuleManager: Shutting down and abandoning module SourceCodeAccess (164)
[2017.05.15-06.27.14:486][719]LogModuleManager: Shutting down and abandoning module HeadMountedDisplay (162)
[2017.05.15-06.27.14:486][719]LogModuleManager: Shutting down and abandoning module XAudio2 (160)
[2017.05.15-06.27.14:486][719]LogModuleManager: Shutting down and abandoning module Networking (158)
[2017.05.15-06.27.14:486][719]LogModuleManager: Shutting down and abandoning module Core (154)
[2017.05.15-06.27.14:486][719]LogModuleManager: Shutting down and abandoning module AssetRegistry (152)
[2017.05.15-06.27.14:653][719]LogDirectoryWatcher: A directory notification for '../../../Engine/Content/' was aborted.
[2017.05.15-06.27.14:653][719]LogDirectoryWatcher: A directory notification for '../../../../../../Users/Jeremy/Documents/GitHub/ProjectLonesomeRecovered/Project_lonesome 4.15/Content/' was aborted.
[2017.05.15-06.27.14:653][719]LogDirectoryWatcher: A directory notification for '../../../Engine/Plugins/2D/Paper2D/Content/' was aborted.
[2017.05.15-06.27.14:653][719]LogModuleManager: Shutting down and abandoning module DirectoryWatcher (151)
[2017.05.15-06.27.14:654][719]LogModuleManager: Shutting down and abandoning module KismetCompiler (148)
[2017.05.15-06.27.14:654][719]LogModuleManager: Shutting down and abandoning module PhysXFormats (146)
[2017.05.15-06.27.14:654][719]LogModuleManager: Shutting down and abandoning module MeshUtilities (144)
[2017.05.15-06.27.14:654][719]LogModuleManager: Shutting down and abandoning module SimplygonSwarm (143)
[2017.05.15-06.27.14:654][719]LogModuleManager: Shutting down and abandoning module SimplygonMeshReduction (141)
[2017.05.15-06.27.14:654][719]LogModuleManager: Shutting down and abandoning module QuadricMeshReduction (139)
[2017.05.15-06.27.14:654][719]LogModuleManager: Shutting down and abandoning module PropertyEditor (137)
[2017.05.15-06.27.14:654][719]LogModuleManager: Shutting down and abandoning module DerivedDataCache (134)
[2017.05.15-06.27.14:707][719]LogDerivedDataCache: Shutdown
[2017.05.15-06.27.14:707][719]LogModuleManager: Shutting down and abandoning module TargetPlatform (132)
[2017.05.15-06.27.14:707][719]LogModuleManager: Shutting down and abandoning module VulkanShaderFormat (131)
[2017.05.15-06.27.14:707][719]LogModuleManager: Shutting down and abandoning module ShaderFormatOpenGL (129)
[2017.05.15-06.27.14:707][719]LogModuleManager: Shutting down and abandoning module ShaderFormatD3D (127)
[2017.05.15-06.27.14:707][719]LogModuleManager: Shutting down and abandoning module MetalShaderFormat (125)
[2017.05.15-06.27.14:707][719]LogModuleManager: Shutting down and abandoning module TextureFormatUncompressed (123)
[2017.05.15-06.27.14:707][719]LogModuleManager: Shutting down and abandoning module TextureFormatPVR (121)
[2017.05.15-06.27.14:707][719]LogModuleManager: Shutting down and abandoning module TextureFormatDXT (119)
[2017.05.15-06.27.14:707][719]LogModuleManager: Shutting down and abandoning module TextureFormatIntelISPCTexComp (117)
[2017.05.15-06.27.14:707][719]LogModuleManager: Shutting down and abandoning module TextureFormatASTC (115)
[2017.05.15-06.27.14:707][719]LogModuleManager: Shutting down and abandoning module ImageWrapper (114)
[2017.05.15-06.27.14:707][719]LogModuleManager: Shutting down and abandoning module TextureFormatAndroid (111)
[2017.05.15-06.27.14:707][719]LogModuleManager: Shutting down and abandoning module AudioFormatOpus (109)
[2017.05.15-06.27.14:707][719]LogModuleManager: Shutting down and abandoning module AudioFormatOgg (107)
[2017.05.15-06.27.14:707][719]LogModuleManager: Shutting down and abandoning module AudioFormatADPCM (105)
[2017.05.15-06.27.14:707][719]LogModuleManager: Shutting down and abandoning module LinuxTargetPlatform (103)
[2017.05.15-06.27.14:707][719]LogModuleManager: Shutting down and abandoning module LinuxServerTargetPlatform (101)
[2017.05.15-06.27.14:707][719]LogModuleManager: Shutting down and abandoning module LinuxNoEditorTargetPlatform (99)
[2017.05.15-06.27.14:707][719]LogModuleManager: Shutting down and abandoning module LinuxClientTargetPlatform (97)
[2017.05.15-06.27.14:707][719]LogModuleManager: Shutting down and abandoning module TVOSTargetPlatform (95)
[2017.05.15-06.27.14:707][719]LogModuleManager: Shutting down and abandoning module Messaging (93)
[2017.05.15-06.27.14:707][719]LogModuleManager: Shutting down and abandoning module IOSTargetPlatform (91)
[2017.05.15-06.27.14:707][719]LogModuleManager: Shutting down and abandoning module HTML5TargetPlatform (89)
[2017.05.15-06.27.14:707][719]LogModuleManager: Shutting down and abandoning module Android_PVRTCTargetPlatform (87)
[2017.05.15-06.27.14:707][719]LogModuleManager: Shutting down and abandoning module Android_MultiTargetPlatform (85)
[2017.05.15-06.27.14:707][719]LogModuleManager: Shutting down and abandoning module Android_ETC2TargetPlatform (83)
[2017.05.15-06.27.14:707][719]LogModuleManager: Shutting down and abandoning module Android_ETC1TargetPlatform (81)
[2017.05.15-06.27.14:707][719]LogModuleManager: Shutting down and abandoning module Android_DXTTargetPlatform (79)
[2017.05.15-06.27.14:707][719]LogModuleManager: Shutting down and abandoning module Android_ATCTargetPlatform (77)
[2017.05.15-06.27.14:707][719]LogModuleManager: Shutting down and abandoning module Android_ASTCTargetPlatform (75)
[2017.05.15-06.27.14:707][719]LogModuleManager: Shutting down and abandoning module AndroidTargetPlatform (73)
[2017.05.15-06.27.14:707][719]LogModuleManager: Shutting down and abandoning module WindowsTargetPlatform (71)
[2017.05.15-06.27.14:707][719]LogModuleManager: Shutting down and abandoning module WindowsServerTargetPlatform (69)
[2017.05.15-06.27.14:707][719]LogModuleManager: Shutting down and abandoning module WindowsNoEditorTargetPlatform (67)
[2017.05.15-06.27.14:707][719]LogModuleManager: Shutting down and abandoning module WindowsClientTargetPlatform (65)
[2017.05.15-06.27.14:707][719]LogModuleManager: Shutting down and abandoning module MacTargetPlatform (63)
[2017.05.15-06.27.14:707][719]LogModuleManager: Shutting down and abandoning module MacServerTargetPlatform (61)
[2017.05.15-06.27.14:707][719]LogModuleManager: Shutting down and abandoning module MacNoEditorTargetPlatform (59)
[2017.05.15-06.27.14:707][719]LogModuleManager: Shutting down and abandoning module MacClientTargetPlatform (57)
[2017.05.15-06.27.14:707][719]LogModuleManager: Shutting down and abandoning module AllDesktopTargetPlatform (55)
[2017.05.15-06.27.14:707][719]LogModuleManager: Shutting down and abandoning module InputCore (52)
[2017.05.15-06.27.14:707][719]LogModuleManager: Shutting down and abandoning module Settings (50)
[2017.05.15-06.27.14:707][719]LogModuleManager: Shutting down and abandoning module OculusRift (48)
[2017.05.15-06.27.14:707][719]LogModuleManager: Shutting down and abandoning module GearVR (46)
[2017.05.15-06.27.14:707][719]LogModuleManager: Shutting down and abandoning module ExampleDeviceProfileSelector (44)
[2017.05.15-06.27.14:707][719]LogModuleManager: Shutting down and abandoning module OnlineBlueprintSupport (42)
[2017.05.15-06.27.14:707][719]LogModuleManager: Shutting down and abandoning module OnlineSubsystem (38)
[2017.05.15-06.27.14:707][719]LogOnline:Display: Unloading online subsystem: NULL
[2017.05.15-06.27.14:707][719]LogModuleManager: Shutting down and abandoning module XMPP (37)
[2017.05.15-06.27.14:707][719]LogModuleManager: Shutting down and abandoning module HTTP (35)
[2017.05.15-06.27.14:707][719]LogHttp:Display: Http module shutting down, but needs to wait on 1 outstanding Http requests:
[2017.05.15-06.27.14:707][719]LogHttp:Display: 	verb=[POST] url=[https://datarouter.ol.epicgames.com/datarouter/api/v1/public/data?SessionID=%7BF849D3AD-4C6E-A2EE-684E-C7AAF7E2FC63%7D&AppID=UEEditor.Rocket.Release&AppVersion=4.15.1-3348071%2B%2B%2BUE4%2BRelease-4.15&UserID=c44897874c53e68159c833aad6b4a091%7Ca2f4d8b11bd94ef99664b9abb109ceb7%7C2b738531-6d61-486b-930d-189a825896e7&AppEnvironment=datacollector-binary&UploadType=eteventstream] status=Processing
[2017.05.15-06.27.14:736][719]LogModuleManager: Shutting down and abandoning module SSL (34)
[2017.05.15-06.27.14:737][719]LogModuleManager: Shutting down and abandoning module AudioEditor (30)
[2017.05.15-06.27.14:737][719]LogModuleManager: Shutting down and abandoning module TextureCompressor (28)
[2017.05.15-06.27.14:737][719]LogModuleManager: Shutting down and abandoning module ShaderCore (26)
[2017.05.15-06.27.14:737][719]LogModuleManager: Shutting down and abandoning module Landscape (24)
[2017.05.15-06.27.14:737][719]LogModuleManager: Shutting down and abandoning module SlateRHIRenderer (22)
[2017.05.15-06.27.14:739][719]LogModuleManager: Shutting down and abandoning module OpenGLDrv (20)
[2017.05.15-06.27.14:739][719]LogModuleManager: Shutting down and abandoning module D3D11RHI (18)
[2017.05.15-06.27.14:739][719]LogModuleManager: Shutting down and abandoning module AnimGraphRuntime (16)
[2017.05.15-06.27.14:739][719]LogModuleManager: Shutting down and abandoning module Renderer (14)
[2017.05.15-06.27.14:739][719]LogModuleManager: Shutting down and abandoning module Engine (12)
[2017.05.15-06.27.14:739][719]LogModuleManager: Shutting down and abandoning module CoreUObject (10)
[2017.05.15-06.27.14:739][719]LogModuleManager: Shutting down and abandoning module NetworkFile (8)
[2017.05.15-06.27.14:739][719]LogModuleManager: Shutting down and abandoning module StreamingFile (6)
[2017.05.15-06.27.14:739][719]LogModuleManager: Shutting down and abandoning module SandboxFile (4)
[2017.05.15-06.27.14:739][719]LogModuleManager: Shutting down and abandoning module PakFile (2)
[2017.05.15-06.27.14:741][719]LogExit: Exiting.
[2017.05.15-06.27.14:743][719]Log file closed, 05/14/17 23:27:14
