Log file open, 04/18/17 20:42:24
LogInit:Display: Running engine for game: Project_lonesome
LogPlatformFile: Not using cached read wrapper
LogInit:Display: RandInit(-2011051818) SRandInit(-2011051818).
LogTaskGraph: Started task graph with 5 named threads and 8 total threads with 1 sets of task threads.
LogStats: Stats thread started at 0.077743
LogInit: Using libcurl 7.47.1
LogInit:  - built for x86_64-pc-win32
LogInit:  - supports SSL with OpenSSL/1.0.2g
LogInit:  - supports HTTP deflate (compression) using libz 1.2.8
LogInit:  - other features:
LogInit:      CURL_VERSION_SSL
LogInit:      CURL_VERSION_LIBZ
LogInit:      CURL_VERSION_IPV6
LogInit:      CURL_VERSION_ASYNCHDNS
LogInit:      CURL_VERSION_LARGEFILE
LogInit:      CURL_VERSION_IDN
LogInit:  CurlRequestOptions (configurable via config and command line):
LogInit:  - bVerifyPeer = false  - Libcurl will NOT verify peer certificate
LogInit:  - bUseHttpProxy = false  - Libcurl will NOT use HTTP proxy
LogInit:  - bDontReuseConnections = false  - Libcurl will reuse connections
LogInit:  - CertBundlePath = nullptr  - Libcurl will use whatever was configured at build time.
LogInit: Build: ++UE4+Release-4.15-CL-3348071
LogInit: Engine Version: 4.15.1-3348071+++UE4+Release-4.15
LogInit: Compatible Engine Version: 4.15.0-3299760+++UE4+Release-4.15
LogInit: Net CL: 3299760
LogDevObjectVersion: Number of dev versions registered: 14
LogDevObjectVersion:   Dev-Blueprints (B0D832E4-1F89-4F0D-ACCF-7EB736FD4AA2): 8
LogDevObjectVersion:   Dev-Build (E1C64328-A22C-4D53-A36C-8E866417BD8C): 0
LogDevObjectVersion:   Dev-Core (375EC13C-06E4-48FB-B500-84F0262A717E): 2
LogDevObjectVersion:   Dev-Editor (E4B068ED-F494-42E9-A231-DA0B2E46BB41): 14
LogDevObjectVersion:   Dev-Framework (CFFC743F-43B0-4480-9391-14DF171D2073): 22
LogDevObjectVersion:   Dev-Mobile (B02B49B5-BB20-44E9-A304-32B752E40360): 0
LogDevObjectVersion:   Dev-Networking (A4E4105C-59A1-49B5-A7C5-40C4547EDFEE): 0
LogDevObjectVersion:   Dev-Online (39C831C9-5AE6-47DC-9A44-9C173E1C8E7C): 0
LogDevObjectVersion:   Dev-Physics (78F01B33-EBEA-4F98-B9B4-84EACCB95AA2): 0
LogDevObjectVersion:   Dev-Platform (6631380F-2D4D-43E0-8009-CF276956A95A): 0
LogDevObjectVersion:   Dev-Rendering (12F88B9F-8875-4AFC-A67C-D90C383ABD29): 12
LogDevObjectVersion:   Dev-Sequencer (7B5AE74C-D270-4C10-A958-57980B212A5A): 3
LogDevObjectVersion:   Dev-VR (D7296918-1DD6-4BDD-9DE2-64A83CC13884): 0
LogDevObjectVersion:   Dev-LoadTimes (C2A15278-BFE7-4AFE-6C17-90FF531DF755): 1
LogInit: Compiled (64-bit): Mar 15 2017 16:52:47
LogInit: Compiled with Visual C++: 19.00.23026.00
LogInit: Build Configuration: Development
LogInit: Branch Name: ++UE4+Release-4.15
LogInit: Command line: -EpicPortal 
LogInit: Base directory: H:/Program Files/Epic Games/UE_4.15/Engine/Binaries/Win64/
LogInit: Installed Engine Build: 1
LogInit: Presizing for max 8388607 objects, including 0 objects not considered by GC, pre-allocating 0 bytes for permanent pool.
LogInit: Object subsystem initialized
[2017.04.19-03.42.25:721][  0]LogInit: Selected Device Profile: [Windows]
[2017.04.19-03.42.25:721][  0]LogInit: Applying CVar settings loaded from the selected device profile: [Windows]
[2017.04.19-03.42.25:770][  0]LogInit: Computer: DESKTOP-969FG03
[2017.04.19-03.42.25:770][  0]LogInit: User: elmen
[2017.04.19-03.42.25:770][  0]LogInit: CPU Page size=65536, Cores=4
[2017.04.19-03.42.25:770][  0]LogInit: High frequency timer resolution =3.312793 MHz
[2017.04.19-03.42.25:771][  0]LogMemory: Memory total: Physical=16.0GB (16GB approx)
[2017.04.19-03.42.25:771][  0]LogMemory: Platform Memory Stats for Windows
[2017.04.19-03.42.25:771][  0]LogMemory: Process Physical Memory: 264.00 MB used, 264.00 MB peak
[2017.04.19-03.42.25:771][  0]LogMemory: Process Virtual Memory: 262.86 MB used, 262.86 MB peak
[2017.04.19-03.42.25:771][  0]LogMemory: Physical Memory: 7699.70 MB used,  8645.26 MB free, 16344.95 MB total
[2017.04.19-03.42.25:771][  0]LogMemory: Virtual Memory: 630.96 MB used,  8645.26 MB free, 134217728.00 MB total
[2017.04.19-03.42.25:845][  0]LogTextLocalizationManager: No specific translations for ('en-US') exist, so ('en') translations will be used.
[2017.04.19-03.42.26:471][  0]LogD3D11RHI: D3D11 adapters:
[2017.04.19-03.42.26:963][  0]LogD3D11RHI:    0. 'NVIDIA GeForce GTX 1050' (Feature Level 11_0)
[2017.04.19-03.42.26:963][  0]LogD3D11RHI:       2006/0/8172 MB DedicatedVideo/DedicatedSystem/SharedSystem, Outputs:1, VendorId:0x10de
[2017.04.19-03.42.26:965][  0]LogD3D11RHI:    1. 'Microsoft Basic Render Driver' (Feature Level 11_0)
[2017.04.19-03.42.26:965][  0]LogD3D11RHI:       0/0/8172 MB DedicatedVideo/DedicatedSystem/SharedSystem, Outputs:0, VendorId:0x1414
[2017.04.19-03.42.26:965][  0]LogD3D11RHI: Chosen D3D11 Adapter: 0
[2017.04.19-03.42.26:970][  0]LogD3D11RHI: Creating new Direct3DDevice
[2017.04.19-03.42.26:970][  0]LogD3D11RHI:     GPU DeviceId: 0x1c81 (for the marketing name, search the web for "GPU Device Id")
[2017.04.19-03.42.26:970][  0]LogWindows: EnumDisplayDevices:
[2017.04.19-03.42.26:970][  0]LogWindows:    0. 'NVIDIA GeForce GTX 1050' (P:1 D:1)
[2017.04.19-03.42.26:970][  0]LogWindows:    1. 'NVIDIA GeForce GTX 1050' (P:0 D:0)
[2017.04.19-03.42.26:971][  0]LogWindows:    2. 'NVIDIA GeForce GTX 1050' (P:0 D:0)
[2017.04.19-03.42.26:971][  0]LogWindows:    3. 'NVIDIA GeForce GTX 1050' (P:0 D:0)
[2017.04.19-03.42.26:971][  0]LogWindows: DebugString: FoundDriverCount:4 
[2017.04.19-03.42.26:971][  0]LogD3D11RHI:     Adapter Name: NVIDIA GeForce GTX 1050
[2017.04.19-03.42.26:971][  0]LogD3D11RHI:   Driver Version: 378.92 (internal:21.21.13.7892, unified:378.92)
[2017.04.19-03.42.26:971][  0]LogD3D11RHI:      Driver Date: 3-16-2017
[2017.04.19-03.42.26:971][  0]LogRHI: Texture pool is 1361 MB (70% of 1945 MB)
[2017.04.19-03.42.27:439][  0]LogD3D11RHI: Async texture creation enabled
[2017.04.19-03.42.27:474][  0]LogD3D11RHI: GPU Timing Frequency: 1000.000000 (Debug: 2 1)
[2017.04.19-03.42.27:525][  0]LogShaderCompilers: Guid format shader working directory is -36 characters bigger than the processId version (../../../../../../Documents/GitHub/ProjectLonesomeRecovered/Project_lonesome 4.15/Intermediate/Shaders/WorkingDirectory/16624/).
[2017.04.19-03.42.27:525][  0]LogShaderCompilers: Cleaned the shader compiler working directory 'C:/Users/elmen/AppData/Local/Temp/UnrealShaderWorkingDir/C14913DB427BAB8BD88780A968F78E8E/'.
[2017.04.19-03.42.27:525][  0]LogShaderCompilers:Display: Using Local Shader Compiler.
[2017.04.19-03.42.28:829][  0]LogTemp:Display: Loaded TP AllDesktopTargetPlatform
[2017.04.19-03.42.28:885][  0]LogTemp:Display: Loaded TP MacClientTargetPlatform
[2017.04.19-03.42.28:951][  0]LogTemp:Display: Loaded TP MacNoEditorTargetPlatform
[2017.04.19-03.42.29:012][  0]LogTemp:Display: Loaded TP MacServerTargetPlatform
[2017.04.19-03.42.29:084][  0]LogTemp:Display: Loaded TP MacTargetPlatform
[2017.04.19-03.42.29:138][  0]LogTemp:Display: Loaded TP WindowsClientTargetPlatform
[2017.04.19-03.42.29:196][  0]LogTemp:Display: Loaded TP WindowsNoEditorTargetPlatform
[2017.04.19-03.42.29:251][  0]LogTemp:Display: Loaded TP WindowsServerTargetPlatform
[2017.04.19-03.42.29:295][  0]LogTemp:Display: Loaded TP WindowsTargetPlatform
[2017.04.19-03.42.29:350][  0]LogTemp:Display: Loaded TP AndroidTargetPlatform
[2017.04.19-03.42.29:407][  0]LogTemp:Display: Loaded TP Android_ASTCTargetPlatform
[2017.04.19-03.42.29:461][  0]LogTemp:Display: Loaded TP Android_ATCTargetPlatform
[2017.04.19-03.42.29:518][  0]LogTemp:Display: Loaded TP Android_DXTTargetPlatform
[2017.04.19-03.42.29:577][  0]LogTemp:Display: Loaded TP Android_ETC1TargetPlatform
[2017.04.19-03.42.29:633][  0]LogTemp:Display: Loaded TP Android_ETC2TargetPlatform
[2017.04.19-03.42.29:745][  0]LogTemp:Display: Loaded TP Android_MultiTargetPlatform
[2017.04.19-03.42.29:745][  0]LogTemp:Display: Loaded TP Android_PVRTCTargetPlatform
[2017.04.19-03.42.29:784][  0]LogTemp:Display: Loaded TP HTML5TargetPlatform
[2017.04.19-03.42.29:879][  0]LogTemp:Display: Loaded TP IOSTargetPlatform
[2017.04.19-03.42.29:914][  0]LogTemp:Display: Loaded TP TVOSTargetPlatform
[2017.04.19-03.42.29:972][  0]LogTemp:Display: Loaded TP LinuxClientTargetPlatform
[2017.04.19-03.42.30:026][  0]LogTemp:Display: Loaded TP LinuxNoEditorTargetPlatform
[2017.04.19-03.42.30:079][  0]LogTemp:Display: Loaded TP LinuxServerTargetPlatform
[2017.04.19-03.42.30:134][  0]LogTemp:Display: Loaded TP LinuxTargetPlatform
[2017.04.19-03.42.30:134][  0]LogTargetPlatformManager:Display: Building Assets For Windows
[2017.04.19-03.42.30:548][  0]LogDerivedDataCache:Display: Max Cache Size: 512 MB
[2017.04.19-03.42.30:602][  0]LogDerivedDataCache: Loaded boot cache 0.05s 50MB C:/Users/elmen/AppData/Local/UnrealEngine/4.15/DerivedDataCache/Boot.ddc.
[2017.04.19-03.42.30:602][  0]LogDerivedDataCache:Display: Loaded Boot cache: C:/Users/elmen/AppData/Local/UnrealEngine/4.15/DerivedDataCache/Boot.ddc
[2017.04.19-03.42.30:602][  0]LogDerivedDataCache: FDerivedDataBackendGraph:  Pak pak cache file ../../../../../../Documents/GitHub/ProjectLonesomeRecovered/Project_lonesome 4.15/DerivedDataCache/DDC.ddp not found, will not use a pak cache.
[2017.04.19-03.42.30:602][  0]LogDerivedDataCache: Unable to find inner node Pak for hierarchical cache Hierarchy.
[2017.04.19-03.42.30:602][  0]LogDerivedDataCache: FDerivedDataBackendGraph:  CompressedPak pak cache file ../../../../../../Documents/GitHub/ProjectLonesomeRecovered/Project_lonesome 4.15/DerivedDataCache/Compressed.ddp not found, will not use a pak cache.
[2017.04.19-03.42.30:602][  0]LogDerivedDataCache: Unable to find inner node CompressedPak for hierarchical cache Hierarchy.
[2017.04.19-03.42.30:626][  0]LogDerivedDataCache:Display: Pak cache opened for reading ../../../Engine/DerivedDataCache/Compressed.ddp.
[2017.04.19-03.42.30:639][  0]LogDerivedDataCache: Using Local data cache path C:/Users/elmen/AppData/Local/UnrealEngine/Common/DerivedDataCache: Writable
[2017.04.19-03.42.30:648][  0]LogSlate: Using Freetype 2.6.0
[2017.04.19-03.42.30:649][  0]LogSlate: SlateFontCache - WITH_FREETYPE: 1, WITH_HARFBUZZ: 1
[2017.04.19-03.42.30:649][  0]LogSlate: SlateFontCache - WITH_FREETYPE: 1, WITH_HARFBUZZ: 1
[2017.04.19-03.42.30:977][  0]LogInit: Selected Device Profile: [Windows]
[2017.04.19-03.42.30:980][  0]LogContentStreaming: Texture pool size is 0.00 MB
[2017.04.19-03.42.31:209][  0]LogMeshUtilities: Using QuadricMeshReduction for automatic static mesh reduction
[2017.04.19-03.42.31:251][  0]LogSimplygon: Simplygon DLL not present - disabling.
[2017.04.19-03.42.31:300][  0]LogMeshUtilities: Using SimplygonSwarm for distributed automatic mesh merging
[2017.04.19-03.42.31:300][  0]LogMeshUtilities: No automatic skeletal mesh reduction module available
[2017.04.19-03.42.31:300][  0]LogMeshUtilities: No automatic mesh merging module available
[2017.04.19-03.42.31:659][  0]LogExec:Warning: Cannot perform text import on property 'EnvironmentCubeMap' here: EnvironmentCubeMap=TextureCube'/Engine/EditorMaterials/AssetViewer/EpicQuadPanorama_CC+EV1.EpicQuadPanorama_CC+EV1',PostProcessingSettings=(bOverride_WhiteTemp=True,bOverride_WhiteTint=False,bOverride_ColorSaturation=True,bOverride_ColorContrast=True,bOverride_ColorGamma=True,bOverride_ColorGain=True,bOverride_ColorOffset=True,bOverride_FilmWhitePoint=False,bOverride_FilmSaturation=False,bOverride_FilmChannelMixerRed=False,bOverride_FilmChannelMixerGreen=False,bOverride_FilmChannelMixerBlue=False,bOverride_FilmContrast=False,bOverride_FilmDynamicRange=False,bOverride_FilmHealAmount=False,bOverride_FilmToeAmount=False,bOverride_FilmShadowTint=False,bOverride_FilmShadowTintBlend=False,bOverride_FilmShadowTintAmount=False,bOverride_FilmSlope=True,bOverride_FilmToe=True,bOverride_FilmShoulder=True,bOverride_FilmBlackClip=True,bOverride_FilmWhiteClip=True,bOverride_SceneColorTint=False,bOverride_SceneFringeIntensity=False,bOverride_AmbientCubemapTint=False,bOverride_AmbientCubemapIntensity=False,bOverride_BloomIntensity=True,bOverride_BloomThreshold=False,bOverride_Bloom1Tint=False,bOverride_Bloom1Size=False,bOverride_Bloom2Size=False,bOverride_Bloom2Tint=False,bOverride_Bloom3Tint=False,bOverride_Bloom3Size=False,bOverride_Bloom4Tint=False,bOverride_Bloom4Size=False,bOverride_Bloom5Tint=False,bOverride_Bloom5Size=False,bOverride_Bloom6Tint=False,bOverride_Bloom6Size=False,bOverride_BloomSizeScale=False,bOverride_BloomDirtMaskIntensity=False,bOverride_BloomDirtMaskTint=False,bOverride_BloomDirtMask=False,bOverride_AutoExposureMethod=True,bOverride_AutoExposureLowPercent=False,bOverride_AutoExposureHighPercent=False,bOverride_AutoExposureMinBrightness=True,bOverride_AutoExposureMaxBrightness=True,bOverride_AutoExposureSpeedUp=False,bOverride_AutoExposureSpeedDown=False,bOverride_AutoExposureBias=True,bOverride_HistogramLogMin=True,bOverride_HistogramLogMax=True,bOverride_LensFlareIntensity=False,bOverride_LensFlareTint=False,bOverride_LensFlareTints=False,bOverride_LensFlareBokehSize=False,bOverride_LensFlareBokehShape=False,bOverride_LensFlareThreshold=False,bOverride_VignetteIntensity=True,bOverride_GrainIntensity=False,bOverride_GrainJitter=False,bOverride_AmbientOcclusionIntensity=True,bOverride_AmbientOcclusionStaticFraction=True,bOverride_AmbientOcclusionRadius=True,bOverride_AmbientOcclusionFadeDistance=False,bOverride_AmbientOcclusionFadeRadius=False,bOverride_AmbientOcclusionDistance=False,bOverride_AmbientOcclusionRadiusInWS=False,bOverride_AmbientOcclusionPower=True,bOverride_AmbientOcclusionBias=True,bOverride_AmbientOcclusionQuality=True,bOverride_AmbientOcclusionMipBlend=True,bOverride_AmbientOcclusionMipScale=True,bOverride_AmbientOcclusionMipThreshold=True,bOverride_LPVIntensity=False,bOverride_LPVDirectionalOcclusionIntensity=False,bOverride_LPVDirectionalOcclusionRadius=False,bOverride_LPVDiffuseOcclusionExponent=False,bOverride_LPVSpecularOcclusionExponent=False,bOverride_LPVDiffuseOcclusionIntensity=False,bOverride_LPVSpecularOcclusionIntensity=False,bOverride_LPVSize=False,bOverride_LPVSecondaryOcclusionIntensity=False,bOverride_LPVSecondaryBounceIntensity=False,bOverride_LPVGeometryVolumeBias=False,bOverride_LPVVplInjectionBias=False,bOverride_LPVEmissiveInjectionIntensity=False,bOverride_IndirectLightingColor=False,bOverride_IndirectLightingIntensity=False,bOverride_ColorGradingIntensity=True,bOverride_ColorGradingLUT=True,bOverride_DepthOfFieldFocalDistance=False,bOverride_DepthOfFieldFstop=False,bOverride_DepthOfFieldSensorWidth=False,bOverride_DepthOfFieldDepthBlurRadius=False,bOverride_DepthOfFieldDepthBlurAmount=False,bOverride_DepthOfFieldFocalRegion=False,bOverride_DepthOfFieldNearTransitionRegion=False,bOverride_DepthOfFieldFarTransitionRegion=False,bOverride_DepthOfFieldScale=True,bOverride_DepthOfFieldMaxBokehSize=False,bOverride_DepthOfFieldNearBlurSize=False,bOverride_DepthOfFieldFarBlurSize=False,bOverride_DepthOfFieldMethod=True,bOverride_MobileHQGaussian=False,bOverride_DepthOfFieldBokehShape=False,bOverride_DepthOfFieldOcclusion=False,bOverride_DepthOfFieldColorThreshold=False,bOverride_DepthOfFieldSizeThreshold=False,bOverride_DepthOfFieldSkyFocusDistance=False,bOverride_DepthOfFieldVignetteSize=False,bOverride_MotionBlurAmount=False,bOverride_MotionBlurMax=False,bOverride_MotionBlurPerObjectSize=False,bOverride_ScreenPercentage=False,bOverride_AntiAliasingMethod=False,bOverride_ScreenSpaceReflectionIntensity=True,bOverride_ScreenSpaceReflectionQuality=True,bOverride_ScreenSpaceReflectionMaxRoughness=True,bOverride_ScreenSpaceReflectionRoughnessScale=False,WhiteTemp=6700.000000,WhiteTint=0.000000,ColorSaturation=(X=1.000000,Y=1.000000,Z=1.000000),ColorContrast=(X=1.000000,Y=1.000000,Z=1.000000),ColorGamma=(X=1.000000,Y=1.000000,Z=1.000000),ColorGain=(X=1.000000,Y=1.000000,Z=1.000000),ColorOffset=(X=0.005000,Y=0.005000,Z=0.005000),FilmWhitePoint=(R=1.000000,G=1.000000,B=1.000000,A=1.000000),FilmShadowTint=(R=1.000000,G=1.000000,B=1.000000,A=1.000000),FilmShadowTintBlend=0.500000,FilmShadowTintAmount=0.000000,FilmSaturation=1.000000,FilmChannelMixerRed=(R=1.000000,G=0.000000,B=0.000000,A=1.000000),FilmChannelMixerGreen=(R=0.000000,G=1.000000,B=0.000000,A=1.000000),FilmChannelMixerBlue=(R=0.000000,G=0.000000,B=1.000000,A=1.000000),FilmContrast=0.030000,FilmToeAmount=1.000000,FilmHealAmount=0.180000,FilmDynamicRange=4.000000,FilmSlope=0.880000,FilmToe=0.550000,FilmShoulder=0.260000,FilmBlackClip=0.000000,FilmWhiteClip=0.040000,SceneColorTint=(R=1.000000,G=1.000000,B=1.000000,A=1.000000),SceneFringeIntensity=0.000000,BloomIntensity=1.000000,BloomThreshold=1.000000,BloomSizeScale=4.000000,Bloom1Size=1.000000,Bloom2Size=4.000000,Bloom3Size=16.000000,Bloom4Size=32.000000,Bloom5Size=64.000000,Bloom6Size=64.000000,Bloom1Tint=(R=0.500000,G=0.500000,B=0.500000,A=1.000000),Bloom2Tint=(R=0.500000,G=0.500000,B=0.500000,A=1.000000),Bloom3Tint=(R=0.500000,G=0.500000,B=0.500000,A=1.000000),Bloom4Tint=(R=0.500000,G=0.500000,B=0.500000,A=1.000000),Bloom5Tint=(R=0.500000,G=0.500000,B=0.500000,A=1.000000),Bloom6Tint=(R=0.500000,G=0.500000,B=0.500000,A=1.000000),BloomDirtMaskIntensity=1.000000,BloomDirtMaskTint=(R=0.500000,G=0.500000,B=0.500000,A=1.000000),BloomDirtMask=None,LPVIntensity=1.000000,LPVVplInjectionBias=0.640000,LPVSize=5312.000000,LPVSecondaryOcclusionIntensity=0.000000,LPVSecondaryBounceIntensity=0.000000,LPVGeometryVolumeBias=0.384000,LPVEmissiveInjectionIntensity=1.000000,LPVDirectionalOcclusionIntensity=0.000000,LPVDirectionalOcclusionRadius=8.000000,LPVDiffuseOcclusionExponent=1.000000,LPVSpecularOcclusionExponent=7.000000,LPVDiffuseOcclusionIntensity=1.000000,LPVSpecularOcclusionIntensity=1.000000,AmbientCubemapTint=(R=1.000000,G=1.000000,B=1.000000,A=1.000000),AmbientCubemapIntensity=1.000000,AmbientCubemap=None,AutoExposureMethod=AEM_Histogram,AutoExposureLowPercent=80.000000,AutoExposureHighPercent=98.300003,AutoExposureMinBrightness=1.000000,AutoExposureMaxBrightness=1.000000,AutoExposureSpeedUp=3.000000,AutoExposureSpeedDown=1.000000,AutoExposureBias=0.330000,HistogramLogMin=-8.000000,HistogramLogMax=4.000000,LensFlareIntensity=1.000000,LensFlareTint=(R=1.000000,G=1.000000,B=1.000000,A=1.000000),LensFlareBokehSize=3.000000,LensFlareThreshold=8.000000,LensFlareBokehShape=None,LensFlareTints[0]=(R=1.000000,G=0.800000,B=0.400000,A=0.600000),LensFlareTints[1]=(R=1.000000,G=1.000000,B=0.600000,A=0.530000),LensFlareTints[2]=(R=0.800000,G=0.800000,B=1.000000,A=0.460000),LensFlareTints[3]=(R=0.500000,G=1.000000,B=0.400000,A=0.390000),LensFlareTints[4]=(R=0.500000,G=0.800000,B=1.000000,A=0.310000),LensFlareTints[5]=(R=0.900000,G=1.000000,B=0.800000,A=0.270000),LensFlareTints[6]=(R=1.000000,G=0.800000,B=0.400000,A=0.220000),LensFlareTints[7]=(R=0.900000,G=0.700000,B=0.700000,A=0.150000),VignetteIntensity=0.161468,GrainJitter=0.000000,GrainIntensity=0.000000,AmbientOcclusionIntensity=1.000000,AmbientOcclusionStaticFraction=1.000000,AmbientOcclusionRadius=73.477997,AmbientOcclusionRadiusInWS=False,AmbientOcclusionFadeDistance=8000.000000,AmbientOcclusionFadeRadius=5000.000000,AmbientOcclusionDistance=80.000000,AmbientOcclusionPower=1.200000,AmbientOcclusionBias=3.000000,AmbientOcclusionQuality=100.000000,AmbientOcclusionMipBlend=0.600000,AmbientOcclusionMipScale=1.700000,AmbientOcclusionMipThreshold=0.010000,IndirectLightingColor=(R=1.000000,G=1.000000,B=1.000000,A=1.000000),IndirectLightingIntensity=1.000000,ColorGradingIntensity=0.000000,ColorGradingLUT=Texture2D'/Engine/EditorResources/RGBTable16x1_AssetViewer.RGBTable16x1_AssetViewer',DepthOfFieldMethod=DOFM_BokehDOF,bMobileHQGaussian=False,DepthOfFieldFstop=4.000000,DepthOfFieldSensorWidth=24.576000,DepthOfFieldFocalDistance=1000.000000,DepthOfFieldDepthBlurAmount=1.000000,DepthOfFieldDepthBlurRadius=0.000000,DepthOfFieldFocalRegion=0.000000,DepthOfFieldNearTransitionRegion=300.000000,DepthOfFieldFarTransitionRegion=500.000000,DepthOfFieldScale=0.000000,DepthOfFieldMaxBokehSize=15.000000,DepthOfFieldNearBlurSize=15.000000,DepthOfFieldFarBlurSize=15.000000,DepthOfFieldBokehShape=None,DepthOfFieldOcclusion=0.400000,DepthOfFieldColorThreshold=1.000000,DepthOfFieldSizeThreshold=0.080000,DepthOfFieldSkyFocusDistance=0.000000,DepthOfFieldVignetteSize=200.000000,MotionBlurAmount=0.500000,MotionBlurMax=5.000000,MotionBlurPerObjectSize=0.500000,ScreenPercentage=100.000000,AntiAliasingMethod=AAM_TemporalAA,ScreenSpaceReflectionIntensity=100.000000,ScreenSpaceReflectionQuality=100.000000,ScreenSpaceReflectionMaxRoughness=1.000000,WeightedBlendables=(Array=),Blendables=),bPostProcessingEnabled=True,LightingRigRotation=109.389069,RotationSpeed=2.000000,DirectionalLightRotation=(Pitch=-39.999985,Yaw=-67.500015,Roll=0.000000))
[2017.04.19-03.42.31:907][  0]LogNetVersion: GetLocalNetworkVersion: CL: 3299760, ProjectName: project_lonesome, ProjectVersion: , EngineNetworkVersion: 2, GameNetworkVersion: 0, NetworkChecksum: 3824462427
[2017.04.19-03.42.31:954][  0]LogAssetRegistry: FAssetRegistry took 0.0221 seconds to start up
[2017.04.19-03.42.32:024][  0]LogPackageLocalizationCache: Processed 3 localized package path(s) for 2 prioritized culture(s) in 0.051447 seconds
[2017.04.19-03.42.32:030][  0]LogUObjectArray: 32494 objects as part of root set at end of initial load.
[2017.04.19-03.42.32:030][  0]LogUObjectAllocator: 7077256 out of 0 bytes used by permanent object pool.
[2017.04.19-03.42.32:030][  0]LogUObjectArray: CloseDisregardForGC: 0/0 objects in disregard for GC pool
[2017.04.19-03.42.32:093][  0]LogInit: WinSock: version 1.1 (2.2), MaxSocks=32767, MaxUdp=65467
[2017.04.19-03.42.34:022][  0]LogTcpMessaging: Initializing TcpMessaging bridge
[2017.04.19-03.42.34:064][  0]LogUdpMessaging: Initializing bridge on interface 0.0.0.0:0 to multicast group 230.0.0.1:6666.
[2017.04.19-03.42.34:567][  0]LogMaterial: Uniform references updated for custom material expression Custom.
[2017.04.19-03.42.34:982][  0]SourceControl: Info Source control is disabled
[2017.04.19-03.42.35:141][  0]SourceControl: Info Source control is disabled
[2017.04.19-03.42.35:201][  0]SourceControl: Info Source control is disabled
[2017.04.19-03.42.35:261][  0]SourceControl: Info Source control is disabled
[2017.04.19-03.42.36:594][  0]LogEngine: Initializing Engine...
[2017.04.19-03.42.36:594][  0]LogHMD: Failed to initialize OpenVR with code 110
[2017.04.19-03.42.36:851][  0]LogAIModule: Creating AISystem for world Untitled
[2017.04.19-03.42.36:864][  0]LogInit: XAudio2 using 'Speakers / Headphones (Realtek High Definition Audio)' : 2 channels at 48 kHz using 32 bits per sample (channel mask 0x3)
[2017.04.19-03.42.37:004][  0]LogInit: FAudioDevice initialized.
[2017.04.19-03.42.37:030][  0]LogDerivedDataCache: Saved boot cache 0.03s 50MB C:/Users/elmen/AppData/Local/UnrealEngine/4.15/DerivedDataCache/Boot.ddc.
[2017.04.19-03.42.37:034][  0]LogInit: Texture streaming: Enabled
[2017.04.19-03.42.37:122][  0]LogEngineSessionManager: EngineSessionManager initialized
[2017.04.19-03.42.37:289][  0]LogInit: Transaction tracking system initialized
[2017.04.19-03.42.37:652][  0]BlueprintLog: New page: Editor Load
[2017.04.19-03.42.38:668][  0]LocalizationService: Info Localization service is disabled
[2017.04.19-03.42.39:308][  0]LogConsoleResponse:Display: 
[2017.04.19-03.42.39:488][  0]LogCook:Display: Max memory allowance for cook 16384mb min free memory 0mb
[2017.04.19-03.42.39:488][  0]LogCook:Display: Mobile HDR setting 1
[2017.04.19-03.42.40:492][  0]LogFileCache: Scanning file cache for directory 'H:/Documents/GitHub/ProjectLonesomeRecovered/Project_lonesome 4.15/Content/' took 0.02s
[2017.04.19-03.42.40:535][  0]SourceControl: Info Source control is disabled
[2017.04.19-03.42.40:535][  0]Cmd: MAP LOAD FILE="../../../../../../Documents/GitHub/ProjectLonesomeRecovered/Project_lonesome 4.15/Content/FirstPersonBP/Maps/FirstPersonExampleMap.umap" TEMPLATE=0 SHOWPROGRESS=1 FEATURELEVEL=3
[2017.04.19-03.42.40:643][  0]LightingResults: New page: Lighting Build
[2017.04.19-03.42.40:708][  0]MapCheck: New page: Map Check
[2017.04.19-03.42.40:708][  0]LightingResults: New page: Lighting Build
[2017.04.19-03.42.52:416][  0]LogAIModule: Creating AISystem for world FirstPersonExampleMap
[2017.04.19-03.42.52:451][  0]LogActorComponent: RegisterComponentWithWorld: (/Game/FirstPersonBP/Maps/FirstPersonExampleMap.FirstPersonExampleMap:PersistentLevel.WorldInfo_0.StaticMeshComponent0) Trying to register component with IsPendingKill() == true. Aborting.
[2017.04.19-03.42.52:597][  0]LogEditorServer: Finished looking for orphan Actors (0.000 secs)
[2017.04.19-03.42.52:680][  0]Cmd: MAP CHECKDEP NOCLEARLOG
[2017.04.19-03.42.52:739][  0]MapCheck: Info Map check complete: 0 Error(s), 0 Warning(s), took 58.408ms to complete.
[2017.04.19-03.42.52:739][  0]LogFileHelpers: Loading map 'FirstPersonExampleMap' took 12.204
[2017.04.19-03.42.52:807][  0]LogWindowsTextInputMethodSystem:Display: IME system now deactivated.
[2017.04.19-03.42.53:511][  0]LogCollectionManager: Loaded 1 collections in 0.038605 seconds
[2017.04.19-03.42.53:683][  0]LogFileCache: Scanning file cache for directory 'H:/Documents/GitHub/ProjectLonesomeRecovered/Project_lonesome 4.15/Saved/Collections/' took 0.01s
[2017.04.19-03.42.53:683][  0]LogFileCache: Scanning file cache for directory 'H:/Documents/GitHub/ProjectLonesomeRecovered/Project_lonesome 4.15/Content/Developers/elmen/Collections/' took 0.01s
[2017.04.19-03.42.53:683][  0]LogFileCache: Scanning file cache for directory 'H:/Documents/GitHub/ProjectLonesomeRecovered/Project_lonesome 4.15/Content/Collections/' took 0.01s
[2017.04.19-03.42.53:683][  0]LogCollectionManager: Rebuilt the GUID cache for 1 collections in 0.000010 seconds
[2017.04.19-03.42.53:696][  0]LogCollectionManager: Rebuilt the hierarchy cache for 1 collections in 0.000002 seconds
[2017.04.19-03.42.53:712][  0]LogContentBrowser: Native class hierarchy populated in 0.0142 seconds. Added 2245 classes and 453 folders.
[2017.04.19-03.42.53:843][  0]LogStats: UGameplayTagsManager::ConstructGameplayTagTree: Construct from data asset -  0.000 s
[2017.04.19-03.42.53:843][  0]LogStats: UGameplayTagsManager::ConstructGameplayTagTree: GameplayTagTreeChangedEvent.Broadcast -  0.000 s
[2017.04.19-03.42.53:899][  0]LogContentBrowser: Native class hierarchy updated for 'WidgetCarousel' in 0.0005 seconds. Added 0 classes and 0 folders.
[2017.04.19-03.42.57:004][  0]LogContentBrowser: Native class hierarchy updated for 'AddContentDialog' in 0.0007 seconds. Added 0 classes and 0 folders.
[2017.04.19-03.42.57:277][  0]LogContentBrowser: Native class hierarchy updated for 'SceneOutliner' in 0.0006 seconds. Added 1 classes and 2 folders.
[2017.04.19-03.42.58:058][  0]LogCrashTracker: Crashtracker disabled due to settings.
[2017.04.19-03.42.58:083][  0]LogUObjectGlobals:Warning: Failed to find object 'Class None.'
[2017.04.19-03.42.58:145][  0]LogContentBrowser: Native class hierarchy updated for 'HierarchicalLODOutliner' in 0.0006 seconds. Added 1 classes and 2 folders.
[2017.04.19-03.42.58:146][  0]LogLoad: (Engine Initialization) Total time: 35.15 seconds
[2017.04.19-03.42.58:146][  0]LogLoad: (Engine Initialization) Total Blueprint compile time: 1.45 seconds
[2017.04.19-03.42.58:146][  0]LogExternalProfiler: Found external profiler: VSPerf
[2017.04.19-03.42.58:146][  0]LogExternalProfiler: Using external profiler: VSPerf
[2017.04.19-03.42.58:155][  0]LogOcInput: OculusInput pre-init called
[2017.04.19-03.42.58:156][  0]LoadErrors:Error: Error /Game/FirstPersonBP/Blueprints/FirstPersonCharacter : Failed import for EnumProperty /Game/UMG/GameHud.GameHud_C:InventoryVisible
[2017.04.19-03.42.58:305][  0]LogContentStreaming: Texture pool size now 1000 MB
[2017.04.19-03.42.58:343][  0]LogSlate: Took 0.000491 seconds to synchronously load lazily loaded font '../../../Engine/Content/Slate/Fonts/Roboto-Regular.ttf' (155K)
[2017.04.19-03.42.58:351][  0]LogSlate: Took 0.000459 seconds to synchronously load lazily loaded font '../../../Engine/Content/Slate/Fonts/Roboto-Bold.ttf' (160K)
[2017.04.19-03.42.58:564][  0]LogSlate: Took 0.071457 seconds to synchronously load lazily loaded font '../../../Engine/Content/Editor/Slate/Fonts/FontAwesome.ttf' (139K)
[2017.04.19-03.42.58:954][  0]LogRenderer: Reallocating scene render targets to support 828x388 NumSamples 1 (Frame:2).
[2017.04.19-03.42.58:954][  0]LogSlate: Took 0.078088 seconds to synchronously load lazily loaded font '../../../Engine/Content/Slate/Fonts/Roboto-Light.ttf' (159K)
[2017.04.19-03.42.59:538][  3]LogAssetRegistry: Asset discovery search completed in 27.6058 seconds
[2017.04.19-03.42.59:538][  3]LogCollectionManager: Rebuilt the object cache for 1 collections in 0.000016 seconds (found 0 objects)
[2017.04.19-03.42.59:538][  3]LogCollectionManager: Fixed up redirectors for 1 collections in 0.000038 seconds (updated 0 objects)
[2017.04.19-03.43.11:077][352]LogRenderer: Reallocating scene render targets to support 1208x576 NumSamples 1 (Frame:1331).
[2017.04.19-03.43.12:201][483]LogTemp: Repeting last play command: Selected Viewport
[2017.04.19-03.43.12:216][483]LogBlueprintUserMessages: Early PlayInEditor Detection: Level '/Game/FirstPersonBP/Maps/FirstPersonExampleMap.FirstPersonExampleMap:PersistentLevel' has LevelScriptBlueprint '/Game/FirstPersonBP/Maps/FirstPersonExampleMap.FirstPersonExampleMap:PersistentLevel.FirstPersonExampleMap' with GeneratedClass '/Game/FirstPersonBP/Maps/FirstPersonExampleMap.FirstPersonExampleMap_C' with ClassGeneratedBy '/Game/FirstPersonBP/Maps/FirstPersonExampleMap.FirstPersonExampleMap:PersistentLevel.FirstPersonExampleMap'
[2017.04.19-03.43.12:217][483]LogPlayLevel: PlayLevel: No blueprints needed recompiling
[2017.04.19-03.43.12:217][483]PIE: New page: PIE session: FirstPersonExampleMap (Apr 18, 2017, 1:43:12 PM)
[2017.04.19-03.43.12:217][483]LogPlayLevel: Creating play world package: /Game/FirstPersonBP/Maps/UEDPIE_0_FirstPersonExampleMap
[2017.04.19-03.43.12:220][483]LogPlayLevel: PIE: StaticDuplicateObject took: (0.002284s)
[2017.04.19-03.43.12:220][483]LogAIModule: Creating AISystem for world FirstPersonExampleMap
[2017.04.19-03.43.12:221][483]LogPlayLevel: PIE: World Init took: (0.000958s)
[2017.04.19-03.43.12:221][483]LogPlayLevel: PIE: Created PIE world by copying editor world from /Game/FirstPersonBP/Maps/FirstPersonExampleMap.FirstPersonExampleMap to /Game/FirstPersonBP/Maps/UEDPIE_0_FirstPersonExampleMap.FirstPersonExampleMap (0.003526s)
[2017.04.19-03.43.12:255][483]LogInit: XAudio2 using 'Speakers / Headphones (Realtek High Definition Audio)' : 2 channels at 48 kHz using 32 bits per sample (channel mask 0x3)
[2017.04.19-03.43.12:271][483]LogInit: FAudioDevice initialized.
[2017.04.19-03.43.12:386][483]LogLoad: Game class is 'FirstPersonGameMode_C'
[2017.04.19-03.43.12:389][483]LogWorld: Bringing World /Game/FirstPersonBP/Maps/UEDPIE_0_FirstPersonExampleMap.FirstPersonExampleMap up for play (max tick rate 0) at 2017.04.18-20.43.12
[2017.04.19-03.43.12:389][483]LogWorld: Bringing up level for play took: 0.001828
[2017.04.19-03.43.12:457][483]LogContentBrowser: Native class hierarchy updated for 'MovieSceneCapture' in 0.0006 seconds. Added 11 classes and 0 folders.
[2017.04.19-03.43.12:457][483]LogGameMode:Display: Match State Changed from EnteringMap to WaitingToStart
[2017.04.19-03.43.12:457][483]LogGameState: Match State Changed from EnteringMap to WaitingToStart
[2017.04.19-03.43.12:457][483]LogGameMode:Display: Match State Changed from WaitingToStart to InProgress
[2017.04.19-03.43.12:460][483]LogGameState: Match State Changed from WaitingToStart to InProgress
[2017.04.19-03.43.12:460][483]PIE: Info Play in editor start time for /Game/FirstPersonBP/Maps/UEDPIE_0_FirstPersonExampleMap -0.308
[2017.04.19-03.43.12:461][483]LogBlueprintUserMessages: Late PlayInEditor Detection: Level '/Game/FirstPersonBP/Maps/FirstPersonExampleMap.FirstPersonExampleMap:PersistentLevel' has LevelScriptBlueprint '/Game/FirstPersonBP/Maps/FirstPersonExampleMap.FirstPersonExampleMap:PersistentLevel.FirstPersonExampleMap' with GeneratedClass '/Game/FirstPersonBP/Maps/FirstPersonExampleMap.FirstPersonExampleMap_C' with ClassGeneratedBy '/Game/FirstPersonBP/Maps/FirstPersonExampleMap.FirstPersonExampleMap:PersistentLevel.FirstPersonExampleMap'
[2017.04.19-03.43.37:564][427]LogGameMode:Display: Match State Changed from InProgress to LeavingMap
[2017.04.19-03.43.37:564][427]LogGameState: Match State Changed from InProgress to LeavingMap
[2017.04.19-03.43.37:565][427]LogNet: Browse: /Game/Levels/Second-Floor
[2017.04.19-03.43.37:594][427]LogLoad: LoadMap: /Game/Levels/Second-Floor
[2017.04.19-03.43.37:634][427]Cmd: MEM
[2017.04.19-03.43.37:947][427]LogMemory: Platform Memory Stats for Windows
[2017.04.19-03.43.37:948][427]LogMemory: Process Physical Memory: 1005.83 MB used, 1085.93 MB peak
[2017.04.19-03.43.37:948][427]LogMemory: Process Virtual Memory: 1357.43 MB used, 1378.43 MB peak
[2017.04.19-03.43.37:948][427]LogMemory: Physical Memory: 8199.08 MB used,  8145.87 MB free, 16344.95 MB total
[2017.04.19-03.43.37:948][427]LogMemory: Virtual Memory: 2144.29 MB used,  8145.87 MB free, 134217728.00 MB total
[2017.04.19-03.43.37:948][427]LogMemory: 
[2017.04.19-03.43.37:948][427]Allocator Stats for TBB: (not implemented)
[2017.04.19-03.44.09:306][427]LogAIModule: Creating AISystem for world Second-Floor
[2017.04.19-03.44.09:306][427]LogLoad: Game class is 'FirstPersonGameMode_C'
[2017.04.19-03.44.09:387][427]LogWorld: Bringing World /Game/Levels/UEDPIE_0_Second-Floor.Second-Floor up for play (max tick rate 3) at 2017.04.18-20.44.09
[2017.04.19-03.44.09:389][427]LogWorld: Bringing up level for play took: 0.080766
[2017.04.19-03.44.09:390][427]LogGameMode: FindPlayerStart: PATHS NOT DEFINED or NO PLAYERSTART with positive rating
[2017.04.19-03.44.09:390][427]LogGameMode:Display: Match State Changed from EnteringMap to WaitingToStart
[2017.04.19-03.44.09:390][427]LogGameState: Match State Changed from EnteringMap to WaitingToStart
[2017.04.19-03.44.09:390][427]LogGameMode:Display: Match State Changed from WaitingToStart to InProgress
[2017.04.19-03.44.09:392][427]LogBlueprintUserMessages: [Second-Floor_C_3] false
[2017.04.19-03.44.09:392][427]LogBlueprintUserMessages: [Second-Floor_C_3] false
[2017.04.19-03.44.09:392][427]LogBlueprintUserMessages: [Second-Floor_C_3] false
[2017.04.19-03.44.09:426][427]LogGameState: Match State Changed from WaitingToStart to InProgress
[2017.04.19-03.44.09:426][427]LogLoad: Took 31.832079 seconds to LoadMap(/Game/Levels/Second-Floor)
[2017.04.19-03.44.31:895][247]LogCharacterMovement: FirstPersonCharacter_C_1 is stuck and failed to move! Velocity: X=-32.21 Y=-1.69 Z=0.00 Location: X=-10.82 Y=-1054.92 Z=283.15 Normal: X=0.79 Y=-0.62 Z=-0.00 PenetrationDepth:1.957 Actor:Door_Room203 Component:Door BoneName:None (0 other events since notify)
[2017.04.19-03.44.44:591][939]LogBlueprintUserMessages: [RopeBP_380] true
[2017.04.19-03.44.44:591][939]LogBlueprintUserMessages: [RopeBP_380] deleted yet?
[2017.04.19-03.46.21:546][651]LogScript:Warning: Attempted to access TriggerBox_1 via property TriggerBox_1_ExecuteUbergraph_Second-Floor_RefProperty, but TriggerBox_1 is pending kill
	Second-Floor_C /Game/Levels/UEDPIE_0_Second-Floor.Second-Floor:PersistentLevel.Second-Floor_C_3
	Function /Game/Levels/UEDPIE_0_Second-Floor.Second-Floor_C:ExecuteUbergraph_Second-Floor:1586
[2017.04.19-03.46.21:546][651]PIE:Error: Error Blueprint Runtime Error: Attempted to access TriggerBox_1 via property TriggerBox_1_ExecuteUbergraph_Second-Floor_RefProperty, but TriggerBox_1 is pending kill from function: 'ExecuteUbergraph_Second-Floor' from node: DestroyActor in graph: EventGraph in object: Second-Floor with description: Attempted to access TriggerBox_1 via property TriggerBox_1_ExecuteUbergraph_Second-Floor_RefProperty, but TriggerBox_1 is pending kill
[2017.04.19-03.46.22:690][673]LogScript:Warning: Attempted to access TriggerBox_1 via property TriggerBox_1_ExecuteUbergraph_Second-Floor_RefProperty, but TriggerBox_1 is pending kill
	Second-Floor_C /Game/Levels/UEDPIE_0_Second-Floor.Second-Floor:PersistentLevel.Second-Floor_C_3
	Function /Game/Levels/UEDPIE_0_Second-Floor.Second-Floor_C:ExecuteUbergraph_Second-Floor:1586
[2017.04.19-03.46.22:690][673]PIE:Error: Error Blueprint Runtime Error: Attempted to access TriggerBox_1 via property TriggerBox_1_ExecuteUbergraph_Second-Floor_RefProperty, but TriggerBox_1 is pending kill from function: 'ExecuteUbergraph_Second-Floor' from node: DestroyActor in graph: EventGraph in object: Second-Floor with description: Attempted to access TriggerBox_1 via property TriggerBox_1_ExecuteUbergraph_Second-Floor_RefProperty, but TriggerBox_1 is pending kill
[2017.04.19-03.46.23:323][683]LogSpawn:Warning: SpawnActor failed because of collision at the spawn location [X=2073.000 Y=5474.000 Z=329.000] for [Janitor_AI_C]
[2017.04.19-03.46.23:324][683]LogScript:Warning: Attempted to access TriggerBox_1 via property TriggerBox_1_ExecuteUbergraph_Second-Floor_RefProperty, but TriggerBox_1 is pending kill
	Second-Floor_C /Game/Levels/UEDPIE_0_Second-Floor.Second-Floor:PersistentLevel.Second-Floor_C_3
	Function /Game/Levels/UEDPIE_0_Second-Floor.Second-Floor_C:ExecuteUbergraph_Second-Floor:1586
[2017.04.19-03.46.23:324][683]PIE:Error: Error Blueprint Runtime Error: Attempted to access TriggerBox_1 via property TriggerBox_1_ExecuteUbergraph_Second-Floor_RefProperty, but TriggerBox_1 is pending kill from function: 'ExecuteUbergraph_Second-Floor' from node: DestroyActor in graph: EventGraph in object: Second-Floor with description: Attempted to access TriggerBox_1 via property TriggerBox_1_ExecuteUbergraph_Second-Floor_RefProperty, but TriggerBox_1 is pending kill
[2017.04.19-03.46.23:558][687]LogScript:Warning: Attempted to access TriggerBox_1 via property TriggerBox_1_ExecuteUbergraph_Second-Floor_RefProperty, but TriggerBox_1 is pending kill
	Second-Floor_C /Game/Levels/UEDPIE_0_Second-Floor.Second-Floor:PersistentLevel.Second-Floor_C_3
	Function /Game/Levels/UEDPIE_0_Second-Floor.Second-Floor_C:ExecuteUbergraph_Second-Floor:1586
[2017.04.19-03.46.23:558][687]PIE:Error: Error Blueprint Runtime Error: Attempted to access TriggerBox_1 via property TriggerBox_1_ExecuteUbergraph_Second-Floor_RefProperty, but TriggerBox_1 is pending kill from function: 'ExecuteUbergraph_Second-Floor' from node: DestroyActor in graph: EventGraph in object: Second-Floor with description: Attempted to access TriggerBox_1 via property TriggerBox_1_ExecuteUbergraph_Second-Floor_RefProperty, but TriggerBox_1 is pending kill
[2017.04.19-03.46.23:758][690]LogSpawn:Warning: SpawnActor failed because of collision at the spawn location [X=2073.000 Y=5474.000 Z=329.000] for [Janitor_AI_C]
[2017.04.19-03.46.23:758][690]LogScript:Warning: Attempted to access TriggerBox_1 via property TriggerBox_1_ExecuteUbergraph_Second-Floor_RefProperty, but TriggerBox_1 is pending kill
	Second-Floor_C /Game/Levels/UEDPIE_0_Second-Floor.Second-Floor:PersistentLevel.Second-Floor_C_3
	Function /Game/Levels/UEDPIE_0_Second-Floor.Second-Floor_C:ExecuteUbergraph_Second-Floor:1586
[2017.04.19-03.46.23:759][690]PIE:Error: Error Blueprint Runtime Error: Attempted to access TriggerBox_1 via property TriggerBox_1_ExecuteUbergraph_Second-Floor_RefProperty, but TriggerBox_1 is pending kill from function: 'ExecuteUbergraph_Second-Floor' from node: DestroyActor in graph: EventGraph in object: Second-Floor with description: Attempted to access TriggerBox_1 via property TriggerBox_1_ExecuteUbergraph_Second-Floor_RefProperty, but TriggerBox_1 is pending kill
[2017.04.19-03.46.23:975][693]LogSpawn:Warning: SpawnActor failed because of collision at the spawn location [X=2073.000 Y=5474.000 Z=329.000] for [Janitor_AI_C]
[2017.04.19-03.46.23:975][693]LogScript:Warning: Attempted to access TriggerBox_1 via property TriggerBox_1_ExecuteUbergraph_Second-Floor_RefProperty, but TriggerBox_1 is pending kill
	Second-Floor_C /Game/Levels/UEDPIE_0_Second-Floor.Second-Floor:PersistentLevel.Second-Floor_C_3
	Function /Game/Levels/UEDPIE_0_Second-Floor.Second-Floor_C:ExecuteUbergraph_Second-Floor:1586
[2017.04.19-03.46.23:975][693]PIE:Error: Error Blueprint Runtime Error: Attempted to access TriggerBox_1 via property TriggerBox_1_ExecuteUbergraph_Second-Floor_RefProperty, but TriggerBox_1 is pending kill from function: 'ExecuteUbergraph_Second-Floor' from node: DestroyActor in graph: EventGraph in object: Second-Floor with description: Attempted to access TriggerBox_1 via property TriggerBox_1_ExecuteUbergraph_Second-Floor_RefProperty, but TriggerBox_1 is pending kill
[2017.04.19-03.46.24:197][696]LogSpawn:Warning: SpawnActor failed because of collision at the spawn location [X=2073.000 Y=5474.000 Z=329.000] for [Janitor_AI_C]
[2017.04.19-03.46.24:198][696]LogScript:Warning: Attempted to access TriggerBox_1 via property TriggerBox_1_ExecuteUbergraph_Second-Floor_RefProperty, but TriggerBox_1 is pending kill
	Second-Floor_C /Game/Levels/UEDPIE_0_Second-Floor.Second-Floor:PersistentLevel.Second-Floor_C_3
	Function /Game/Levels/UEDPIE_0_Second-Floor.Second-Floor_C:ExecuteUbergraph_Second-Floor:1586
[2017.04.19-03.46.24:198][696]PIE:Error: Error Blueprint Runtime Error: Attempted to access TriggerBox_1 via property TriggerBox_1_ExecuteUbergraph_Second-Floor_RefProperty, but TriggerBox_1 is pending kill from function: 'ExecuteUbergraph_Second-Floor' from node: DestroyActor in graph: EventGraph in object: Second-Floor with description: Attempted to access TriggerBox_1 via property TriggerBox_1_ExecuteUbergraph_Second-Floor_RefProperty, but TriggerBox_1 is pending kill
[2017.04.19-03.46.30:518][784]LogCharacterMovement: Janitor_AI_C_2 is stuck and failed to move! Velocity: X=42.66 Y=-143.81 Z=0.00 Location: X=1993.65 Y=4437.39 Z=273.06 Normal: X=-0.78 Y=0.62 Z=-0.12 PenetrationDepth:8.822 Actor:Janitor_AI_C_0 Component:CharacterMesh0 BoneName:head (0 other events since notify)
[2017.04.19-03.46.46:271][ 11]LogBlueprintUserMessages: Early EndPlayMap Detection: Level '/Game/FirstPersonBP/Maps/FirstPersonExampleMap.FirstPersonExampleMap:PersistentLevel' has LevelScriptBlueprint '/Game/FirstPersonBP/Maps/FirstPersonExampleMap.FirstPersonExampleMap:PersistentLevel.FirstPersonExampleMap' with GeneratedClass '/Game/FirstPersonBP/Maps/FirstPersonExampleMap.FirstPersonExampleMap_C' with ClassGeneratedBy '/Game/FirstPersonBP/Maps/FirstPersonExampleMap.FirstPersonExampleMap:PersistentLevel.FirstPersonExampleMap'
[2017.04.19-03.46.46:420][ 11]LogBlueprintUserMessages: Late EndPlayMap Detection: Level '/Game/FirstPersonBP/Maps/FirstPersonExampleMap.FirstPersonExampleMap:PersistentLevel' has LevelScriptBlueprint '/Game/FirstPersonBP/Maps/FirstPersonExampleMap.FirstPersonExampleMap:PersistentLevel.FirstPersonExampleMap' with GeneratedClass '/Game/FirstPersonBP/Maps/FirstPersonExampleMap.FirstPersonExampleMap_C' with ClassGeneratedBy '/Game/FirstPersonBP/Maps/FirstPersonExampleMap.FirstPersonExampleMap:PersistentLevel.FirstPersonExampleMap'
[2017.04.19-03.47.51:426][715]LogWindowsTextInputMethodSystem:Display: IME system now deactivated.
[2017.04.19-03.47.51:734][716]Cmd: QUIT_EDITOR
[2017.04.19-03.47.52:029][716]LogExit: Preparing to exit.
[2017.04.19-03.47.52:290][716]LogDirectoryWatcher: A directory notification for 'H:/Documents/GitHub/ProjectLonesomeRecovered/Project_lonesome 4.15/Content/' was aborted.
[2017.04.19-03.47.52:329][716]LogExit: Editor shut down
[2017.04.19-03.47.52:329][716]LogExit: Transaction tracking system shut down
[2017.04.19-03.47.52:438][716]LogObj: Freed 0b from 0 cluster array pools.
[2017.04.19-03.47.52:446][716]LogExit: Object subsystem successfully closed.
[2017.04.19-03.47.52:462][716]LogD3D11RHI: Shutdown
[2017.04.19-03.47.52:462][716]LogD3D11RHI: CleanupD3DDevice
[2017.04.19-03.47.52:546][716]LogD3D11RHI: ~FD3D11DynamicRHI
[2017.04.19-03.47.52:555][716]LogModuleManager: Shutting down and abandoning module MovieSceneCapture (500)
[2017.04.19-03.47.52:555][716]LogModuleManager: Shutting down and abandoning module HierarchicalLODOutliner (498)
[2017.04.19-03.47.52:555][716]LogModuleManager: Shutting down and abandoning module CrashTracker (496)
[2017.04.19-03.47.52:555][716]LogModuleManager: Shutting down and abandoning module SceneOutliner (494)
[2017.04.19-03.47.52:555][716]LogModuleManager: Shutting down and abandoning module AddContentDialog (492)
[2017.04.19-03.47.52:555][716]LogDirectoryWatcher: A directory notification for 'H:/Program Files/Epic Games/UE_4.15/FeaturePacks/' was aborted.
[2017.04.19-03.47.52:556][716]LogModuleManager: Shutting down and abandoning module WidgetCarousel (491)
[2017.04.19-03.47.52:556][716]LogModuleManager: Shutting down and abandoning module EditorWidgets (488)
[2017.04.19-03.47.52:556][716]LogModuleManager: Shutting down and abandoning module CollectionManager (486)
[2017.04.19-03.47.52:556][716]LogDirectoryWatcher: A directory notification for 'H:/Documents/GitHub/ProjectLonesomeRecovered/Project_lonesome 4.15/Content/Collections/' was aborted.
[2017.04.19-03.47.52:556][716]LogDirectoryWatcher: A directory notification for 'H:/Documents/GitHub/ProjectLonesomeRecovered/Project_lonesome 4.15/Content/Developers/elmen/Collections/' was aborted.
[2017.04.19-03.47.52:556][716]LogDirectoryWatcher: A directory notification for 'H:/Documents/GitHub/ProjectLonesomeRecovered/Project_lonesome 4.15/Saved/Collections/' was aborted.
[2017.04.19-03.47.52:556][716]LogModuleManager: Shutting down and abandoning module StatsViewer (484)
[2017.04.19-03.47.52:556][716]LogModuleManager: Shutting down and abandoning module FoliageEdit (482)
[2017.04.19-03.47.52:556][716]LogModuleManager: Shutting down and abandoning module LandscapeEditor (480)
[2017.04.19-03.47.52:556][716]LogModuleManager: Shutting down and abandoning module SceneDepthPickerMode (478)
[2017.04.19-03.47.52:556][716]LogModuleManager: Shutting down and abandoning module ActorPickerMode (476)
[2017.04.19-03.47.52:556][716]LogModuleManager: Shutting down and abandoning module GeometryMode (474)
[2017.04.19-03.47.52:556][716]LogModuleManager: Shutting down and abandoning module TextureAlignMode (472)
[2017.04.19-03.47.52:556][716]LogModuleManager: Shutting down and abandoning module BspMode (470)
[2017.04.19-03.47.52:556][716]LogModuleManager: Shutting down and abandoning module HardwareSurvey (468)
[2017.04.19-03.47.52:556][716]LogModuleManager: Shutting down and abandoning module SequenceRecorderSections (466)
[2017.04.19-03.47.52:556][716]LogModuleManager: Shutting down and abandoning module AutomationWorker (464)
[2017.04.19-03.47.52:556][716]LogModuleManager: Shutting down and abandoning module MatineeToLevelSequence (462)
[2017.04.19-03.47.52:556][716]LogModuleManager: Shutting down and abandoning module LevelSequenceEditor (460)
[2017.04.19-03.47.52:556][716]LogModuleManager: Shutting down and abandoning module PlacementMode (459)
[2017.04.19-03.47.52:556][716]LogModuleManager: Shutting down and abandoning module WmfMediaFactory (456)
[2017.04.19-03.47.52:556][716]LogModuleManager: Shutting down and abandoning module WmfMediaEditor (454)
[2017.04.19-03.47.52:556][716]LogModuleManager: Shutting down and abandoning module MfMediaFactory (452)
[2017.04.19-03.47.52:556][716]LogModuleManager: Shutting down and abandoning module MfMediaEditor (450)
[2017.04.19-03.47.52:556][716]LogModuleManager: Shutting down and abandoning module AvfMediaFactory (448)
[2017.04.19-03.47.52:556][716]LogModuleManager: Shutting down and abandoning module AvfMediaEditor (446)
[2017.04.19-03.47.52:556][716]LogModuleManager: Shutting down and abandoning module AndroidMediaFactory (444)
[2017.04.19-03.47.52:556][716]LogModuleManager: Shutting down and abandoning module Media (443)
[2017.04.19-03.47.52:556][716]LogModuleManager: Shutting down and abandoning module AndroidMediaEditor (440)
[2017.04.19-03.47.52:556][716]LogModuleManager: Shutting down and abandoning module CharacterAI (438)
[2017.04.19-03.47.52:557][716]LogModuleManager: Shutting down and abandoning module AudioCapture (436)
[2017.04.19-03.47.52:557][716]LogModuleManager: Shutting down and abandoning module SequenceRecorder (435)
[2017.04.19-03.47.52:557][716]LogModuleManager: Shutting down and abandoning module SmartSnapping (432)
[2017.04.19-03.47.52:557][716]LogModuleManager: Shutting down and abandoning module SessionServices (430)
[2017.04.19-03.47.52:557][716]LogModuleManager: Shutting down and abandoning module ViewportSnapping (428)
[2017.04.19-03.47.52:557][716]LogModuleManager: Shutting down and abandoning module ViewportInteraction (426)
[2017.04.19-03.47.52:557][716]LogModuleManager: Shutting down and abandoning module LogVisualizer (424)
[2017.04.19-03.47.52:557][716]LogModuleManager: Shutting down and abandoning module IntroTutorials (422)
[2017.04.19-03.47.52:557][716]LogModuleManager: Shutting down and abandoning module GameProjectGeneration (421)
[2017.04.19-03.47.52:557][716]LogModuleManager: Shutting down and abandoning module EditorLiveStreaming (418)
[2017.04.19-03.47.52:557][716]LogModuleManager: Shutting down and abandoning module IOSPlatformEditor (416)
[2017.04.19-03.47.52:557][716]LogModuleManager: Shutting down and abandoning module HTML5PlatformEditor (414)
[2017.04.19-03.47.52:557][716]LogModuleManager: Shutting down and abandoning module AndroidPlatformEditor (412)
[2017.04.19-03.47.52:557][716]LogModuleManager: Shutting down and abandoning module AndroidDeviceDetection (411)
[2017.04.19-03.47.53:120][716]LogModuleManager: Shutting down and abandoning module IOSRuntimeSettings (408)
[2017.04.19-03.47.53:121][716]LogModuleManager: Shutting down and abandoning module AndroidRuntimeSettings (406)
[2017.04.19-03.47.53:121][716]LogModuleManager: Shutting down and abandoning module InputBindingEditor (404)
[2017.04.19-03.47.53:121][716]LogModuleManager: Shutting down and abandoning module NiagaraEditor (402)
[2017.04.19-03.47.53:121][716]LogModuleManager: Shutting down and abandoning module MergeActors (400)
[2017.04.19-03.47.53:121][716]LogModuleManager: Shutting down and abandoning module SizeMap (398)
[2017.04.19-03.47.53:121][716]LogModuleManager: Shutting down and abandoning module TreeMap (396)
[2017.04.19-03.47.53:121][716]LogModuleManager: Shutting down and abandoning module ReferenceViewer (394)
[2017.04.19-03.47.53:121][716]LogModuleManager: Shutting down and abandoning module LocalizationDashboard (392)
[2017.04.19-03.47.53:121][716]LogModuleManager: Shutting down and abandoning module LocalizationService (391)
[2017.04.19-03.47.53:121][716]LogModuleManager: Shutting down and abandoning module HardwareTargeting (388)
[2017.04.19-03.47.53:121][716]LogModuleManager: Shutting down and abandoning module DeviceProfileEditor (386)
[2017.04.19-03.47.53:121][716]LogModuleManager: Shutting down and abandoning module UndoHistory (384)
[2017.04.19-03.47.53:121][716]LogModuleManager: Shutting down and abandoning module UserFeedback (382)
[2017.04.19-03.47.53:121][716]LogModuleManager: Shutting down and abandoning module XmlParser (380)
[2017.04.19-03.47.53:121][716]LogModuleManager: Shutting down and abandoning module Blutility (378)
[2017.04.19-03.47.53:121][716]LogModuleManager: Shutting down and abandoning module ProjectSettingsViewer (376)
[2017.04.19-03.47.53:121][716]LogModuleManager: Shutting down and abandoning module ProjectTargetPlatformEditor (375)
[2017.04.19-03.47.53:121][716]LogModuleManager: Shutting down and abandoning module EditorSettingsViewer (372)
[2017.04.19-03.47.53:122][716]LogModuleManager: Shutting down and abandoning module SettingsEditor (370)
[2017.04.19-03.47.53:122][716]LogModuleManager: Shutting down and abandoning module ProjectLauncher (368)
[2017.04.19-03.47.53:122][716]LogModuleManager: Shutting down and abandoning module SessionFrontend (366)
[2017.04.19-03.47.53:122][716]LogModuleManager: Shutting down and abandoning module ProfilerClient (364)
[2017.04.19-03.47.53:122][716]LogModuleManager: Shutting down and abandoning module DeviceManager (362)
[2017.04.19-03.47.53:122][716]LogModuleManager: Shutting down and abandoning module TargetDeviceServices (361)
[2017.04.19-03.47.53:164][716]LogModuleManager: Shutting down and abandoning module AutomationController (358)
[2017.04.19-03.47.53:164][716]LogModuleManager: Shutting down and abandoning module AutomationWindow (356)
[2017.04.19-03.47.53:164][716]LogModuleManager: Shutting down and abandoning module Layers (354)
[2017.04.19-03.47.53:164][716]LogModuleManager: Shutting down and abandoning module ComponentVisualizers (352)
[2017.04.19-03.47.53:164][716]LogModuleManager: Shutting down and abandoning module DetailCustomizations (350)
[2017.04.19-03.47.53:164][716]LogModuleManager: Shutting down and abandoning module PackagesDialog (348)
[2017.04.19-03.47.53:164][716]LogModuleManager: Shutting down and abandoning module Persona (346)
[2017.04.19-03.47.53:164][716]LogModuleManager: Shutting down and abandoning module AnimGraph (345)
[2017.04.19-03.47.53:164][716]LogModuleManager: Shutting down and abandoning module Kismet (342)
[2017.04.19-03.47.53:167][716]LogModuleManager: Shutting down and abandoning module GraphEditor (340)
[2017.04.19-03.47.53:167][716]LogModuleManager: Shutting down and abandoning module ClassViewer (338)
[2017.04.19-03.47.53:167][716]LogModuleManager: Shutting down and abandoning module Toolbox (336)
[2017.04.19-03.47.53:167][716]LogModuleManager: Shutting down and abandoning module ModuleUI (334)
[2017.04.19-03.47.53:167][716]LogModuleManager: Shutting down and abandoning module MovieSceneTools (332)
[2017.04.19-03.47.53:167][716]LogModuleManager: Shutting down and abandoning module OutputLog (330)
[2017.04.19-03.47.53:167][716]LogModuleManager: Shutting down and abandoning module GammaUI (328)
[2017.04.19-03.47.53:167][716]LogModuleManager: Shutting down and abandoning module Documentation (326)
[2017.04.19-03.47.53:167][716]LogModuleManager: Shutting down and abandoning module Niagara (324)
[2017.04.19-03.47.53:167][716]LogModuleManager: Shutting down and abandoning module StreamingPauseRendering (322)
[2017.04.19-03.47.53:167][716]LogModuleManager: Shutting down and abandoning module AnalyticsET (320)
[2017.04.19-03.47.53:167][716]LogModuleManager: Shutting down and abandoning module PortalServices (318)
[2017.04.19-03.47.53:167][716]LogModuleManager: Shutting down and abandoning module PortalRpc (316)
[2017.04.19-03.47.53:167][716]LogModuleManager: Shutting down and abandoning module MessagingRpc (314)
[2017.04.19-03.47.53:167][716]LogModuleManager: Shutting down and abandoning module AIModule (312)
[2017.04.19-03.47.53:167][716]LogModuleManager: Shutting down and abandoning module GameplayDebugger (311)
[2017.04.19-03.47.53:167][716]LogModuleManager: Shutting down and abandoning module AITestSuite (309)
[2017.04.19-03.47.53:167][716]LogModuleManager: Shutting down and abandoning module ProfilerService (306)
[2017.04.19-03.47.53:197][716]LogModuleManager: Shutting down and abandoning module TaskGraph (304)
[2017.04.19-03.47.53:197][716]LogModuleManager: Shutting down and abandoning module SteamVRController (302)
[2017.04.19-03.47.53:197][716]LogModuleManager: Shutting down and abandoning module SteamVR (300)
[2017.04.19-03.47.53:197][716]LogModuleManager: Shutting down and abandoning module ProceduralMeshComponentEditor (298)
[2017.04.19-03.47.53:197][716]LogModuleManager: Shutting down and abandoning module ProceduralMeshComponent (296)
[2017.04.19-03.47.53:197][716]LogModuleManager: Shutting down and abandoning module OculusLibrary (294)
[2017.04.19-03.47.53:197][716]LogModuleManager: Shutting down and abandoning module OculusInput (292)
[2017.04.19-03.47.53:197][716]LogModuleManager: Shutting down and abandoning module MobilePatchingUtils (290)
[2017.04.19-03.47.53:197][716]LogModuleManager: Shutting down and abandoning module CustomMeshComponent (288)
[2017.04.19-03.47.53:197][716]LogModuleManager: Shutting down and abandoning module CableComponent (286)
[2017.04.19-03.47.53:197][716]LogModuleManager: Shutting down and abandoning module ArchVisCharacter (284)
[2017.04.19-03.47.53:197][716]LogModuleManager: Shutting down and abandoning module MediaPlayerEditor (280)
[2017.04.19-03.47.53:197][716]LogModuleManager: Shutting down and abandoning module HTML5Networking (278)
[2017.04.19-03.47.53:197][716]LogModuleManager: Shutting down and abandoning module AlembicImporter (276)
[2017.04.19-03.47.53:197][716]LogModuleManager: Shutting down and abandoning module AlembicLibrary (275)
[2017.04.19-03.47.53:197][716]LogModuleManager: Shutting down and abandoning module GeometryCache (274)
[2017.04.19-03.47.53:197][716]LogModuleManager: Shutting down and abandoning module GeometryCacheEd (273)
[2017.04.19-03.47.53:197][716]LogModuleManager: Shutting down and abandoning module SuperSearchEditor (268)
[2017.04.19-03.47.53:197][716]LogModuleManager: Shutting down and abandoning module SuperSearch (267)
[2017.04.19-03.47.53:197][716]LogModuleManager: Shutting down and abandoning module SpeedTreeImporter (264)
[2017.04.19-03.47.53:197][716]LogModuleManager: Shutting down and abandoning module PluginBrowser (262)
[2017.04.19-03.47.53:197][716]LogModuleManager: Shutting down and abandoning module MobileLauncherProfileWizard (260)
[2017.04.19-03.47.53:198][716]LogModuleManager: Shutting down and abandoning module EpicSurvey (258)
[2017.04.19-03.47.53:198][716]LogModuleManager: Shutting down and abandoning module VisualStudioSourceCodeAccess (256)
[2017.04.19-03.47.53:198][716]LogModuleManager: Shutting down and abandoning module DesktopPlatform (255)
[2017.04.19-03.47.53:198][716]LogModuleManager: Shutting down and abandoning module UObjectPlugin (252)
[2017.04.19-03.47.53:198][716]LogModuleManager: Shutting down and abandoning module SubversionSourceControl (250)
[2017.04.19-03.47.53:198][716]LogModuleManager: Shutting down and abandoning module PerforceSourceControl (248)
[2017.04.19-03.47.53:198][716]LogModuleManager: Shutting down and abandoning module GitSourceControl (246)
[2017.04.19-03.47.53:198][716]LogModuleManager: Shutting down and abandoning module SourceControl (245)
[2017.04.19-03.47.53:198][716]LogModuleManager: Shutting down and abandoning module LightPropagationVolumeEditor (242)
[2017.04.19-03.47.53:198][716]LogModuleManager: Shutting down and abandoning module PaperTiledImporter (240)
[2017.04.19-03.47.53:198][716]LogModuleManager: Shutting down and abandoning module PaperSpriteSheetImporter (238)
[2017.04.19-03.47.53:198][716]LogModuleManager: Shutting down and abandoning module Paper2DEditor (236)
[2017.04.19-03.47.53:198][716]LogModuleManager: Shutting down and abandoning module MeshPaint (235)
[2017.04.19-03.47.53:198][716]LogModuleManager: Shutting down and abandoning module LevelEditor (233)
[2017.04.19-03.47.53:199][716]LogModuleManager: Shutting down and abandoning module PixelInspectorModule (232)
[2017.04.19-03.47.53:199][716]LogModuleManager: Shutting down and abandoning module MainFrame (230)
[2017.04.19-03.47.53:199][716]LogModuleManager: Shutting down and abandoning module HotReload (229)
[2017.04.19-03.47.53:199][716]LogModuleManager: Shutting down and abandoning module ContentBrowser (225)
[2017.04.19-03.47.53:200][716]LogModuleManager: Shutting down and abandoning module PhysXVehiclesEditor (222)
[2017.04.19-03.47.53:200][716]LogModuleManager: Shutting down and abandoning module PhysXVehicles (220)
[2017.04.19-03.47.53:200][716]LogModuleManager: Shutting down and abandoning module LocationServicesBPLibrary (218)
[2017.04.19-03.47.53:200][716]LogModuleManager: Shutting down and abandoning module UdpMessaging (216)
[2017.04.19-03.47.53:301][716]LogModuleManager: Shutting down and abandoning module TcpMessaging (214)
[2017.04.19-03.47.53:402][716]LogModuleManager: Shutting down and abandoning module GameplayTagsEditor (212)
[2017.04.19-03.47.53:402][716]LogModuleManager: Shutting down and abandoning module FacialAnimationEditor (210)
[2017.04.19-03.47.53:402][716]LogModuleManager: Shutting down and abandoning module FacialAnimation (208)
[2017.04.19-03.47.53:402][716]LogModuleManager: Shutting down and abandoning module LightPropagationVolumeRuntime (206)
[2017.04.19-03.47.53:402][716]LogModuleManager: Shutting down and abandoning module Paper2D (204)
[2017.04.19-03.47.53:402][716]LogModuleManager: Shutting down and abandoning module WindowsMoviePlayer (202)
[2017.04.19-03.47.53:402][716]LogModuleManager: Shutting down and abandoning module WmfMedia (200)
[2017.04.19-03.47.53:402][716]LogModuleManager: Shutting down and abandoning module MfMedia (198)
[2017.04.19-03.47.53:402][716]LogModuleManager: Shutting down and abandoning module MediaAssets (196)
[2017.04.19-03.47.53:402][716]LogModuleManager: Shutting down and abandoning module GameLiveStreaming (194)
[2017.04.19-03.47.53:402][716]LogModuleManager: Shutting down and abandoning module VREditor (192)
[2017.04.19-03.47.53:402][716]LogModuleManager: Shutting down and abandoning module GameplayTasksEditor (190)
[2017.04.19-03.47.53:402][716]LogModuleManager: Shutting down and abandoning module BehaviorTreeEditor (188)
[2017.04.19-03.47.53:402][716]LogModuleManager: Shutting down and abandoning module FunctionalTesting (186)
[2017.04.19-03.47.53:402][716]LogModuleManager: Shutting down and abandoning module CollisionAnalyzer (184)
[2017.04.19-03.47.53:402][716]LogModuleManager: Shutting down and abandoning module UMG (182)
[2017.04.19-03.47.53:403][716]LogModuleManager: Shutting down and abandoning module UMGEditor (181)
[2017.04.19-03.47.53:403][716]LogModuleManager: Shutting down and abandoning module Sequencer (180)
[2017.04.19-03.47.53:403][716]LogModuleManager: Shutting down and abandoning module AssetTools (178)
[2017.04.19-03.47.53:403][716]LogModuleManager: Shutting down and abandoning module MessageLog (177)
[2017.04.19-03.47.53:403][716]LogModuleManager: Shutting down and abandoning module WorkspaceMenuStructure (176)
[2017.04.19-03.47.53:403][716]LogModuleManager: Shutting down and abandoning module SlateReflector (170)
[2017.04.19-03.47.53:403][716]LogModuleManager: Shutting down and abandoning module Slate (168)
[2017.04.19-03.47.53:403][716]LogModuleManager: Shutting down and abandoning module EditorStyle (166)
[2017.04.19-03.47.53:407][716]LogModuleManager: Shutting down and abandoning module SourceCodeAccess (164)
[2017.04.19-03.47.53:407][716]LogModuleManager: Shutting down and abandoning module HeadMountedDisplay (162)
[2017.04.19-03.47.53:407][716]LogModuleManager: Shutting down and abandoning module XAudio2 (160)
[2017.04.19-03.47.53:407][716]LogModuleManager: Shutting down and abandoning module Networking (158)
[2017.04.19-03.47.53:407][716]LogModuleManager: Shutting down and abandoning module Core (154)
[2017.04.19-03.47.53:407][716]LogModuleManager: Shutting down and abandoning module AssetRegistry (152)
[2017.04.19-03.47.53:569][716]LogDirectoryWatcher: A directory notification for '../../../Engine/Content/' was aborted.
[2017.04.19-03.47.53:569][716]LogDirectoryWatcher: A directory notification for '../../../../../../Documents/GitHub/ProjectLonesomeRecovered/Project_lonesome 4.15/Content/' was aborted.
[2017.04.19-03.47.53:569][716]LogDirectoryWatcher: A directory notification for '../../../Engine/Plugins/2D/Paper2D/Content/' was aborted.
[2017.04.19-03.47.53:569][716]LogModuleManager: Shutting down and abandoning module DirectoryWatcher (151)
[2017.04.19-03.47.53:569][716]LogModuleManager: Shutting down and abandoning module KismetCompiler (148)
[2017.04.19-03.47.53:569][716]LogModuleManager: Shutting down and abandoning module PhysXFormats (146)
[2017.04.19-03.47.53:570][716]LogModuleManager: Shutting down and abandoning module MeshUtilities (144)
[2017.04.19-03.47.53:570][716]LogModuleManager: Shutting down and abandoning module SimplygonSwarm (143)
[2017.04.19-03.47.53:570][716]LogModuleManager: Shutting down and abandoning module SimplygonMeshReduction (141)
[2017.04.19-03.47.53:570][716]LogModuleManager: Shutting down and abandoning module QuadricMeshReduction (139)
[2017.04.19-03.47.53:570][716]LogModuleManager: Shutting down and abandoning module PropertyEditor (137)
[2017.04.19-03.47.53:570][716]LogModuleManager: Shutting down and abandoning module DerivedDataCache (134)
[2017.04.19-03.47.53:603][716]LogDerivedDataCache: Shutdown
[2017.04.19-03.47.53:603][716]LogModuleManager: Shutting down and abandoning module TargetPlatform (132)
[2017.04.19-03.47.53:603][716]LogModuleManager: Shutting down and abandoning module VulkanShaderFormat (131)
[2017.04.19-03.47.53:603][716]LogModuleManager: Shutting down and abandoning module ShaderFormatOpenGL (129)
[2017.04.19-03.47.53:603][716]LogModuleManager: Shutting down and abandoning module ShaderFormatD3D (127)
[2017.04.19-03.47.53:603][716]LogModuleManager: Shutting down and abandoning module MetalShaderFormat (125)
[2017.04.19-03.47.53:603][716]LogModuleManager: Shutting down and abandoning module TextureFormatUncompressed (123)
[2017.04.19-03.47.53:603][716]LogModuleManager: Shutting down and abandoning module TextureFormatPVR (121)
[2017.04.19-03.47.53:603][716]LogModuleManager: Shutting down and abandoning module TextureFormatDXT (119)
[2017.04.19-03.47.53:603][716]LogModuleManager: Shutting down and abandoning module TextureFormatIntelISPCTexComp (117)
[2017.04.19-03.47.53:603][716]LogModuleManager: Shutting down and abandoning module TextureFormatASTC (115)
[2017.04.19-03.47.53:603][716]LogModuleManager: Shutting down and abandoning module ImageWrapper (114)
[2017.04.19-03.47.53:603][716]LogModuleManager: Shutting down and abandoning module TextureFormatAndroid (111)
[2017.04.19-03.47.53:603][716]LogModuleManager: Shutting down and abandoning module AudioFormatOpus (109)
[2017.04.19-03.47.53:603][716]LogModuleManager: Shutting down and abandoning module AudioFormatOgg (107)
[2017.04.19-03.47.53:603][716]LogModuleManager: Shutting down and abandoning module AudioFormatADPCM (105)
[2017.04.19-03.47.53:603][716]LogModuleManager: Shutting down and abandoning module LinuxTargetPlatform (103)
[2017.04.19-03.47.53:604][716]LogModuleManager: Shutting down and abandoning module LinuxServerTargetPlatform (101)
[2017.04.19-03.47.53:604][716]LogModuleManager: Shutting down and abandoning module LinuxNoEditorTargetPlatform (99)
[2017.04.19-03.47.53:604][716]LogModuleManager: Shutting down and abandoning module LinuxClientTargetPlatform (97)
[2017.04.19-03.47.53:604][716]LogModuleManager: Shutting down and abandoning module TVOSTargetPlatform (95)
[2017.04.19-03.47.53:604][716]LogModuleManager: Shutting down and abandoning module Messaging (93)
[2017.04.19-03.47.53:604][716]LogModuleManager: Shutting down and abandoning module IOSTargetPlatform (91)
[2017.04.19-03.47.53:604][716]LogModuleManager: Shutting down and abandoning module HTML5TargetPlatform (89)
[2017.04.19-03.47.53:604][716]LogModuleManager: Shutting down and abandoning module Android_PVRTCTargetPlatform (87)
[2017.04.19-03.47.53:604][716]LogModuleManager: Shutting down and abandoning module Android_MultiTargetPlatform (85)
[2017.04.19-03.47.53:604][716]LogModuleManager: Shutting down and abandoning module Android_ETC2TargetPlatform (83)
[2017.04.19-03.47.53:604][716]LogModuleManager: Shutting down and abandoning module Android_ETC1TargetPlatform (81)
[2017.04.19-03.47.53:604][716]LogModuleManager: Shutting down and abandoning module Android_DXTTargetPlatform (79)
[2017.04.19-03.47.53:604][716]LogModuleManager: Shutting down and abandoning module Android_ATCTargetPlatform (77)
[2017.04.19-03.47.53:604][716]LogModuleManager: Shutting down and abandoning module Android_ASTCTargetPlatform (75)
[2017.04.19-03.47.53:604][716]LogModuleManager: Shutting down and abandoning module AndroidTargetPlatform (73)
[2017.04.19-03.47.53:604][716]LogModuleManager: Shutting down and abandoning module WindowsTargetPlatform (71)
[2017.04.19-03.47.53:604][716]LogModuleManager: Shutting down and abandoning module WindowsServerTargetPlatform (69)
[2017.04.19-03.47.53:604][716]LogModuleManager: Shutting down and abandoning module WindowsNoEditorTargetPlatform (67)
[2017.04.19-03.47.53:604][716]LogModuleManager: Shutting down and abandoning module WindowsClientTargetPlatform (65)
[2017.04.19-03.47.53:604][716]LogModuleManager: Shutting down and abandoning module MacTargetPlatform (63)
[2017.04.19-03.47.53:604][716]LogModuleManager: Shutting down and abandoning module MacServerTargetPlatform (61)
[2017.04.19-03.47.53:604][716]LogModuleManager: Shutting down and abandoning module MacNoEditorTargetPlatform (59)
[2017.04.19-03.47.53:604][716]LogModuleManager: Shutting down and abandoning module MacClientTargetPlatform (57)
[2017.04.19-03.47.53:604][716]LogModuleManager: Shutting down and abandoning module AllDesktopTargetPlatform (55)
[2017.04.19-03.47.53:604][716]LogModuleManager: Shutting down and abandoning module InputCore (52)
[2017.04.19-03.47.53:604][716]LogModuleManager: Shutting down and abandoning module Settings (50)
[2017.04.19-03.47.53:604][716]LogModuleManager: Shutting down and abandoning module OculusRift (48)
[2017.04.19-03.47.53:604][716]LogModuleManager: Shutting down and abandoning module GearVR (46)
[2017.04.19-03.47.53:604][716]LogModuleManager: Shutting down and abandoning module ExampleDeviceProfileSelector (44)
[2017.04.19-03.47.53:604][716]LogModuleManager: Shutting down and abandoning module OnlineBlueprintSupport (42)
[2017.04.19-03.47.53:604][716]LogModuleManager: Shutting down and abandoning module OnlineSubsystem (38)
[2017.04.19-03.47.53:604][716]LogOnline:Display: Unloading online subsystem: NULL
[2017.04.19-03.47.53:604][716]LogModuleManager: Shutting down and abandoning module XMPP (37)
[2017.04.19-03.47.53:604][716]LogModuleManager: Shutting down and abandoning module HTTP (35)
[2017.04.19-03.47.53:604][716]LogHttp:Display: Http module shutting down, but needs to wait on 1 outstanding Http requests:
[2017.04.19-03.47.53:604][716]LogHttp:Display: 	verb=[POST] url=[https://datarouter.ol.epicgames.com/datarouter/api/v1/public/data?SessionID=%7B1053CF96-4589-963A-D22C-1AACFC95660D%7D&AppID=UEEditor.Rocket.Release&AppVersion=4.15.1-3348071%2B%2B%2BUE4%2BRelease-4.15&UserID=9363d7fd4e3e0adcf29a7c9bb0f96409%7Ccdbbf98d3d754678b70ab58708a0b131%7C50db7265-1a42-4a2a-99c2-71b2d571add2&AppEnvironment=datacollector-binary&UploadType=eteventstream] status=Processing
[2017.04.19-03.47.53:613][716]LogModuleManager: Shutting down and abandoning module SSL (34)
[2017.04.19-03.47.53:616][716]LogModuleManager: Shutting down and abandoning module AudioEditor (30)
[2017.04.19-03.47.53:616][716]LogModuleManager: Shutting down and abandoning module TextureCompressor (28)
[2017.04.19-03.47.53:616][716]LogModuleManager: Shutting down and abandoning module ShaderCore (26)
[2017.04.19-03.47.53:616][716]LogModuleManager: Shutting down and abandoning module Landscape (24)
[2017.04.19-03.47.53:616][716]LogModuleManager: Shutting down and abandoning module SlateRHIRenderer (22)
[2017.04.19-03.47.53:618][716]LogModuleManager: Shutting down and abandoning module OpenGLDrv (20)
[2017.04.19-03.47.53:618][716]LogModuleManager: Shutting down and abandoning module D3D11RHI (18)
[2017.04.19-03.47.53:618][716]LogModuleManager: Shutting down and abandoning module AnimGraphRuntime (16)
[2017.04.19-03.47.53:618][716]LogModuleManager: Shutting down and abandoning module Renderer (14)
[2017.04.19-03.47.53:618][716]LogModuleManager: Shutting down and abandoning module Engine (12)
[2017.04.19-03.47.53:618][716]LogModuleManager: Shutting down and abandoning module CoreUObject (10)
[2017.04.19-03.47.53:618][716]LogModuleManager: Shutting down and abandoning module NetworkFile (8)
[2017.04.19-03.47.53:618][716]LogModuleManager: Shutting down and abandoning module StreamingFile (6)
[2017.04.19-03.47.53:618][716]LogModuleManager: Shutting down and abandoning module SandboxFile (4)
[2017.04.19-03.47.53:618][716]LogModuleManager: Shutting down and abandoning module PakFile (2)
[2017.04.19-03.47.53:621][716]LogExit: Exiting.
[2017.04.19-03.47.53:624][716]Log file closed, 04/18/17 20:47:53
