Log file open, 05/14/17 20:06:51
LogInit:Display: Running engine for game: Project_lonesome
LogPlatformFile: Not using cached read wrapper
LogInit:Display: RandInit(-2071533954) SRandInit(-2071533954).
LogTaskGraph: Started task graph with 5 named threads and 8 total threads with 1 sets of task threads.
LogStats: Stats thread started at 0.087619
LogInit: Using libcurl 7.47.1
LogInit:  - built for x86_64-pc-win32
LogInit:  - supports SSL with OpenSSL/1.0.2g
LogInit:  - supports HTTP deflate (compression) using libz 1.2.8
LogInit:  - other features:
LogInit:      CURL_VERSION_SSL
LogInit:      CURL_VERSION_LIBZ
LogInit:      CURL_VERSION_IPV6
LogInit:      CURL_VERSION_ASYNCHDNS
LogInit:      CURL_VERSION_LARGEFILE
LogInit:      CURL_VERSION_IDN
LogInit:  CurlRequestOptions (configurable via config and command line):
LogInit:  - bVerifyPeer = false  - Libcurl will NOT verify peer certificate
LogInit:  - bUseHttpProxy = false  - Libcurl will NOT use HTTP proxy
LogInit:  - bDontReuseConnections = false  - Libcurl will reuse connections
LogInit:  - CertBundlePath = nullptr  - Libcurl will use whatever was configured at build time.
LogInit: Build: ++UE4+Release-4.15-CL-3348071
LogInit: Engine Version: 4.15.1-3348071+++UE4+Release-4.15
LogInit: Compatible Engine Version: 4.15.0-3299760+++UE4+Release-4.15
LogInit: Net CL: 3299760
LogDevObjectVersion: Number of dev versions registered: 14
LogDevObjectVersion:   Dev-Blueprints (B0D832E4-1F89-4F0D-ACCF-7EB736FD4AA2): 8
LogDevObjectVersion:   Dev-Build (E1C64328-A22C-4D53-A36C-8E866417BD8C): 0
LogDevObjectVersion:   Dev-Core (375EC13C-06E4-48FB-B500-84F0262A717E): 2
LogDevObjectVersion:   Dev-Editor (E4B068ED-F494-42E9-A231-DA0B2E46BB41): 14
LogDevObjectVersion:   Dev-Framework (CFFC743F-43B0-4480-9391-14DF171D2073): 22
LogDevObjectVersion:   Dev-Mobile (B02B49B5-BB20-44E9-A304-32B752E40360): 0
LogDevObjectVersion:   Dev-Networking (A4E4105C-59A1-49B5-A7C5-40C4547EDFEE): 0
LogDevObjectVersion:   Dev-Online (39C831C9-5AE6-47DC-9A44-9C173E1C8E7C): 0
LogDevObjectVersion:   Dev-Physics (78F01B33-EBEA-4F98-B9B4-84EACCB95AA2): 0
LogDevObjectVersion:   Dev-Platform (6631380F-2D4D-43E0-8009-CF276956A95A): 0
LogDevObjectVersion:   Dev-Rendering (12F88B9F-8875-4AFC-A67C-D90C383ABD29): 12
LogDevObjectVersion:   Dev-Sequencer (7B5AE74C-D270-4C10-A958-57980B212A5A): 3
LogDevObjectVersion:   Dev-VR (D7296918-1DD6-4BDD-9DE2-64A83CC13884): 0
LogDevObjectVersion:   Dev-LoadTimes (C2A15278-BFE7-4AFE-6C17-90FF531DF755): 1
LogInit: Compiled (64-bit): Mar 15 2017 16:52:47
LogInit: Compiled with Visual C++: 19.00.23026.00
LogInit: Build Configuration: Development
LogInit: Branch Name: ++UE4+Release-4.15
LogInit: Command line: -EpicPortal 
LogInit: Base directory: C:/Program Files/Epic Games/UE_4.15/Engine/Binaries/Win64/
LogInit: Installed Engine Build: 1
LogInit: Presizing for max 8388607 objects, including 0 objects not considered by GC, pre-allocating 0 bytes for permanent pool.
LogInit: Object subsystem initialized
[2017.05.15-03.06.52:953][  0]LogInit: Selected Device Profile: [Windows]
[2017.05.15-03.06.52:953][  0]LogInit: Applying CVar settings loaded from the selected device profile: [Windows]
[2017.05.15-03.06.52:963][  0]LogInit: Computer: JEREMY-PC
[2017.05.15-03.06.52:963][  0]LogInit: User: Jeremy
[2017.05.15-03.06.52:963][  0]LogInit: CPU Page size=65536, Cores=4
[2017.05.15-03.06.52:963][  0]LogInit: High frequency timer resolution =3.312791 MHz
[2017.05.15-03.06.52:963][  0]LogMemory: Memory total: Physical=15.9GB (16GB approx)
[2017.05.15-03.06.52:963][  0]LogMemory: Platform Memory Stats for Windows
[2017.05.15-03.06.52:963][  0]LogMemory: Process Physical Memory: 264.70 MB used, 264.70 MB peak
[2017.05.15-03.06.52:963][  0]LogMemory: Process Virtual Memory: 262.44 MB used, 262.44 MB peak
[2017.05.15-03.06.52:963][  0]LogMemory: Physical Memory: 6616.97 MB used,  9684.14 MB free, 16301.11 MB total
[2017.05.15-03.06.52:963][  0]LogMemory: Virtual Memory: 631.00 MB used,  9684.14 MB free, 134217728.00 MB total
[2017.05.15-03.06.53:074][  0]LogTextLocalizationManager: No specific translations for ('en-US') exist, so ('en') translations will be used.
[2017.05.15-03.06.53:877][  0]LogD3D11RHI: D3D11 adapters:
[2017.05.15-03.06.54:370][  0]LogD3D11RHI:    0. 'NVIDIA GeForce GTX 1070' (Feature Level 11_0)
[2017.05.15-03.06.54:370][  0]LogD3D11RHI:       8145/0/8150 MB DedicatedVideo/DedicatedSystem/SharedSystem, Outputs:2, VendorId:0x10de
[2017.05.15-03.06.54:374][  0]LogD3D11RHI:    1. 'Intel(R) HD Graphics 3000' (Feature Level 10_0)
[2017.05.15-03.06.54:374][  0]LogD3D11RHI:       32/0/1632 MB DedicatedVideo/DedicatedSystem/SharedSystem, Outputs:0, VendorId:0x8086
[2017.05.15-03.06.54:375][  0]LogD3D11RHI:    2. 'Microsoft Basic Render Driver' (Feature Level 11_0)
[2017.05.15-03.06.54:375][  0]LogD3D11RHI:       0/0/8150 MB DedicatedVideo/DedicatedSystem/SharedSystem, Outputs:0, VendorId:0x1414
[2017.05.15-03.06.54:375][  0]LogD3D11RHI: Chosen D3D11 Adapter: 0
[2017.05.15-03.06.54:380][  0]LogD3D11RHI: Creating new Direct3DDevice
[2017.05.15-03.06.54:380][  0]LogD3D11RHI:     GPU DeviceId: 0x1b81 (for the marketing name, search the web for "GPU Device Id")
[2017.05.15-03.06.54:380][  0]LogWindows: EnumDisplayDevices:
[2017.05.15-03.06.54:380][  0]LogWindows:    0. 'NVIDIA GeForce GTX 1070' (P:0 D:1)
[2017.05.15-03.06.54:380][  0]LogWindows:    1. 'NVIDIA GeForce GTX 1070' (P:1 D:1)
[2017.05.15-03.06.54:380][  0]LogWindows:    2. 'NVIDIA GeForce GTX 1070' (P:0 D:0)
[2017.05.15-03.06.54:380][  0]LogWindows:    3. 'NVIDIA GeForce GTX 1070' (P:0 D:0)
[2017.05.15-03.06.54:381][  0]LogWindows:    4. 'Intel(R) HD Graphics 3000' (P:0 D:0)
[2017.05.15-03.06.54:381][  0]LogWindows:    5. 'Intel(R) HD Graphics 3000' (P:0 D:0)
[2017.05.15-03.06.54:381][  0]LogWindows: DebugString: PrimaryIsNotTheChoosenAdapter PrimaryIsNotTheChoosenAdapter FoundDriverCount:4 
[2017.05.15-03.06.54:381][  0]LogD3D11RHI:     Adapter Name: NVIDIA GeForce GTX 1070
[2017.05.15-03.06.54:381][  0]LogD3D11RHI:   Driver Version: 376.53 (internal:21.21.13.7653, unified:376.53)
[2017.05.15-03.06.54:381][  0]LogD3D11RHI:      Driver Date: 12-29-2016
[2017.05.15-03.06.54:381][  0]LogRHI: Texture pool is 1361 MB (70% of 1945 MB)
[2017.05.15-03.06.54:860][  0]LogD3D11RHI: Async texture creation enabled
[2017.05.15-03.06.54:892][  0]LogD3D11RHI: GPU Timing Frequency: 1000.000000 (Debug: 2 1)
[2017.05.15-03.06.54:984][  0]LogShaderCompilers: Guid format shader working directory is -48 characters bigger than the processId version (../../../../../../Users/Jeremy/Documents/GitHub/ProjectLonesomeRecovered/Project_lonesome 4.15/Intermediate/Shaders/WorkingDirectory/15076/).
[2017.05.15-03.06.54:984][  0]LogShaderCompilers: Cleaned the shader compiler working directory 'C:/Users/Jeremy/AppData/Local/Temp/UnrealShaderWorkingDir/2AD97FE445B90F481C73A9AD2364F76F/'.
[2017.05.15-03.06.54:984][  0]LogShaderCompilers:Display: Using Local Shader Compiler.
[2017.05.15-03.06.56:225][  0]LogTemp:Display: Loaded TP AllDesktopTargetPlatform
[2017.05.15-03.06.56:304][  0]LogTemp:Display: Loaded TP MacClientTargetPlatform
[2017.05.15-03.06.56:383][  0]LogTemp:Display: Loaded TP MacNoEditorTargetPlatform
[2017.05.15-03.06.56:462][  0]LogTemp:Display: Loaded TP MacServerTargetPlatform
[2017.05.15-03.06.56:541][  0]LogTemp:Display: Loaded TP MacTargetPlatform
[2017.05.15-03.06.56:621][  0]LogTemp:Display: Loaded TP WindowsClientTargetPlatform
[2017.05.15-03.06.56:701][  0]LogTemp:Display: Loaded TP WindowsNoEditorTargetPlatform
[2017.05.15-03.06.56:780][  0]LogTemp:Display: Loaded TP WindowsServerTargetPlatform
[2017.05.15-03.06.56:847][  0]LogTemp:Display: Loaded TP WindowsTargetPlatform
[2017.05.15-03.06.56:927][  0]LogTemp:Display: Loaded TP AndroidTargetPlatform
[2017.05.15-03.06.57:005][  0]LogTemp:Display: Loaded TP Android_ASTCTargetPlatform
[2017.05.15-03.06.57:083][  0]LogTemp:Display: Loaded TP Android_ATCTargetPlatform
[2017.05.15-03.06.57:164][  0]LogTemp:Display: Loaded TP Android_DXTTargetPlatform
[2017.05.15-03.06.57:245][  0]LogTemp:Display: Loaded TP Android_ETC1TargetPlatform
[2017.05.15-03.06.57:322][  0]LogTemp:Display: Loaded TP Android_ETC2TargetPlatform
[2017.05.15-03.06.57:491][  0]LogTemp:Display: Loaded TP Android_MultiTargetPlatform
[2017.05.15-03.06.57:491][  0]LogTemp:Display: Loaded TP Android_PVRTCTargetPlatform
[2017.05.15-03.06.57:556][  0]LogTemp:Display: Loaded TP HTML5TargetPlatform
[2017.05.15-03.06.57:693][  0]LogTemp:Display: Loaded TP IOSTargetPlatform
[2017.05.15-03.06.57:744][  0]LogTemp:Display: Loaded TP TVOSTargetPlatform
[2017.05.15-03.06.57:828][  0]LogTemp:Display: Loaded TP LinuxClientTargetPlatform
[2017.05.15-03.06.57:910][  0]LogTemp:Display: Loaded TP LinuxNoEditorTargetPlatform
[2017.05.15-03.06.57:990][  0]LogTemp:Display: Loaded TP LinuxServerTargetPlatform
[2017.05.15-03.06.58:068][  0]LogTemp:Display: Loaded TP LinuxTargetPlatform
[2017.05.15-03.06.58:068][  0]LogTargetPlatformManager:Display: Building Assets For Windows
[2017.05.15-03.06.58:732][  0]LogDerivedDataCache:Display: Max Cache Size: 512 MB
[2017.05.15-03.06.58:789][  0]LogDerivedDataCache: Loaded boot cache 0.06s 50MB C:/Users/Jeremy/AppData/Local/UnrealEngine/4.15/DerivedDataCache/Boot.ddc.
[2017.05.15-03.06.58:789][  0]LogDerivedDataCache:Display: Loaded Boot cache: C:/Users/Jeremy/AppData/Local/UnrealEngine/4.15/DerivedDataCache/Boot.ddc
[2017.05.15-03.06.58:789][  0]LogDerivedDataCache: FDerivedDataBackendGraph:  Pak pak cache file ../../../../../../Users/Jeremy/Documents/GitHub/ProjectLonesomeRecovered/Project_lonesome 4.15/DerivedDataCache/DDC.ddp not found, will not use a pak cache.
[2017.05.15-03.06.58:789][  0]LogDerivedDataCache: Unable to find inner node Pak for hierarchical cache Hierarchy.
[2017.05.15-03.06.58:789][  0]LogDerivedDataCache: FDerivedDataBackendGraph:  CompressedPak pak cache file ../../../../../../Users/Jeremy/Documents/GitHub/ProjectLonesomeRecovered/Project_lonesome 4.15/DerivedDataCache/Compressed.ddp not found, will not use a pak cache.
[2017.05.15-03.06.58:789][  0]LogDerivedDataCache: Unable to find inner node CompressedPak for hierarchical cache Hierarchy.
[2017.05.15-03.06.58:808][  0]LogDerivedDataCache:Display: Pak cache opened for reading ../../../Engine/DerivedDataCache/Compressed.ddp.
[2017.05.15-03.06.58:821][  0]LogDerivedDataCache: Using Local data cache path C:/Users/Jeremy/AppData/Local/UnrealEngine/Common/DerivedDataCache: Writable
[2017.05.15-03.06.58:831][  0]LogSlate: Using Freetype 2.6.0
[2017.05.15-03.06.58:832][  0]LogSlate: SlateFontCache - WITH_FREETYPE: 1, WITH_HARFBUZZ: 1
[2017.05.15-03.06.58:832][  0]LogSlate: SlateFontCache - WITH_FREETYPE: 1, WITH_HARFBUZZ: 1
[2017.05.15-03.06.59:225][  0]LogInit: Selected Device Profile: [Windows]
[2017.05.15-03.06.59:229][  0]LogContentStreaming: Texture pool size is 0.00 MB
[2017.05.15-03.06.59:537][  0]LogMeshUtilities: Using QuadricMeshReduction for automatic static mesh reduction
[2017.05.15-03.06.59:617][  0]LogSimplygon: Simplygon DLL not present - disabling.
[2017.05.15-03.06.59:700][  0]LogMeshUtilities: Using SimplygonSwarm for distributed automatic mesh merging
[2017.05.15-03.06.59:700][  0]LogMeshUtilities: No automatic skeletal mesh reduction module available
[2017.05.15-03.06.59:700][  0]LogMeshUtilities: No automatic mesh merging module available
[2017.05.15-03.07.00:411][  0]LogNetVersion: GetLocalNetworkVersion: CL: 3299760, ProjectName: project_lonesome, ProjectVersion: , EngineNetworkVersion: 2, GameNetworkVersion: 0, NetworkChecksum: 3824462427
[2017.05.15-03.07.00:468][  0]LogAssetRegistry: FAssetRegistry took 0.0220 seconds to start up
[2017.05.15-03.07.00:541][  0]LogPackageLocalizationCache: Processed 3 localized package path(s) for 2 prioritized culture(s) in 0.039429 seconds
[2017.05.15-03.07.00:548][  0]LogUObjectArray: 32493 objects as part of root set at end of initial load.
[2017.05.15-03.07.00:548][  0]LogUObjectAllocator: 7077024 out of 0 bytes used by permanent object pool.
[2017.05.15-03.07.00:548][  0]LogUObjectArray: CloseDisregardForGC: 0/0 objects in disregard for GC pool
[2017.05.15-03.07.00:640][  0]LogInit: WinSock: version 1.1 (2.2), MaxSocks=32767, MaxUdp=65467
[2017.05.15-03.07.03:052][  0]LogTcpMessaging: Initializing TcpMessaging bridge
[2017.05.15-03.07.03:106][  0]LogUdpMessaging: Initializing bridge on interface 0.0.0.0:0 to multicast group 230.0.0.1:6666.
[2017.05.15-03.07.03:763][  0]LogMaterial: Uniform references updated for custom material expression Custom.
[2017.05.15-03.07.04:334][  0]SourceControl: Info Source control is disabled
[2017.05.15-03.07.04:335][  0]SourceControl: Info Source control is disabled
[2017.05.15-03.07.04:419][  0]SourceControl: Info Source control is disabled
[2017.05.15-03.07.04:497][  0]SourceControl: Info Source control is disabled
[2017.05.15-03.07.06:452][  0]LogEngine: Initializing Engine...
[2017.05.15-03.07.06:452][  0]LogHMD: Failed to initialize OpenVR with code 110
[2017.05.15-03.07.06:752][  0]LogAIModule: Creating AISystem for world Untitled
[2017.05.15-03.07.06:771][  0]LogInit: XAudio2 using 'Headset Earphone (ASTRO MixAmp Pro           )' : 2 channels at 48 kHz using 16 bits per sample (channel mask 0x3)
[2017.05.15-03.07.06:803][  0]LogInit: FAudioDevice initialized.
[2017.05.15-03.07.06:828][  0]LogDerivedDataCache: Saved boot cache 0.03s 50MB C:/Users/Jeremy/AppData/Local/UnrealEngine/4.15/DerivedDataCache/Boot.ddc.
[2017.05.15-03.07.06:837][  0]LogInit: Texture streaming: Enabled
[2017.05.15-03.07.06:969][  0]LogEngineSessionManager: EngineSessionManager initialized
[2017.05.15-03.07.07:104][  0]LogInit: Transaction tracking system initialized
[2017.05.15-03.07.07:639][  0]BlueprintLog: New page: Editor Load
[2017.05.15-03.07.08:987][  0]LocalizationService: Info Localization service is disabled
[2017.05.15-03.07.10:015][  0]LogConsoleResponse:Display: 
[2017.05.15-03.07.10:161][  0]LogCook:Display: Max memory allowance for cook 16384mb min free memory 0mb
[2017.05.15-03.07.10:161][  0]LogCook:Display: Mobile HDR setting 1
[2017.05.15-03.07.11:111][  0]LogFileCache: Scanning file cache for directory 'C:/Users/Jeremy/Documents/GitHub/ProjectLonesomeRecovered/Project_lonesome 4.15/Content/' took 0.03s
[2017.05.15-03.07.11:730][  0]SourceControl: Info Source control is disabled
[2017.05.15-03.07.11:731][  0]LightingResults: New page: Lighting Build
[2017.05.15-03.07.11:795][  0]MapCheck: New page: Map Check
[2017.05.15-03.07.11:795][  0]LightingResults: New page: Lighting Build
[2017.05.15-03.07.13:636][  0]LogAIModule: Creating AISystem for world FirstPersonExampleMap
[2017.05.15-03.07.13:663][  0]LogEditorServer: Finished looking for orphan Actors (0.000 secs)
[2017.05.15-03.07.13:663][  0]Cmd: MAP CHECKDEP NOCLEARLOG
[2017.05.15-03.07.13:765][  0]MapCheck: Info Map check complete: 0 Error(s), 0 Warning(s), took 102.385ms to complete.
[2017.05.15-03.07.13:766][  0]LogFileHelpers: Loading map 'FirstPersonExampleMap' took 2.035
[2017.05.15-03.07.13:843][  0]LogWindowsTextInputMethodSystem:Display: IME system now deactivated.
[2017.05.15-03.07.13:990][  0]LogCollectionManager: Loaded 1 collections in 0.002306 seconds
[2017.05.15-03.07.14:102][  0]LogFileCache: Scanning file cache for directory 'C:/Users/Jeremy/Documents/GitHub/ProjectLonesomeRecovered/Project_lonesome 4.15/Saved/Collections/' took 0.01s
[2017.05.15-03.07.14:103][  0]LogFileCache: Scanning file cache for directory 'C:/Users/Jeremy/Documents/GitHub/ProjectLonesomeRecovered/Project_lonesome 4.15/Content/Developers/Jeremy/Collections/' took 0.01s
[2017.05.15-03.07.14:103][  0]LogFileCache: Scanning file cache for directory 'C:/Users/Jeremy/Documents/GitHub/ProjectLonesomeRecovered/Project_lonesome 4.15/Content/Collections/' took 0.01s
[2017.05.15-03.07.14:103][  0]LogCollectionManager: Rebuilt the GUID cache for 1 collections in 0.000004 seconds
[2017.05.15-03.07.14:103][  0]LogCollectionManager: Rebuilt the hierarchy cache for 1 collections in 0.000001 seconds
[2017.05.15-03.07.14:113][  0]LogContentBrowser: Native class hierarchy populated in 0.0097 seconds. Added 2245 classes and 453 folders.
[2017.05.15-03.07.14:116][  0]LogStats: UGameplayTagsManager::ConstructGameplayTagTree: Construct from data asset -  0.000 s
[2017.05.15-03.07.14:117][  0]LogStats: UGameplayTagsManager::ConstructGameplayTagTree: GameplayTagTreeChangedEvent.Broadcast -  0.000 s
[2017.05.15-03.07.14:232][  0]LogContentBrowser: Native class hierarchy updated for 'WidgetCarousel' in 0.0007 seconds. Added 0 classes and 0 folders.
[2017.05.15-03.07.14:296][  0]LogContentBrowser: Native class hierarchy updated for 'AddContentDialog' in 0.0006 seconds. Added 0 classes and 0 folders.
[2017.05.15-03.07.14:363][  0]LogContentBrowser: Native class hierarchy updated for 'SceneOutliner' in 0.0006 seconds. Added 1 classes and 2 folders.
[2017.05.15-03.07.14:422][  0]LogCrashTracker: Crashtracker disabled due to settings.
[2017.05.15-03.07.14:430][  0]LogUObjectGlobals:Warning: Failed to find object 'Class None.'
[2017.05.15-03.07.14:529][  0]LogContentBrowser: Native class hierarchy updated for 'HierarchicalLODOutliner' in 0.0006 seconds. Added 1 classes and 2 folders.
[2017.05.15-03.07.14:530][  0]LogLoad: (Engine Initialization) Total time: 24.06 seconds
[2017.05.15-03.07.14:530][  0]LogLoad: (Engine Initialization) Total Blueprint compile time: 0.79 seconds
[2017.05.15-03.07.14:530][  0]LogExternalProfiler: Found external profiler: VSPerf
[2017.05.15-03.07.14:530][  0]LogExternalProfiler: Using external profiler: VSPerf
[2017.05.15-03.07.14:540][  0]LogOcInput: OculusInput pre-init called
[2017.05.15-03.07.14:562][  0]LogContentStreaming: Texture pool size now 1000 MB
[2017.05.15-03.07.14:563][  0]LogSlate: Took 0.000285 seconds to synchronously load lazily loaded font '../../../Engine/Content/Slate/Fonts/Roboto-Regular.ttf' (155K)
[2017.05.15-03.07.14:567][  0]LogSlate: Took 0.000416 seconds to synchronously load lazily loaded font '../../../Engine/Content/Slate/Fonts/Roboto-Bold.ttf' (160K)
[2017.05.15-03.07.14:574][  0]LogSlate: Took 0.000388 seconds to synchronously load lazily loaded font '../../../Engine/Content/Editor/Slate/Fonts/FontAwesome.ttf' (139K)
[2017.05.15-03.07.14:764][  0]LogRenderer: Reallocating scene render targets to support 1208x580 NumSamples 1 (Frame:2).
[2017.05.15-03.07.15:235][  2]LogSlate: Took 0.000191 seconds to synchronously load lazily loaded font '../../../Engine/Content/Slate/Fonts/Roboto-Light.ttf' (159K)
[2017.05.15-03.07.15:559][  3]LogAssetRegistry: Asset discovery search completed in 15.1132 seconds
[2017.05.15-03.07.15:560][  3]LogCollectionManager: Rebuilt the object cache for 1 collections in 0.000008 seconds (found 0 objects)
[2017.05.15-03.07.15:560][  3]LogCollectionManager: Fixed up redirectors for 1 collections in 0.000024 seconds (updated 0 objects)
[2017.05.15-03.07.19:429][307]LogTemp: Repeting last play command: New Editor Window (PIE)
[2017.05.15-03.07.19:451][307]LogBlueprintUserMessages: Early PlayInEditor Detection: Level '/Game/FirstPersonBP/Maps/FirstPersonExampleMap.FirstPersonExampleMap:PersistentLevel' has LevelScriptBlueprint '/Game/FirstPersonBP/Maps/FirstPersonExampleMap.FirstPersonExampleMap:PersistentLevel.FirstPersonExampleMap' with GeneratedClass '/Game/FirstPersonBP/Maps/FirstPersonExampleMap.FirstPersonExampleMap_C' with ClassGeneratedBy '/Game/FirstPersonBP/Maps/FirstPersonExampleMap.FirstPersonExampleMap:PersistentLevel.FirstPersonExampleMap'
[2017.05.15-03.07.19:451][307]LogPlayLevel: PlayLevel: No blueprints needed recompiling
[2017.05.15-03.07.19:452][307]PIE: New page: PIE session: FirstPersonExampleMap (May 14, 2017, 1:07:19 PM)
[2017.05.15-03.07.19:452][307]LogPlayLevel: Creating play world package: /Game/FirstPersonBP/Maps/UEDPIE_0_FirstPersonExampleMap
[2017.05.15-03.07.19:454][307]LogPlayLevel: PIE: StaticDuplicateObject took: (0.001974s)
[2017.05.15-03.07.19:455][307]LogAIModule: Creating AISystem for world FirstPersonExampleMap
[2017.05.15-03.07.19:455][307]LogPlayLevel: PIE: World Init took: (0.000683s)
[2017.05.15-03.07.19:455][307]LogPlayLevel: PIE: Created PIE world by copying editor world from /Game/FirstPersonBP/Maps/FirstPersonExampleMap.FirstPersonExampleMap to /Game/FirstPersonBP/Maps/UEDPIE_0_FirstPersonExampleMap.FirstPersonExampleMap (0.002866s)
[2017.05.15-03.07.19:495][307]LogInit: XAudio2 using 'Headset Earphone (ASTRO MixAmp Pro           )' : 2 channels at 48 kHz using 16 bits per sample (channel mask 0x3)
[2017.05.15-03.07.19:503][307]LogInit: FAudioDevice initialized.
[2017.05.15-03.07.19:599][307]LogLoad: Game class is 'FirstPersonGameMode_C'
[2017.05.15-03.07.19:602][307]LogWorld: Bringing World /Game/FirstPersonBP/Maps/UEDPIE_0_FirstPersonExampleMap.FirstPersonExampleMap up for play (max tick rate 0) at 2017.05.14-20.07.19
[2017.05.15-03.07.19:602][307]LogWorld: Bringing up level for play took: 0.001828
[2017.05.15-03.07.19:665][307]LogContentBrowser: Native class hierarchy updated for 'MovieSceneCapture' in 0.0006 seconds. Added 11 classes and 0 folders.
[2017.05.15-03.07.19:665][307]LogGameMode:Display: Match State Changed from EnteringMap to WaitingToStart
[2017.05.15-03.07.19:665][307]LogGameState: Match State Changed from EnteringMap to WaitingToStart
[2017.05.15-03.07.19:665][307]LogGameMode:Display: Match State Changed from WaitingToStart to InProgress
[2017.05.15-03.07.19:667][307]LogGameState: Match State Changed from WaitingToStart to InProgress
[2017.05.15-03.07.19:671][307]PIE: Info Play in editor start time for /Game/FirstPersonBP/Maps/UEDPIE_0_FirstPersonExampleMap 0.002
[2017.05.15-03.07.19:672][307]LogBlueprintUserMessages: Late PlayInEditor Detection: Level '/Game/FirstPersonBP/Maps/FirstPersonExampleMap.FirstPersonExampleMap:PersistentLevel' has LevelScriptBlueprint '/Game/FirstPersonBP/Maps/FirstPersonExampleMap.FirstPersonExampleMap:PersistentLevel.FirstPersonExampleMap' with GeneratedClass '/Game/FirstPersonBP/Maps/FirstPersonExampleMap.FirstPersonExampleMap_C' with ClassGeneratedBy '/Game/FirstPersonBP/Maps/FirstPersonExampleMap.FirstPersonExampleMap:PersistentLevel.FirstPersonExampleMap'
[2017.05.15-03.07.19:714][307]LogRenderer: Reallocating scene render targets to support 1292x756 NumSamples 1 (Frame:296).
[2017.05.15-03.07.20:792][429]LogGameMode:Display: Match State Changed from InProgress to LeavingMap
[2017.05.15-03.07.20:792][429]LogGameState: Match State Changed from InProgress to LeavingMap
[2017.05.15-03.07.20:793][429]LogNet: Browse: /Game/Levels/Second-Floor
[2017.05.15-03.07.20:793][429]LogLoad: LoadMap: /Game/Levels/Second-Floor
[2017.05.15-03.07.20:804][429]Cmd: MEM
[2017.05.15-03.07.20:813][429]LogMemory: Platform Memory Stats for Windows
[2017.05.15-03.07.20:813][429]LogMemory: Process Physical Memory: 1071.04 MB used, 1104.15 MB peak
[2017.05.15-03.07.20:813][429]LogMemory: Process Virtual Memory: 1515.11 MB used, 1548.90 MB peak
[2017.05.15-03.07.20:813][429]LogMemory: Physical Memory: 6748.42 MB used,  9552.69 MB free, 16301.11 MB total
[2017.05.15-03.07.20:813][429]LogMemory: Virtual Memory: 2301.43 MB used,  9552.69 MB free, 134217728.00 MB total
[2017.05.15-03.07.20:813][429]LogMemory: 
[2017.05.15-03.07.20:813][429]Allocator Stats for TBB: (not implemented)
[2017.05.15-03.07.24:568][429]LogAIModule: Creating AISystem for world Second-Floor
[2017.05.15-03.07.24:568][429]LogLoad: Game class is 'FirstPersonGameMode_C'
[2017.05.15-03.07.24:657][429]LogWorld: Bringing World /Game/Levels/UEDPIE_0_Second-Floor.Second-Floor up for play (max tick rate 0) at 2017.05.14-20.07.24
[2017.05.15-03.07.24:661][429]LogWorld: Bringing up level for play took: 0.090887
[2017.05.15-03.07.24:661][429]LogGameMode: FindPlayerStart: PATHS NOT DEFINED or NO PLAYERSTART with positive rating
[2017.05.15-03.07.24:661][429]LogGameMode:Display: Match State Changed from EnteringMap to WaitingToStart
[2017.05.15-03.07.24:661][429]LogGameState: Match State Changed from EnteringMap to WaitingToStart
[2017.05.15-03.07.24:661][429]LogGameMode:Display: Match State Changed from WaitingToStart to InProgress
[2017.05.15-03.07.24:663][429]LogBlueprintUserMessages: [Second-Floor_C_1] false
[2017.05.15-03.07.24:663][429]LogBlueprintUserMessages: [Second-Floor_C_1] false
[2017.05.15-03.07.24:663][429]LogBlueprintUserMessages: [Second-Floor_C_1] false
[2017.05.15-03.07.24:715][429]LogGameState: Match State Changed from WaitingToStart to InProgress
[2017.05.15-03.07.24:715][429]LogLoad: Took 3.922155 seconds to LoadMap(/Game/Levels/Second-Floor)
[2017.05.15-03.07.33:166][954]LogBlueprintUserMessages: [Second-Floor_C_1] false
[2017.05.15-03.07.33:166][954]LogBlueprintUserMessages: [Second-Floor_C_1] false
[2017.05.15-03.07.33:166][954]LogBlueprintUserMessages: [Second-Floor_C_1] false
[2017.05.15-03.07.40:611][550]LogBlueprintUserMessages: Early EndPlayMap Detection: Level '/Game/FirstPersonBP/Maps/FirstPersonExampleMap.FirstPersonExampleMap:PersistentLevel' has LevelScriptBlueprint '/Game/FirstPersonBP/Maps/FirstPersonExampleMap.FirstPersonExampleMap:PersistentLevel.FirstPersonExampleMap' with GeneratedClass '/Game/FirstPersonBP/Maps/FirstPersonExampleMap.FirstPersonExampleMap_C' with ClassGeneratedBy '/Game/FirstPersonBP/Maps/FirstPersonExampleMap.FirstPersonExampleMap:PersistentLevel.FirstPersonExampleMap'
[2017.05.15-03.07.40:678][550]LogBlueprintUserMessages: Late EndPlayMap Detection: Level '/Game/FirstPersonBP/Maps/FirstPersonExampleMap.FirstPersonExampleMap:PersistentLevel' has LevelScriptBlueprint '/Game/FirstPersonBP/Maps/FirstPersonExampleMap.FirstPersonExampleMap:PersistentLevel.FirstPersonExampleMap' with GeneratedClass '/Game/FirstPersonBP/Maps/FirstPersonExampleMap.FirstPersonExampleMap_C' with ClassGeneratedBy '/Game/FirstPersonBP/Maps/FirstPersonExampleMap.FirstPersonExampleMap:PersistentLevel.FirstPersonExampleMap'
[2017.05.15-03.07.50:547][706]LogWindowsTextInputMethodSystem:Display: IME system now deactivated.
[2017.05.15-03.07.50:752][707]Cmd: QUIT_EDITOR
[2017.05.15-03.07.51:893][707]LogExit: Preparing to exit.
[2017.05.15-03.07.52:229][707]LogDirectoryWatcher: A directory notification for 'C:/Users/Jeremy/Documents/GitHub/ProjectLonesomeRecovered/Project_lonesome 4.15/Content/' was aborted.
[2017.05.15-03.07.52:255][707]LogExit: Editor shut down
[2017.05.15-03.07.52:255][707]LogExit: Transaction tracking system shut down
[2017.05.15-03.07.52:433][707]LogObj: Freed 0b from 0 cluster array pools.
[2017.05.15-03.07.52:433][707]LogExit: Object subsystem successfully closed.
[2017.05.15-03.07.52:453][707]LogD3D11RHI: Shutdown
[2017.05.15-03.07.52:453][707]LogD3D11RHI: CleanupD3DDevice
[2017.05.15-03.07.52:508][707]LogD3D11RHI: ~FD3D11DynamicRHI
[2017.05.15-03.07.52:540][707]LogModuleManager: Shutting down and abandoning module MovieSceneCapture (500)
[2017.05.15-03.07.52:540][707]LogModuleManager: Shutting down and abandoning module HierarchicalLODOutliner (498)
[2017.05.15-03.07.52:540][707]LogModuleManager: Shutting down and abandoning module CrashTracker (496)
[2017.05.15-03.07.52:540][707]LogModuleManager: Shutting down and abandoning module SceneOutliner (494)
[2017.05.15-03.07.52:540][707]LogModuleManager: Shutting down and abandoning module AddContentDialog (492)
[2017.05.15-03.07.52:540][707]LogDirectoryWatcher: A directory notification for 'C:/Program Files/Epic Games/UE_4.15/FeaturePacks/' was aborted.
[2017.05.15-03.07.52:541][707]LogModuleManager: Shutting down and abandoning module WidgetCarousel (491)
[2017.05.15-03.07.52:541][707]LogModuleManager: Shutting down and abandoning module EditorWidgets (488)
[2017.05.15-03.07.52:541][707]LogModuleManager: Shutting down and abandoning module CollectionManager (486)
[2017.05.15-03.07.52:541][707]LogDirectoryWatcher: A directory notification for 'C:/Users/Jeremy/Documents/GitHub/ProjectLonesomeRecovered/Project_lonesome 4.15/Content/Collections/' was aborted.
[2017.05.15-03.07.52:541][707]LogDirectoryWatcher: A directory notification for 'C:/Users/Jeremy/Documents/GitHub/ProjectLonesomeRecovered/Project_lonesome 4.15/Content/Developers/Jeremy/Collections/' was aborted.
[2017.05.15-03.07.52:541][707]LogDirectoryWatcher: A directory notification for 'C:/Users/Jeremy/Documents/GitHub/ProjectLonesomeRecovered/Project_lonesome 4.15/Saved/Collections/' was aborted.
[2017.05.15-03.07.52:541][707]LogModuleManager: Shutting down and abandoning module StatsViewer (484)
[2017.05.15-03.07.52:541][707]LogModuleManager: Shutting down and abandoning module FoliageEdit (482)
[2017.05.15-03.07.52:541][707]LogModuleManager: Shutting down and abandoning module LandscapeEditor (480)
[2017.05.15-03.07.52:541][707]LogModuleManager: Shutting down and abandoning module SceneDepthPickerMode (478)
[2017.05.15-03.07.52:541][707]LogModuleManager: Shutting down and abandoning module ActorPickerMode (476)
[2017.05.15-03.07.52:541][707]LogModuleManager: Shutting down and abandoning module GeometryMode (474)
[2017.05.15-03.07.52:541][707]LogModuleManager: Shutting down and abandoning module TextureAlignMode (472)
[2017.05.15-03.07.52:541][707]LogModuleManager: Shutting down and abandoning module BspMode (470)
[2017.05.15-03.07.52:541][707]LogModuleManager: Shutting down and abandoning module HardwareSurvey (468)
[2017.05.15-03.07.52:541][707]LogModuleManager: Shutting down and abandoning module SequenceRecorderSections (466)
[2017.05.15-03.07.52:541][707]LogModuleManager: Shutting down and abandoning module AutomationWorker (464)
[2017.05.15-03.07.52:541][707]LogModuleManager: Shutting down and abandoning module MatineeToLevelSequence (462)
[2017.05.15-03.07.52:541][707]LogModuleManager: Shutting down and abandoning module LevelSequenceEditor (460)
[2017.05.15-03.07.52:541][707]LogModuleManager: Shutting down and abandoning module PlacementMode (459)
[2017.05.15-03.07.52:541][707]LogModuleManager: Shutting down and abandoning module WmfMediaFactory (456)
[2017.05.15-03.07.52:541][707]LogModuleManager: Shutting down and abandoning module WmfMediaEditor (454)
[2017.05.15-03.07.52:541][707]LogModuleManager: Shutting down and abandoning module MfMediaFactory (452)
[2017.05.15-03.07.52:541][707]LogModuleManager: Shutting down and abandoning module MfMediaEditor (450)
[2017.05.15-03.07.52:541][707]LogModuleManager: Shutting down and abandoning module AvfMediaFactory (448)
[2017.05.15-03.07.52:541][707]LogModuleManager: Shutting down and abandoning module AvfMediaEditor (446)
[2017.05.15-03.07.52:541][707]LogModuleManager: Shutting down and abandoning module AndroidMediaFactory (444)
[2017.05.15-03.07.52:541][707]LogModuleManager: Shutting down and abandoning module Media (443)
[2017.05.15-03.07.52:541][707]LogModuleManager: Shutting down and abandoning module AndroidMediaEditor (440)
[2017.05.15-03.07.52:541][707]LogModuleManager: Shutting down and abandoning module CharacterAI (438)
[2017.05.15-03.07.52:541][707]LogModuleManager: Shutting down and abandoning module AudioCapture (436)
[2017.05.15-03.07.52:541][707]LogModuleManager: Shutting down and abandoning module SequenceRecorder (435)
[2017.05.15-03.07.52:541][707]LogModuleManager: Shutting down and abandoning module SmartSnapping (432)
[2017.05.15-03.07.52:541][707]LogModuleManager: Shutting down and abandoning module SessionServices (430)
[2017.05.15-03.07.52:541][707]LogModuleManager: Shutting down and abandoning module ViewportSnapping (428)
[2017.05.15-03.07.52:541][707]LogModuleManager: Shutting down and abandoning module ViewportInteraction (426)
[2017.05.15-03.07.52:541][707]LogModuleManager: Shutting down and abandoning module LogVisualizer (424)
[2017.05.15-03.07.52:541][707]LogModuleManager: Shutting down and abandoning module IntroTutorials (422)
[2017.05.15-03.07.52:541][707]LogModuleManager: Shutting down and abandoning module GameProjectGeneration (421)
[2017.05.15-03.07.52:541][707]LogModuleManager: Shutting down and abandoning module EditorLiveStreaming (418)
[2017.05.15-03.07.52:541][707]LogModuleManager: Shutting down and abandoning module IOSPlatformEditor (416)
[2017.05.15-03.07.52:541][707]LogModuleManager: Shutting down and abandoning module HTML5PlatformEditor (414)
[2017.05.15-03.07.52:541][707]LogModuleManager: Shutting down and abandoning module AndroidPlatformEditor (412)
[2017.05.15-03.07.52:541][707]LogModuleManager: Shutting down and abandoning module AndroidDeviceDetection (411)
[2017.05.15-03.07.52:575][707]LogModuleManager: Shutting down and abandoning module IOSRuntimeSettings (408)
[2017.05.15-03.07.52:575][707]LogModuleManager: Shutting down and abandoning module AndroidRuntimeSettings (406)
[2017.05.15-03.07.52:575][707]LogModuleManager: Shutting down and abandoning module InputBindingEditor (404)
[2017.05.15-03.07.52:575][707]LogModuleManager: Shutting down and abandoning module NiagaraEditor (402)
[2017.05.15-03.07.52:575][707]LogModuleManager: Shutting down and abandoning module MergeActors (400)
[2017.05.15-03.07.52:575][707]LogModuleManager: Shutting down and abandoning module SizeMap (398)
[2017.05.15-03.07.52:575][707]LogModuleManager: Shutting down and abandoning module TreeMap (396)
[2017.05.15-03.07.52:575][707]LogModuleManager: Shutting down and abandoning module ReferenceViewer (394)
[2017.05.15-03.07.52:575][707]LogModuleManager: Shutting down and abandoning module LocalizationDashboard (392)
[2017.05.15-03.07.52:575][707]LogModuleManager: Shutting down and abandoning module LocalizationService (391)
[2017.05.15-03.07.52:575][707]LogModuleManager: Shutting down and abandoning module HardwareTargeting (388)
[2017.05.15-03.07.52:575][707]LogModuleManager: Shutting down and abandoning module DeviceProfileEditor (386)
[2017.05.15-03.07.52:576][707]LogModuleManager: Shutting down and abandoning module UndoHistory (384)
[2017.05.15-03.07.52:576][707]LogModuleManager: Shutting down and abandoning module UserFeedback (382)
[2017.05.15-03.07.52:576][707]LogModuleManager: Shutting down and abandoning module XmlParser (380)
[2017.05.15-03.07.52:576][707]LogModuleManager: Shutting down and abandoning module Blutility (378)
[2017.05.15-03.07.52:576][707]LogModuleManager: Shutting down and abandoning module ProjectSettingsViewer (376)
[2017.05.15-03.07.52:576][707]LogModuleManager: Shutting down and abandoning module ProjectTargetPlatformEditor (375)
[2017.05.15-03.07.52:576][707]LogModuleManager: Shutting down and abandoning module EditorSettingsViewer (372)
[2017.05.15-03.07.52:576][707]LogModuleManager: Shutting down and abandoning module SettingsEditor (370)
[2017.05.15-03.07.52:576][707]LogModuleManager: Shutting down and abandoning module ProjectLauncher (368)
[2017.05.15-03.07.52:576][707]LogModuleManager: Shutting down and abandoning module SessionFrontend (366)
[2017.05.15-03.07.52:576][707]LogModuleManager: Shutting down and abandoning module ProfilerClient (364)
[2017.05.15-03.07.52:576][707]LogModuleManager: Shutting down and abandoning module DeviceManager (362)
[2017.05.15-03.07.52:576][707]LogModuleManager: Shutting down and abandoning module TargetDeviceServices (361)
[2017.05.15-03.07.52:630][707]LogModuleManager: Shutting down and abandoning module AutomationController (358)
[2017.05.15-03.07.52:630][707]LogModuleManager: Shutting down and abandoning module AutomationWindow (356)
[2017.05.15-03.07.52:630][707]LogModuleManager: Shutting down and abandoning module Layers (354)
[2017.05.15-03.07.52:630][707]LogModuleManager: Shutting down and abandoning module ComponentVisualizers (352)
[2017.05.15-03.07.52:630][707]LogModuleManager: Shutting down and abandoning module DetailCustomizations (350)
[2017.05.15-03.07.52:630][707]LogModuleManager: Shutting down and abandoning module PackagesDialog (348)
[2017.05.15-03.07.52:630][707]LogModuleManager: Shutting down and abandoning module Persona (346)
[2017.05.15-03.07.52:630][707]LogModuleManager: Shutting down and abandoning module AnimGraph (345)
[2017.05.15-03.07.52:630][707]LogModuleManager: Shutting down and abandoning module Kismet (342)
[2017.05.15-03.07.52:633][707]LogModuleManager: Shutting down and abandoning module GraphEditor (340)
[2017.05.15-03.07.52:633][707]LogModuleManager: Shutting down and abandoning module ClassViewer (338)
[2017.05.15-03.07.52:633][707]LogModuleManager: Shutting down and abandoning module Toolbox (336)
[2017.05.15-03.07.52:633][707]LogModuleManager: Shutting down and abandoning module ModuleUI (334)
[2017.05.15-03.07.52:633][707]LogModuleManager: Shutting down and abandoning module MovieSceneTools (332)
[2017.05.15-03.07.52:633][707]LogModuleManager: Shutting down and abandoning module OutputLog (330)
[2017.05.15-03.07.52:633][707]LogModuleManager: Shutting down and abandoning module GammaUI (328)
[2017.05.15-03.07.52:633][707]LogModuleManager: Shutting down and abandoning module Documentation (326)
[2017.05.15-03.07.52:633][707]LogModuleManager: Shutting down and abandoning module Niagara (324)
[2017.05.15-03.07.52:633][707]LogModuleManager: Shutting down and abandoning module StreamingPauseRendering (322)
[2017.05.15-03.07.52:633][707]LogModuleManager: Shutting down and abandoning module AnalyticsET (320)
[2017.05.15-03.07.52:633][707]LogModuleManager: Shutting down and abandoning module PortalServices (318)
[2017.05.15-03.07.52:633][707]LogModuleManager: Shutting down and abandoning module PortalRpc (316)
[2017.05.15-03.07.52:633][707]LogModuleManager: Shutting down and abandoning module MessagingRpc (314)
[2017.05.15-03.07.52:633][707]LogModuleManager: Shutting down and abandoning module AIModule (312)
[2017.05.15-03.07.52:633][707]LogModuleManager: Shutting down and abandoning module GameplayDebugger (311)
[2017.05.15-03.07.52:633][707]LogModuleManager: Shutting down and abandoning module AITestSuite (309)
[2017.05.15-03.07.52:633][707]LogModuleManager: Shutting down and abandoning module ProfilerService (306)
[2017.05.15-03.07.52:706][707]LogModuleManager: Shutting down and abandoning module TaskGraph (304)
[2017.05.15-03.07.52:706][707]LogModuleManager: Shutting down and abandoning module SteamVRController (302)
[2017.05.15-03.07.52:706][707]LogModuleManager: Shutting down and abandoning module SteamVR (300)
[2017.05.15-03.07.52:706][707]LogModuleManager: Shutting down and abandoning module ProceduralMeshComponentEditor (298)
[2017.05.15-03.07.52:706][707]LogModuleManager: Shutting down and abandoning module ProceduralMeshComponent (296)
[2017.05.15-03.07.52:706][707]LogModuleManager: Shutting down and abandoning module OculusLibrary (294)
[2017.05.15-03.07.52:706][707]LogModuleManager: Shutting down and abandoning module OculusInput (292)
[2017.05.15-03.07.52:706][707]LogModuleManager: Shutting down and abandoning module MobilePatchingUtils (290)
[2017.05.15-03.07.52:706][707]LogModuleManager: Shutting down and abandoning module CustomMeshComponent (288)
[2017.05.15-03.07.52:706][707]LogModuleManager: Shutting down and abandoning module CableComponent (286)
[2017.05.15-03.07.52:706][707]LogModuleManager: Shutting down and abandoning module ArchVisCharacter (284)
[2017.05.15-03.07.52:706][707]LogModuleManager: Shutting down and abandoning module MediaPlayerEditor (280)
[2017.05.15-03.07.52:706][707]LogModuleManager: Shutting down and abandoning module HTML5Networking (278)
[2017.05.15-03.07.52:706][707]LogModuleManager: Shutting down and abandoning module AlembicImporter (276)
[2017.05.15-03.07.52:706][707]LogModuleManager: Shutting down and abandoning module AlembicLibrary (275)
[2017.05.15-03.07.52:706][707]LogModuleManager: Shutting down and abandoning module GeometryCache (274)
[2017.05.15-03.07.52:706][707]LogModuleManager: Shutting down and abandoning module GeometryCacheEd (273)
[2017.05.15-03.07.52:706][707]LogModuleManager: Shutting down and abandoning module SuperSearchEditor (268)
[2017.05.15-03.07.52:706][707]LogModuleManager: Shutting down and abandoning module SuperSearch (267)
[2017.05.15-03.07.52:706][707]LogModuleManager: Shutting down and abandoning module SpeedTreeImporter (264)
[2017.05.15-03.07.52:706][707]LogModuleManager: Shutting down and abandoning module PluginBrowser (262)
[2017.05.15-03.07.52:706][707]LogModuleManager: Shutting down and abandoning module MobileLauncherProfileWizard (260)
[2017.05.15-03.07.52:706][707]LogModuleManager: Shutting down and abandoning module EpicSurvey (258)
[2017.05.15-03.07.52:707][707]LogModuleManager: Shutting down and abandoning module VisualStudioSourceCodeAccess (256)
[2017.05.15-03.07.52:707][707]LogModuleManager: Shutting down and abandoning module DesktopPlatform (255)
[2017.05.15-03.07.52:707][707]LogModuleManager: Shutting down and abandoning module UObjectPlugin (252)
[2017.05.15-03.07.52:707][707]LogModuleManager: Shutting down and abandoning module SubversionSourceControl (250)
[2017.05.15-03.07.52:707][707]LogModuleManager: Shutting down and abandoning module PerforceSourceControl (248)
[2017.05.15-03.07.52:707][707]LogModuleManager: Shutting down and abandoning module GitSourceControl (246)
[2017.05.15-03.07.52:707][707]LogModuleManager: Shutting down and abandoning module SourceControl (245)
[2017.05.15-03.07.52:707][707]LogModuleManager: Shutting down and abandoning module LightPropagationVolumeEditor (242)
[2017.05.15-03.07.52:707][707]LogModuleManager: Shutting down and abandoning module PaperTiledImporter (240)
[2017.05.15-03.07.52:707][707]LogModuleManager: Shutting down and abandoning module PaperSpriteSheetImporter (238)
[2017.05.15-03.07.52:707][707]LogModuleManager: Shutting down and abandoning module Paper2DEditor (236)
[2017.05.15-03.07.52:707][707]LogModuleManager: Shutting down and abandoning module MeshPaint (235)
[2017.05.15-03.07.52:707][707]LogModuleManager: Shutting down and abandoning module LevelEditor (233)
[2017.05.15-03.07.52:707][707]LogModuleManager: Shutting down and abandoning module PixelInspectorModule (232)
[2017.05.15-03.07.52:707][707]LogModuleManager: Shutting down and abandoning module MainFrame (230)
[2017.05.15-03.07.52:707][707]LogModuleManager: Shutting down and abandoning module HotReload (229)
[2017.05.15-03.07.52:708][707]LogModuleManager: Shutting down and abandoning module ContentBrowser (225)
[2017.05.15-03.07.52:709][707]LogModuleManager: Shutting down and abandoning module PhysXVehiclesEditor (222)
[2017.05.15-03.07.52:709][707]LogModuleManager: Shutting down and abandoning module PhysXVehicles (220)
[2017.05.15-03.07.52:709][707]LogModuleManager: Shutting down and abandoning module LocationServicesBPLibrary (218)
[2017.05.15-03.07.52:709][707]LogModuleManager: Shutting down and abandoning module UdpMessaging (216)
[2017.05.15-03.07.52:809][707]LogModuleManager: Shutting down and abandoning module TcpMessaging (214)
[2017.05.15-03.07.53:072][707]LogModuleManager: Shutting down and abandoning module GameplayTagsEditor (212)
[2017.05.15-03.07.53:072][707]LogModuleManager: Shutting down and abandoning module FacialAnimationEditor (210)
[2017.05.15-03.07.53:072][707]LogModuleManager: Shutting down and abandoning module FacialAnimation (208)
[2017.05.15-03.07.53:072][707]LogModuleManager: Shutting down and abandoning module LightPropagationVolumeRuntime (206)
[2017.05.15-03.07.53:072][707]LogModuleManager: Shutting down and abandoning module Paper2D (204)
[2017.05.15-03.07.53:072][707]LogModuleManager: Shutting down and abandoning module WindowsMoviePlayer (202)
[2017.05.15-03.07.53:072][707]LogModuleManager: Shutting down and abandoning module WmfMedia (200)
[2017.05.15-03.07.53:072][707]LogModuleManager: Shutting down and abandoning module MfMedia (198)
[2017.05.15-03.07.53:072][707]LogModuleManager: Shutting down and abandoning module MediaAssets (196)
[2017.05.15-03.07.53:072][707]LogModuleManager: Shutting down and abandoning module GameLiveStreaming (194)
[2017.05.15-03.07.53:072][707]LogModuleManager: Shutting down and abandoning module VREditor (192)
[2017.05.15-03.07.53:072][707]LogModuleManager: Shutting down and abandoning module GameplayTasksEditor (190)
[2017.05.15-03.07.53:072][707]LogModuleManager: Shutting down and abandoning module BehaviorTreeEditor (188)
[2017.05.15-03.07.53:072][707]LogModuleManager: Shutting down and abandoning module FunctionalTesting (186)
[2017.05.15-03.07.53:072][707]LogModuleManager: Shutting down and abandoning module CollisionAnalyzer (184)
[2017.05.15-03.07.53:072][707]LogModuleManager: Shutting down and abandoning module UMG (182)
[2017.05.15-03.07.53:073][707]LogModuleManager: Shutting down and abandoning module UMGEditor (181)
[2017.05.15-03.07.53:073][707]LogModuleManager: Shutting down and abandoning module Sequencer (180)
[2017.05.15-03.07.53:073][707]LogModuleManager: Shutting down and abandoning module AssetTools (178)
[2017.05.15-03.07.53:073][707]LogModuleManager: Shutting down and abandoning module MessageLog (177)
[2017.05.15-03.07.53:073][707]LogModuleManager: Shutting down and abandoning module WorkspaceMenuStructure (176)
[2017.05.15-03.07.53:073][707]LogModuleManager: Shutting down and abandoning module SlateReflector (170)
[2017.05.15-03.07.53:073][707]LogModuleManager: Shutting down and abandoning module Slate (168)
[2017.05.15-03.07.53:073][707]LogModuleManager: Shutting down and abandoning module EditorStyle (166)
[2017.05.15-03.07.53:076][707]LogModuleManager: Shutting down and abandoning module SourceCodeAccess (164)
[2017.05.15-03.07.53:076][707]LogModuleManager: Shutting down and abandoning module HeadMountedDisplay (162)
[2017.05.15-03.07.53:076][707]LogModuleManager: Shutting down and abandoning module XAudio2 (160)
[2017.05.15-03.07.53:076][707]LogModuleManager: Shutting down and abandoning module Networking (158)
[2017.05.15-03.07.53:076][707]LogModuleManager: Shutting down and abandoning module Core (154)
[2017.05.15-03.07.53:076][707]LogModuleManager: Shutting down and abandoning module AssetRegistry (152)
[2017.05.15-03.07.53:292][707]LogDirectoryWatcher: A directory notification for '../../../Engine/Content/' was aborted.
[2017.05.15-03.07.53:292][707]LogDirectoryWatcher: A directory notification for '../../../../../../Users/Jeremy/Documents/GitHub/ProjectLonesomeRecovered/Project_lonesome 4.15/Content/' was aborted.
[2017.05.15-03.07.53:292][707]LogDirectoryWatcher: A directory notification for '../../../Engine/Plugins/2D/Paper2D/Content/' was aborted.
[2017.05.15-03.07.53:292][707]LogModuleManager: Shutting down and abandoning module DirectoryWatcher (151)
[2017.05.15-03.07.53:293][707]LogModuleManager: Shutting down and abandoning module KismetCompiler (148)
[2017.05.15-03.07.53:293][707]LogModuleManager: Shutting down and abandoning module PhysXFormats (146)
[2017.05.15-03.07.53:293][707]LogModuleManager: Shutting down and abandoning module MeshUtilities (144)
[2017.05.15-03.07.53:293][707]LogModuleManager: Shutting down and abandoning module SimplygonSwarm (143)
[2017.05.15-03.07.53:293][707]LogModuleManager: Shutting down and abandoning module SimplygonMeshReduction (141)
[2017.05.15-03.07.53:293][707]LogModuleManager: Shutting down and abandoning module QuadricMeshReduction (139)
[2017.05.15-03.07.53:293][707]LogModuleManager: Shutting down and abandoning module PropertyEditor (137)
[2017.05.15-03.07.53:293][707]LogModuleManager: Shutting down and abandoning module DerivedDataCache (134)
[2017.05.15-03.07.53:353][707]LogDerivedDataCache: Shutdown
[2017.05.15-03.07.53:353][707]LogModuleManager: Shutting down and abandoning module TargetPlatform (132)
[2017.05.15-03.07.53:353][707]LogModuleManager: Shutting down and abandoning module VulkanShaderFormat (131)
[2017.05.15-03.07.53:353][707]LogModuleManager: Shutting down and abandoning module ShaderFormatOpenGL (129)
[2017.05.15-03.07.53:353][707]LogModuleManager: Shutting down and abandoning module ShaderFormatD3D (127)
[2017.05.15-03.07.53:353][707]LogModuleManager: Shutting down and abandoning module MetalShaderFormat (125)
[2017.05.15-03.07.53:353][707]LogModuleManager: Shutting down and abandoning module TextureFormatUncompressed (123)
[2017.05.15-03.07.53:353][707]LogModuleManager: Shutting down and abandoning module TextureFormatPVR (121)
[2017.05.15-03.07.53:353][707]LogModuleManager: Shutting down and abandoning module TextureFormatDXT (119)
[2017.05.15-03.07.53:353][707]LogModuleManager: Shutting down and abandoning module TextureFormatIntelISPCTexComp (117)
[2017.05.15-03.07.53:353][707]LogModuleManager: Shutting down and abandoning module TextureFormatASTC (115)
[2017.05.15-03.07.53:353][707]LogModuleManager: Shutting down and abandoning module ImageWrapper (114)
[2017.05.15-03.07.53:353][707]LogModuleManager: Shutting down and abandoning module TextureFormatAndroid (111)
[2017.05.15-03.07.53:353][707]LogModuleManager: Shutting down and abandoning module AudioFormatOpus (109)
[2017.05.15-03.07.53:353][707]LogModuleManager: Shutting down and abandoning module AudioFormatOgg (107)
[2017.05.15-03.07.53:353][707]LogModuleManager: Shutting down and abandoning module AudioFormatADPCM (105)
[2017.05.15-03.07.53:353][707]LogModuleManager: Shutting down and abandoning module LinuxTargetPlatform (103)
[2017.05.15-03.07.53:353][707]LogModuleManager: Shutting down and abandoning module LinuxServerTargetPlatform (101)
[2017.05.15-03.07.53:353][707]LogModuleManager: Shutting down and abandoning module LinuxNoEditorTargetPlatform (99)
[2017.05.15-03.07.53:353][707]LogModuleManager: Shutting down and abandoning module LinuxClientTargetPlatform (97)
[2017.05.15-03.07.53:353][707]LogModuleManager: Shutting down and abandoning module TVOSTargetPlatform (95)
[2017.05.15-03.07.53:353][707]LogModuleManager: Shutting down and abandoning module Messaging (93)
[2017.05.15-03.07.53:353][707]LogModuleManager: Shutting down and abandoning module IOSTargetPlatform (91)
[2017.05.15-03.07.53:353][707]LogModuleManager: Shutting down and abandoning module HTML5TargetPlatform (89)
[2017.05.15-03.07.53:353][707]LogModuleManager: Shutting down and abandoning module Android_PVRTCTargetPlatform (87)
[2017.05.15-03.07.53:353][707]LogModuleManager: Shutting down and abandoning module Android_MultiTargetPlatform (85)
[2017.05.15-03.07.53:353][707]LogModuleManager: Shutting down and abandoning module Android_ETC2TargetPlatform (83)
[2017.05.15-03.07.53:353][707]LogModuleManager: Shutting down and abandoning module Android_ETC1TargetPlatform (81)
[2017.05.15-03.07.53:353][707]LogModuleManager: Shutting down and abandoning module Android_DXTTargetPlatform (79)
[2017.05.15-03.07.53:353][707]LogModuleManager: Shutting down and abandoning module Android_ATCTargetPlatform (77)
[2017.05.15-03.07.53:353][707]LogModuleManager: Shutting down and abandoning module Android_ASTCTargetPlatform (75)
[2017.05.15-03.07.53:353][707]LogModuleManager: Shutting down and abandoning module AndroidTargetPlatform (73)
[2017.05.15-03.07.53:353][707]LogModuleManager: Shutting down and abandoning module WindowsTargetPlatform (71)
[2017.05.15-03.07.53:353][707]LogModuleManager: Shutting down and abandoning module WindowsServerTargetPlatform (69)
[2017.05.15-03.07.53:353][707]LogModuleManager: Shutting down and abandoning module WindowsNoEditorTargetPlatform (67)
[2017.05.15-03.07.53:353][707]LogModuleManager: Shutting down and abandoning module WindowsClientTargetPlatform (65)
[2017.05.15-03.07.53:353][707]LogModuleManager: Shutting down and abandoning module MacTargetPlatform (63)
[2017.05.15-03.07.53:353][707]LogModuleManager: Shutting down and abandoning module MacServerTargetPlatform (61)
[2017.05.15-03.07.53:353][707]LogModuleManager: Shutting down and abandoning module MacNoEditorTargetPlatform (59)
[2017.05.15-03.07.53:353][707]LogModuleManager: Shutting down and abandoning module MacClientTargetPlatform (57)
[2017.05.15-03.07.53:353][707]LogModuleManager: Shutting down and abandoning module AllDesktopTargetPlatform (55)
[2017.05.15-03.07.53:353][707]LogModuleManager: Shutting down and abandoning module InputCore (52)
[2017.05.15-03.07.53:353][707]LogModuleManager: Shutting down and abandoning module Settings (50)
[2017.05.15-03.07.53:353][707]LogModuleManager: Shutting down and abandoning module OculusRift (48)
[2017.05.15-03.07.53:353][707]LogModuleManager: Shutting down and abandoning module GearVR (46)
[2017.05.15-03.07.53:353][707]LogModuleManager: Shutting down and abandoning module ExampleDeviceProfileSelector (44)
[2017.05.15-03.07.53:353][707]LogModuleManager: Shutting down and abandoning module OnlineBlueprintSupport (42)
[2017.05.15-03.07.53:353][707]LogModuleManager: Shutting down and abandoning module OnlineSubsystem (38)
[2017.05.15-03.07.53:353][707]LogOnline:Display: Unloading online subsystem: NULL
[2017.05.15-03.07.53:353][707]LogModuleManager: Shutting down and abandoning module XMPP (37)
[2017.05.15-03.07.53:353][707]LogModuleManager: Shutting down and abandoning module HTTP (35)
[2017.05.15-03.07.53:353][707]LogHttp:Display: Http module shutting down, but needs to wait on 1 outstanding Http requests:
[2017.05.15-03.07.53:353][707]LogHttp:Display: 	verb=[POST] url=[https://datarouter.ol.epicgames.com/datarouter/api/v1/public/data?SessionID=%7BCE211C94-430E-F2EC-9ECD-BF91D3E4254C%7D&AppID=UEEditor.Rocket.Release&AppVersion=4.15.1-3348071%2B%2B%2BUE4%2BRelease-4.15&UserID=c44897874c53e68159c833aad6b4a091%7Ca2f4d8b11bd94ef99664b9abb109ceb7%7C2b738531-6d61-486b-930d-189a825896e7&AppEnvironment=datacollector-binary&UploadType=eteventstream] status=Processing
[2017.05.15-03.07.53:382][707]LogModuleManager: Shutting down and abandoning module SSL (34)
[2017.05.15-03.07.53:383][707]LogModuleManager: Shutting down and abandoning module AudioEditor (30)
[2017.05.15-03.07.53:383][707]LogModuleManager: Shutting down and abandoning module TextureCompressor (28)
[2017.05.15-03.07.53:383][707]LogModuleManager: Shutting down and abandoning module ShaderCore (26)
[2017.05.15-03.07.53:383][707]LogModuleManager: Shutting down and abandoning module Landscape (24)
[2017.05.15-03.07.53:383][707]LogModuleManager: Shutting down and abandoning module SlateRHIRenderer (22)
[2017.05.15-03.07.53:384][707]LogModuleManager: Shutting down and abandoning module OpenGLDrv (20)
[2017.05.15-03.07.53:384][707]LogModuleManager: Shutting down and abandoning module D3D11RHI (18)
[2017.05.15-03.07.53:384][707]LogModuleManager: Shutting down and abandoning module AnimGraphRuntime (16)
[2017.05.15-03.07.53:384][707]LogModuleManager: Shutting down and abandoning module Renderer (14)
[2017.05.15-03.07.53:384][707]LogModuleManager: Shutting down and abandoning module Engine (12)
[2017.05.15-03.07.53:384][707]LogModuleManager: Shutting down and abandoning module CoreUObject (10)
[2017.05.15-03.07.53:384][707]LogModuleManager: Shutting down and abandoning module NetworkFile (8)
[2017.05.15-03.07.53:384][707]LogModuleManager: Shutting down and abandoning module StreamingFile (6)
[2017.05.15-03.07.53:384][707]LogModuleManager: Shutting down and abandoning module SandboxFile (4)
[2017.05.15-03.07.53:384][707]LogModuleManager: Shutting down and abandoning module PakFile (2)
[2017.05.15-03.07.53:386][707]LogExit: Exiting.
[2017.05.15-03.07.53:387][707]Log file closed, 05/14/17 20:07:53
