Log file open, 04/26/17 10:00:05
LogInit:Display: Running engine for game: Project_lonesome
LogPlatformFile: Not using cached read wrapper
LogInit:Display: RandInit(-2120148586) SRandInit(-2120148586).
LogTaskGraph: Started task graph with 5 named threads and 8 total threads with 1 sets of task threads.
LogStats: Stats thread started at 0.094567
LogInit: Using libcurl 7.47.1
LogInit:  - built for x86_64-pc-win32
LogInit:  - supports SSL with OpenSSL/1.0.2g
LogInit:  - supports HTTP deflate (compression) using libz 1.2.8
LogInit:  - other features:
LogInit:      CURL_VERSION_SSL
LogInit:      CURL_VERSION_LIBZ
LogInit:      CURL_VERSION_IPV6
LogInit:      CURL_VERSION_ASYNCHDNS
LogInit:      CURL_VERSION_LARGEFILE
LogInit:      CURL_VERSION_IDN
LogInit:  CurlRequestOptions (configurable via config and command line):
LogInit:  - bVerifyPeer = false  - Libcurl will NOT verify peer certificate
LogInit:  - bUseHttpProxy = false  - Libcurl will NOT use HTTP proxy
LogInit:  - bDontReuseConnections = false  - Libcurl will reuse connections
LogInit:  - CertBundlePath = nullptr  - Libcurl will use whatever was configured at build time.
LogInit: Build: ++UE4+Release-4.15-CL-3348071
LogInit: Engine Version: 4.15.1-3348071+++UE4+Release-4.15
LogInit: Compatible Engine Version: 4.15.0-3299760+++UE4+Release-4.15
LogInit: Net CL: 3299760
LogDevObjectVersion: Number of dev versions registered: 14
LogDevObjectVersion:   Dev-Blueprints (B0D832E4-1F89-4F0D-ACCF-7EB736FD4AA2): 8
LogDevObjectVersion:   Dev-Build (E1C64328-A22C-4D53-A36C-8E866417BD8C): 0
LogDevObjectVersion:   Dev-Core (375EC13C-06E4-48FB-B500-84F0262A717E): 2
LogDevObjectVersion:   Dev-Editor (E4B068ED-F494-42E9-A231-DA0B2E46BB41): 14
LogDevObjectVersion:   Dev-Framework (CFFC743F-43B0-4480-9391-14DF171D2073): 22
LogDevObjectVersion:   Dev-Mobile (B02B49B5-BB20-44E9-A304-32B752E40360): 0
LogDevObjectVersion:   Dev-Networking (A4E4105C-59A1-49B5-A7C5-40C4547EDFEE): 0
LogDevObjectVersion:   Dev-Online (39C831C9-5AE6-47DC-9A44-9C173E1C8E7C): 0
LogDevObjectVersion:   Dev-Physics (78F01B33-EBEA-4F98-B9B4-84EACCB95AA2): 0
LogDevObjectVersion:   Dev-Platform (6631380F-2D4D-43E0-8009-CF276956A95A): 0
LogDevObjectVersion:   Dev-Rendering (12F88B9F-8875-4AFC-A67C-D90C383ABD29): 12
LogDevObjectVersion:   Dev-Sequencer (7B5AE74C-D270-4C10-A958-57980B212A5A): 3
LogDevObjectVersion:   Dev-VR (D7296918-1DD6-4BDD-9DE2-64A83CC13884): 0
LogDevObjectVersion:   Dev-LoadTimes (C2A15278-BFE7-4AFE-6C17-90FF531DF755): 1
LogInit: Compiled (64-bit): Mar 15 2017 16:52:47
LogInit: Compiled with Visual C++: 19.00.23026.00
LogInit: Build Configuration: Development
LogInit: Branch Name: ++UE4+Release-4.15
LogInit: Command line: -EpicPortal 
LogInit: Base directory: H:/Program Files/Epic Games/UE_4.15/Engine/Binaries/Win64/
LogInit: Installed Engine Build: 1
LogInit: Presizing for max 8388607 objects, including 0 objects not considered by GC, pre-allocating 0 bytes for permanent pool.
LogInit: Object subsystem initialized
[2017.04.26-17.00.06:916][  0]LogInit: Selected Device Profile: [Windows]
[2017.04.26-17.00.06:916][  0]LogInit: Applying CVar settings loaded from the selected device profile: [Windows]
[2017.04.26-17.00.06:980][  0]LogInit: Computer: DESKTOP-969FG03
[2017.04.26-17.00.06:980][  0]LogInit: User: elmen
[2017.04.26-17.00.06:980][  0]LogInit: CPU Page size=65536, Cores=4
[2017.04.26-17.00.06:980][  0]LogInit: High frequency timer resolution =3.312788 MHz
[2017.04.26-17.00.06:981][  0]LogMemory: Memory total: Physical=16.0GB (16GB approx)
[2017.04.26-17.00.06:981][  0]LogMemory: Platform Memory Stats for Windows
[2017.04.26-17.00.06:981][  0]LogMemory: Process Physical Memory: 264.48 MB used, 264.48 MB peak
[2017.04.26-17.00.06:981][  0]LogMemory: Process Virtual Memory: 262.74 MB used, 262.74 MB peak
[2017.04.26-17.00.06:981][  0]LogMemory: Physical Memory: 10082.12 MB used,  6262.83 MB free, 16344.95 MB total
[2017.04.26-17.00.06:981][  0]LogMemory: Virtual Memory: 630.96 MB used,  6262.83 MB free, 134217728.00 MB total
[2017.04.26-17.00.07:083][  0]LogTextLocalizationManager: No specific translations for ('en-US') exist, so ('en') translations will be used.
[2017.04.26-17.00.07:917][  0]LogD3D11RHI: D3D11 adapters:
[2017.04.26-17.00.08:537][  0]LogD3D11RHI:    0. 'NVIDIA GeForce GTX 1050' (Feature Level 11_0)
[2017.04.26-17.00.08:537][  0]LogD3D11RHI:       2006/0/8172 MB DedicatedVideo/DedicatedSystem/SharedSystem, Outputs:1, VendorId:0x10de
[2017.04.26-17.00.08:539][  0]LogD3D11RHI:    1. 'Microsoft Basic Render Driver' (Feature Level 11_0)
[2017.04.26-17.00.08:539][  0]LogD3D11RHI:       0/0/8172 MB DedicatedVideo/DedicatedSystem/SharedSystem, Outputs:0, VendorId:0x1414
[2017.04.26-17.00.08:539][  0]LogD3D11RHI: Chosen D3D11 Adapter: 0
[2017.04.26-17.00.08:546][  0]LogD3D11RHI: Creating new Direct3DDevice
[2017.04.26-17.00.08:546][  0]LogD3D11RHI:     GPU DeviceId: 0x1c81 (for the marketing name, search the web for "GPU Device Id")
[2017.04.26-17.00.08:546][  0]LogWindows: EnumDisplayDevices:
[2017.04.26-17.00.08:547][  0]LogWindows:    0. 'NVIDIA GeForce GTX 1050' (P:1 D:1)
[2017.04.26-17.00.08:547][  0]LogWindows:    1. 'NVIDIA GeForce GTX 1050' (P:0 D:0)
[2017.04.26-17.00.08:548][  0]LogWindows:    2. 'NVIDIA GeForce GTX 1050' (P:0 D:0)
[2017.04.26-17.00.08:548][  0]LogWindows:    3. 'NVIDIA GeForce GTX 1050' (P:0 D:0)
[2017.04.26-17.00.08:548][  0]LogWindows: DebugString: FoundDriverCount:4 
[2017.04.26-17.00.08:548][  0]LogD3D11RHI:     Adapter Name: NVIDIA GeForce GTX 1050
[2017.04.26-17.00.08:548][  0]LogD3D11RHI:   Driver Version: 378.92 (internal:21.21.13.7892, unified:378.92)
[2017.04.26-17.00.08:548][  0]LogD3D11RHI:      Driver Date: 3-16-2017
[2017.04.26-17.00.08:548][  0]LogRHI: Texture pool is 1361 MB (70% of 1945 MB)
[2017.04.26-17.00.09:201][  0]LogD3D11RHI: Async texture creation enabled
[2017.04.26-17.00.09:252][  0]LogD3D11RHI: GPU Timing Frequency: 1000.000000 (Debug: 2 1)
[2017.04.26-17.00.09:305][  0]LogShaderCompilers: Guid format shader working directory is -36 characters bigger than the processId version (../../../../../../Documents/GitHub/ProjectLonesomeRecovered/Project_lonesome 4.15/Intermediate/Shaders/WorkingDirectory/15852/).
[2017.04.26-17.00.09:305][  0]LogShaderCompilers: Cleaned the shader compiler working directory 'C:/Users/elmen/AppData/Local/Temp/UnrealShaderWorkingDir/58A5031D4C8B1F7F783C6BA308B677FF/'.
[2017.04.26-17.00.09:305][  0]LogShaderCompilers:Display: Using Local Shader Compiler.
[2017.04.26-17.00.11:126][  0]LogTemp:Display: Loaded TP AllDesktopTargetPlatform
[2017.04.26-17.00.11:200][  0]LogTemp:Display: Loaded TP MacClientTargetPlatform
[2017.04.26-17.00.11:266][  0]LogTemp:Display: Loaded TP MacNoEditorTargetPlatform
[2017.04.26-17.00.11:342][  0]LogTemp:Display: Loaded TP MacServerTargetPlatform
[2017.04.26-17.00.11:411][  0]LogTemp:Display: Loaded TP MacTargetPlatform
[2017.04.26-17.00.11:476][  0]LogTemp:Display: Loaded TP WindowsClientTargetPlatform
[2017.04.26-17.00.11:539][  0]LogTemp:Display: Loaded TP WindowsNoEditorTargetPlatform
[2017.04.26-17.00.11:606][  0]LogTemp:Display: Loaded TP WindowsServerTargetPlatform
[2017.04.26-17.00.11:661][  0]LogTemp:Display: Loaded TP WindowsTargetPlatform
[2017.04.26-17.00.11:740][  0]LogTemp:Display: Loaded TP AndroidTargetPlatform
[2017.04.26-17.00.11:814][  0]LogTemp:Display: Loaded TP Android_ASTCTargetPlatform
[2017.04.26-17.00.11:914][  0]LogTemp:Display: Loaded TP Android_ATCTargetPlatform
[2017.04.26-17.00.11:989][  0]LogTemp:Display: Loaded TP Android_DXTTargetPlatform
[2017.04.26-17.00.12:068][  0]LogTemp:Display: Loaded TP Android_ETC1TargetPlatform
[2017.04.26-17.00.12:132][  0]LogTemp:Display: Loaded TP Android_ETC2TargetPlatform
[2017.04.26-17.00.12:258][  0]LogTemp:Display: Loaded TP Android_MultiTargetPlatform
[2017.04.26-17.00.12:258][  0]LogTemp:Display: Loaded TP Android_PVRTCTargetPlatform
[2017.04.26-17.00.12:303][  0]LogTemp:Display: Loaded TP HTML5TargetPlatform
[2017.04.26-17.00.12:414][  0]LogTemp:Display: Loaded TP IOSTargetPlatform
[2017.04.26-17.00.12:459][  0]LogTemp:Display: Loaded TP TVOSTargetPlatform
[2017.04.26-17.00.12:525][  0]LogTemp:Display: Loaded TP LinuxClientTargetPlatform
[2017.04.26-17.00.12:595][  0]LogTemp:Display: Loaded TP LinuxNoEditorTargetPlatform
[2017.04.26-17.00.12:671][  0]LogTemp:Display: Loaded TP LinuxServerTargetPlatform
[2017.04.26-17.00.12:742][  0]LogTemp:Display: Loaded TP LinuxTargetPlatform
[2017.04.26-17.00.12:742][  0]LogTargetPlatformManager:Display: Building Assets For Windows
[2017.04.26-17.00.13:248][  0]LogDerivedDataCache:Display: Max Cache Size: 512 MB
[2017.04.26-17.00.13:306][  0]LogDerivedDataCache: Loaded boot cache 0.06s 50MB C:/Users/elmen/AppData/Local/UnrealEngine/4.15/DerivedDataCache/Boot.ddc.
[2017.04.26-17.00.13:306][  0]LogDerivedDataCache:Display: Loaded Boot cache: C:/Users/elmen/AppData/Local/UnrealEngine/4.15/DerivedDataCache/Boot.ddc
[2017.04.26-17.00.13:306][  0]LogDerivedDataCache: FDerivedDataBackendGraph:  Pak pak cache file ../../../../../../Documents/GitHub/ProjectLonesomeRecovered/Project_lonesome 4.15/DerivedDataCache/DDC.ddp not found, will not use a pak cache.
[2017.04.26-17.00.13:306][  0]LogDerivedDataCache: Unable to find inner node Pak for hierarchical cache Hierarchy.
[2017.04.26-17.00.13:306][  0]LogDerivedDataCache: FDerivedDataBackendGraph:  CompressedPak pak cache file ../../../../../../Documents/GitHub/ProjectLonesomeRecovered/Project_lonesome 4.15/DerivedDataCache/Compressed.ddp not found, will not use a pak cache.
[2017.04.26-17.00.13:306][  0]LogDerivedDataCache: Unable to find inner node CompressedPak for hierarchical cache Hierarchy.
[2017.04.26-17.00.13:326][  0]LogDerivedDataCache:Display: Pak cache opened for reading ../../../Engine/DerivedDataCache/Compressed.ddp.
[2017.04.26-17.00.13:339][  0]LogDerivedDataCache: Using Local data cache path C:/Users/elmen/AppData/Local/UnrealEngine/Common/DerivedDataCache: Writable
[2017.04.26-17.00.13:350][  0]LogSlate: Using Freetype 2.6.0
[2017.04.26-17.00.13:351][  0]LogSlate: SlateFontCache - WITH_FREETYPE: 1, WITH_HARFBUZZ: 1
[2017.04.26-17.00.13:351][  0]LogSlate: SlateFontCache - WITH_FREETYPE: 1, WITH_HARFBUZZ: 1
[2017.04.26-17.00.13:856][  0]LogInit: Selected Device Profile: [Windows]
[2017.04.26-17.00.13:860][  0]LogContentStreaming: Texture pool size is 0.00 MB
[2017.04.26-17.00.14:208][  0]LogMeshUtilities: Using QuadricMeshReduction for automatic static mesh reduction
[2017.04.26-17.00.14:270][  0]LogSimplygon: Simplygon DLL not present - disabling.
[2017.04.26-17.00.14:336][  0]LogMeshUtilities: Using SimplygonSwarm for distributed automatic mesh merging
[2017.04.26-17.00.14:336][  0]LogMeshUtilities: No automatic skeletal mesh reduction module available
[2017.04.26-17.00.14:336][  0]LogMeshUtilities: No automatic mesh merging module available
[2017.04.26-17.00.14:757][  0]LogExec:Warning: Cannot perform text import on property 'EnvironmentCubeMap' here: EnvironmentCubeMap=TextureCube'/Engine/EditorMaterials/AssetViewer/EpicQuadPanorama_CC+EV1.EpicQuadPanorama_CC+EV1',PostProcessingSettings=(bOverride_WhiteTemp=True,bOverride_WhiteTint=False,bOverride_ColorSaturation=True,bOverride_ColorContrast=True,bOverride_ColorGamma=True,bOverride_ColorGain=True,bOverride_ColorOffset=True,bOverride_FilmWhitePoint=False,bOverride_FilmSaturation=False,bOverride_FilmChannelMixerRed=False,bOverride_FilmChannelMixerGreen=False,bOverride_FilmChannelMixerBlue=False,bOverride_FilmContrast=False,bOverride_FilmDynamicRange=False,bOverride_FilmHealAmount=False,bOverride_FilmToeAmount=False,bOverride_FilmShadowTint=False,bOverride_FilmShadowTintBlend=False,bOverride_FilmShadowTintAmount=False,bOverride_FilmSlope=True,bOverride_FilmToe=True,bOverride_FilmShoulder=True,bOverride_FilmBlackClip=True,bOverride_FilmWhiteClip=True,bOverride_SceneColorTint=False,bOverride_SceneFringeIntensity=False,bOverride_AmbientCubemapTint=False,bOverride_AmbientCubemapIntensity=False,bOverride_BloomIntensity=True,bOverride_BloomThreshold=False,bOverride_Bloom1Tint=False,bOverride_Bloom1Size=False,bOverride_Bloom2Size=False,bOverride_Bloom2Tint=False,bOverride_Bloom3Tint=False,bOverride_Bloom3Size=False,bOverride_Bloom4Tint=False,bOverride_Bloom4Size=False,bOverride_Bloom5Tint=False,bOverride_Bloom5Size=False,bOverride_Bloom6Tint=False,bOverride_Bloom6Size=False,bOverride_BloomSizeScale=False,bOverride_BloomDirtMaskIntensity=False,bOverride_BloomDirtMaskTint=False,bOverride_BloomDirtMask=False,bOverride_AutoExposureMethod=True,bOverride_AutoExposureLowPercent=False,bOverride_AutoExposureHighPercent=False,bOverride_AutoExposureMinBrightness=True,bOverride_AutoExposureMaxBrightness=True,bOverride_AutoExposureSpeedUp=False,bOverride_AutoExposureSpeedDown=False,bOverride_AutoExposureBias=True,bOverride_HistogramLogMin=True,bOverride_HistogramLogMax=True,bOverride_LensFlareIntensity=False,bOverride_LensFlareTint=False,bOverride_LensFlareTints=False,bOverride_LensFlareBokehSize=False,bOverride_LensFlareBokehShape=False,bOverride_LensFlareThreshold=False,bOverride_VignetteIntensity=True,bOverride_GrainIntensity=False,bOverride_GrainJitter=False,bOverride_AmbientOcclusionIntensity=True,bOverride_AmbientOcclusionStaticFraction=True,bOverride_AmbientOcclusionRadius=True,bOverride_AmbientOcclusionFadeDistance=False,bOverride_AmbientOcclusionFadeRadius=False,bOverride_AmbientOcclusionDistance=False,bOverride_AmbientOcclusionRadiusInWS=False,bOverride_AmbientOcclusionPower=True,bOverride_AmbientOcclusionBias=True,bOverride_AmbientOcclusionQuality=True,bOverride_AmbientOcclusionMipBlend=True,bOverride_AmbientOcclusionMipScale=True,bOverride_AmbientOcclusionMipThreshold=True,bOverride_LPVIntensity=False,bOverride_LPVDirectionalOcclusionIntensity=False,bOverride_LPVDirectionalOcclusionRadius=False,bOverride_LPVDiffuseOcclusionExponent=False,bOverride_LPVSpecularOcclusionExponent=False,bOverride_LPVDiffuseOcclusionIntensity=False,bOverride_LPVSpecularOcclusionIntensity=False,bOverride_LPVSize=False,bOverride_LPVSecondaryOcclusionIntensity=False,bOverride_LPVSecondaryBounceIntensity=False,bOverride_LPVGeometryVolumeBias=False,bOverride_LPVVplInjectionBias=False,bOverride_LPVEmissiveInjectionIntensity=False,bOverride_IndirectLightingColor=False,bOverride_IndirectLightingIntensity=False,bOverride_ColorGradingIntensity=True,bOverride_ColorGradingLUT=True,bOverride_DepthOfFieldFocalDistance=False,bOverride_DepthOfFieldFstop=False,bOverride_DepthOfFieldSensorWidth=False,bOverride_DepthOfFieldDepthBlurRadius=False,bOverride_DepthOfFieldDepthBlurAmount=False,bOverride_DepthOfFieldFocalRegion=False,bOverride_DepthOfFieldNearTransitionRegion=False,bOverride_DepthOfFieldFarTransitionRegion=False,bOverride_DepthOfFieldScale=True,bOverride_DepthOfFieldMaxBokehSize=False,bOverride_DepthOfFieldNearBlurSize=False,bOverride_DepthOfFieldFarBlurSize=False,bOverride_DepthOfFieldMethod=True,bOverride_MobileHQGaussian=False,bOverride_DepthOfFieldBokehShape=False,bOverride_DepthOfFieldOcclusion=False,bOverride_DepthOfFieldColorThreshold=False,bOverride_DepthOfFieldSizeThreshold=False,bOverride_DepthOfFieldSkyFocusDistance=False,bOverride_DepthOfFieldVignetteSize=False,bOverride_MotionBlurAmount=False,bOverride_MotionBlurMax=False,bOverride_MotionBlurPerObjectSize=False,bOverride_ScreenPercentage=False,bOverride_AntiAliasingMethod=False,bOverride_ScreenSpaceReflectionIntensity=True,bOverride_ScreenSpaceReflectionQuality=True,bOverride_ScreenSpaceReflectionMaxRoughness=True,bOverride_ScreenSpaceReflectionRoughnessScale=False,WhiteTemp=6700.000000,WhiteTint=0.000000,ColorSaturation=(X=1.000000,Y=1.000000,Z=1.000000),ColorContrast=(X=1.000000,Y=1.000000,Z=1.000000),ColorGamma=(X=1.000000,Y=1.000000,Z=1.000000),ColorGain=(X=1.000000,Y=1.000000,Z=1.000000),ColorOffset=(X=0.005000,Y=0.005000,Z=0.005000),FilmWhitePoint=(R=1.000000,G=1.000000,B=1.000000,A=1.000000),FilmShadowTint=(R=1.000000,G=1.000000,B=1.000000,A=1.000000),FilmShadowTintBlend=0.500000,FilmShadowTintAmount=0.000000,FilmSaturation=1.000000,FilmChannelMixerRed=(R=1.000000,G=0.000000,B=0.000000,A=1.000000),FilmChannelMixerGreen=(R=0.000000,G=1.000000,B=0.000000,A=1.000000),FilmChannelMixerBlue=(R=0.000000,G=0.000000,B=1.000000,A=1.000000),FilmContrast=0.030000,FilmToeAmount=1.000000,FilmHealAmount=0.180000,FilmDynamicRange=4.000000,FilmSlope=0.880000,FilmToe=0.550000,FilmShoulder=0.260000,FilmBlackClip=0.000000,FilmWhiteClip=0.040000,SceneColorTint=(R=1.000000,G=1.000000,B=1.000000,A=1.000000),SceneFringeIntensity=0.000000,BloomIntensity=1.000000,BloomThreshold=1.000000,BloomSizeScale=4.000000,Bloom1Size=1.000000,Bloom2Size=4.000000,Bloom3Size=16.000000,Bloom4Size=32.000000,Bloom5Size=64.000000,Bloom6Size=64.000000,Bloom1Tint=(R=0.500000,G=0.500000,B=0.500000,A=1.000000),Bloom2Tint=(R=0.500000,G=0.500000,B=0.500000,A=1.000000),Bloom3Tint=(R=0.500000,G=0.500000,B=0.500000,A=1.000000),Bloom4Tint=(R=0.500000,G=0.500000,B=0.500000,A=1.000000),Bloom5Tint=(R=0.500000,G=0.500000,B=0.500000,A=1.000000),Bloom6Tint=(R=0.500000,G=0.500000,B=0.500000,A=1.000000),BloomDirtMaskIntensity=1.000000,BloomDirtMaskTint=(R=0.500000,G=0.500000,B=0.500000,A=1.000000),BloomDirtMask=None,LPVIntensity=1.000000,LPVVplInjectionBias=0.640000,LPVSize=5312.000000,LPVSecondaryOcclusionIntensity=0.000000,LPVSecondaryBounceIntensity=0.000000,LPVGeometryVolumeBias=0.384000,LPVEmissiveInjectionIntensity=1.000000,LPVDirectionalOcclusionIntensity=0.000000,LPVDirectionalOcclusionRadius=8.000000,LPVDiffuseOcclusionExponent=1.000000,LPVSpecularOcclusionExponent=7.000000,LPVDiffuseOcclusionIntensity=1.000000,LPVSpecularOcclusionIntensity=1.000000,AmbientCubemapTint=(R=1.000000,G=1.000000,B=1.000000,A=1.000000),AmbientCubemapIntensity=1.000000,AmbientCubemap=None,AutoExposureMethod=AEM_Histogram,AutoExposureLowPercent=80.000000,AutoExposureHighPercent=98.300003,AutoExposureMinBrightness=1.000000,AutoExposureMaxBrightness=1.000000,AutoExposureSpeedUp=3.000000,AutoExposureSpeedDown=1.000000,AutoExposureBias=0.330000,HistogramLogMin=-8.000000,HistogramLogMax=4.000000,LensFlareIntensity=1.000000,LensFlareTint=(R=1.000000,G=1.000000,B=1.000000,A=1.000000),LensFlareBokehSize=3.000000,LensFlareThreshold=8.000000,LensFlareBokehShape=None,LensFlareTints[0]=(R=1.000000,G=0.800000,B=0.400000,A=0.600000),LensFlareTints[1]=(R=1.000000,G=1.000000,B=0.600000,A=0.530000),LensFlareTints[2]=(R=0.800000,G=0.800000,B=1.000000,A=0.460000),LensFlareTints[3]=(R=0.500000,G=1.000000,B=0.400000,A=0.390000),LensFlareTints[4]=(R=0.500000,G=0.800000,B=1.000000,A=0.310000),LensFlareTints[5]=(R=0.900000,G=1.000000,B=0.800000,A=0.270000),LensFlareTints[6]=(R=1.000000,G=0.800000,B=0.400000,A=0.220000),LensFlareTints[7]=(R=0.900000,G=0.700000,B=0.700000,A=0.150000),VignetteIntensity=0.161468,GrainJitter=0.000000,GrainIntensity=0.000000,AmbientOcclusionIntensity=1.000000,AmbientOcclusionStaticFraction=1.000000,AmbientOcclusionRadius=73.477997,AmbientOcclusionRadiusInWS=False,AmbientOcclusionFadeDistance=8000.000000,AmbientOcclusionFadeRadius=5000.000000,AmbientOcclusionDistance=80.000000,AmbientOcclusionPower=1.200000,AmbientOcclusionBias=3.000000,AmbientOcclusionQuality=100.000000,AmbientOcclusionMipBlend=0.600000,AmbientOcclusionMipScale=1.700000,AmbientOcclusionMipThreshold=0.010000,IndirectLightingColor=(R=1.000000,G=1.000000,B=1.000000,A=1.000000),IndirectLightingIntensity=1.000000,ColorGradingIntensity=0.000000,ColorGradingLUT=Texture2D'/Engine/EditorResources/RGBTable16x1_AssetViewer.RGBTable16x1_AssetViewer',DepthOfFieldMethod=DOFM_BokehDOF,bMobileHQGaussian=False,DepthOfFieldFstop=4.000000,DepthOfFieldSensorWidth=24.576000,DepthOfFieldFocalDistance=1000.000000,DepthOfFieldDepthBlurAmount=1.000000,DepthOfFieldDepthBlurRadius=0.000000,DepthOfFieldFocalRegion=0.000000,DepthOfFieldNearTransitionRegion=300.000000,DepthOfFieldFarTransitionRegion=500.000000,DepthOfFieldScale=0.000000,DepthOfFieldMaxBokehSize=15.000000,DepthOfFieldNearBlurSize=15.000000,DepthOfFieldFarBlurSize=15.000000,DepthOfFieldBokehShape=None,DepthOfFieldOcclusion=0.400000,DepthOfFieldColorThreshold=1.000000,DepthOfFieldSizeThreshold=0.080000,DepthOfFieldSkyFocusDistance=0.000000,DepthOfFieldVignetteSize=200.000000,MotionBlurAmount=0.500000,MotionBlurMax=5.000000,MotionBlurPerObjectSize=0.500000,ScreenPercentage=100.000000,AntiAliasingMethod=AAM_TemporalAA,ScreenSpaceReflectionIntensity=100.000000,ScreenSpaceReflectionQuality=100.000000,ScreenSpaceReflectionMaxRoughness=1.000000,WeightedBlendables=(Array=),Blendables=),bPostProcessingEnabled=True,LightingRigRotation=109.389069,RotationSpeed=2.000000,DirectionalLightRotation=(Pitch=-39.999985,Yaw=-67.500015,Roll=0.000000))
[2017.04.26-17.00.15:001][  0]LogNetVersion: GetLocalNetworkVersion: CL: 3299760, ProjectName: project_lonesome, ProjectVersion: , EngineNetworkVersion: 2, GameNetworkVersion: 0, NetworkChecksum: 3824462427
[2017.04.26-17.00.15:051][  0]LogAssetRegistry: FAssetRegistry took 0.0218 seconds to start up
[2017.04.26-17.00.15:888][  0]LogPackageLocalizationCache: Processed 3 localized package path(s) for 2 prioritized culture(s) in 0.808252 seconds
[2017.04.26-17.00.15:892][  0]LogUObjectArray: 32494 objects as part of root set at end of initial load.
[2017.04.26-17.00.15:892][  0]LogUObjectAllocator: 7077248 out of 0 bytes used by permanent object pool.
[2017.04.26-17.00.15:892][  0]LogUObjectArray: CloseDisregardForGC: 0/0 objects in disregard for GC pool
[2017.04.26-17.00.15:968][  0]LogInit: WinSock: version 1.1 (2.2), MaxSocks=32767, MaxUdp=65467
[2017.04.26-17.00.18:984][  0]LogTcpMessaging: Initializing TcpMessaging bridge
[2017.04.26-17.00.19:037][  0]LogUdpMessaging: Initializing bridge on interface 0.0.0.0:0 to multicast group 230.0.0.1:6666.
[2017.04.26-17.00.19:631][  0]LogMaterial: Uniform references updated for custom material expression Custom.
[2017.04.26-17.00.20:117][  0]SourceControl: Info Source control is disabled
[2017.04.26-17.00.20:373][  0]SourceControl: Info Source control is disabled
[2017.04.26-17.00.20:434][  0]SourceControl: Info Source control is disabled
[2017.04.26-17.00.20:490][  0]SourceControl: Info Source control is disabled
[2017.04.26-17.00.22:103][  0]LogEngine: Initializing Engine...
[2017.04.26-17.00.22:104][  0]LogHMD: Failed to initialize OpenVR with code 110
[2017.04.26-17.00.22:389][  0]LogAIModule: Creating AISystem for world Untitled
[2017.04.26-17.00.22:405][  0]LogInit: XAudio2 using 'Speakers / Headphones (Realtek High Definition Audio)' : 2 channels at 48 kHz using 32 bits per sample (channel mask 0x3)
[2017.04.26-17.00.22:429][  0]LogInit: FAudioDevice initialized.
[2017.04.26-17.00.22:459][  0]LogDerivedDataCache: Saved boot cache 0.03s 50MB C:/Users/elmen/AppData/Local/UnrealEngine/4.15/DerivedDataCache/Boot.ddc.
[2017.04.26-17.00.22:466][  0]LogInit: Texture streaming: Enabled
[2017.04.26-17.00.22:574][  0]LogEngineSessionManager: EngineSessionManager initialized
[2017.04.26-17.00.22:705][  0]LogInit: Transaction tracking system initialized
[2017.04.26-17.00.23:158][  0]BlueprintLog: New page: Editor Load
[2017.04.26-17.00.24:347][  0]LocalizationService: Info Localization service is disabled
[2017.04.26-17.00.25:132][  0]LogConsoleResponse:Display: 
[2017.04.26-17.00.25:361][  0]LogCook:Display: Max memory allowance for cook 16384mb min free memory 0mb
[2017.04.26-17.00.25:362][  0]LogCook:Display: Mobile HDR setting 1
[2017.04.26-17.00.26:038][  0]LogFileCache: Scanning file cache for directory 'H:/Documents/GitHub/ProjectLonesomeRecovered/Project_lonesome 4.15/Content/' took 0.04s
[2017.04.26-17.00.26:750][  0]SourceControl: Info Source control is disabled
[2017.04.26-17.00.26:750][  0]Cmd: MAP LOAD FILE="../../../../../../Documents/GitHub/ProjectLonesomeRecovered/Project_lonesome 4.15/Content/FirstPersonBP/Maps/FirstPersonExampleMap.umap" TEMPLATE=0 SHOWPROGRESS=1 FEATURELEVEL=3
[2017.04.26-17.00.26:784][  0]LightingResults: New page: Lighting Build
[2017.04.26-17.00.26:836][  0]MapCheck: New page: Map Check
[2017.04.26-17.00.26:837][  0]LightingResults: New page: Lighting Build
[2017.04.26-17.00.33:554][  0]LogAIModule: Creating AISystem for world FirstPersonExampleMap
[2017.04.26-17.00.33:820][  0]LogEditorServer: Finished looking for orphan Actors (0.000 secs)
[2017.04.26-17.00.33:844][  0]Cmd: MAP CHECKDEP NOCLEARLOG
[2017.04.26-17.00.33:939][  0]MapCheck: Info Map check complete: 0 Error(s), 0 Warning(s), took 95.067ms to complete.
[2017.04.26-17.00.33:939][  0]LogFileHelpers: Loading map 'FirstPersonExampleMap' took 7.188
[2017.04.26-17.00.34:038][  0]LogWindowsTextInputMethodSystem:Display: IME system now deactivated.
[2017.04.26-17.00.34:904][  0]LogCollectionManager: Loaded 1 collections in 0.034923 seconds
[2017.04.26-17.00.35:069][  0]LogFileCache: Scanning file cache for directory 'H:/Documents/GitHub/ProjectLonesomeRecovered/Project_lonesome 4.15/Saved/Collections/' took 0.01s
[2017.04.26-17.00.35:069][  0]LogFileCache: Scanning file cache for directory 'H:/Documents/GitHub/ProjectLonesomeRecovered/Project_lonesome 4.15/Content/Developers/elmen/Collections/' took 0.01s
[2017.04.26-17.00.35:069][  0]LogFileCache: Scanning file cache for directory 'H:/Documents/GitHub/ProjectLonesomeRecovered/Project_lonesome 4.15/Content/Collections/' took 0.01s
[2017.04.26-17.00.35:069][  0]LogCollectionManager: Rebuilt the GUID cache for 1 collections in 0.000009 seconds
[2017.04.26-17.00.35:070][  0]LogCollectionManager: Rebuilt the hierarchy cache for 1 collections in 0.000000 seconds
[2017.04.26-17.00.35:086][  0]LogContentBrowser: Native class hierarchy populated in 0.0143 seconds. Added 2245 classes and 453 folders.
[2017.04.26-17.00.35:151][  0]LogStats: UGameplayTagsManager::ConstructGameplayTagTree: Construct from data asset -  0.000 s
[2017.04.26-17.00.35:152][  0]LogStats: UGameplayTagsManager::ConstructGameplayTagTree: GameplayTagTreeChangedEvent.Broadcast -  0.000 s
[2017.04.26-17.00.35:245][  0]LogContentBrowser: Native class hierarchy updated for 'WidgetCarousel' in 0.0006 seconds. Added 0 classes and 0 folders.
[2017.04.26-17.00.36:409][  0]LogContentBrowser: Native class hierarchy updated for 'AddContentDialog' in 0.0005 seconds. Added 0 classes and 0 folders.
[2017.04.26-17.00.36:580][  0]LogContentBrowser: Native class hierarchy updated for 'SceneOutliner' in 0.0006 seconds. Added 1 classes and 2 folders.
[2017.04.26-17.00.37:046][  0]LogCrashTracker: Crashtracker disabled due to settings.
[2017.04.26-17.00.37:202][  0]LogUObjectGlobals:Warning: Failed to find object 'Class None.'
[2017.04.26-17.00.37:316][  0]LogContentBrowser: Native class hierarchy updated for 'HierarchicalLODOutliner' in 0.0009 seconds. Added 1 classes and 2 folders.
[2017.04.26-17.00.37:317][  0]LogLoad: (Engine Initialization) Total time: 33.55 seconds
[2017.04.26-17.00.37:317][  0]LogLoad: (Engine Initialization) Total Blueprint compile time: 1.50 seconds
[2017.04.26-17.00.37:317][  0]LogExternalProfiler: Found external profiler: VSPerf
[2017.04.26-17.00.37:317][  0]LogExternalProfiler: Using external profiler: VSPerf
[2017.04.26-17.00.37:328][  0]LogOcInput: OculusInput pre-init called
[2017.04.26-17.00.37:498][  0]LogContentStreaming: Texture pool size now 1000 MB
[2017.04.26-17.00.37:500][  0]LogSlate: Took 0.000400 seconds to synchronously load lazily loaded font '../../../Engine/Content/Slate/Fonts/Roboto-Regular.ttf' (155K)
[2017.04.26-17.00.37:505][  0]LogSlate: Took 0.000392 seconds to synchronously load lazily loaded font '../../../Engine/Content/Slate/Fonts/Roboto-Bold.ttf' (160K)
[2017.04.26-17.00.37:563][  0]LogSlate: Took 0.011202 seconds to synchronously load lazily loaded font '../../../Engine/Content/Editor/Slate/Fonts/FontAwesome.ttf' (139K)
[2017.04.26-17.00.38:554][  0]LogRenderer: Reallocating scene render targets to support 1208x576 NumSamples 1 (Frame:2).
[2017.04.26-17.00.38:554][  0]LogSlate: Took 0.025850 seconds to synchronously load lazily loaded font '../../../Engine/Content/Slate/Fonts/Roboto-Light.ttf' (159K)
[2017.04.26-17.00.39:485][  4]LogAssetRegistry: Asset discovery search completed in 24.4555 seconds
[2017.04.26-17.00.39:485][  4]LogCollectionManager: Rebuilt the object cache for 1 collections in 0.000009 seconds (found 0 objects)
[2017.04.26-17.00.39:485][  4]LogCollectionManager: Fixed up redirectors for 1 collections in 0.000030 seconds (updated 0 objects)
[2017.04.26-17.01.01:460][889]LogTemp: Repeting last play command: Selected Viewport
[2017.04.26-17.01.01:505][889]LogBlueprintUserMessages: Early PlayInEditor Detection: Level '/Game/FirstPersonBP/Maps/FirstPersonExampleMap.FirstPersonExampleMap:PersistentLevel' has LevelScriptBlueprint '/Game/FirstPersonBP/Maps/FirstPersonExampleMap.FirstPersonExampleMap:PersistentLevel.FirstPersonExampleMap' with GeneratedClass '/Game/FirstPersonBP/Maps/FirstPersonExampleMap.FirstPersonExampleMap_C' with ClassGeneratedBy '/Game/FirstPersonBP/Maps/FirstPersonExampleMap.FirstPersonExampleMap:PersistentLevel.FirstPersonExampleMap'
[2017.04.26-17.01.01:513][889]LogPlayLevel: PlayLevel: No blueprints needed recompiling
[2017.04.26-17.01.01:607][889]PIE: New page: PIE session: FirstPersonExampleMap (Apr 26, 2017, 3:01:01 AM)
[2017.04.26-17.01.01:631][889]LogPlayLevel: Creating play world package: /Game/FirstPersonBP/Maps/UEDPIE_0_FirstPersonExampleMap
[2017.04.26-17.01.01:666][889]LogPlayLevel: PIE: StaticDuplicateObject took: (0.034635s)
[2017.04.26-17.01.01:667][889]LogAIModule: Creating AISystem for world FirstPersonExampleMap
[2017.04.26-17.01.01:668][889]LogPlayLevel: PIE: World Init took: (0.001321s)
[2017.04.26-17.01.01:671][889]LogPlayLevel: PIE: Created PIE world by copying editor world from /Game/FirstPersonBP/Maps/FirstPersonExampleMap.FirstPersonExampleMap to /Game/FirstPersonBP/Maps/UEDPIE_0_FirstPersonExampleMap.FirstPersonExampleMap (0.039927s)
[2017.04.26-17.01.01:783][889]LogInit: XAudio2 using 'Speakers / Headphones (Realtek High Definition Audio)' : 2 channels at 48 kHz using 32 bits per sample (channel mask 0x3)
[2017.04.26-17.01.01:804][889]LogInit: FAudioDevice initialized.
[2017.04.26-17.01.01:966][889]LogLoad: Game class is 'FirstPersonGameMode_C'
[2017.04.26-17.01.02:048][889]LogWorld: Bringing World /Game/FirstPersonBP/Maps/UEDPIE_0_FirstPersonExampleMap.FirstPersonExampleMap up for play (max tick rate 0) at 2017.04.26-10.01.02
[2017.04.26-17.01.02:130][889]LogWorld: Bringing up level for play took: 0.083954
[2017.04.26-17.01.02:301][889]LogContentBrowser: Native class hierarchy updated for 'MovieSceneCapture' in 0.0007 seconds. Added 11 classes and 0 folders.
[2017.04.26-17.01.02:301][889]LogGameMode:Display: Match State Changed from EnteringMap to WaitingToStart
[2017.04.26-17.01.02:313][889]LogGameState: Match State Changed from EnteringMap to WaitingToStart
[2017.04.26-17.01.02:313][889]LogGameMode:Display: Match State Changed from WaitingToStart to InProgress
[2017.04.26-17.01.02:374][889]LogGameState: Match State Changed from WaitingToStart to InProgress
[2017.04.26-17.01.02:387][889]PIE: Info Play in editor start time for /Game/FirstPersonBP/Maps/UEDPIE_0_FirstPersonExampleMap 0.639
[2017.04.26-17.01.02:388][889]LogBlueprintUserMessages: Late PlayInEditor Detection: Level '/Game/FirstPersonBP/Maps/FirstPersonExampleMap.FirstPersonExampleMap:PersistentLevel' has LevelScriptBlueprint '/Game/FirstPersonBP/Maps/FirstPersonExampleMap.FirstPersonExampleMap:PersistentLevel.FirstPersonExampleMap' with GeneratedClass '/Game/FirstPersonBP/Maps/FirstPersonExampleMap.FirstPersonExampleMap_C' with ClassGeneratedBy '/Game/FirstPersonBP/Maps/FirstPersonExampleMap.FirstPersonExampleMap:PersistentLevel.FirstPersonExampleMap'
[2017.04.26-17.01.07:532][970]LogGameMode:Display: Match State Changed from InProgress to LeavingMap
[2017.04.26-17.01.07:532][970]LogGameState: Match State Changed from InProgress to LeavingMap
[2017.04.26-17.01.07:533][970]LogNet: Browse: /Game/Levels/Second-Floor
[2017.04.26-17.01.07:533][970]LogLoad: LoadMap: /Game/Levels/Second-Floor
[2017.04.26-17.01.07:603][970]Cmd: MEM
[2017.04.26-17.01.07:691][970]LogMemory: Platform Memory Stats for Windows
[2017.04.26-17.01.07:691][970]LogMemory: Process Physical Memory: 1099.73 MB used, 1107.68 MB peak
[2017.04.26-17.01.07:691][970]LogMemory: Process Virtual Memory: 1530.75 MB used, 1531.37 MB peak
[2017.04.26-17.01.07:691][970]LogMemory: Physical Memory: 10117.87 MB used,  6227.08 MB free, 16344.95 MB total
[2017.04.26-17.01.07:691][970]LogMemory: Virtual Memory: 2254.57 MB used,  6227.08 MB free, 134217728.00 MB total
[2017.04.26-17.01.07:691][970]LogMemory: 
[2017.04.26-17.01.07:691][970]Allocator Stats for TBB: (not implemented)
[2017.04.26-17.01.11:888][970]LogTexture:Display: Building textures: brown_eye (AutoDXT, 1024X1024) - 96 MB total VRAM
[2017.04.26-17.01.13:489][970]LogTexture:Display: Building textures: eyebrow013 (AutoDXT, 512X512) - 96 MB total VRAM
[2017.04.26-17.01.13:836][970]LogMaterial: Missing cached shader map for material Eyebrow012, compiling. 
[2017.04.26-17.01.13:853][970]LogTemp:Display: Added material ShaderMap 0x0000029E0145FC80 with Material 0x0000029E533C0B80 to ShaderMapsBeingCompiled
[2017.04.26-17.01.13:968][970]LogTemp:Display: Kicking off shader compilation for Eyebrow012, GameThreadShaderMap 0x0000029E0145FC80
[2017.04.26-17.01.15:856][970]LogMaterial: Missing cached shader map for material Eye_brown, compiling. 
[2017.04.26-17.01.15:857][970]LogTemp:Display: Added material ShaderMap 0x0000029E00359D00 with Material 0x0000029E533C1900 to ShaderMapsBeingCompiled
[2017.04.26-17.01.15:910][970]LogTemp:Display: Kicking off shader compilation for Eye_brown, GameThreadShaderMap 0x0000029E00359D00
[2017.04.26-17.01.15:953][970]LogTexture:Display: Building textures: shoes03_diffuse (AutoDXT, 1024X1024) - 97 MB total VRAM
[2017.04.26-17.01.16:713][970]LogTexture:Display: Building textures: short04_diffuse (AutoDXT, 2048X2048) - 97 MB total VRAM
[2017.04.26-17.01.19:701][970]LogMaterial: Missing cached shader map for material Short04, compiling. 
[2017.04.26-17.01.19:703][970]LogTemp:Display: Added material ShaderMap 0x0000029E007E3C80 with Material 0x0000029E5296B400 to ShaderMapsBeingCompiled
[2017.04.26-17.01.19:764][970]LogTemp:Display: Kicking off shader compilation for Short04, GameThreadShaderMap 0x0000029E007E3C80
[2017.04.26-17.01.20:022][970]LogTexture:Display: Building textures: old_darkskinned_male_diffuse (AutoDXT, 2048X2048) - 97 MB total VRAM
[2017.04.26-17.01.22:446][970]LogMaterial: Missing cached shader map for material Shoes03, compiling. 
[2017.04.26-17.01.22:448][970]LogTemp:Display: Added material ShaderMap 0x0000029E05B9A780 with Material 0x0000029E52969480 to ShaderMapsBeingCompiled
[2017.04.26-17.01.22:504][970]LogTemp:Display: Kicking off shader compilation for Shoes03, GameThreadShaderMap 0x0000029E05B9A780
[2017.04.26-17.01.22:600][970]LogMaterial: Missing cached shader map for material Old_african_male, compiling. 
[2017.04.26-17.01.22:601][970]LogTemp:Display: Added material ShaderMap 0x0000029E03D30B80 with Material 0x0000029E5342F700 to ShaderMapsBeingCompiled
[2017.04.26-17.01.22:654][970]LogTemp:Display: Kicking off shader compilation for Old_african_male, GameThreadShaderMap 0x0000029E03D30B80
[2017.04.26-17.01.23:306][970]LogTexture:Display: Building textures: male_worksuit01_normal (BC5, 4096X4096) - 97 MB total VRAM
[2017.04.26-17.01.26:142][970]LogTexture:Display: Building textures: male_worksuit01_diffuse (AutoDXT, 2048X2048) - 97 MB total VRAM
[2017.04.26-17.01.28:170][970]LogMaterial: Missing cached shader map for material Male_worksuit01, compiling. 
[2017.04.26-17.01.28:171][970]LogTemp:Display: Added material ShaderMap 0x0000029E0455AE80 with Material 0x0000029E5342D780 to ShaderMapsBeingCompiled
[2017.04.26-17.01.28:239][970]LogTemp:Display: Kicking off shader compilation for Male_worksuit01, GameThreadShaderMap 0x0000029E0455AE80
[2017.04.26-17.01.28:991][970]LogTexture:Display: Building textures: teeth (AutoDXT, 2048X2048) - 99 MB total VRAM
[2017.04.26-17.01.32:432][970]LogMaterial: Missing cached shader map for material Teethmaterial, compiling. 
[2017.04.26-17.01.32:433][970]LogTemp:Display: Added material ShaderMap 0x0000029E0B507C80 with Material 0x0000029E534EA080 to ShaderMapsBeingCompiled
[2017.04.26-17.01.32:488][970]LogTemp:Display: Kicking off shader compilation for Teethmaterial, GameThreadShaderMap 0x0000029E0B507C80
[2017.04.26-17.01.32:549][970]LogTexture:Display: Building textures: tongue01_diffuse (AutoDXT, 1024X1024) - 99 MB total VRAM
[2017.04.26-17.01.33:048][970]LogMaterial: Missing cached shader map for material Tongue01material, compiling. 
[2017.04.26-17.01.33:050][970]LogTemp:Display: Added material ShaderMap 0x0000029E0C85A080 with Material 0x0000029E53454B80 to ShaderMapsBeingCompiled
[2017.04.26-17.01.33:110][970]LogTemp:Display: Kicking off shader compilation for Tongue01material, GameThreadShaderMap 0x0000029E0C85A080
[2017.04.26-17.01.40:922][970]LogAIModule: Creating AISystem for world Second-Floor
[2017.04.26-17.01.40:922][970]LogLoad: Game class is 'FirstPersonGameMode_C'
[2017.04.26-17.01.40:975][970]LogTemp:Display: Finished compile of shader map 0x0000029E0145FC80
[2017.04.26-17.01.40:975][970]LogTemp:Display: Shader map Eyebrow012 complete, GameThreadShaderMap 0x0000029E0145FC80, marking material Eyebrow012 as finished
[2017.04.26-17.01.40:975][970]LogTemp:Display: Marking material as finished 0x0000029E533C0B80
[2017.04.26-17.01.40:985][970]LogTemp:Display: Finished compile of shader map 0x0000029E00359D00
[2017.04.26-17.01.40:985][970]LogTemp:Display: Shader map Eye_brown complete, GameThreadShaderMap 0x0000029E00359D00, marking material Eye_brown as finished
[2017.04.26-17.01.40:986][970]LogTemp:Display: Marking material as finished 0x0000029E533C1900
[2017.04.26-17.01.41:370][970]LogWorld: Bringing World /Game/Levels/UEDPIE_0_Second-Floor.Second-Floor up for play (max tick rate 3) at 2017.04.26-10.01.41
[2017.04.26-17.01.41:564][970]LogWorld: Bringing up level for play took: 0.481158
[2017.04.26-17.01.41:566][970]LogGameMode: FindPlayerStart: PATHS NOT DEFINED or NO PLAYERSTART with positive rating
[2017.04.26-17.01.41:576][970]LogGameMode:Display: Match State Changed from EnteringMap to WaitingToStart
[2017.04.26-17.01.41:576][970]LogGameState: Match State Changed from EnteringMap to WaitingToStart
[2017.04.26-17.01.41:576][970]LogGameMode:Display: Match State Changed from WaitingToStart to InProgress
[2017.04.26-17.01.41:598][970]LogBlueprintUserMessages: [Second-Floor_C_4] false
[2017.04.26-17.01.41:598][970]LogBlueprintUserMessages: [Second-Floor_C_4] false
[2017.04.26-17.01.41:598][970]LogBlueprintUserMessages: [Second-Floor_C_4] false
[2017.04.26-17.01.41:714][970]LogGameState: Match State Changed from WaitingToStart to InProgress
[2017.04.26-17.01.41:742][970]LogLoad: Took 34.208917 seconds to LoadMap(/Game/Levels/Second-Floor)
[2017.04.26-17.01.41:771][970]LogTemp:Display: Finished compile of shader map 0x0000029E007E3C80
[2017.04.26-17.01.41:771][970]LogTemp:Display: Shader map Short04 complete, GameThreadShaderMap 0x0000029E007E3C80, marking material Short04 as finished
[2017.04.26-17.01.41:771][970]LogTemp:Display: Marking material as finished 0x0000029E5296B400
[2017.04.26-17.01.47:884][ 22]LogTemp:Display: Finished compile of shader map 0x0000029E05B9A780
[2017.04.26-17.01.47:884][ 22]LogTemp:Display: Shader map Shoes03 complete, GameThreadShaderMap 0x0000029E05B9A780, marking material Shoes03 as finished
[2017.04.26-17.01.47:884][ 22]LogTemp:Display: Marking material as finished 0x0000029E52969480
[2017.04.26-17.01.57:705][398]LogTemp:Display: Finished compile of shader map 0x0000029E03D30B80
[2017.04.26-17.01.57:705][398]LogTemp:Display: Shader map Old_african_male complete, GameThreadShaderMap 0x0000029E03D30B80, marking material Old_african_male as finished
[2017.04.26-17.01.57:705][398]LogTemp:Display: Marking material as finished 0x0000029E5342F700
[2017.04.26-17.01.57:889][405]LogBlueprintUserMessages: [Second-Floor_C_4] false
[2017.04.26-17.01.57:889][405]LogBlueprintUserMessages: [Second-Floor_C_4] false
[2017.04.26-17.01.57:889][405]LogBlueprintUserMessages: [Second-Floor_C_4] false
[2017.04.26-17.01.59:855][517]LogBlueprintUserMessages: [Flashlight_668] true
[2017.04.26-17.01.59:855][517]LogBlueprintUserMessages: [Flashlight_668] deleted yet?
[2017.04.26-17.02.06:903][928]LogTemp:Display: Finished compile of shader map 0x0000029E0455AE80
[2017.04.26-17.02.06:903][928]LogTemp:Display: Shader map Male_worksuit01 complete, GameThreadShaderMap 0x0000029E0455AE80, marking material Male_worksuit01 as finished
[2017.04.26-17.02.06:903][928]LogTemp:Display: Marking material as finished 0x0000029E5342D780
[2017.04.26-17.02.08:329][ 12]LogBlueprintUserMessages: Early EndPlayMap Detection: Level '/Game/FirstPersonBP/Maps/FirstPersonExampleMap.FirstPersonExampleMap:PersistentLevel' has LevelScriptBlueprint '/Game/FirstPersonBP/Maps/FirstPersonExampleMap.FirstPersonExampleMap:PersistentLevel.FirstPersonExampleMap' with GeneratedClass '/Game/FirstPersonBP/Maps/FirstPersonExampleMap.FirstPersonExampleMap_C' with ClassGeneratedBy '/Game/FirstPersonBP/Maps/FirstPersonExampleMap.FirstPersonExampleMap:PersistentLevel.FirstPersonExampleMap'
[2017.04.26-17.02.08:509][ 12]LogBlueprintUserMessages: Late EndPlayMap Detection: Level '/Game/FirstPersonBP/Maps/FirstPersonExampleMap.FirstPersonExampleMap:PersistentLevel' has LevelScriptBlueprint '/Game/FirstPersonBP/Maps/FirstPersonExampleMap.FirstPersonExampleMap:PersistentLevel.FirstPersonExampleMap' with GeneratedClass '/Game/FirstPersonBP/Maps/FirstPersonExampleMap.FirstPersonExampleMap_C' with ClassGeneratedBy '/Game/FirstPersonBP/Maps/FirstPersonExampleMap.FirstPersonExampleMap:PersistentLevel.FirstPersonExampleMap'
[2017.04.26-17.02.14:353][306]LogSlate: Took 0.000304 seconds to synchronously load lazily loaded font '../../../Engine/Content/Slate/Fonts/Roboto-Light.ttf' (159K)
[2017.04.26-17.02.15:186][306]LogSlate: Took 0.000355 seconds to synchronously load lazily loaded font '../../../Engine/Content/Slate/Fonts/Roboto-Regular.ttf' (155K)
[2017.04.26-17.02.16:232][306]LogContentBrowser: Native class hierarchy updated for 'BlueprintGraph' in 0.0021 seconds. Added 112 classes and 0 folders.
[2017.04.26-17.02.19:378][306]LogTemp:Display: Finished compile of shader map 0x0000029E0B507C80
[2017.04.26-17.02.19:378][306]LogTemp:Display: Shader map Teethmaterial complete, GameThreadShaderMap 0x0000029E0B507C80, marking material Teethmaterial as finished
[2017.04.26-17.02.19:378][306]LogTemp:Display: Marking material as finished 0x0000029E534EA080
[2017.04.26-17.02.19:420][306]LogSlate: Took 0.020759 seconds to synchronously load lazily loaded font '../../../Engine/Content/Editor/Slate/Fonts/Roboto-BoldCondensed.ttf' (158K)
[2017.04.26-17.02.20:417][307]LogSlate: Took 0.022572 seconds to synchronously load lazily loaded font '../../../Engine/Content/Editor/Slate/Fonts/Roboto-Italic.ttf' (157K)
[2017.04.26-17.02.22:049][354]LogTemp:Display: Finished compile of shader map 0x0000029E0C85A080
[2017.04.26-17.02.22:049][354]LogTemp:Display: Shader map Tongue01material complete, GameThreadShaderMap 0x0000029E0C85A080, marking material Tongue01material as finished
[2017.04.26-17.02.22:049][354]LogTemp:Display: Marking material as finished 0x0000029E53454B80
[2017.04.26-17.02.44:431][371]LogTexture:Display: Building textures: eyebrow002 (AutoDXT, 512X512) - 154 MB total VRAM
[2017.04.26-17.02.44:561][371]LogTexture:Display: Building textures: female_scrubs (AutoDXT, 1024X1024) - 154 MB total VRAM
[2017.04.26-17.02.44:960][371]LogMaterial: Missing cached shader map for material Harvey_fscrubbottoms2, compiling. 
[2017.04.26-17.02.44:961][371]LogTemp:Display: Added material ShaderMap 0x0000029E52D1D600 with Material 0x0000029E4D072B00 to ShaderMapsBeingCompiled
[2017.04.26-17.02.45:007][371]LogTemp:Display: Kicking off shader compilation for Harvey_fscrubbottoms2, GameThreadShaderMap 0x0000029E52D1D600
[2017.04.26-17.02.45:303][371]LogTexture:Display: Building textures: young_lightskinned_female_diffuse (AutoDXT, 2048X2048) - 154 MB total VRAM
[2017.04.26-17.02.47:245][371]LogMaterial: Missing cached shader map for material Young_caucasian_female, compiling. 
[2017.04.26-17.02.47:246][371]LogTemp:Display: Added material ShaderMap 0x0000029E4AB16E80 with Material 0x0000029E4D09BB80 to ShaderMapsBeingCompiled
[2017.04.26-17.02.47:329][371]LogTemp:Display: Kicking off shader compilation for Young_caucasian_female, GameThreadShaderMap 0x0000029E4AB16E80
[2017.04.26-17.02.47:594][371]LogTexture:Display: Building textures: teeth (AutoDXT, 2048X2048) - 154 MB total VRAM
[2017.04.26-17.02.50:786][371]LogMaterial: Missing cached shader map for material Teethmaterial, compiling. 
[2017.04.26-17.02.50:787][371]LogTemp:Display: Added material ShaderMap 0x0000029E9C513580 with Material 0x0000029E4D087D00 to ShaderMapsBeingCompiled
[2017.04.26-17.02.50:837][371]LogTemp:Display: Kicking off shader compilation for Teethmaterial, GameThreadShaderMap 0x0000029E9C513580
[2017.04.26-17.02.50:879][371]LogMaterial: Missing cached shader map for material Harvey_fscrubtop2, compiling. 
[2017.04.26-17.02.50:881][371]LogTemp:Display: Added material ShaderMap 0x0000029E504E5280 with Material 0x0000029E4D06EC80 to ShaderMapsBeingCompiled
[2017.04.26-17.02.50:953][371]LogTemp:Display: Kicking off shader compilation for Harvey_fscrubtop2, GameThreadShaderMap 0x0000029E504E5280
[2017.04.26-17.02.51:001][371]LogTexture:Display: Building textures: long2_alpha8 (AutoDXT, 1024X1024) - 154 MB total VRAM
[2017.04.26-17.02.51:773][371]LogMaterial: Missing cached shader map for material Long2_alpha7, compiling. 
[2017.04.26-17.02.51:774][371]LogTemp:Display: Added material ShaderMap 0x0000029E9DC6FC80 with Material 0x0000029E4D084100 to ShaderMapsBeingCompiled
[2017.04.26-17.02.51:825][371]LogTemp:Display: Kicking off shader compilation for Long2_alpha7, GameThreadShaderMap 0x0000029E9DC6FC80
[2017.04.26-17.02.51:841][371]LogMaterial: Missing cached shader map for material Eyebrow001, compiling. 
[2017.04.26-17.02.51:842][371]LogTemp:Display: Added material ShaderMap 0x0000029E9DD7E400 with Material 0x0000029E4D053B80 to ShaderMapsBeingCompiled
[2017.04.26-17.02.51:920][371]LogTemp:Display: Kicking off shader compilation for Eyebrow001, GameThreadShaderMap 0x0000029E9DD7E400
[2017.04.26-17.02.51:964][371]LogTexture:Display: Building textures: brown_eye (AutoDXT, 1024X1024) - 154 MB total VRAM
[2017.04.26-17.02.52:592][371]LogMaterial: Missing cached shader map for material Eye_brown, compiling. 
[2017.04.26-17.02.52:594][371]LogTemp:Display: Added material ShaderMap 0x0000029E0C88C800 with Material 0x0000029E4D036C80 to ShaderMapsBeingCompiled
[2017.04.26-17.02.52:672][371]LogTemp:Display: Kicking off shader compilation for Eye_brown, GameThreadShaderMap 0x0000029E0C88C800
[2017.04.26-17.02.57:213][392]LogRenderer: Reallocating scene render targets to support 1208x588 NumSamples 1 (Frame:4755).
[2017.04.26-17.03.01:761][600]LogTemp:Display: Finished compile of shader map 0x0000029E52D1D600
[2017.04.26-17.03.01:761][600]LogTemp:Display: Shader map Harvey_fscrubbottoms2 complete, GameThreadShaderMap 0x0000029E52D1D600, marking material Harvey_fscrubbottoms2 as finished
[2017.04.26-17.03.01:761][600]LogTemp:Display: Marking material as finished 0x0000029E4D072B00
[2017.04.26-17.03.08:839][709]LogTemp:Display: Finished compile of shader map 0x0000029E4AB16E80
[2017.04.26-17.03.08:839][709]LogTemp:Display: Shader map Young_caucasian_female complete, GameThreadShaderMap 0x0000029E4AB16E80, marking material Young_caucasian_female as finished
[2017.04.26-17.03.08:839][709]LogTemp:Display: Marking material as finished 0x0000029E4D09BB80
[2017.04.26-17.03.14:273][847]LogTemp:Display: Finished compile of shader map 0x0000029E9C513580
[2017.04.26-17.03.14:273][847]LogTemp:Display: Shader map Teethmaterial complete, GameThreadShaderMap 0x0000029E9C513580, marking material Teethmaterial as finished
[2017.04.26-17.03.14:273][847]LogTemp:Display: Marking material as finished 0x0000029E4D087D00
[2017.04.26-17.03.18:664][ 88]LogAnimationCompression: Building Anim DDC data for AnimSequence /Game/Characters/Abomination/Animations/Abomination_idle.Abomination_idle
[2017.04.26-17.03.18:721][ 88]LogAnimationCompression: Building Anim DDC data for AnimSequence /Game/Characters/Abomination/Animations/Abomination_walk.Abomination_walk
[2017.04.26-17.03.18:736][ 88]LogTexture:Display: Building textures: eyebrow010 (AutoDXT, 512X512) - 154 MB total VRAM
[2017.04.26-17.03.19:077][ 88]LogMaterial: Missing cached shader map for material Eyebrow009, compiling. 
[2017.04.26-17.03.19:078][ 88]LogTemp:Display: Added material ShaderMap 0x0000029E9F432400 with Material 0x0000029E08865F00 to ShaderMapsBeingCompiled
[2017.04.26-17.03.19:136][ 88]LogTemp:Display: Kicking off shader compilation for Eyebrow009, GameThreadShaderMap 0x0000029E9F432400
[2017.04.26-17.03.19:349][ 88]LogTexture:Display: Building textures: teeth (AutoDXT, 2048X2048) - 154 MB total VRAM
[2017.04.26-17.03.23:006][ 88]LogMaterial: Missing cached shader map for material Teethmaterial, compiling. 
[2017.04.26-17.03.23:007][ 88]LogTemp:Display: Added material ShaderMap 0x0000029E7CB2C800 with Material 0x0000029E0885E800 to ShaderMapsBeingCompiled
[2017.04.26-17.03.23:056][ 88]LogTemp:Display: Kicking off shader compilation for Teethmaterial, GameThreadShaderMap 0x0000029E7CB2C800
[2017.04.26-17.03.23:143][ 88]LogTexture:Display: Building textures: CrudeLoosePantsDiffuse (AutoDXT, 2048X2048) - 154 MB total VRAM
[2017.04.26-17.03.23:950][ 88]LogMaterial: Missing cached shader map for material Crudeloosepants, compiling. 
[2017.04.26-17.03.23:951][ 88]LogTemp:Display: Added material ShaderMap 0x0000029EB40A6400 with Material 0x0000029E087A0400 to ShaderMapsBeingCompiled
[2017.04.26-17.03.24:002][ 88]LogTemp:Display: Kicking off shader compilation for Crudeloosepants, GameThreadShaderMap 0x0000029EB40A6400
[2017.04.26-17.03.24:091][ 88]LogTexture:Display: Building textures: brown_eye (AutoDXT, 1024X1024) - 154 MB total VRAM
[2017.04.26-17.03.24:844][ 88]LogMaterial: Missing cached shader map for material Eye_brown, compiling. 
[2017.04.26-17.03.24:845][ 88]LogTemp:Display: Added material ShaderMap 0x0000029E9F4B4F00 with Material 0x0000029E08796500 to ShaderMapsBeingCompiled
[2017.04.26-17.03.24:894][ 88]LogTemp:Display: Kicking off shader compilation for Eye_brown, GameThreadShaderMap 0x0000029E9F4B4F00
[2017.04.26-17.03.24:896][ 88]LogMaterial: Missing cached shader map for material Defaultskin, compiling. 
[2017.04.26-17.03.24:897][ 88]LogTemp:Display: Added material ShaderMap 0x0000029EB40C7C80 with Material 0x0000029E08799900 to ShaderMapsBeingCompiled
[2017.04.26-17.03.24:951][ 88]LogTemp:Display: Kicking off shader compilation for Defaultskin, GameThreadShaderMap 0x0000029EB40C7C80
[2017.04.26-17.03.25:701][ 88]LogTemp:Display: Finished compile of shader map 0x0000029E504E5280
[2017.04.26-17.03.25:701][ 88]LogTemp:Display: Shader map Harvey_fscrubtop2 complete, GameThreadShaderMap 0x0000029E504E5280, marking material Harvey_fscrubtop2 as finished
[2017.04.26-17.03.25:701][ 88]LogTemp:Display: Marking material as finished 0x0000029E4D06EC80
[2017.04.26-17.03.31:975][250]LogTemp:Display: Finished compile of shader map 0x0000029E9DC6FC80
[2017.04.26-17.03.31:975][250]LogTemp:Display: Shader map Long2_alpha7 complete, GameThreadShaderMap 0x0000029E9DC6FC80, marking material Long2_alpha7 as finished
[2017.04.26-17.03.31:975][250]LogTemp:Display: Marking material as finished 0x0000029E4D084100
[2017.04.26-17.03.41:830][771]LogAIModule: Creating AISystem for world Second-Floor
[2017.04.26-17.03.42:098][771]Cmd: MAP LOAD FILE="../../../../../../Documents/GitHub/ProjectLonesomeRecovered/Project_lonesome 4.15/Content/Levels/Second-Floor.umap" TEMPLATE=0 SHOWPROGRESS=1 FEATURELEVEL=3
[2017.04.26-17.03.42:098][771]LightingResults: New page: Lighting Build
[2017.04.26-17.03.42:101][771]LoadErrors: New page: Loading map: Second-Floor.umap
[2017.04.26-17.03.42:102][771]MapCheck: New page: Map Check
[2017.04.26-17.03.42:102][771]LightingResults: New page: Lighting Build
[2017.04.26-17.03.42:138][771]LogTemp:Display: Finished compile of shader map 0x0000029E9DD7E400
[2017.04.26-17.03.42:139][771]LogTemp:Display: Shader map Eyebrow001 complete, GameThreadShaderMap 0x0000029E9DD7E400, marking material Eyebrow001 as finished
[2017.04.26-17.03.42:139][771]LogTemp:Display: Marking material as finished 0x0000029E4D053B80
[2017.04.26-17.03.42:298][771]LogEditorServer: Finished looking for orphan Actors (0.000 secs)
[2017.04.26-17.03.42:441][771]Cmd: MAP CHECKDEP NOCLEARLOG
[2017.04.26-17.03.42:620][771]MapCheck: Info Map check complete: 0 Error(s), 0 Warning(s), took 178.602ms to complete.
[2017.04.26-17.03.42:624][771]LogFileHelpers: Loading map 'Second-Floor' took 0.535
[2017.04.26-17.03.46:204][872]MapCheck: New page: Map Check
[2017.04.26-17.03.46:433][872]LightingResults: New page: Lighting Build - Apr 26, 2017, 3:03:46 AM
[2017.04.26-17.03.48:666][872]LogSwarmInterface: [OpenConnection] Registering TCP channel ...
[2017.04.26-17.03.49:765][872]LogSwarmInterface: [OpenConnection] Connecting to agent ...
[2017.04.26-17.03.50:306][872]LogSwarmInterface: [TryOpenConnection] Testing the Agent
[2017.04.26-17.03.56:695][872]LogSwarmInterface:Error: [TryOpenConnection] Waiting for the agent to start up ...
[2017.04.26-17.03.57:312][872]LogSwarmInterface:Error: System.Net.Sockets.SocketException (0x80004005): No connection could be made because the target machine actively refused it 127.0.0.1:8008

Server stack trace: 
   at System.Net.Sockets.Socket.DoConnect(EndPoint endPointSnapshot, SocketAddress socketAddress)
   at System.Net.Sockets.Socket.Connect(EndPoint remoteEP)
   at System.Runtime.Remoting.Channels.RemoteConnection.CreateNewSocket(EndPoint ipEndPoint)
   at System.Runtime.Remoting.Channels.SocketCache.GetSocket(String machinePortAndSid, Boolean openNew)
   at System.Runtime.Remoting.Channels.Tcp.TcpClientTransportSink.SendRequestWithRetry(IMessage msg, ITransportHeaders requestHeaders, Stream requestStream)
   at System.Runtime.Remoting.Channels.Tcp.TcpClientTransportSink.AsyncProcessRequest(IClientChannelSinkStack sinkStack, IMessage msg, ITransportHeaders headers, Stream stream)
   at System.Runtime.Remoting.Channels.BinaryClientFormatterSink.AsyncProcessMessage(IMessage msg, IMessageSink replySink)

Exception rethrown at [0]: 
   at System.Runtime.Remoting.Proxies.RealProxy.HandleReturnMessage(IMessage reqMsg, IMessage retMsg)
   at System.Runtime.Remoting.Proxies.RealProxy.PrivateInvoke(MessageData& msgData, Int32 type)
   at NSwarm.IAgentInterfaceWrapper.MethodDelegate.EndInvoke(Hashtable& OutParameters, IAsyncResult result)
   at NSwarm.FSwarmInterface.TryOpenConnection(FConnectionCallback CallbackFunc, IntPtr CallbackData, ELogFlags LoggingFlags)
[2017.04.26-17.04.03:166][872]LogSwarmInterface: [TryOpenConnection] Opening Connection to Agent
[2017.04.26-17.04.03:166][872]LogSwarmInterface: [TryOpenConnection] Local Process ID is 15852
[2017.04.26-17.04.13:031][872]LogStaticLightingSystem: Running Lightmass w/ ImmediateImport mode ENABLED
[2017.04.26-17.04.13:031][872]LogStaticLightingSystem: Running Lightmass w/ ImmediateProcess mode ENABLED
[2017.04.26-17.04.13:031][872]LogStaticLightingSystem: Running Lightmass w/ Sorting mode ENABLED
[2017.04.26-17.04.13:031][872]LogStaticLightingSystem: Running Lightmass w/ Mapping paddings ENABLED
[2017.04.26-17.04.13:031][872]LogStaticLightingSystem: Running Lightmass w/ Mapping debug paddings DISABLED
[2017.04.26-17.04.14:203][872]LogEditorBuildUtils: Build time 0:27
[2017.04.26-17.04.14:254][872]LogTemp:Display: Finished compile of shader map 0x0000029E0C88C800
[2017.04.26-17.04.14:254][872]LogTemp:Display: Shader map Eye_brown complete, GameThreadShaderMap 0x0000029E0C88C800, marking material Eye_brown as finished
[2017.04.26-17.04.14:254][872]LogTemp:Display: Marking material as finished 0x0000029E4D036C80
[2017.04.26-17.04.14:262][872]LogTemp:Display: Finished compile of shader map 0x0000029E9F4B4F00
[2017.04.26-17.04.14:262][872]LogTemp:Display: Shader map Eye_brown complete, GameThreadShaderMap 0x0000029E9F4B4F00, marking material Eye_brown as finished
[2017.04.26-17.04.14:262][872]LogTemp:Display: Marking material as finished 0x0000029E08796500
[2017.04.26-17.04.14:269][872]LogTemp:Display: Finished compile of shader map 0x0000029E9F432400
[2017.04.26-17.04.14:269][872]LogTemp:Display: Shader map Eyebrow009 complete, GameThreadShaderMap 0x0000029E9F432400, marking material Eyebrow009 as finished
[2017.04.26-17.04.14:269][872]LogTemp:Display: Marking material as finished 0x0000029E08865F00
[2017.04.26-17.04.14:276][872]LogTemp:Display: Finished compile of shader map 0x0000029E7CB2C800
[2017.04.26-17.04.14:276][872]LogTemp:Display: Shader map Teethmaterial complete, GameThreadShaderMap 0x0000029E7CB2C800, marking material Teethmaterial as finished
[2017.04.26-17.04.14:276][872]LogTemp:Display: Marking material as finished 0x0000029E0885E800
[2017.04.26-17.04.14:363][873]LogMaterial: Missing cached shader map for material FLightmassMaterialRenderer BaseMaterial, compiling. 
[2017.04.26-17.04.14:365][873]LogTemp:Display: Added material ShaderMap 0x0000029EB40A5600 with Material 0x0000029E05BB4700 to ShaderMapsBeingCompiled
[2017.04.26-17.04.14:367][873]LogTemp:Display: Kicking off shader compilation for FLightmassMaterialRenderer BaseMaterial, GameThreadShaderMap 0x0000029EB40A5600
[2017.04.26-17.04.14:449][873]LogMaterial: Missing cached shader map for material FLightmassMaterialRenderer BaseMaterial, compiling. 
[2017.04.26-17.04.14:451][873]LogTemp:Display: Added material ShaderMap 0x0000029E52D1D980 with Material 0x0000029E05BB6200 to ShaderMapsBeingCompiled
[2017.04.26-17.04.14:454][873]LogTemp:Display: Kicking off shader compilation for FLightmassMaterialRenderer BaseMaterial, GameThreadShaderMap 0x0000029E52D1D980
[2017.04.26-17.04.14:458][873]LogTemp:Display: Finished compile of shader map 0x0000029EB40A6400
[2017.04.26-17.04.14:459][873]LogTemp:Display: Shader map Crudeloosepants complete, GameThreadShaderMap 0x0000029EB40A6400, marking material Crudeloosepants as finished
[2017.04.26-17.04.14:459][873]LogTemp:Display: Marking material as finished 0x0000029E087A0400
[2017.04.26-17.04.14:470][873]LogTemp:Display: Finished compile of shader map 0x0000029EB40C7C80
[2017.04.26-17.04.14:470][873]LogTemp:Display: Shader map Defaultskin complete, GameThreadShaderMap 0x0000029EB40C7C80, marking material Defaultskin as finished
[2017.04.26-17.04.14:470][873]LogTemp:Display: Marking material as finished 0x0000029E08799900
[2017.04.26-17.04.14:928][877]LogTemp:Display: Finished compile of shader map 0x0000029EB40A5600
[2017.04.26-17.04.14:928][877]LogTemp:Display: Shader map FLightmassMaterialRenderer BaseMaterial complete, GameThreadShaderMap 0x0000029EB40A5600, marking material FLightmassMaterialRenderer BaseMaterial as finished
[2017.04.26-17.04.14:928][877]LogTemp:Display: Marking material as finished 0x0000029E05BB4700
[2017.04.26-17.04.14:931][877]LogTemp:Display: Finished compile of shader map 0x0000029E52D1D980
[2017.04.26-17.04.14:932][877]LogTemp:Display: Shader map FLightmassMaterialRenderer BaseMaterial complete, GameThreadShaderMap 0x0000029E52D1D980, marking material FLightmassMaterialRenderer BaseMaterial as finished
[2017.04.26-17.04.14:932][877]LogTemp:Display: Marking material as finished 0x0000029E05BB6200
[2017.04.26-17.09.08:252][  1]Job is a success!
[2017.04.26-17.09.09:153][  2]LightingResults:Error: Error PointLight26 Severe performance loss: Failed to allocate shadowmap channel for stationary light due to overlap - light will fall back to dynamic shadows!
[2017.04.26-17.09.09:153][  2]LightingResults:Error: Error PointLight25 Severe performance loss: Failed to allocate shadowmap channel for stationary light due to overlap - light will fall back to dynamic shadows!
[2017.04.26-17.09.09:153][  2]LightingResults:Error: Error PointLight24 Severe performance loss: Failed to allocate shadowmap channel for stationary light due to overlap - light will fall back to dynamic shadows!
[2017.04.26-17.09.09:153][  2]LightingResults:Error: Error PointLight12 Severe performance loss: Failed to allocate shadowmap channel for stationary light due to overlap - light will fall back to dynamic shadows!
[2017.04.26-17.09.09:153][  2]LightingResults:Error: Error PointLight22 Severe performance loss: Failed to allocate shadowmap channel for stationary light due to overlap - light will fall back to dynamic shadows!
[2017.04.26-17.09.09:153][  2]LightingResults:Error: Error PointLight21 Severe performance loss: Failed to allocate shadowmap channel for stationary light due to overlap - light will fall back to dynamic shadows!
[2017.04.26-17.09.09:153][  2]LightingResults:Error: Error PointLight20 Severe performance loss: Failed to allocate shadowmap channel for stationary light due to overlap - light will fall back to dynamic shadows!
[2017.04.26-17.09.09:153][  2]LightingResults:Error: Error PointLight19 Severe performance loss: Failed to allocate shadowmap channel for stationary light due to overlap - light will fall back to dynamic shadows!
[2017.04.26-17.09.09:154][  2]LightingResults:Error: Error PointLight9 Severe performance loss: Failed to allocate shadowmap channel for stationary light due to overlap - light will fall back to dynamic shadows!
[2017.04.26-17.09.09:154][  2]LightingResults:Error: Error PointLight17 Severe performance loss: Failed to allocate shadowmap channel for stationary light due to overlap - light will fall back to dynamic shadows!
[2017.04.26-17.09.09:154][  2]LightingResults:Error: Error PointLight16 Severe performance loss: Failed to allocate shadowmap channel for stationary light due to overlap - light will fall back to dynamic shadows!
[2017.04.26-17.09.09:154][  2]LightingResults:Error: Error PointLight14 Severe performance loss: Failed to allocate shadowmap channel for stationary light due to overlap - light will fall back to dynamic shadows!
[2017.04.26-17.09.09:154][  2]LightingResults:Error: Error PointLight13_21 Severe performance loss: Failed to allocate shadowmap channel for stationary light due to overlap - light will fall back to dynamic shadows!
[2017.04.26-17.09.09:154][  2]LightingResults:Error: Error PointLight6 Severe performance loss: Failed to allocate shadowmap channel for stationary light due to overlap - light will fall back to dynamic shadows!
[2017.04.26-17.09.09:154][  2]LightingResults:Error: Error PointLight11 Severe performance loss: Failed to allocate shadowmap channel for stationary light due to overlap - light will fall back to dynamic shadows!
[2017.04.26-17.09.09:154][  2]LightingResults:Error: Error PointLight10 Severe performance loss: Failed to allocate shadowmap channel for stationary light due to overlap - light will fall back to dynamic shadows!
[2017.04.26-17.09.09:154][  2]LightingResults:Error: Error PointLight5 Severe performance loss: Failed to allocate shadowmap channel for stationary light due to overlap - light will fall back to dynamic shadows!
[2017.04.26-17.09.09:154][  2]LightingResults:Error: Error PointLight8 Severe performance loss: Failed to allocate shadowmap channel for stationary light due to overlap - light will fall back to dynamic shadows!
[2017.04.26-17.09.09:154][  2]LightingResults:Error: Error PointLight7 Severe performance loss: Failed to allocate shadowmap channel for stationary light due to overlap - light will fall back to dynamic shadows!
[2017.04.26-17.09.09:154][  2]LightingResults:Error: Error PointLight4 Severe performance loss: Failed to allocate shadowmap channel for stationary light due to overlap - light will fall back to dynamic shadows!
[2017.04.26-17.09.09:154][  2]LightingResults:Error: Error PointLight_1 Severe performance loss: Failed to allocate shadowmap channel for stationary light due to overlap - light will fall back to dynamic shadows!
[2017.04.26-17.09.09:154][  2]LightingResults:Error: Error PointLight3 Severe performance loss: Failed to allocate shadowmap channel for stationary light due to overlap - light will fall back to dynamic shadows!
[2017.04.26-17.09.09:154][  2]LightingResults:Error: Error PointLight2 Severe performance loss: Failed to allocate shadowmap channel for stationary light due to overlap - light will fall back to dynamic shadows!
[2017.04.26-17.09.09:154][  2]LightingResults:Error: Error PointLight18 Severe performance loss: Failed to allocate shadowmap channel for stationary light due to overlap - light will fall back to dynamic shadows!
[2017.04.26-17.09.09:154][  2]LightingResults:Error: Error PointLight23 Severe performance loss: Failed to allocate shadowmap channel for stationary light due to overlap - light will fall back to dynamic shadows!
[2017.04.26-17.09.10:214][  2]LogTexture:Display: Building textures: LQ_Lightmap_1_1 (DXT1, 1024X1024) - 167 MB total VRAM
[2017.04.26-17.09.10:214][  2]LogTexture:Display: Building textures: HQ_Lightmap1_3 (AutoDXT, 1024X1024) - 167 MB total VRAM
[2017.04.26-17.09.10:214][  2]LogTexture:Display: Building textures: HQ_Lightmap1_1 (AutoDXT, 1024X1024) - 167 MB total VRAM
[2017.04.26-17.09.10:214][  2]LogTexture:Display: Building textures: LQ_Lightmap_1_2 (DXT1, 1024X1024) - 167 MB total VRAM
[2017.04.26-17.09.10:214][  2]LogTexture:Display: Building textures: HQ_Lightmap1_2 (AutoDXT, 1024X1024) - 167 MB total VRAM
[2017.04.26-17.09.10:214][  2]LogTexture:Display: Building textures: LQ_Lightmap_1_3 (DXT1, 1024X1024) - 167 MB total VRAM
[2017.04.26-17.09.10:214][  2]LogTexture:Display: Building textures: HQ_Lightmap0_4 (AutoDXT, 64X64) - 167 MB total VRAM
[2017.04.26-17.09.10:214][  2]LogTexture:Display: Building textures: LQ_Lightmap_0_4 (DXT1, 64X64) - 167 MB total VRAM
[2017.04.26-17.09.10:614][  2]LogTexture:Display: Building textures: ShadowMapTexture2D_2 (G8, 32X32) - 167 MB total VRAM
[2017.04.26-17.09.10:731][  2]LogTexture:Display: Building textures: ShadowMapTexture2D_0 (BGRA8, 1024X1024) - 167 MB total VRAM
[2017.04.26-17.09.24:428][  2]Lightmass on DESKTOP-969FG03: 4:52 min total, 5.11 sec importing, 113 ms setup, 13.4 sec photons, 4:33 min processing, 0 ms extra exporting [323/323 mappings]. Threads: 31:54 min total, 26:54 min processing.
[2017.04.26-17.09.24:525][  2]LogStaticLightingSystem: Illumination: 5:37 min (1.02 sec encoding lightmaps, 516 ms encoding shadowmaps)
[2017.04.26-17.09.24:525][  2]LogStaticLightingSystem: Lightmap texture memory:  6.0 MB (6.0 MB streaming, 0.0 MB non-streaming), 8 textures
[2017.04.26-17.09.24:525][  2]LogStaticLightingSystem: Shadowmap texture memory: 5.3 MB (5.3 MB streaming, 0.0 MB non-streaming), 2 textures
[2017.04.26-17.09.25:205][  2]DumpUnbuiltLightIteractions
[2017.04.26-17.09.25:205][  2]Lights with unbuilt interactions: 0
[2017.04.26-17.09.25:205][  2]
[2017.04.26-17.09.25:205][  2]Primitives with unbuilt interactions: 0
[2017.04.26-17.09.25:292][  3]Cmd: MAP CHECK NOTIFYRESULTS
[2017.04.26-17.09.25:292][  3]MapCheck: New page: Second-Floor - Apr 26, 2017, 3:09:25 AM
[2017.04.26-17.09.25:496][  3]MapCheck: Info Map check complete: 0 Error(s), 0 Warning(s), took 203.869ms to complete.
[2017.04.26-17.13.48:905][793]LogSlate: Took 0.001321 seconds to synchronously load lazily loaded font '../../../Engine/Content/Slate/Fonts/Roboto-Light.ttf' (159K)
[2017.04.26-17.13.59:673][820]LogSavePackage: Save=1274.30ms
[2017.04.26-17.13.59:673][820]LogSavePackage: Moving '../../../../../../Documents/GitHub/ProjectLonesomeRecovered/Project_lonesome 4.15/Saved/Second-Floor_Auto15F10216C426127B8AB8C9EAF2C6F9381.tmp' to '../../../../../../Documents/GitHub/ProjectLonesomeRecovered/Project_lonesome 4.15/Saved/Autosaves/Game/Levels/Second-Floor_Auto1.umap'
[2017.04.26-17.13.59:681][820]LogSavePackage:Display: Finished SavePackage ../../../../../../Documents/GitHub/ProjectLonesomeRecovered/Project_lonesome 4.15/Saved/Autosaves/Game/Levels/Second-Floor_Auto1.umap
[2017.04.26-17.13.59:720][820]LogFileHelpers: Editor autosave (incl. sublevels) for '/Game/Levels/Second-Floor' took 1.768
[2017.04.26-17.13.59:720][820]LogFileHelpers: Editor autosave (incl. sublevels) for all levels took 1.768
[2017.04.26-17.13.59:723][820]OBJ SavePackage: Generating thumbnails for [0] asset(s) in package [/Game/Levels/Second-Floor_BuiltData] ([1] browsable assets)...
[2017.04.26-17.13.59:723][820]OBJ SavePackage: Finished generating thumbnails for package [/Game/Levels/Second-Floor_BuiltData]
[2017.04.26-17.13.59:821][820]LogSavePackage: Save=28.03ms
[2017.04.26-17.13.59:822][820]LogSavePackage: Moving '../../../../../../Documents/GitHub/ProjectLonesomeRecovered/Project_lonesome 4.15/Saved/Second-Floor_BuiltData_Auto15D2678E544206FF7B2CA7EADE32EFB42.tmp' to '../../../../../../Documents/GitHub/ProjectLonesomeRecovered/Project_lonesome 4.15/Saved/Autosaves/Game/Levels/Second-Floor_BuiltData_Auto1.uasset'
[2017.04.26-17.13.59:823][820]LogSavePackage:Display: Finished SavePackage ../../../../../../Documents/GitHub/ProjectLonesomeRecovered/Project_lonesome 4.15/Saved/Autosaves/Game/Levels/Second-Floor_BuiltData_Auto1.uasset
[2017.04.26-17.13.59:823][820]LogFileHelpers: Auto-saving content packages took 0.102
[2017.04.26-20.09.16:690][860]LogSavePackage: Save=1171.29ms
[2017.04.26-20.09.16:690][860]LogSavePackage: Moving '../../../../../../Documents/GitHub/ProjectLonesomeRecovered/Project_lonesome 4.15/Saved/Second-FloorD202ECD44DA1B80656A91385BBF5C887.tmp' to '../../../../../../Documents/GitHub/ProjectLonesomeRecovered/Project_lonesome 4.15/Content/Levels/Second-Floor.umap'
[2017.04.26-20.09.16:695][860]LogSavePackage:Display: Finished SavePackage ../../../../../../Documents/GitHub/ProjectLonesomeRecovered/Project_lonesome 4.15/Content/Levels/Second-Floor.umap
[2017.04.26-20.09.16:817][860]LogFileHelpers: Saving map 'Second-Floor' took 1.484
[2017.04.26-20.09.17:210][860]LogSavePackage: Save=369.93ms
[2017.04.26-20.09.17:210][860]LogSavePackage: Moving '../../../../../../Documents/GitHub/ProjectLonesomeRecovered/Project_lonesome 4.15/Saved/Second-Floor_BuiltData2D6FA6224B3E124AD659D0ADB25EE138.tmp' to '../../../../../../Documents/GitHub/ProjectLonesomeRecovered/Project_lonesome 4.15/Content/Levels/Second-Floor_BuiltData.uasset'
[2017.04.26-20.09.17:214][860]LogSavePackage:Display: Finished SavePackage ../../../../../../Documents/GitHub/ProjectLonesomeRecovered/Project_lonesome 4.15/Content/Levels/Second-Floor_BuiltData.uasset
[2017.04.26-20.09.17:770][861]Cmd: QUIT_EDITOR
[2017.04.26-20.09.18:509][861]LogWindowsTextInputMethodSystem:Display: IME system now deactivated.
[2017.04.26-20.09.18:556][861]LogExit: Preparing to exit.
[2017.04.26-20.09.19:146][861]LogDirectoryWatcher: A directory notification for 'H:/Documents/GitHub/ProjectLonesomeRecovered/Project_lonesome 4.15/Content/' was aborted.
[2017.04.26-20.09.19:315][861]LogExit: Editor shut down
[2017.04.26-20.09.19:316][861]LogExit: Transaction tracking system shut down
[2017.04.26-20.09.19:920][861]LogObj: Freed 0b from 0 cluster array pools.
[2017.04.26-20.09.19:929][861]LogExit: Object subsystem successfully closed.
[2017.04.26-20.09.19:991][861]LogD3D11RHI: Shutdown
[2017.04.26-20.09.19:991][861]LogD3D11RHI: CleanupD3DDevice
[2017.04.26-20.09.20:153][861]LogD3D11RHI: ~FD3D11DynamicRHI
[2017.04.26-20.09.20:256][861]LogModuleManager: Shutting down and abandoning module BlueprintGraph (504)
[2017.04.26-20.09.20:256][861]LogModuleManager: Shutting down and abandoning module BlueprintProfiler (502)
[2017.04.26-20.09.20:263][861]LogModuleManager: Shutting down and abandoning module MovieSceneCapture (500)
[2017.04.26-20.09.20:276][861]LogModuleManager: Shutting down and abandoning module HierarchicalLODOutliner (498)
[2017.04.26-20.09.20:276][861]LogModuleManager: Shutting down and abandoning module CrashTracker (496)
[2017.04.26-20.09.20:276][861]LogModuleManager: Shutting down and abandoning module SceneOutliner (494)
[2017.04.26-20.09.20:276][861]LogModuleManager: Shutting down and abandoning module AddContentDialog (492)
[2017.04.26-20.09.20:285][861]LogDirectoryWatcher: A directory notification for 'H:/Program Files/Epic Games/UE_4.15/FeaturePacks/' was aborted.
[2017.04.26-20.09.20:302][861]LogModuleManager: Shutting down and abandoning module WidgetCarousel (491)
[2017.04.26-20.09.20:302][861]LogModuleManager: Shutting down and abandoning module EditorWidgets (488)
[2017.04.26-20.09.20:302][861]LogModuleManager: Shutting down and abandoning module CollectionManager (486)
[2017.04.26-20.09.20:302][861]LogDirectoryWatcher: A directory notification for 'H:/Documents/GitHub/ProjectLonesomeRecovered/Project_lonesome 4.15/Content/Collections/' was aborted.
[2017.04.26-20.09.20:302][861]LogDirectoryWatcher: A directory notification for 'H:/Documents/GitHub/ProjectLonesomeRecovered/Project_lonesome 4.15/Content/Developers/elmen/Collections/' was aborted.
[2017.04.26-20.09.20:302][861]LogDirectoryWatcher: A directory notification for 'H:/Documents/GitHub/ProjectLonesomeRecovered/Project_lonesome 4.15/Saved/Collections/' was aborted.
[2017.04.26-20.09.20:302][861]LogModuleManager: Shutting down and abandoning module StatsViewer (484)
[2017.04.26-20.09.20:302][861]LogModuleManager: Shutting down and abandoning module FoliageEdit (482)
[2017.04.26-20.09.20:302][861]LogModuleManager: Shutting down and abandoning module LandscapeEditor (480)
[2017.04.26-20.09.20:302][861]LogModuleManager: Shutting down and abandoning module SceneDepthPickerMode (478)
[2017.04.26-20.09.20:302][861]LogModuleManager: Shutting down and abandoning module ActorPickerMode (476)
[2017.04.26-20.09.20:302][861]LogModuleManager: Shutting down and abandoning module GeometryMode (474)
[2017.04.26-20.09.20:302][861]LogModuleManager: Shutting down and abandoning module TextureAlignMode (472)
[2017.04.26-20.09.20:302][861]LogModuleManager: Shutting down and abandoning module BspMode (470)
[2017.04.26-20.09.20:302][861]LogModuleManager: Shutting down and abandoning module HardwareSurvey (468)
[2017.04.26-20.09.20:311][861]LogModuleManager: Shutting down and abandoning module SequenceRecorderSections (466)
[2017.04.26-20.09.20:314][861]LogModuleManager: Shutting down and abandoning module AutomationWorker (464)
[2017.04.26-20.09.20:314][861]LogModuleManager: Shutting down and abandoning module MatineeToLevelSequence (462)
[2017.04.26-20.09.20:314][861]LogModuleManager: Shutting down and abandoning module LevelSequenceEditor (460)
[2017.04.26-20.09.20:314][861]LogModuleManager: Shutting down and abandoning module PlacementMode (459)
[2017.04.26-20.09.20:314][861]LogModuleManager: Shutting down and abandoning module WmfMediaFactory (456)
[2017.04.26-20.09.20:314][861]LogModuleManager: Shutting down and abandoning module WmfMediaEditor (454)
[2017.04.26-20.09.20:314][861]LogModuleManager: Shutting down and abandoning module MfMediaFactory (452)
[2017.04.26-20.09.20:314][861]LogModuleManager: Shutting down and abandoning module MfMediaEditor (450)
[2017.04.26-20.09.20:314][861]LogModuleManager: Shutting down and abandoning module AvfMediaFactory (448)
[2017.04.26-20.09.20:314][861]LogModuleManager: Shutting down and abandoning module AvfMediaEditor (446)
[2017.04.26-20.09.20:314][861]LogModuleManager: Shutting down and abandoning module AndroidMediaFactory (444)
[2017.04.26-20.09.20:314][861]LogModuleManager: Shutting down and abandoning module Media (443)
[2017.04.26-20.09.20:314][861]LogModuleManager: Shutting down and abandoning module AndroidMediaEditor (440)
[2017.04.26-20.09.20:314][861]LogModuleManager: Shutting down and abandoning module CharacterAI (438)
[2017.04.26-20.09.20:314][861]LogModuleManager: Shutting down and abandoning module AudioCapture (436)
[2017.04.26-20.09.20:314][861]LogModuleManager: Shutting down and abandoning module SequenceRecorder (435)
[2017.04.26-20.09.20:314][861]LogModuleManager: Shutting down and abandoning module SmartSnapping (432)
[2017.04.26-20.09.20:314][861]LogModuleManager: Shutting down and abandoning module SessionServices (430)
[2017.04.26-20.09.20:314][861]LogModuleManager: Shutting down and abandoning module ViewportSnapping (428)
[2017.04.26-20.09.20:314][861]LogModuleManager: Shutting down and abandoning module ViewportInteraction (426)
[2017.04.26-20.09.20:314][861]LogModuleManager: Shutting down and abandoning module LogVisualizer (424)
[2017.04.26-20.09.20:314][861]LogModuleManager: Shutting down and abandoning module IntroTutorials (422)
[2017.04.26-20.09.20:314][861]LogModuleManager: Shutting down and abandoning module GameProjectGeneration (421)
[2017.04.26-20.09.20:314][861]LogModuleManager: Shutting down and abandoning module EditorLiveStreaming (418)
[2017.04.26-20.09.20:315][861]LogModuleManager: Shutting down and abandoning module IOSPlatformEditor (416)
[2017.04.26-20.09.20:315][861]LogModuleManager: Shutting down and abandoning module HTML5PlatformEditor (414)
[2017.04.26-20.09.20:315][861]LogModuleManager: Shutting down and abandoning module AndroidPlatformEditor (412)
[2017.04.26-20.09.20:315][861]LogModuleManager: Shutting down and abandoning module AndroidDeviceDetection (411)
[2017.04.26-20.09.21:123][861]LogModuleManager: Shutting down and abandoning module IOSRuntimeSettings (408)
[2017.04.26-20.09.21:123][861]LogModuleManager: Shutting down and abandoning module AndroidRuntimeSettings (406)
[2017.04.26-20.09.21:123][861]LogModuleManager: Shutting down and abandoning module InputBindingEditor (404)
[2017.04.26-20.09.21:123][861]LogModuleManager: Shutting down and abandoning module NiagaraEditor (402)
[2017.04.26-20.09.21:123][861]LogModuleManager: Shutting down and abandoning module MergeActors (400)
[2017.04.26-20.09.21:123][861]LogModuleManager: Shutting down and abandoning module SizeMap (398)
[2017.04.26-20.09.21:135][861]LogModuleManager: Shutting down and abandoning module TreeMap (396)
[2017.04.26-20.09.21:135][861]LogModuleManager: Shutting down and abandoning module ReferenceViewer (394)
[2017.04.26-20.09.21:135][861]LogModuleManager: Shutting down and abandoning module LocalizationDashboard (392)
[2017.04.26-20.09.21:135][861]LogModuleManager: Shutting down and abandoning module LocalizationService (391)
[2017.04.26-20.09.21:135][861]LogModuleManager: Shutting down and abandoning module HardwareTargeting (388)
[2017.04.26-20.09.21:135][861]LogModuleManager: Shutting down and abandoning module DeviceProfileEditor (386)
[2017.04.26-20.09.21:135][861]LogModuleManager: Shutting down and abandoning module UndoHistory (384)
[2017.04.26-20.09.21:135][861]LogModuleManager: Shutting down and abandoning module UserFeedback (382)
[2017.04.26-20.09.21:135][861]LogModuleManager: Shutting down and abandoning module XmlParser (380)
[2017.04.26-20.09.21:154][861]LogModuleManager: Shutting down and abandoning module Blutility (378)
[2017.04.26-20.09.21:154][861]LogModuleManager: Shutting down and abandoning module ProjectSettingsViewer (376)
[2017.04.26-20.09.21:154][861]LogModuleManager: Shutting down and abandoning module ProjectTargetPlatformEditor (375)
[2017.04.26-20.09.21:154][861]LogModuleManager: Shutting down and abandoning module EditorSettingsViewer (372)
[2017.04.26-20.09.21:154][861]LogModuleManager: Shutting down and abandoning module SettingsEditor (370)
[2017.04.26-20.09.21:154][861]LogModuleManager: Shutting down and abandoning module ProjectLauncher (368)
[2017.04.26-20.09.21:154][861]LogModuleManager: Shutting down and abandoning module SessionFrontend (366)
[2017.04.26-20.09.21:154][861]LogModuleManager: Shutting down and abandoning module ProfilerClient (364)
[2017.04.26-20.09.21:195][861]LogModuleManager: Shutting down and abandoning module DeviceManager (362)
[2017.04.26-20.09.21:195][861]LogModuleManager: Shutting down and abandoning module TargetDeviceServices (361)
[2017.04.26-20.09.21:237][861]LogModuleManager: Shutting down and abandoning module AutomationController (358)
[2017.04.26-20.09.21:237][861]LogModuleManager: Shutting down and abandoning module AutomationWindow (356)
[2017.04.26-20.09.21:237][861]LogModuleManager: Shutting down and abandoning module Layers (354)
[2017.04.26-20.09.21:237][861]LogModuleManager: Shutting down and abandoning module ComponentVisualizers (352)
[2017.04.26-20.09.21:237][861]LogModuleManager: Shutting down and abandoning module DetailCustomizations (350)
[2017.04.26-20.09.21:237][861]LogModuleManager: Shutting down and abandoning module PackagesDialog (348)
[2017.04.26-20.09.21:238][861]LogModuleManager: Shutting down and abandoning module Persona (346)
[2017.04.26-20.09.21:238][861]LogModuleManager: Shutting down and abandoning module AnimGraph (345)
[2017.04.26-20.09.21:238][861]LogModuleManager: Shutting down and abandoning module Kismet (342)
[2017.04.26-20.09.21:250][861]LogModuleManager: Shutting down and abandoning module GraphEditor (340)
[2017.04.26-20.09.21:250][861]LogModuleManager: Shutting down and abandoning module ClassViewer (338)
[2017.04.26-20.09.21:250][861]LogModuleManager: Shutting down and abandoning module Toolbox (336)
[2017.04.26-20.09.21:250][861]LogModuleManager: Shutting down and abandoning module ModuleUI (334)
[2017.04.26-20.09.21:250][861]LogModuleManager: Shutting down and abandoning module MovieSceneTools (332)
[2017.04.26-20.09.21:250][861]LogModuleManager: Shutting down and abandoning module OutputLog (330)
[2017.04.26-20.09.21:250][861]LogModuleManager: Shutting down and abandoning module GammaUI (328)
[2017.04.26-20.09.21:250][861]LogModuleManager: Shutting down and abandoning module Documentation (326)
[2017.04.26-20.09.21:250][861]LogModuleManager: Shutting down and abandoning module Niagara (324)
[2017.04.26-20.09.21:250][861]LogModuleManager: Shutting down and abandoning module StreamingPauseRendering (322)
[2017.04.26-20.09.21:251][861]LogModuleManager: Shutting down and abandoning module AnalyticsET (320)
[2017.04.26-20.09.21:251][861]LogModuleManager: Shutting down and abandoning module PortalServices (318)
[2017.04.26-20.09.21:251][861]LogModuleManager: Shutting down and abandoning module PortalRpc (316)
[2017.04.26-20.09.21:251][861]LogModuleManager: Shutting down and abandoning module MessagingRpc (314)
[2017.04.26-20.09.21:251][861]LogModuleManager: Shutting down and abandoning module AIModule (312)
[2017.04.26-20.09.21:251][861]LogModuleManager: Shutting down and abandoning module GameplayDebugger (311)
[2017.04.26-20.09.21:251][861]LogModuleManager: Shutting down and abandoning module AITestSuite (309)
[2017.04.26-20.09.21:251][861]LogModuleManager: Shutting down and abandoning module ProfilerService (306)
[2017.04.26-20.09.21:308][861]LogModuleManager: Shutting down and abandoning module TaskGraph (304)
[2017.04.26-20.09.21:308][861]LogModuleManager: Shutting down and abandoning module SteamVRController (302)
[2017.04.26-20.09.21:308][861]LogModuleManager: Shutting down and abandoning module SteamVR (300)
[2017.04.26-20.09.21:308][861]LogModuleManager: Shutting down and abandoning module ProceduralMeshComponentEditor (298)
[2017.04.26-20.09.21:308][861]LogModuleManager: Shutting down and abandoning module ProceduralMeshComponent (296)
[2017.04.26-20.09.21:308][861]LogModuleManager: Shutting down and abandoning module OculusLibrary (294)
[2017.04.26-20.09.21:308][861]LogModuleManager: Shutting down and abandoning module OculusInput (292)
[2017.04.26-20.09.21:308][861]LogModuleManager: Shutting down and abandoning module MobilePatchingUtils (290)
[2017.04.26-20.09.21:308][861]LogModuleManager: Shutting down and abandoning module CustomMeshComponent (288)
[2017.04.26-20.09.21:308][861]LogModuleManager: Shutting down and abandoning module CableComponent (286)
[2017.04.26-20.09.21:308][861]LogModuleManager: Shutting down and abandoning module ArchVisCharacter (284)
[2017.04.26-20.09.21:308][861]LogModuleManager: Shutting down and abandoning module MediaPlayerEditor (280)
[2017.04.26-20.09.21:308][861]LogModuleManager: Shutting down and abandoning module HTML5Networking (278)
[2017.04.26-20.09.21:308][861]LogModuleManager: Shutting down and abandoning module AlembicImporter (276)
[2017.04.26-20.09.21:308][861]LogModuleManager: Shutting down and abandoning module AlembicLibrary (275)
[2017.04.26-20.09.21:308][861]LogModuleManager: Shutting down and abandoning module GeometryCache (274)
[2017.04.26-20.09.21:308][861]LogModuleManager: Shutting down and abandoning module GeometryCacheEd (273)
[2017.04.26-20.09.21:308][861]LogModuleManager: Shutting down and abandoning module SuperSearchEditor (268)
[2017.04.26-20.09.21:308][861]LogModuleManager: Shutting down and abandoning module SuperSearch (267)
[2017.04.26-20.09.21:308][861]LogModuleManager: Shutting down and abandoning module SpeedTreeImporter (264)
[2017.04.26-20.09.21:309][861]LogModuleManager: Shutting down and abandoning module PluginBrowser (262)
[2017.04.26-20.09.21:309][861]LogModuleManager: Shutting down and abandoning module MobileLauncherProfileWizard (260)
[2017.04.26-20.09.21:309][861]LogModuleManager: Shutting down and abandoning module EpicSurvey (258)
[2017.04.26-20.09.21:309][861]LogModuleManager: Shutting down and abandoning module VisualStudioSourceCodeAccess (256)
[2017.04.26-20.09.21:309][861]LogModuleManager: Shutting down and abandoning module DesktopPlatform (255)
[2017.04.26-20.09.21:309][861]LogModuleManager: Shutting down and abandoning module UObjectPlugin (252)
[2017.04.26-20.09.21:309][861]LogModuleManager: Shutting down and abandoning module SubversionSourceControl (250)
[2017.04.26-20.09.21:309][861]LogModuleManager: Shutting down and abandoning module PerforceSourceControl (248)
[2017.04.26-20.09.21:309][861]LogModuleManager: Shutting down and abandoning module GitSourceControl (246)
[2017.04.26-20.09.21:309][861]LogModuleManager: Shutting down and abandoning module SourceControl (245)
[2017.04.26-20.09.21:309][861]LogModuleManager: Shutting down and abandoning module LightPropagationVolumeEditor (242)
[2017.04.26-20.09.21:309][861]LogModuleManager: Shutting down and abandoning module PaperTiledImporter (240)
[2017.04.26-20.09.21:309][861]LogModuleManager: Shutting down and abandoning module PaperSpriteSheetImporter (238)
[2017.04.26-20.09.21:309][861]LogModuleManager: Shutting down and abandoning module Paper2DEditor (236)
[2017.04.26-20.09.21:309][861]LogModuleManager: Shutting down and abandoning module MeshPaint (235)
[2017.04.26-20.09.21:309][861]LogModuleManager: Shutting down and abandoning module LevelEditor (233)
[2017.04.26-20.09.21:310][861]LogModuleManager: Shutting down and abandoning module PixelInspectorModule (232)
[2017.04.26-20.09.21:310][861]LogModuleManager: Shutting down and abandoning module MainFrame (230)
[2017.04.26-20.09.21:310][861]LogModuleManager: Shutting down and abandoning module HotReload (229)
[2017.04.26-20.09.21:311][861]LogModuleManager: Shutting down and abandoning module ContentBrowser (225)
[2017.04.26-20.09.21:312][861]LogModuleManager: Shutting down and abandoning module PhysXVehiclesEditor (222)
[2017.04.26-20.09.21:312][861]LogModuleManager: Shutting down and abandoning module PhysXVehicles (220)
[2017.04.26-20.09.21:312][861]LogModuleManager: Shutting down and abandoning module LocationServicesBPLibrary (218)
[2017.04.26-20.09.21:312][861]LogModuleManager: Shutting down and abandoning module UdpMessaging (216)
[2017.04.26-20.09.21:413][861]LogModuleManager: Shutting down and abandoning module TcpMessaging (214)
[2017.04.26-20.09.21:513][861]LogModuleManager: Shutting down and abandoning module GameplayTagsEditor (212)
[2017.04.26-20.09.21:513][861]LogModuleManager: Shutting down and abandoning module FacialAnimationEditor (210)
[2017.04.26-20.09.21:513][861]LogModuleManager: Shutting down and abandoning module FacialAnimation (208)
[2017.04.26-20.09.21:513][861]LogModuleManager: Shutting down and abandoning module LightPropagationVolumeRuntime (206)
[2017.04.26-20.09.21:513][861]LogModuleManager: Shutting down and abandoning module Paper2D (204)
[2017.04.26-20.09.21:513][861]LogModuleManager: Shutting down and abandoning module WindowsMoviePlayer (202)
[2017.04.26-20.09.21:513][861]LogModuleManager: Shutting down and abandoning module WmfMedia (200)
[2017.04.26-20.09.21:513][861]LogModuleManager: Shutting down and abandoning module MfMedia (198)
[2017.04.26-20.09.21:513][861]LogModuleManager: Shutting down and abandoning module MediaAssets (196)
[2017.04.26-20.09.21:514][861]LogModuleManager: Shutting down and abandoning module GameLiveStreaming (194)
[2017.04.26-20.09.21:514][861]LogModuleManager: Shutting down and abandoning module VREditor (192)
[2017.04.26-20.09.21:514][861]LogModuleManager: Shutting down and abandoning module GameplayTasksEditor (190)
[2017.04.26-20.09.21:514][861]LogModuleManager: Shutting down and abandoning module BehaviorTreeEditor (188)
[2017.04.26-20.09.21:514][861]LogModuleManager: Shutting down and abandoning module FunctionalTesting (186)
[2017.04.26-20.09.21:514][861]LogModuleManager: Shutting down and abandoning module CollisionAnalyzer (184)
[2017.04.26-20.09.21:514][861]LogModuleManager: Shutting down and abandoning module UMG (182)
[2017.04.26-20.09.21:514][861]LogModuleManager: Shutting down and abandoning module UMGEditor (181)
[2017.04.26-20.09.21:514][861]LogModuleManager: Shutting down and abandoning module Sequencer (180)
[2017.04.26-20.09.21:514][861]LogModuleManager: Shutting down and abandoning module AssetTools (178)
[2017.04.26-20.09.21:514][861]LogModuleManager: Shutting down and abandoning module MessageLog (177)
[2017.04.26-20.09.21:514][861]LogModuleManager: Shutting down and abandoning module WorkspaceMenuStructure (176)
[2017.04.26-20.09.21:514][861]LogModuleManager: Shutting down and abandoning module SlateReflector (170)
[2017.04.26-20.09.21:514][861]LogModuleManager: Shutting down and abandoning module Slate (168)
[2017.04.26-20.09.21:514][861]LogModuleManager: Shutting down and abandoning module EditorStyle (166)
[2017.04.26-20.09.21:518][861]LogModuleManager: Shutting down and abandoning module SourceCodeAccess (164)
[2017.04.26-20.09.21:518][861]LogModuleManager: Shutting down and abandoning module HeadMountedDisplay (162)
[2017.04.26-20.09.21:518][861]LogModuleManager: Shutting down and abandoning module XAudio2 (160)
[2017.04.26-20.09.21:518][861]LogModuleManager: Shutting down and abandoning module Networking (158)
[2017.04.26-20.09.21:518][861]LogModuleManager: Shutting down and abandoning module Core (154)
[2017.04.26-20.09.21:518][861]LogModuleManager: Shutting down and abandoning module AssetRegistry (152)
[2017.04.26-20.09.21:672][861]LogDirectoryWatcher: A directory notification for '../../../Engine/Content/' was aborted.
[2017.04.26-20.09.21:672][861]LogDirectoryWatcher: A directory notification for '../../../../../../Documents/GitHub/ProjectLonesomeRecovered/Project_lonesome 4.15/Content/' was aborted.
[2017.04.26-20.09.21:672][861]LogDirectoryWatcher: A directory notification for '../../../Engine/Plugins/2D/Paper2D/Content/' was aborted.
[2017.04.26-20.09.21:673][861]LogModuleManager: Shutting down and abandoning module DirectoryWatcher (151)
[2017.04.26-20.09.21:677][861]LogModuleManager: Shutting down and abandoning module KismetCompiler (148)
[2017.04.26-20.09.21:677][861]LogModuleManager: Shutting down and abandoning module PhysXFormats (146)
[2017.04.26-20.09.21:677][861]LogModuleManager: Shutting down and abandoning module MeshUtilities (144)
[2017.04.26-20.09.21:677][861]LogModuleManager: Shutting down and abandoning module SimplygonSwarm (143)
[2017.04.26-20.09.21:677][861]LogModuleManager: Shutting down and abandoning module SimplygonMeshReduction (141)
[2017.04.26-20.09.21:677][861]LogModuleManager: Shutting down and abandoning module QuadricMeshReduction (139)
[2017.04.26-20.09.21:677][861]LogModuleManager: Shutting down and abandoning module PropertyEditor (137)
[2017.04.26-20.09.21:677][861]LogModuleManager: Shutting down and abandoning module DerivedDataCache (134)
[2017.04.26-20.09.21:729][861]LogDerivedDataCache: Shutdown
[2017.04.26-20.09.21:729][861]LogModuleManager: Shutting down and abandoning module TargetPlatform (132)
[2017.04.26-20.09.21:729][861]LogModuleManager: Shutting down and abandoning module VulkanShaderFormat (131)
[2017.04.26-20.09.21:729][861]LogModuleManager: Shutting down and abandoning module ShaderFormatOpenGL (129)
[2017.04.26-20.09.21:729][861]LogModuleManager: Shutting down and abandoning module ShaderFormatD3D (127)
[2017.04.26-20.09.21:729][861]LogModuleManager: Shutting down and abandoning module MetalShaderFormat (125)
[2017.04.26-20.09.21:729][861]LogModuleManager: Shutting down and abandoning module TextureFormatUncompressed (123)
[2017.04.26-20.09.21:729][861]LogModuleManager: Shutting down and abandoning module TextureFormatPVR (121)
[2017.04.26-20.09.21:729][861]LogModuleManager: Shutting down and abandoning module TextureFormatDXT (119)
[2017.04.26-20.09.21:730][861]LogModuleManager: Shutting down and abandoning module TextureFormatIntelISPCTexComp (117)
[2017.04.26-20.09.21:742][861]LogModuleManager: Shutting down and abandoning module TextureFormatASTC (115)
[2017.04.26-20.09.21:742][861]LogModuleManager: Shutting down and abandoning module ImageWrapper (114)
[2017.04.26-20.09.21:742][861]LogModuleManager: Shutting down and abandoning module TextureFormatAndroid (111)
[2017.04.26-20.09.21:742][861]LogModuleManager: Shutting down and abandoning module AudioFormatOpus (109)
[2017.04.26-20.09.21:758][861]LogModuleManager: Shutting down and abandoning module AudioFormatOgg (107)
[2017.04.26-20.09.21:758][861]LogModuleManager: Shutting down and abandoning module AudioFormatADPCM (105)
[2017.04.26-20.09.21:758][861]LogModuleManager: Shutting down and abandoning module LinuxTargetPlatform (103)
[2017.04.26-20.09.21:758][861]LogModuleManager: Shutting down and abandoning module LinuxServerTargetPlatform (101)
[2017.04.26-20.09.21:758][861]LogModuleManager: Shutting down and abandoning module LinuxNoEditorTargetPlatform (99)
[2017.04.26-20.09.21:758][861]LogModuleManager: Shutting down and abandoning module LinuxClientTargetPlatform (97)
[2017.04.26-20.09.21:758][861]LogModuleManager: Shutting down and abandoning module TVOSTargetPlatform (95)
[2017.04.26-20.09.21:758][861]LogModuleManager: Shutting down and abandoning module Messaging (93)
[2017.04.26-20.09.21:758][861]LogModuleManager: Shutting down and abandoning module IOSTargetPlatform (91)
[2017.04.26-20.09.21:758][861]LogModuleManager: Shutting down and abandoning module HTML5TargetPlatform (89)
[2017.04.26-20.09.21:758][861]LogModuleManager: Shutting down and abandoning module Android_PVRTCTargetPlatform (87)
[2017.04.26-20.09.21:758][861]LogModuleManager: Shutting down and abandoning module Android_MultiTargetPlatform (85)
[2017.04.26-20.09.21:758][861]LogModuleManager: Shutting down and abandoning module Android_ETC2TargetPlatform (83)
[2017.04.26-20.09.21:758][861]LogModuleManager: Shutting down and abandoning module Android_ETC1TargetPlatform (81)
[2017.04.26-20.09.21:758][861]LogModuleManager: Shutting down and abandoning module Android_DXTTargetPlatform (79)
[2017.04.26-20.09.21:758][861]LogModuleManager: Shutting down and abandoning module Android_ATCTargetPlatform (77)
[2017.04.26-20.09.21:758][861]LogModuleManager: Shutting down and abandoning module Android_ASTCTargetPlatform (75)
[2017.04.26-20.09.21:758][861]LogModuleManager: Shutting down and abandoning module AndroidTargetPlatform (73)
[2017.04.26-20.09.21:758][861]LogModuleManager: Shutting down and abandoning module WindowsTargetPlatform (71)
[2017.04.26-20.09.21:759][861]LogModuleManager: Shutting down and abandoning module WindowsServerTargetPlatform (69)
[2017.04.26-20.09.21:759][861]LogModuleManager: Shutting down and abandoning module WindowsNoEditorTargetPlatform (67)
[2017.04.26-20.09.21:759][861]LogModuleManager: Shutting down and abandoning module WindowsClientTargetPlatform (65)
[2017.04.26-20.09.21:759][861]LogModuleManager: Shutting down and abandoning module MacTargetPlatform (63)
[2017.04.26-20.09.21:759][861]LogModuleManager: Shutting down and abandoning module MacServerTargetPlatform (61)
[2017.04.26-20.09.21:759][861]LogModuleManager: Shutting down and abandoning module MacNoEditorTargetPlatform (59)
[2017.04.26-20.09.21:759][861]LogModuleManager: Shutting down and abandoning module MacClientTargetPlatform (57)
[2017.04.26-20.09.21:759][861]LogModuleManager: Shutting down and abandoning module AllDesktopTargetPlatform (55)
[2017.04.26-20.09.21:759][861]LogModuleManager: Shutting down and abandoning module InputCore (52)
[2017.04.26-20.09.21:759][861]LogModuleManager: Shutting down and abandoning module Settings (50)
[2017.04.26-20.09.21:759][861]LogModuleManager: Shutting down and abandoning module OculusRift (48)
[2017.04.26-20.09.21:759][861]LogModuleManager: Shutting down and abandoning module GearVR (46)
[2017.04.26-20.09.21:759][861]LogModuleManager: Shutting down and abandoning module ExampleDeviceProfileSelector (44)
[2017.04.26-20.09.21:759][861]LogModuleManager: Shutting down and abandoning module OnlineBlueprintSupport (42)
[2017.04.26-20.09.21:759][861]LogModuleManager: Shutting down and abandoning module OnlineSubsystem (38)
[2017.04.26-20.09.21:759][861]LogOnline:Display: Unloading online subsystem: NULL
[2017.04.26-20.09.21:799][861]LogModuleManager: Shutting down and abandoning module XMPP (37)
[2017.04.26-20.09.21:799][861]LogModuleManager: Shutting down and abandoning module HTTP (35)
[2017.04.26-20.09.21:799][861]LogHttp:Display: Http module shutting down, but needs to wait on 1 outstanding Http requests:
[2017.04.26-20.09.21:799][861]LogHttp:Display: 	verb=[POST] url=[https://datarouter.ol.epicgames.com/datarouter/api/v1/public/data?SessionID=%7B8BBAB36B-4954-FD3E-9AE0-06AFBC7B0BE0%7D&AppID=UEEditor.Rocket.Release&AppVersion=4.15.1-3348071%2B%2B%2BUE4%2BRelease-4.15&UserID=9363d7fd4e3e0adcf29a7c9bb0f96409%7Ccdbbf98d3d754678b70ab58708a0b131%7C50db7265-1a42-4a2a-99c2-71b2d571add2&AppEnvironment=datacollector-binary&UploadType=eteventstream] status=Processing
[2017.04.26-20.09.21:807][861]LogModuleManager: Shutting down and abandoning module SSL (34)
[2017.04.26-20.09.21:809][861]LogModuleManager: Shutting down and abandoning module AudioEditor (30)
[2017.04.26-20.09.21:809][861]LogModuleManager: Shutting down and abandoning module TextureCompressor (28)
[2017.04.26-20.09.21:809][861]LogModuleManager: Shutting down and abandoning module ShaderCore (26)
[2017.04.26-20.09.21:809][861]LogModuleManager: Shutting down and abandoning module Landscape (24)
[2017.04.26-20.09.21:809][861]LogModuleManager: Shutting down and abandoning module SlateRHIRenderer (22)
[2017.04.26-20.09.21:818][861]LogModuleManager: Shutting down and abandoning module OpenGLDrv (20)
[2017.04.26-20.09.21:818][861]LogModuleManager: Shutting down and abandoning module D3D11RHI (18)
[2017.04.26-20.09.21:819][861]LogModuleManager: Shutting down and abandoning module AnimGraphRuntime (16)
[2017.04.26-20.09.21:819][861]LogModuleManager: Shutting down and abandoning module Renderer (14)
[2017.04.26-20.09.21:819][861]LogModuleManager: Shutting down and abandoning module Engine (12)
[2017.04.26-20.09.21:819][861]LogModuleManager: Shutting down and abandoning module CoreUObject (10)
[2017.04.26-20.09.21:819][861]LogModuleManager: Shutting down and abandoning module NetworkFile (8)
[2017.04.26-20.09.21:819][861]LogModuleManager: Shutting down and abandoning module StreamingFile (6)
[2017.04.26-20.09.21:819][861]LogModuleManager: Shutting down and abandoning module SandboxFile (4)
[2017.04.26-20.09.21:819][861]LogModuleManager: Shutting down and abandoning module PakFile (2)
[2017.04.26-20.09.21:820][861]LogExit: Exiting.
[2017.04.26-20.09.21:844][861]Log file closed, 04/26/17 13:09:21
