Log file open, 06/04/17 15:55:59
LogInit:Display: Running engine for game: Project_lonesome
LogPlatformFile: Not using cached read wrapper
LogInit:Display: RandInit(-661619672) SRandInit(-661619672).
LogTaskGraph: Started task graph with 5 named threads and 8 total threads with 1 sets of task threads.
LogStats: Stats thread started at 0.085707
LogInit: Using libcurl 7.47.1
LogInit:  - built for x86_64-pc-win32
LogInit:  - supports SSL with OpenSSL/1.0.2g
LogInit:  - supports HTTP deflate (compression) using libz 1.2.8
LogInit:  - other features:
LogInit:      CURL_VERSION_SSL
LogInit:      CURL_VERSION_LIBZ
LogInit:      CURL_VERSION_IPV6
LogInit:      CURL_VERSION_ASYNCHDNS
LogInit:      CURL_VERSION_LARGEFILE
LogInit:      CURL_VERSION_IDN
LogInit:  CurlRequestOptions (configurable via config and command line):
LogInit:  - bVerifyPeer = false  - Libcurl will NOT verify peer certificate
LogInit:  - bUseHttpProxy = false  - Libcurl will NOT use HTTP proxy
LogInit:  - bDontReuseConnections = false  - Libcurl will reuse connections
LogInit:  - CertBundlePath = nullptr  - Libcurl will use whatever was configured at build time.
LogInit: Build: ++UE4+Release-4.15-CL-3348071
LogInit: Engine Version: 4.15.1-3348071+++UE4+Release-4.15
LogInit: Compatible Engine Version: 4.15.0-3299760+++UE4+Release-4.15
LogInit: Net CL: 3299760
LogDevObjectVersion: Number of dev versions registered: 14
LogDevObjectVersion:   Dev-Blueprints (B0D832E4-1F89-4F0D-ACCF-7EB736FD4AA2): 8
LogDevObjectVersion:   Dev-Build (E1C64328-A22C-4D53-A36C-8E866417BD8C): 0
LogDevObjectVersion:   Dev-Core (375EC13C-06E4-48FB-B500-84F0262A717E): 2
LogDevObjectVersion:   Dev-Editor (E4B068ED-F494-42E9-A231-DA0B2E46BB41): 14
LogDevObjectVersion:   Dev-Framework (CFFC743F-43B0-4480-9391-14DF171D2073): 22
LogDevObjectVersion:   Dev-Mobile (B02B49B5-BB20-44E9-A304-32B752E40360): 0
LogDevObjectVersion:   Dev-Networking (A4E4105C-59A1-49B5-A7C5-40C4547EDFEE): 0
LogDevObjectVersion:   Dev-Online (39C831C9-5AE6-47DC-9A44-9C173E1C8E7C): 0
LogDevObjectVersion:   Dev-Physics (78F01B33-EBEA-4F98-B9B4-84EACCB95AA2): 0
LogDevObjectVersion:   Dev-Platform (6631380F-2D4D-43E0-8009-CF276956A95A): 0
LogDevObjectVersion:   Dev-Rendering (12F88B9F-8875-4AFC-A67C-D90C383ABD29): 12
LogDevObjectVersion:   Dev-Sequencer (7B5AE74C-D270-4C10-A958-57980B212A5A): 3
LogDevObjectVersion:   Dev-VR (D7296918-1DD6-4BDD-9DE2-64A83CC13884): 0
LogDevObjectVersion:   Dev-LoadTimes (C2A15278-BFE7-4AFE-6C17-90FF531DF755): 1
LogInit: Compiled (64-bit): Mar 15 2017 16:52:47
LogInit: Compiled with Visual C++: 19.00.23026.00
LogInit: Build Configuration: Development
LogInit: Branch Name: ++UE4+Release-4.15
LogInit: Command line:  
LogInit: Base directory: H:/Program Files/Epic Games/UE_4.15/Engine/Binaries/Win64/
LogInit: Installed Engine Build: 1
LogInit: Presizing for max 8388607 objects, including 0 objects not considered by GC, pre-allocating 0 bytes for permanent pool.
LogInit: Object subsystem initialized
[2017.06.04-22.56.00:136][  0]LogInit: Selected Device Profile: [Windows]
[2017.06.04-22.56.00:136][  0]LogInit: Applying CVar settings loaded from the selected device profile: [Windows]
[2017.06.04-22.56.00:147][  0]LogInit: Computer: DESKTOP-969FG03
[2017.06.04-22.56.00:147][  0]LogInit: User: elmen
[2017.06.04-22.56.00:147][  0]LogInit: CPU Page size=65536, Cores=4
[2017.06.04-22.56.00:147][  0]LogInit: High frequency timer resolution =3.312799 MHz
[2017.06.04-22.56.00:147][  0]LogMemory: Memory total: Physical=16.0GB (16GB approx)
[2017.06.04-22.56.00:147][  0]LogMemory: Platform Memory Stats for Windows
[2017.06.04-22.56.00:147][  0]LogMemory: Process Physical Memory: 265.52 MB used, 265.52 MB peak
[2017.06.04-22.56.00:147][  0]LogMemory: Process Virtual Memory: 262.79 MB used, 262.79 MB peak
[2017.06.04-22.56.00:147][  0]LogMemory: Physical Memory: 9840.09 MB used,  6504.86 MB free, 16344.95 MB total
[2017.06.04-22.56.00:147][  0]LogMemory: Virtual Memory: 630.96 MB used,  6504.86 MB free, 134217728.00 MB total
[2017.06.04-22.56.00:241][  0]LogTextLocalizationManager: No specific translations for ('en-US') exist, so ('en') translations will be used.
[2017.06.04-22.56.00:961][  0]LogD3D11RHI: D3D11 adapters:
[2017.06.04-22.56.01:475][  0]LogD3D11RHI:    0. 'NVIDIA GeForce GTX 1050' (Feature Level 11_0)
[2017.06.04-22.56.01:475][  0]LogD3D11RHI:       2006/0/8172 MB DedicatedVideo/DedicatedSystem/SharedSystem, Outputs:1, VendorId:0x10de
[2017.06.04-22.56.01:480][  0]LogD3D11RHI:    1. 'Microsoft Basic Render Driver' (Feature Level 11_0)
[2017.06.04-22.56.01:480][  0]LogD3D11RHI:       0/0/8172 MB DedicatedVideo/DedicatedSystem/SharedSystem, Outputs:0, VendorId:0x1414
[2017.06.04-22.56.01:480][  0]LogD3D11RHI: Chosen D3D11 Adapter: 0
[2017.06.04-22.56.01:489][  0]LogD3D11RHI: Creating new Direct3DDevice
[2017.06.04-22.56.01:489][  0]LogD3D11RHI:     GPU DeviceId: 0x1c81 (for the marketing name, search the web for "GPU Device Id")
[2017.06.04-22.56.01:489][  0]LogWindows: EnumDisplayDevices:
[2017.06.04-22.56.01:490][  0]LogWindows:    0. 'NVIDIA GeForce GTX 1050' (P:1 D:1)
[2017.06.04-22.56.01:490][  0]LogWindows:    1. 'NVIDIA GeForce GTX 1050' (P:0 D:0)
[2017.06.04-22.56.01:491][  0]LogWindows:    2. 'NVIDIA GeForce GTX 1050' (P:0 D:0)
[2017.06.04-22.56.01:492][  0]LogWindows:    3. 'NVIDIA GeForce GTX 1050' (P:0 D:0)
[2017.06.04-22.56.01:492][  0]LogWindows: DebugString: FoundDriverCount:4 
[2017.06.04-22.56.01:492][  0]LogD3D11RHI:     Adapter Name: NVIDIA GeForce GTX 1050
[2017.06.04-22.56.01:492][  0]LogD3D11RHI:   Driver Version: 378.92 (internal:21.21.13.7892, unified:378.92)
[2017.06.04-22.56.01:492][  0]LogD3D11RHI:      Driver Date: 3-16-2017
[2017.06.04-22.56.01:492][  0]LogRHI: Texture pool is 1361 MB (70% of 1945 MB)
[2017.06.04-22.56.02:003][  0]LogD3D11RHI: Async texture creation enabled
[2017.06.04-22.56.02:048][  0]LogD3D11RHI: GPU Timing Frequency: 1000.000000 (Debug: 2 2)
[2017.06.04-22.56.02:098][  0]LogShaderCompilers: Guid format shader working directory is -35 characters bigger than the processId version (../../../../../../Documents/GitHub/ProjectLonesomeRecovered/Project_lonesome 4.15/Intermediate/Shaders/WorkingDirectory/9896/).
[2017.06.04-22.56.02:098][  0]LogShaderCompilers: Cleaned the shader compiler working directory 'C:/Users/elmen/AppData/Local/Temp/UnrealShaderWorkingDir/41623E934E8D6703DE20C39C84E7F8A5/'.
[2017.06.04-22.56.02:098][  0]LogShaderCompilers:Display: Using Local Shader Compiler.
[2017.06.04-22.56.03:504][  0]LogTemp:Display: Loaded TP AllDesktopTargetPlatform
[2017.06.04-22.56.03:562][  0]LogTemp:Display: Loaded TP MacClientTargetPlatform
[2017.06.04-22.56.03:621][  0]LogTemp:Display: Loaded TP MacNoEditorTargetPlatform
[2017.06.04-22.56.03:679][  0]LogTemp:Display: Loaded TP MacServerTargetPlatform
[2017.06.04-22.56.03:744][  0]LogTemp:Display: Loaded TP MacTargetPlatform
[2017.06.04-22.56.03:802][  0]LogTemp:Display: Loaded TP WindowsClientTargetPlatform
[2017.06.04-22.56.03:859][  0]LogTemp:Display: Loaded TP WindowsNoEditorTargetPlatform
[2017.06.04-22.56.03:916][  0]LogTemp:Display: Loaded TP WindowsServerTargetPlatform
[2017.06.04-22.56.03:964][  0]LogTemp:Display: Loaded TP WindowsTargetPlatform
[2017.06.04-22.56.04:024][  0]LogTemp:Display: Loaded TP AndroidTargetPlatform
[2017.06.04-22.56.04:083][  0]LogTemp:Display: Loaded TP Android_ASTCTargetPlatform
[2017.06.04-22.56.04:139][  0]LogTemp:Display: Loaded TP Android_ATCTargetPlatform
[2017.06.04-22.56.04:196][  0]LogTemp:Display: Loaded TP Android_DXTTargetPlatform
[2017.06.04-22.56.04:256][  0]LogTemp:Display: Loaded TP Android_ETC1TargetPlatform
[2017.06.04-22.56.04:317][  0]LogTemp:Display: Loaded TP Android_ETC2TargetPlatform
[2017.06.04-22.56.04:437][  0]LogTemp:Display: Loaded TP Android_MultiTargetPlatform
[2017.06.04-22.56.04:438][  0]LogTemp:Display: Loaded TP Android_PVRTCTargetPlatform
[2017.06.04-22.56.04:477][  0]LogTemp:Display: Loaded TP HTML5TargetPlatform
[2017.06.04-22.56.04:577][  0]LogTemp:Display: Loaded TP IOSTargetPlatform
[2017.06.04-22.56.04:614][  0]LogTemp:Display: Loaded TP TVOSTargetPlatform
[2017.06.04-22.56.04:671][  0]LogTemp:Display: Loaded TP LinuxClientTargetPlatform
[2017.06.04-22.56.04:736][  0]LogTemp:Display: Loaded TP LinuxNoEditorTargetPlatform
[2017.06.04-22.56.04:794][  0]LogTemp:Display: Loaded TP LinuxServerTargetPlatform
[2017.06.04-22.56.04:850][  0]LogTemp:Display: Loaded TP LinuxTargetPlatform
[2017.06.04-22.56.04:850][  0]LogTargetPlatformManager:Display: Building Assets For Windows
[2017.06.04-22.56.05:274][  0]LogDerivedDataCache:Display: Max Cache Size: 512 MB
[2017.06.04-22.56.05:327][  0]LogDerivedDataCache: Loaded boot cache 0.05s 50MB C:/Users/elmen/AppData/Local/UnrealEngine/4.15/DerivedDataCache/Boot.ddc.
[2017.06.04-22.56.05:327][  0]LogDerivedDataCache:Display: Loaded Boot cache: C:/Users/elmen/AppData/Local/UnrealEngine/4.15/DerivedDataCache/Boot.ddc
[2017.06.04-22.56.05:327][  0]LogDerivedDataCache: FDerivedDataBackendGraph:  Pak pak cache file ../../../../../../Documents/GitHub/ProjectLonesomeRecovered/Project_lonesome 4.15/DerivedDataCache/DDC.ddp not found, will not use a pak cache.
[2017.06.04-22.56.05:327][  0]LogDerivedDataCache: Unable to find inner node Pak for hierarchical cache Hierarchy.
[2017.06.04-22.56.05:327][  0]LogDerivedDataCache: FDerivedDataBackendGraph:  CompressedPak pak cache file ../../../../../../Documents/GitHub/ProjectLonesomeRecovered/Project_lonesome 4.15/DerivedDataCache/Compressed.ddp not found, will not use a pak cache.
[2017.06.04-22.56.05:327][  0]LogDerivedDataCache: Unable to find inner node CompressedPak for hierarchical cache Hierarchy.
[2017.06.04-22.56.05:346][  0]LogDerivedDataCache:Display: Pak cache opened for reading ../../../Engine/DerivedDataCache/Compressed.ddp.
[2017.06.04-22.56.05:359][  0]LogDerivedDataCache: Using Local data cache path C:/Users/elmen/AppData/Local/UnrealEngine/Common/DerivedDataCache: Writable
[2017.06.04-22.56.05:369][  0]LogSlate: Using Freetype 2.6.0
[2017.06.04-22.56.05:370][  0]LogSlate: SlateFontCache - WITH_FREETYPE: 1, WITH_HARFBUZZ: 1
[2017.06.04-22.56.05:370][  0]LogSlate: SlateFontCache - WITH_FREETYPE: 1, WITH_HARFBUZZ: 1
[2017.06.04-22.56.05:742][  0]LogInit: Selected Device Profile: [Windows]
[2017.06.04-22.56.05:745][  0]LogContentStreaming: Texture pool size is 0.00 MB
[2017.06.04-22.56.05:966][  0]LogMeshUtilities: Using QuadricMeshReduction for automatic static mesh reduction
[2017.06.04-22.56.06:010][  0]LogSimplygon: Simplygon DLL not present - disabling.
[2017.06.04-22.56.06:060][  0]LogMeshUtilities: Using SimplygonSwarm for distributed automatic mesh merging
[2017.06.04-22.56.06:060][  0]LogMeshUtilities: No automatic skeletal mesh reduction module available
[2017.06.04-22.56.06:060][  0]LogMeshUtilities: No automatic mesh merging module available
[2017.06.04-22.56.06:648][  0]LogNetVersion: GetLocalNetworkVersion: CL: 3299760, ProjectName: project_lonesome, ProjectVersion: , EngineNetworkVersion: 2, GameNetworkVersion: 0, NetworkChecksum: 3824462427
[2017.06.04-22.56.06:690][  0]LogAssetRegistry: FAssetRegistry took 0.0216 seconds to start up
[2017.06.04-22.56.06:744][  0]LogPackageLocalizationCache: Processed 3 localized package path(s) for 2 prioritized culture(s) in 0.034785 seconds
[2017.06.04-22.56.06:749][  0]LogUObjectArray: 32494 objects as part of root set at end of initial load.
[2017.06.04-22.56.06:749][  0]LogUObjectAllocator: 7077256 out of 0 bytes used by permanent object pool.
[2017.06.04-22.56.06:749][  0]LogUObjectArray: CloseDisregardForGC: 0/0 objects in disregard for GC pool
[2017.06.04-22.56.06:807][  0]LogInit: WinSock: version 1.1 (2.2), MaxSocks=32767, MaxUdp=65467
[2017.06.04-22.56.08:597][  0]LogTcpMessaging: Initializing TcpMessaging bridge
[2017.06.04-22.56.08:637][  0]LogUdpMessaging: Initializing bridge on interface 0.0.0.0:0 to multicast group 230.0.0.1:6666.
[2017.06.04-22.56.09:122][  0]LogMaterial: Uniform references updated for custom material expression Custom.
[2017.06.04-22.56.09:524][  0]SourceControl: Info Source control is disabled
[2017.06.04-22.56.09:722][  0]SourceControl: Info Source control is disabled
[2017.06.04-22.56.09:770][  0]SourceControl: Info Source control is disabled
[2017.06.04-22.56.09:818][  0]SourceControl: Info Source control is disabled
[2017.06.04-22.56.11:128][  0]LogEngine: Initializing Engine...
[2017.06.04-22.56.11:129][  0]LogHMD: Failed to initialize OpenVR with code 110
[2017.06.04-22.56.11:378][  0]LogAIModule: Creating AISystem for world Untitled
[2017.06.04-22.56.11:394][  0]LogInit: XAudio2 using 'Speakers / Headphones (Realtek High Definition Audio)' : 2 channels at 48 kHz using 32 bits per sample (channel mask 0x3)
[2017.06.04-22.56.11:415][  0]LogInit: FAudioDevice initialized.
[2017.06.04-22.56.11:440][  0]LogDerivedDataCache: Saved boot cache 0.02s 50MB C:/Users/elmen/AppData/Local/UnrealEngine/4.15/DerivedDataCache/Boot.ddc.
[2017.06.04-22.56.11:445][  0]LogInit: Texture streaming: Enabled
[2017.06.04-22.56.11:538][  0]LogEngineSessionManager: EngineSessionManager initialized
[2017.06.04-22.56.11:625][  0]LogInit: Transaction tracking system initialized
[2017.06.04-22.56.11:972][  0]BlueprintLog: New page: Editor Load
[2017.06.04-22.56.12:841][  0]LocalizationService: Info Localization service is disabled
[2017.06.04-22.56.13:517][  0]LogConsoleResponse:Display: 
[2017.06.04-22.56.13:653][  0]LogCook:Display: Max memory allowance for cook 16384mb min free memory 0mb
[2017.06.04-22.56.13:653][  0]LogCook:Display: Mobile HDR setting 1
[2017.06.04-22.56.14:655][  0]LogFileCache: Scanning file cache for directory 'H:/Documents/GitHub/ProjectLonesomeRecovered/Project_lonesome 4.15/Content/' took 0.02s
[2017.06.04-22.56.14:703][  0]SourceControl: Info Source control is disabled
[2017.06.04-22.56.14:703][  0]Cmd: MAP LOAD FILE="../../../../../../Documents/GitHub/ProjectLonesomeRecovered/Project_lonesome 4.15/Content/FirstPersonBP/Maps/FirstPersonExampleMap.umap" TEMPLATE=0 SHOWPROGRESS=1 FEATURELEVEL=3
[2017.06.04-22.56.14:711][  0]LightingResults: New page: Lighting Build
[2017.06.04-22.56.14:750][  0]MapCheck: New page: Map Check
[2017.06.04-22.56.14:750][  0]LightingResults: New page: Lighting Build
[2017.06.04-22.56.16:536][  0]LogAIModule: Creating AISystem for world FirstPersonExampleMap
[2017.06.04-22.56.16:562][  0]LogEditorServer: Finished looking for orphan Actors (0.000 secs)
[2017.06.04-22.56.16:564][  0]Cmd: MAP CHECKDEP NOCLEARLOG
[2017.06.04-22.56.16:644][  0]MapCheck: Info Map check complete: 0 Error(s), 0 Warning(s), took 79.47ms to complete.
[2017.06.04-22.56.16:644][  0]LogFileHelpers: Loading map 'FirstPersonExampleMap' took 1.941
[2017.06.04-22.56.16:857][  0]LogCollectionManager: Loaded 1 collections in 0.001624 seconds
[2017.06.04-22.56.16:938][  0]LogFileCache: Scanning file cache for directory 'H:/Documents/GitHub/ProjectLonesomeRecovered/Project_lonesome 4.15/Saved/Collections/' took 0.01s
[2017.06.04-22.56.16:939][  0]LogFileCache: Scanning file cache for directory 'H:/Documents/GitHub/ProjectLonesomeRecovered/Project_lonesome 4.15/Content/Developers/elmen/Collections/' took 0.01s
[2017.06.04-22.56.16:939][  0]LogFileCache: Scanning file cache for directory 'H:/Documents/GitHub/ProjectLonesomeRecovered/Project_lonesome 4.15/Content/Collections/' took 0.01s
[2017.06.04-22.56.16:939][  0]LogCollectionManager: Rebuilt the GUID cache for 1 collections in 0.000005 seconds
[2017.06.04-22.56.16:939][  0]LogCollectionManager: Rebuilt the hierarchy cache for 1 collections in 0.000000 seconds
[2017.06.04-22.56.16:949][  0]LogContentBrowser: Native class hierarchy populated in 0.0098 seconds. Added 2245 classes and 453 folders.
[2017.06.04-22.56.16:952][  0]LogStats: UGameplayTagsManager::ConstructGameplayTagTree: Construct from data asset -  0.000 s
[2017.06.04-22.56.16:952][  0]LogStats: UGameplayTagsManager::ConstructGameplayTagTree: GameplayTagTreeChangedEvent.Broadcast -  0.000 s
[2017.06.04-22.56.17:015][  0]LogContentBrowser: Native class hierarchy updated for 'WidgetCarousel' in 0.0005 seconds. Added 0 classes and 0 folders.
[2017.06.04-22.56.17:075][  0]LogContentBrowser: Native class hierarchy updated for 'AddContentDialog' in 0.0006 seconds. Added 0 classes and 0 folders.
[2017.06.04-22.56.17:123][  0]LogContentBrowser: Native class hierarchy updated for 'SceneOutliner' in 0.0006 seconds. Added 1 classes and 2 folders.
[2017.06.04-22.56.17:246][  0]LogCrashTracker: Crashtracker disabled due to settings.
[2017.06.04-22.56.17:259][  0]LogUObjectGlobals:Warning: Failed to find object 'Class None.'
[2017.06.04-22.56.17:326][  0]LogContentBrowser: Native class hierarchy updated for 'HierarchicalLODOutliner' in 0.0006 seconds. Added 1 classes and 2 folders.
[2017.06.04-22.56.17:334][  0]LogLoad: (Engine Initialization) Total time: 19.50 seconds
[2017.06.04-22.56.17:334][  0]LogLoad: (Engine Initialization) Total Blueprint compile time: 0.72 seconds
[2017.06.04-22.56.17:334][  0]LogExternalProfiler: Found external profiler: VSPerf
[2017.06.04-22.56.17:334][  0]LogExternalProfiler: Using external profiler: VSPerf
[2017.06.04-22.56.17:676][  0]LogOcInput: OculusInput pre-init called
[2017.06.04-22.56.17:698][  0]LogContentStreaming: Texture pool size now 1000 MB
[2017.06.04-22.56.17:700][  0]LogSlate: Took 0.000332 seconds to synchronously load lazily loaded font '../../../Engine/Content/Slate/Fonts/Roboto-Regular.ttf' (155K)
[2017.06.04-22.56.17:704][  0]LogSlate: Took 0.000349 seconds to synchronously load lazily loaded font '../../../Engine/Content/Slate/Fonts/Roboto-Bold.ttf' (160K)
[2017.06.04-22.56.17:711][  0]LogSlate: Took 0.000354 seconds to synchronously load lazily loaded font '../../../Engine/Content/Editor/Slate/Fonts/FontAwesome.ttf' (139K)
[2017.06.04-22.56.17:897][  0]LogRenderer: Reallocating scene render targets to support 1208x576 NumSamples 1 (Frame:2).
[2017.06.04-22.56.18:687][  3]LogAssetRegistry: Asset discovery search completed in 12.0184 seconds
[2017.06.04-22.56.18:687][  3]LogCollectionManager: Rebuilt the object cache for 1 collections in 0.000013 seconds (found 0 objects)
[2017.06.04-22.56.18:687][  3]LogCollectionManager: Fixed up redirectors for 1 collections in 0.000070 seconds (updated 0 objects)
[2017.06.04-22.56.22:024][ 13]LogSlate: Took 0.000296 seconds to synchronously load lazily loaded font '../../../Engine/Content/Slate/Fonts/Roboto-Light.ttf' (159K)
[2017.06.04-22.57.47:615][231]LogSlate: Took 0.000320 seconds to synchronously load lazily loaded font '../../../Engine/Content/Slate/Fonts/Roboto-Light.ttf' (159K)
[2017.06.04-22.57.47:681][231]LogFactory: FactoryCreateFile: StaticMesh with FbxFactory (0 0 ../../../../../../Documents/GitHub/Third-Floor.FBX)
[2017.06.04-22.57.47:770][231]LogFbx: ItemName: GlobalSettings, ItemCount : 1
[2017.06.04-22.57.47:770][231]LogFbx: ItemName: AnimationStack, ItemCount : 1
[2017.06.04-22.57.47:770][231]LogFbx: ItemName: AnimationLayer, ItemCount : 1
[2017.06.04-22.57.47:770][231]LogFbx: ItemName: Model, ItemCount : 225
[2017.06.04-22.57.47:771][231]LogFbx: ItemName: NodeAttribute, ItemCount : 1
[2017.06.04-22.57.47:771][231]LogFbx: ItemName: Geometry, ItemCount : 19
[2017.06.04-22.57.47:771][231]LogFbx: ItemName: Material, ItemCount : 37
[2017.06.04-22.57.47:771][231]LogFbx: ItemName: Texture, ItemCount : 15
[2017.06.04-22.57.47:771][231]LogFbx: ItemName: Video, ItemCount : 15
[2017.06.04-22.57.47:777][231]LogFbx: Loading FBX Scene from ../../../../../../Documents/GitHub/Third-Floor.FBX
[2017.06.04-22.57.48:513][231]LogFbx: FBX Scene Loaded Succesfully
[2017.06.04-22.57.48:521][231]LogSlate: Took 0.000367 seconds to synchronously load lazily loaded font '../../../Engine/Content/Slate/Fonts/Roboto-Regular.ttf' (155K)
[2017.06.04-22.57.48:523][231]FBXImport:Warning: Warning FBX Scene Loading: Found material name clash, name clash can be wrongly reassign at reimport , material 'Bodymaterial' was rename 'Bodymaterial_ncl1_1' 
[2017.06.04-22.57.50:049][231]LogFbx: Loading FBX Scene from ../../../../../../Documents/GitHub/Third-Floor.FBX
[2017.06.04-22.57.50:682][231]LogFbx: FBX Scene Loaded Succesfully
[2017.06.04-22.57.50:687][231]LogLinker: Can't find file '/Game/Levels/WorldGridMaterial'
[2017.06.04-22.57.50:688][231]LogLinker: Can't find file '/Game/Levels/WorldGridMaterial'
[2017.06.04-22.57.50:711][231]LogMaterial: Missing cached shader map for material WorldGridMaterial, compiling. 
[2017.06.04-22.57.50:712][231]LogTemp:Display: Added material ShaderMap 0x000001A15373A400 with Material 0x000001A1536E4D00 to ShaderMapsBeingCompiled
[2017.06.04-22.57.50:739][231]LogTemp:Display: Kicking off shader compilation for WorldGridMaterial, GameThreadShaderMap 0x000001A15373A400
[2017.06.04-22.57.50:747][231]LogLinker: Can't find file '/Game/Levels/Door_and_DoorFrame_Material'
[2017.06.04-22.57.50:747][231]LogLinker: Can't find file '/Game/Levels/Door_and_DoorFrame_Material'
[2017.06.04-22.57.50:748][231]LogLinker: Can't find file '/Game/Levels/Porta_casa'
[2017.06.04-22.57.50:748][231]LogLinker: Can't find file '/Game/Levels/Porta_casa'
[2017.06.04-22.57.50:748][231]LogStreaming:Warning: Failed to read file 'H:/Users/Matthias/Desktop/9p2miu33h6yo-Door/Door/Porta_casa.png' error.
[2017.06.04-22.57.50:748][231]LogStreaming:Warning: Failed to read file '../../../../../../Documents/GitHub/..\..\Users\Matthias\Desktop\9p2miu33h6yo-Door\Door\Porta_casa.png' error.
[2017.06.04-22.57.50:748][231]LogStreaming:Warning: Failed to read file '../../../../../../Documents/GitHub/Porta_casa.png' error.
[2017.06.04-22.57.50:748][231]LogFbxMaterialImport:Warning: Unable to find TEXTure file Porta_casa.png. Tried:
 - H:/Users/Matthias/Desktop/9p2miu33h6yo-Door/Door/Porta_casa.png
 - ../../../../../../Documents/GitHub/..\..\Users\Matthias\Desktop\9p2miu33h6yo-Door\Door\Porta_casa.png
 - ../../../../../../Documents/GitHub/Porta_casa.png
[2017.06.04-22.57.50:751][231]LogMaterial: Missing cached shader map for material Door_and_DoorFrame_Material, compiling. 
[2017.06.04-22.57.50:751][231]LogTemp:Display: Added material ShaderMap 0x000001A16305A400 with Material 0x000001A1574A7700 to ShaderMapsBeingCompiled
[2017.06.04-22.57.50:766][231]LogTemp:Display: Kicking off shader compilation for Door_and_DoorFrame_Material, GameThreadShaderMap 0x000001A16305A400
[2017.06.04-22.57.50:767][231]LogLinker: Can't find file '/Game/Levels/DoorKnob_Material'
[2017.06.04-22.57.50:767][231]LogLinker: Can't find file '/Game/Levels/DoorKnob_Material'
[2017.06.04-22.57.50:769][231]LogLinker: Can't find file '/Game/Levels/T_Metal_Gold_N'
[2017.06.04-22.57.50:769][231]LogLinker: Can't find file '/Game/Levels/T_Metal_Gold_N'
[2017.06.04-22.57.50:769][231]LogStreaming:Warning: Failed to read file 'C:/Users/jordan.walker/Desktop/RocketCleanup/T_Metal_Gold_N.TGA' error.
[2017.06.04-22.57.50:769][231]LogStreaming:Warning: Failed to read file '../../../../../../Documents/GitHub/C:\Users\jordan.walker\Desktop\RocketCleanup\T_Metal_Gold_N.TGA' error.
[2017.06.04-22.57.50:769][231]LogStreaming:Warning: Failed to read file '../../../../../../Documents/GitHub/T_Metal_Gold_N.TGA' error.
[2017.06.04-22.57.50:769][231]LogFbxMaterialImport:Warning: Unable to find TEXTure file T_Metal_Gold_N.TGA. Tried:
 - C:/Users/jordan.walker/Desktop/RocketCleanup/T_Metal_Gold_N.TGA
 - ../../../../../../Documents/GitHub/C:\Users\jordan.walker\Desktop\RocketCleanup\T_Metal_Gold_N.TGA
 - ../../../../../../Documents/GitHub/T_Metal_Gold_N.TGA
[2017.06.04-22.57.50:771][231]LogMaterial: Missing cached shader map for material DoorKnob_Material, compiling. 
[2017.06.04-22.57.50:772][231]LogTemp:Display: Added material ShaderMap 0x000001A162F6C800 with Material 0x000001A1574A5000 to ShaderMapsBeingCompiled
[2017.06.04-22.57.50:791][231]LogTemp:Display: Kicking off shader compilation for DoorKnob_Material, GameThreadShaderMap 0x000001A162F6C800
[2017.06.04-22.57.50:894][231]LogLinker: Can't find file '/Game/Levels/Material_002'
[2017.06.04-22.57.50:894][231]LogLinker: Can't find file '/Game/Levels/Material_002'
[2017.06.04-22.57.50:900][231]LogMaterial: Missing cached shader map for material Material_002, compiling. 
[2017.06.04-22.57.50:901][231]LogTemp:Display: Added material ShaderMap 0x000001A163C0E780 with Material 0x000001A162F20700 to ShaderMapsBeingCompiled
[2017.06.04-22.57.50:919][231]LogTemp:Display: Kicking off shader compilation for Material_002, GameThreadShaderMap 0x000001A163C0E780
[2017.06.04-22.57.50:920][231]LogLinker: Can't find file '/Game/Levels/Material_001'
[2017.06.04-22.57.50:920][231]LogLinker: Can't find file '/Game/Levels/Material_001'
[2017.06.04-22.57.50:942][231]LogMaterial: Missing cached shader map for material Material_001, compiling. 
[2017.06.04-22.57.50:943][231]LogTemp:Display: Added material ShaderMap 0x000001A163850800 with Material 0x000001A1637EEE00 to ShaderMapsBeingCompiled
[2017.06.04-22.57.50:963][231]LogTemp:Display: Kicking off shader compilation for Material_001, GameThreadShaderMap 0x000001A163850800
[2017.06.04-22.57.51:711][231]LogLinker: Can't find file '/Game/Levels/Material'
[2017.06.04-22.57.51:711][231]LogLinker: Can't find file '/Game/Levels/Material'
[2017.06.04-22.57.51:716][231]LogMaterial: Missing cached shader map for material Material, compiling. 
[2017.06.04-22.57.51:717][231]LogTemp:Display: Added material ShaderMap 0x000001A16349A400 with Material 0x000001A1637ECE80 to ShaderMapsBeingCompiled
[2017.06.04-22.57.51:736][231]LogTemp:Display: Kicking off shader compilation for Material, GameThreadShaderMap 0x000001A16349A400
[2017.06.04-22.57.51:755][231]LogLinker: Can't find file '/Game/Levels/ChamferBox01Mat'
[2017.06.04-22.57.51:755][231]LogLinker: Can't find file '/Game/Levels/ChamferBox01Mat'
[2017.06.04-22.57.51:760][231]LogMaterial: Missing cached shader map for material ChamferBox01Mat, compiling. 
[2017.06.04-22.57.51:761][231]LogTemp:Display: Added material ShaderMap 0x000001A1633AC100 with Material 0x000001A16334B700 to ShaderMapsBeingCompiled
[2017.06.04-22.57.51:780][231]LogTemp:Display: Kicking off shader compilation for ChamferBox01Mat, GameThreadShaderMap 0x000001A1633AC100
[2017.06.04-22.57.51:781][231]LogLinker: Can't find file '/Game/Levels/ChamferBox02Mat'
[2017.06.04-22.57.51:781][231]LogLinker: Can't find file '/Game/Levels/ChamferBox02Mat'
[2017.06.04-22.57.51:786][231]LogMaterial: Missing cached shader map for material ChamferBox02Mat, compiling. 
[2017.06.04-22.57.51:787][231]LogTemp:Display: Added material ShaderMap 0x000001A16A89E080 with Material 0x000001A16334A200 to ShaderMapsBeingCompiled
[2017.06.04-22.57.51:808][231]LogTemp:Display: Kicking off shader compilation for ChamferBox02Mat, GameThreadShaderMap 0x000001A16A89E080
[2017.06.04-22.57.51:809][231]LogLinker: Can't find file '/Game/Levels/QuiltMat'
[2017.06.04-22.57.51:809][231]LogLinker: Can't find file '/Game/Levels/QuiltMat'
[2017.06.04-22.57.51:813][231]LogMaterial: Missing cached shader map for material QuiltMat, compiling. 
[2017.06.04-22.57.51:814][231]LogTemp:Display: Added material ShaderMap 0x000001A17D478100 with Material 0x000001A163348D00 to ShaderMapsBeingCompiled
[2017.06.04-22.57.51:835][231]LogTemp:Display: Kicking off shader compilation for QuiltMat, GameThreadShaderMap 0x000001A17D478100
[2017.06.04-22.57.51:944][231]LogLinker: Can't find file '/Game/Levels/M_Wood_Floor_Walnut_Worn'
[2017.06.04-22.57.51:944][231]LogLinker: Can't find file '/Game/Levels/M_Wood_Floor_Walnut_Worn'
[2017.06.04-22.57.51:946][231]LogLinker: Can't find file '/Game/Levels/T_WoodPlanks_01_N'
[2017.06.04-22.57.51:946][231]LogLinker: Can't find file '/Game/Levels/T_WoodPlanks_01_N'
[2017.06.04-22.57.51:947][231]LogStreaming:Warning: Failed to read file 'H:/Program Files/StarterContent/T_WoodPlanks_01_N.tga' error.
[2017.06.04-22.57.51:947][231]LogStreaming:Warning: Failed to read file '../../../../../../Documents/GitHub/..\..\Program Files\StarterContent\T_WoodPlanks_01_N.tga' error.
[2017.06.04-22.57.51:947][231]LogStreaming:Warning: Failed to read file '../../../../../../Documents/GitHub/T_WoodPlanks_01_N.tga' error.
[2017.06.04-22.57.51:947][231]LogFbxMaterialImport:Warning: Unable to find TEXTure file T_WoodPlanks_01_N.tga. Tried:
 - H:/Program Files/StarterContent/T_WoodPlanks_01_N.tga
 - ../../../../../../Documents/GitHub/..\..\Program Files\StarterContent\T_WoodPlanks_01_N.tga
 - ../../../../../../Documents/GitHub/T_WoodPlanks_01_N.tga
[2017.06.04-22.57.51:949][231]LogMaterial: Missing cached shader map for material M_Wood_Floor_Walnut_Worn, compiling. 
[2017.06.04-22.57.51:950][231]LogTemp:Display: Added material ShaderMap 0x000001A17D306080 with Material 0x000001A175A67580 to ShaderMapsBeingCompiled
[2017.06.04-22.57.51:970][231]LogTemp:Display: Kicking off shader compilation for M_Wood_Floor_Walnut_Worn, GameThreadShaderMap 0x000001A17D306080
[2017.06.04-22.57.51:973][231]LogLinker: Can't find file '/Game/Levels/T_Wood_Walnut_Mat'
[2017.06.04-22.57.51:973][231]LogLinker: Can't find file '/Game/Levels/T_Wood_Walnut_Mat'
[2017.06.04-22.57.51:975][231]LogLinker: Can't find file '/Game/Levels/T_Wood04_D'
[2017.06.04-22.57.51:975][231]LogLinker: Can't find file '/Game/Levels/T_Wood04_D'
[2017.06.04-22.57.51:975][231]LogStreaming:Warning: Failed to read file 'H:/Work/Rocket/Rocket Content/Wood/T_Wood04_D.tga' error.
[2017.06.04-22.57.51:975][231]LogStreaming:Warning: Failed to read file '../../../../../../Documents/GitHub/..\..\Work\Rocket\Rocket Content\Wood\T_Wood04_D.tga' error.
[2017.06.04-22.57.51:975][231]LogStreaming:Warning: Failed to read file '../../../../../../Documents/GitHub/T_Wood04_D.tga' error.
[2017.06.04-22.57.51:975][231]LogFbxMaterialImport:Warning: Unable to find TEXTure file T_Wood04_D.tga. Tried:
 - H:/Work/Rocket/Rocket Content/Wood/T_Wood04_D.tga
 - ../../../../../../Documents/GitHub/..\..\Work\Rocket\Rocket Content\Wood\T_Wood04_D.tga
 - ../../../../../../Documents/GitHub/T_Wood04_D.tga
[2017.06.04-22.57.51:976][231]LogLinker: Can't find file '/Game/Levels/T_Wood04_N'
[2017.06.04-22.57.51:976][231]LogLinker: Can't find file '/Game/Levels/T_Wood04_N'
[2017.06.04-22.57.51:976][231]LogStreaming:Warning: Failed to read file 'H:/Work/Rocket/Rocket Content/Wood/T_Wood04_N.tga' error.
[2017.06.04-22.57.51:976][231]LogStreaming:Warning: Failed to read file '../../../../../../Documents/GitHub/..\..\Work\Rocket\Rocket Content\Wood\T_Wood04_N.tga' error.
[2017.06.04-22.57.51:976][231]LogStreaming:Warning: Failed to read file '../../../../../../Documents/GitHub/T_Wood04_N.tga' error.
[2017.06.04-22.57.51:976][231]LogFbxMaterialImport:Warning: Unable to find TEXTure file T_Wood04_N.tga. Tried:
 - H:/Work/Rocket/Rocket Content/Wood/T_Wood04_N.tga
 - ../../../../../../Documents/GitHub/..\..\Work\Rocket\Rocket Content\Wood\T_Wood04_N.tga
 - ../../../../../../Documents/GitHub/T_Wood04_N.tga
[2017.06.04-22.57.51:979][231]LogMaterial: Missing cached shader map for material T_Wood_Walnut_Mat, compiling. 
[2017.06.04-22.57.51:980][231]LogTemp:Display: Added material ShaderMap 0x000001A16AD80100 with Material 0x000001A175A65C00 to ShaderMapsBeingCompiled
[2017.06.04-22.57.52:000][231]LogTemp:Display: Kicking off shader compilation for T_Wood_Walnut_Mat, GameThreadShaderMap 0x000001A16AD80100
[2017.06.04-22.57.52:001][231]LogLinker: Can't find file '/Game/Levels/M_Frame'
[2017.06.04-22.57.52:001][231]LogLinker: Can't find file '/Game/Levels/M_Frame'
[2017.06.04-22.57.52:003][231]LogLinker: Can't find file '/Game/Levels/T_Frame_N'
[2017.06.04-22.57.52:003][231]LogLinker: Can't find file '/Game/Levels/T_Frame_N'
[2017.06.04-22.57.52:003][231]LogStreaming:Warning: Failed to read file 'H:/Program Files/Epic Games/ArtSource/Rocket/TemplateRoom/PaulMader/T_Frame_N.psd' error.
[2017.06.04-22.57.52:003][231]LogStreaming:Warning: Failed to read file '../../../../../../Documents/GitHub/..\..\Program Files\Epic Games\ArtSource\Rocket\TemplateRoom\PaulMader\T_Frame_N.psd' error.
[2017.06.04-22.57.52:003][231]LogStreaming:Warning: Failed to read file '../../../../../../Documents/GitHub/T_Frame_N.psd' error.
[2017.06.04-22.57.52:003][231]LogFbxMaterialImport:Warning: Unable to find TEXTure file T_Frame_N.psd. Tried:
 - H:/Program Files/Epic Games/ArtSource/Rocket/TemplateRoom/PaulMader/T_Frame_N.psd
 - ../../../../../../Documents/GitHub/..\..\Program Files\Epic Games\ArtSource\Rocket\TemplateRoom\PaulMader\T_Frame_N.psd
 - ../../../../../../Documents/GitHub/T_Frame_N.psd
[2017.06.04-22.57.52:006][231]LogMaterial: Missing cached shader map for material M_Frame, compiling. 
[2017.06.04-22.57.52:007][231]LogTemp:Display: Added material ShaderMap 0x000001A16AC02080 with Material 0x000001A175A64400 to ShaderMapsBeingCompiled
[2017.06.04-22.57.52:028][231]LogTemp:Display: Kicking off shader compilation for M_Frame, GameThreadShaderMap 0x000001A16AC02080
[2017.06.04-22.57.52:029][231]LogLinker: Can't find file '/Game/Levels/binnenkant'
[2017.06.04-22.57.52:029][231]LogLinker: Can't find file '/Game/Levels/binnenkant'
[2017.06.04-22.57.52:033][231]LogMaterial: Missing cached shader map for material binnenkant, compiling. 
[2017.06.04-22.57.52:034][231]LogTemp:Display: Added material ShaderMap 0x000001A17D7D8100 with Material 0x000001A17D896500 to ShaderMapsBeingCompiled
[2017.06.04-22.57.52:052][231]LogTemp:Display: Kicking off shader compilation for binnenkant, GameThreadShaderMap 0x000001A17D7D8100
[2017.06.04-22.57.52:053][231]LogLinker: Can't find file '/Game/Levels/doppen'
[2017.06.04-22.57.52:053][231]LogLinker: Can't find file '/Game/Levels/doppen'
[2017.06.04-22.57.52:058][231]LogMaterial: Missing cached shader map for material doppen, compiling. 
[2017.06.04-22.57.52:059][231]LogTemp:Display: Added material ShaderMap 0x000001A180FE6080 with Material 0x000001A17D895000 to ShaderMapsBeingCompiled
[2017.06.04-22.57.52:079][231]LogTemp:Display: Kicking off shader compilation for doppen, GameThreadShaderMap 0x000001A180FE6080
[2017.06.04-22.57.52:087][231]LogLinker: Can't find file '/Game/Levels/simple_sinkMat'
[2017.06.04-22.57.52:087][231]LogLinker: Can't find file '/Game/Levels/simple_sinkMat'
[2017.06.04-22.57.52:092][231]LogMaterial: Missing cached shader map for material simple_sinkMat, compiling. 
[2017.06.04-22.57.52:093][231]LogTemp:Display: Added material ShaderMap 0x000001A180EF0100 with Material 0x000001A180C2F880 to ShaderMapsBeingCompiled
[2017.06.04-22.57.52:112][231]LogTemp:Display: Kicking off shader compilation for simple_sinkMat, GameThreadShaderMap 0x000001A180EF0100
[2017.06.04-22.57.52:122][231]LogLinker: Can't find file '/Game/Levels/board_plastic'
[2017.06.04-22.57.52:122][231]LogLinker: Can't find file '/Game/Levels/board_plastic'
[2017.06.04-22.57.52:126][231]LogMaterial: Missing cached shader map for material board_plastic, compiling. 
[2017.06.04-22.57.52:127][231]LogTemp:Display: Added material ShaderMap 0x000001A180B2E080 with Material 0x000001A180C2E200 to ShaderMapsBeingCompiled
[2017.06.04-22.57.52:145][231]LogTemp:Display: Kicking off shader compilation for board_plastic, GameThreadShaderMap 0x000001A180B2E080
[2017.06.04-22.57.52:147][231]LogLinker: Can't find file '/Game/Levels/toilet_ceramics'
[2017.06.04-22.57.52:147][231]LogLinker: Can't find file '/Game/Levels/toilet_ceramics'
[2017.06.04-22.57.52:151][231]LogMaterial: Missing cached shader map for material toilet_ceramics, compiling. 
[2017.06.04-22.57.52:153][231]LogTemp:Display: Added material ShaderMap 0x000001A18083C100 with Material 0x000001A180C2CD00 to ShaderMapsBeingCompiled
[2017.06.04-22.57.52:171][231]LogTemp:Display: Kicking off shader compilation for toilet_ceramics, GameThreadShaderMap 0x000001A18083C100
[2017.06.04-22.57.52:179][231]LogLinker: Can't find file '/Game/Levels/Metal_sciFiCurveyWall'
[2017.06.04-22.57.52:179][231]LogLinker: Can't find file '/Game/Levels/Metal_sciFiCurveyWall'
[2017.06.04-22.57.52:181][231]LogLinker: Can't find file '/Game/Levels/Metal_sciFiCurveyWall_2k_s'
[2017.06.04-22.57.52:181][231]LogLinker: Can't find file '/Game/Levels/Metal_sciFiCurveyWall_2k_s'
[2017.06.04-22.57.52:182][231]LogStreaming:Warning: Failed to read file 'H:/Program Files/Epic Games/UE_4.15/Engine/Binaries/Win64/Metal_sciFiCurveyWall_2k_s.tga' error.
[2017.06.04-22.57.52:182][231]LogStreaming:Warning: Failed to read file '../../../../../../Documents/GitHub/..\..\Program Files\Epic Games\UE_4.15\Engine\Binaries\Win64\Metal_sciFiCurveyWall_2k_s.tga' error.
[2017.06.04-22.57.52:182][231]LogStreaming:Warning: Failed to read file '../../../../../../Documents/GitHub/Metal_sciFiCurveyWall_2k_s.tga' error.
[2017.06.04-22.57.52:182][231]LogFbxMaterialImport:Warning: Unable to find TEXTure file Metal_sciFiCurveyWall_2k_s.tga. Tried:
 - H:/Program Files/Epic Games/UE_4.15/Engine/Binaries/Win64/Metal_sciFiCurveyWall_2k_s.tga
 - ../../../../../../Documents/GitHub/..\..\Program Files\Epic Games\UE_4.15\Engine\Binaries\Win64\Metal_sciFiCurveyWall_2k_s.tga
 - ../../../../../../Documents/GitHub/Metal_sciFiCurveyWall_2k_s.tga
[2017.06.04-22.57.52:182][231]LogLinker: Can't find file '/Game/Levels/Metal_sciFiCurveyWall_2k_n'
[2017.06.04-22.57.52:182][231]LogLinker: Can't find file '/Game/Levels/Metal_sciFiCurveyWall_2k_n'
[2017.06.04-22.57.52:182][231]LogStreaming:Warning: Failed to read file 'H:/Program Files/Epic Games/UE_4.15/Engine/Binaries/Win64/Metal_sciFiCurveyWall_2k_n.tga' error.
[2017.06.04-22.57.52:182][231]LogStreaming:Warning: Failed to read file '../../../../../../Documents/GitHub/..\..\Program Files\Epic Games\UE_4.15\Engine\Binaries\Win64\Metal_sciFiCurveyWall_2k_n.tga' error.
[2017.06.04-22.57.52:182][231]LogStreaming:Warning: Failed to read file '../../../../../../Documents/GitHub/Metal_sciFiCurveyWall_2k_n.tga' error.
[2017.06.04-22.57.52:182][231]LogFbxMaterialImport:Warning: Unable to find TEXTure file Metal_sciFiCurveyWall_2k_n.tga. Tried:
 - H:/Program Files/Epic Games/UE_4.15/Engine/Binaries/Win64/Metal_sciFiCurveyWall_2k_n.tga
 - ../../../../../../Documents/GitHub/..\..\Program Files\Epic Games\UE_4.15\Engine\Binaries\Win64\Metal_sciFiCurveyWall_2k_n.tga
 - ../../../../../../Documents/GitHub/Metal_sciFiCurveyWall_2k_n.tga
[2017.06.04-22.57.52:185][231]LogMaterial: Missing cached shader map for material Metal_sciFiCurveyWall, compiling. 
[2017.06.04-22.57.52:186][231]LogTemp:Display: Added material ShaderMap 0x000001A1806CE080 with Material 0x000001A168193580 to ShaderMapsBeingCompiled
[2017.06.04-22.57.52:206][231]LogTemp:Display: Kicking off shader compilation for Metal_sciFiCurveyWall, GameThreadShaderMap 0x000001A1806CE080
[2017.06.04-22.57.52:207][231]LogLinker: Can't find file '/Game/Levels/Cap2'
[2017.06.04-22.57.52:207][231]LogLinker: Can't find file '/Game/Levels/Cap2'
[2017.06.04-22.57.52:226][231]LogMaterial: Missing cached shader map for material Cap2, compiling. 
[2017.06.04-22.57.52:227][231]LogTemp:Display: Added material ShaderMap 0x000001A181424100 with Material 0x000001A168191780 to ShaderMapsBeingCompiled
[2017.06.04-22.57.52:249][231]LogTemp:Display: Kicking off shader compilation for Cap2, GameThreadShaderMap 0x000001A181424100
[2017.06.04-22.57.52:250][231]LogLinker: Can't find file '/Game/Levels/Bathtube_Inside'
[2017.06.04-22.57.52:250][231]LogLinker: Can't find file '/Game/Levels/Bathtube_Inside'
[2017.06.04-22.57.52:254][231]LogMaterial: Missing cached shader map for material Bathtube_Inside, compiling. 
[2017.06.04-22.57.52:255][231]LogTemp:Display: Added material ShaderMap 0x000001A182066080 with Material 0x000001A168190280 to ShaderMapsBeingCompiled
[2017.06.04-22.57.52:275][231]LogTemp:Display: Kicking off shader compilation for Bathtube_Inside, GameThreadShaderMap 0x000001A182066080
[2017.06.04-22.57.52:276][231]LogLinker: Can't find file '/Game/Levels/Bathtube_Outside'
[2017.06.04-22.57.52:276][231]LogLinker: Can't find file '/Game/Levels/Bathtube_Outside'
[2017.06.04-22.57.52:281][231]LogMaterial: Missing cached shader map for material Bathtube_Outside, compiling. 
[2017.06.04-22.57.52:282][231]LogTemp:Display: Added material ShaderMap 0x000001A181F78100 with Material 0x000001A18202EC80 to ShaderMapsBeingCompiled
[2017.06.04-22.57.52:302][231]LogTemp:Display: Kicking off shader compilation for Bathtube_Outside, GameThreadShaderMap 0x000001A181F78100
[2017.06.04-22.57.52:303][231]LogLinker: Can't find file '/Game/Levels/Bodymaterial'
[2017.06.04-22.57.52:303][231]LogLinker: Can't find file '/Game/Levels/Bodymaterial'
[2017.06.04-22.57.52:304][231]LogLinker: Can't find file '/Game/Levels/eyelashes01'
[2017.06.04-22.57.52:304][231]LogLinker: Can't find file '/Game/Levels/eyelashes01'
[2017.06.04-22.57.52:304][231]LogStreaming:Warning: Failed to read file 'H:/Users/David Barnes/Documents/makehuman/v1/exports/textures/eyelashes01.png' error.
[2017.06.04-22.57.52:305][231]LogStreaming:Warning: Failed to read file '../../../../../../Documents/GitHub/..\..\Users\David Barnes\Documents\makehuman\v1\exports\textures\eyelashes01.png' error.
[2017.06.04-22.57.52:305][231]LogStreaming:Warning: Failed to read file '../../../../../../Documents/GitHub/eyelashes01.png' error.
[2017.06.04-22.57.52:305][231]LogFbxMaterialImport:Warning: Unable to find TEXTure file eyelashes01.png. Tried:
 - H:/Users/David Barnes/Documents/makehuman/v1/exports/textures/eyelashes01.png
 - ../../../../../../Documents/GitHub/..\..\Users\David Barnes\Documents\makehuman\v1\exports\textures\eyelashes01.png
 - ../../../../../../Documents/GitHub/eyelashes01.png
[2017.06.04-22.57.52:307][231]LogMaterial: Missing cached shader map for material Bodymaterial, compiling. 
[2017.06.04-22.57.52:308][231]LogTemp:Display: Added material ShaderMap 0x000001A181BCA080 with Material 0x000001A18202D780 to ShaderMapsBeingCompiled
[2017.06.04-22.57.52:327][231]LogTemp:Display: Kicking off shader compilation for Bodymaterial, GameThreadShaderMap 0x000001A181BCA080
[2017.06.04-22.57.52:346][231]LogLinker: Can't find file '/Game/Levels/Material_007'
[2017.06.04-22.57.52:346][231]LogLinker: Can't find file '/Game/Levels/Material_007'
[2017.06.04-22.57.52:351][231]LogMaterial: Missing cached shader map for material Material_007, compiling. 
[2017.06.04-22.57.52:352][231]LogTemp:Display: Added material ShaderMap 0x000001A181874100 with Material 0x000001A181807880 to ShaderMapsBeingCompiled
[2017.06.04-22.57.52:372][231]LogTemp:Display: Kicking off shader compilation for Material_007, GameThreadShaderMap 0x000001A181874100
[2017.06.04-22.57.52:373][231]LogLinker: Can't find file '/Game/Levels/Metal_ReinforcedGridWall'
[2017.06.04-22.57.52:373][231]LogLinker: Can't find file '/Game/Levels/Metal_ReinforcedGridWall'
[2017.06.04-22.57.52:375][231]LogLinker: Can't find file '/Game/Levels/Metal_ReinforcedGridWall_2k_n'
[2017.06.04-22.57.52:375][231]LogLinker: Can't find file '/Game/Levels/Metal_ReinforcedGridWall_2k_n'
[2017.06.04-22.57.52:375][231]LogStreaming:Warning: Failed to read file 'H:/UE4 Material Pack/GTMaterials/Content/GameTextures_Materials/Textures/Metal_ReinforcedGridWall/Metal_ReinforcedGridWall_2k_n.tga' error.
[2017.06.04-22.57.52:376][231]LogStreaming:Warning: Failed to read file '../../../../../../Documents/GitHub/..\..\UE4 Material Pack\GTMaterials\Content\GameTextures_Materials\Textures\Metal_ReinforcedGridWall\Metal_ReinforcedGridWall_2k_n.tga' error.
[2017.06.04-22.57.52:376][231]LogStreaming:Warning: Failed to read file '../../../../../../Documents/GitHub/Metal_ReinforcedGridWall_2k_n.tga' error.
[2017.06.04-22.57.52:376][231]LogFbxMaterialImport:Warning: Unable to find TEXTure file Metal_ReinforcedGridWall_2k_n.tga. Tried:
 - H:/UE4 Material Pack/GTMaterials/Content/GameTextures_Materials/Textures/Metal_ReinforcedGridWall/Metal_ReinforcedGridWall_2k_n.tga
 - ../../../../../../Documents/GitHub/..\..\UE4 Material Pack\GTMaterials\Content\GameTextures_Materials\Textures\Metal_ReinforcedGridWall\Metal_ReinforcedGridWall_2k_n.tga
 - ../../../../../../Documents/GitHub/Metal_ReinforcedGridWall_2k_n.tga
[2017.06.04-22.57.52:379][231]LogMaterial: Missing cached shader map for material Metal_ReinforcedGridWall, compiling. 
[2017.06.04-22.57.52:380][231]LogTemp:Display: Added material ShaderMap 0x000001A1816FE080 with Material 0x000001A181806200 to ShaderMapsBeingCompiled
[2017.06.04-22.57.52:399][231]LogTemp:Display: Kicking off shader compilation for Metal_ReinforcedGridWall, GameThreadShaderMap 0x000001A1816FE080
[2017.06.04-22.57.52:400][231]LogLinker: Can't find file '/Game/Levels/Material_005'
[2017.06.04-22.57.52:400][231]LogLinker: Can't find file '/Game/Levels/Material_005'
[2017.06.04-22.57.52:404][231]LogMaterial: Missing cached shader map for material Material_005, compiling. 
[2017.06.04-22.57.52:405][231]LogTemp:Display: Added material ShaderMap 0x000001A1823BC100 with Material 0x000001A181804880 to ShaderMapsBeingCompiled
[2017.06.04-22.57.52:424][231]LogTemp:Display: Kicking off shader compilation for Material_005, GameThreadShaderMap 0x000001A1823BC100
[2017.06.04-22.57.52:424][231]LogLinker: Can't find file '/Game/Levels/Metal_BrushedSteel'
[2017.06.04-22.57.52:425][231]LogLinker: Can't find file '/Game/Levels/Metal_BrushedSteel'
[2017.06.04-22.57.52:429][231]LogMaterial: Missing cached shader map for material Metal_BrushedSteel, compiling. 
[2017.06.04-22.57.52:430][231]LogTemp:Display: Added material ShaderMap 0x000001A183012080 with Material 0x000001A182FD6F80 to ShaderMapsBeingCompiled
[2017.06.04-22.57.52:450][231]LogTemp:Display: Kicking off shader compilation for Metal_BrushedSteel, GameThreadShaderMap 0x000001A183012080
[2017.06.04-22.57.52:451][231]LogLinker: Can't find file '/Game/Levels/Material_004'
[2017.06.04-22.57.52:452][231]LogLinker: Can't find file '/Game/Levels/Material_004'
[2017.06.04-22.57.52:457][231]LogMaterial: Missing cached shader map for material Material_004, compiling. 
[2017.06.04-22.57.52:459][231]LogTemp:Display: Added material ShaderMap 0x000001A182F08100 with Material 0x000001A182FD5A80 to ShaderMapsBeingCompiled
[2017.06.04-22.57.52:479][231]LogTemp:Display: Kicking off shader compilation for Material_004, GameThreadShaderMap 0x000001A182F08100
[2017.06.04-22.57.52:480][231]LogLinker: Can't find file '/Game/Levels/Material__487'
[2017.06.04-22.57.52:480][231]LogLinker: Can't find file '/Game/Levels/Material__487'
[2017.06.04-22.57.52:481][231]LogLinker: Can't find file '/Game/Levels/bedsheet01'
[2017.06.04-22.57.52:482][231]LogLinker: Can't find file '/Game/Levels/bedsheet01'
[2017.06.04-22.57.52:655][231]LogTexture:Display: Building textures: bedsheet01 (AutoDXT, 1024X1024) - 85 MB total VRAM
[2017.06.04-22.57.53:151][231]LogMaterial: Missing cached shader map for material Material__487, compiling. 
[2017.06.04-22.57.53:152][231]LogTemp:Display: Added material ShaderMap 0x000001A182B51600 with Material 0x000001A182FD4580 to ShaderMapsBeingCompiled
[2017.06.04-22.57.53:173][231]LogTemp:Display: Kicking off shader compilation for Material__487, GameThreadShaderMap 0x000001A182B51600
[2017.06.04-22.57.53:174][231]LogLinker: Can't find file '/Game/Levels/Material_003'
[2017.06.04-22.57.53:174][231]LogLinker: Can't find file '/Game/Levels/Material_003'
[2017.06.04-22.57.53:206][231]LogMaterial: Missing cached shader map for material Material_003, compiling. 
[2017.06.04-22.57.53:208][231]LogTemp:Display: Added material ShaderMap 0x000001A183C9FC80 with Material 0x000001A182B15D80 to ShaderMapsBeingCompiled
[2017.06.04-22.57.53:227][231]LogTemp:Display: Kicking off shader compilation for Material_003, GameThreadShaderMap 0x000001A183C9FC80
[2017.06.04-22.57.53:228][231]LogLinker: Can't find file '/Game/Levels/Braid01'
[2017.06.04-22.57.53:228][231]LogLinker: Can't find file '/Game/Levels/Braid01'
[2017.06.04-22.57.53:230][231]LogLinker: Can't find file '/Game/Levels/braid01_diffuse'
[2017.06.04-22.57.53:230][231]LogLinker: Can't find file '/Game/Levels/braid01_diffuse'
[2017.06.04-22.57.53:230][231]LogStreaming:Warning: Failed to read file 'H:/Users/David Barnes/Documents/makehuman/v1/exports/textures/braid01_diffuse.png' error.
[2017.06.04-22.57.53:230][231]LogStreaming:Warning: Failed to read file '../../../../../../Documents/GitHub/..\..\Users\David Barnes\Documents\makehuman\v1\exports\textures\braid01_diffuse.png' error.
[2017.06.04-22.57.53:230][231]LogStreaming:Warning: Failed to read file '../../../../../../Documents/GitHub/braid01_diffuse.png' error.
[2017.06.04-22.57.53:230][231]LogFbxMaterialImport:Warning: Unable to find TEXTure file braid01_diffuse.png. Tried:
 - H:/Users/David Barnes/Documents/makehuman/v1/exports/textures/braid01_diffuse.png
 - ../../../../../../Documents/GitHub/..\..\Users\David Barnes\Documents\makehuman\v1\exports\textures\braid01_diffuse.png
 - ../../../../../../Documents/GitHub/braid01_diffuse.png
[2017.06.04-22.57.53:233][231]LogMaterial: Missing cached shader map for material Braid01, compiling. 
[2017.06.04-22.57.53:234][231]LogTemp:Display: Added material ShaderMap 0x000001A1833DE080 with Material 0x000001A182B14880 to ShaderMapsBeingCompiled
[2017.06.04-22.57.53:253][231]LogTemp:Display: Kicking off shader compilation for Braid01, GameThreadShaderMap 0x000001A1833DE080
[2017.06.04-22.57.54:518][231]LogLinker: Can't find file '/Game/Levels/M_Glass'
[2017.06.04-22.57.54:518][231]LogLinker: Can't find file '/Game/Levels/M_Glass'
[2017.06.04-22.57.54:533][231]LogMaterial: Missing cached shader map for material M_Glass, compiling. 
[2017.06.04-22.57.54:534][231]LogTemp:Display: Added material ShaderMap 0x000001A1832DC100 with Material 0x000001A18495A500 to ShaderMapsBeingCompiled
[2017.06.04-22.57.54:554][231]LogTemp:Display: Kicking off shader compilation for M_Glass, GameThreadShaderMap 0x000001A1832DC100
[2017.06.04-22.57.54:563][231]LogLinker: Can't find file '/Game/Levels/Bodymaterial_ncl1_1'
[2017.06.04-22.57.54:563][231]LogLinker: Can't find file '/Game/Levels/Bodymaterial_ncl1_1'
[2017.06.04-22.57.54:565][231]LogStreaming:Warning: Failed to read file 'H:/Users/David Barnes/Documents/makehuman/v1/exports/textures/eyelashes01.png' error.
[2017.06.04-22.57.54:565][231]LogStreaming:Warning: Failed to read file '../../../../../../Documents/GitHub/..\..\Users\David Barnes\Documents\makehuman\v1\exports\textures\eyelashes01.png' error.
[2017.06.04-22.57.54:565][231]LogStreaming:Warning: Failed to read file '../../../../../../Documents/GitHub/eyelashes01.png' error.
[2017.06.04-22.57.54:565][231]LogFbxMaterialImport:Warning: Unable to find TEXTure file eyelashes01.png. Tried:
 - H:/Users/David Barnes/Documents/makehuman/v1/exports/textures/eyelashes01.png
 - ../../../../../../Documents/GitHub/..\..\Users\David Barnes\Documents\makehuman\v1\exports\textures\eyelashes01.png
 - ../../../../../../Documents/GitHub/eyelashes01.png
[2017.06.04-22.57.54:569][231]LogMaterial: Missing cached shader map for material Bodymaterial_ncl1_1, compiling. 
[2017.06.04-22.57.54:570][231]LogTemp:Display: Added material ShaderMap 0x000001A18484E080 with Material 0x000001A184958700 to ShaderMapsBeingCompiled
[2017.06.04-22.57.54:590][231]LogTemp:Display: Kicking off shader compilation for Bodymaterial_ncl1_1, GameThreadShaderMap 0x000001A18484E080
[2017.06.04-22.57.54:646][231]LogLinker: Can't find file '/Game/Levels/M_Wood_Oak'
[2017.06.04-22.57.54:646][231]LogLinker: Can't find file '/Game/Levels/M_Wood_Oak'
[2017.06.04-22.57.54:648][231]LogLinker: Can't find file '/Game/Levels/T_Wood01_N'
[2017.06.04-22.57.54:648][231]LogLinker: Can't find file '/Game/Levels/T_Wood01_N'
[2017.06.04-22.57.54:648][231]LogStreaming:Warning: Failed to read file 'H:/Work/Rocket/Rocket Content/Wood/T_Wood01_N.tga' error.
[2017.06.04-22.57.54:648][231]LogStreaming:Warning: Failed to read file '../../../../../../Documents/GitHub/..\..\Work\Rocket\Rocket Content\Wood\T_Wood01_N.tga' error.
[2017.06.04-22.57.54:648][231]LogStreaming:Warning: Failed to read file '../../../../../../Documents/GitHub/T_Wood01_N.tga' error.
[2017.06.04-22.57.54:648][231]LogFbxMaterialImport:Warning: Unable to find TEXTure file T_Wood01_N.tga. Tried:
 - H:/Work/Rocket/Rocket Content/Wood/T_Wood01_N.tga
 - ../../../../../../Documents/GitHub/..\..\Work\Rocket\Rocket Content\Wood\T_Wood01_N.tga
 - ../../../../../../Documents/GitHub/T_Wood01_N.tga
[2017.06.04-22.57.54:651][231]LogMaterial: Missing cached shader map for material M_Wood_Oak, compiling. 
[2017.06.04-22.57.54:652][231]LogTemp:Display: Added material ShaderMap 0x000001A184750100 with Material 0x000001A184592C80 to ShaderMapsBeingCompiled
[2017.06.04-22.57.54:671][231]LogTemp:Display: Kicking off shader compilation for M_Wood_Oak, GameThreadShaderMap 0x000001A184750100
[2017.06.04-22.57.54:857][231]LogLinker: Can't find file '/Game/Levels/chrome'
[2017.06.04-22.57.54:858][231]LogLinker: Can't find file '/Game/Levels/chrome'
[2017.06.04-22.57.54:863][231]LogMaterial: Missing cached shader map for material chrome, compiling. 
[2017.06.04-22.57.54:864][231]LogTemp:Display: Added material ShaderMap 0x000001A18447E080 with Material 0x000001A184591300 to ShaderMapsBeingCompiled
[2017.06.04-22.57.54:884][231]LogTemp:Display: Kicking off shader compilation for chrome, GameThreadShaderMap 0x000001A18447E080
[2017.06.04-22.57.54:885][231]LogLinker: Can't find file '/Game/Levels/Mat_1'
[2017.06.04-22.57.54:885][231]LogLinker: Can't find file '/Game/Levels/Mat_1'
[2017.06.04-22.57.54:889][231]LogMaterial: Missing cached shader map for material Mat_1, compiling. 
[2017.06.04-22.57.54:891][231]LogTemp:Display: Added material ShaderMap 0x000001A1509AC100 with Material 0x000001A168697D00 to ShaderMapsBeingCompiled
[2017.06.04-22.57.54:911][231]LogTemp:Display: Kicking off shader compilation for Mat_1, GameThreadShaderMap 0x000001A1509AC100
[2017.06.04-22.57.54:912][231]LogLinker: Can't find file '/Game/Levels/Mat'
[2017.06.04-22.57.54:912][231]LogLinker: Can't find file '/Game/Levels/Mat'
[2017.06.04-22.57.54:917][231]LogMaterial: Missing cached shader map for material Mat, compiling. 
[2017.06.04-22.57.54:918][231]LogTemp:Display: Added material ShaderMap 0x000001A168592080 with Material 0x000001A168696680 to ShaderMapsBeingCompiled
[2017.06.04-22.57.54:937][231]LogTemp:Display: Kicking off shader compilation for Mat, GameThreadShaderMap 0x000001A168592080
[2017.06.04-22.57.54:939][231]LogLinker: Can't find file '/Game/Levels/WOOD'
[2017.06.04-22.57.54:939][231]LogLinker: Can't find file '/Game/Levels/WOOD'
[2017.06.04-22.57.54:940][231]LogLinker: Can't find file '/Game/Levels/WOOD_R'
[2017.06.04-22.57.54:941][231]LogLinker: Can't find file '/Game/Levels/WOOD_R'
[2017.06.04-22.57.55:025][231]LogTexture:Display: Building textures: WOOD_R (BGRA8, 364X254) - 85 MB total VRAM
[2017.06.04-22.57.55:043][231]LogMaterial: Missing cached shader map for material WOOD, compiling. 
[2017.06.04-22.57.55:044][231]LogTemp:Display: Added material ShaderMap 0x000001A17190F900 with Material 0x000001A168695000 to ShaderMapsBeingCompiled
[2017.06.04-22.57.55:064][231]LogTemp:Display: Kicking off shader compilation for WOOD, GameThreadShaderMap 0x000001A17190F900
[2017.06.04-22.57.59:500][231]LogStaticMesh: Building static mesh Third-Floor...
[2017.06.04-23.00.12:842][231]LogStaticMesh: Built static mesh [133.34s] /Game/Levels/Third-Floor.Third-Floor
[2017.06.04-23.00.31:253][231]FBXImport:Warning: Warning FBX Scene Loading: Found material name clash, name clash can be wrongly reassign at reimport , material 'Bodymaterial' was rename 'Bodymaterial_ncl1_1' 
[2017.06.04-23.00.31:254][231]FBXImport:Warning: Warning No smoothing group information was found in this FBX scene.  Please make sure to enable the 'Export Smoothing Groups' option in the FBX Exporter plug-in before exporting the file.  Even for tools that don't support smoothing groups, the FBX Exporter will generate appropriate smoothing data at export-time so that correct vertex normals can be inferred while importing. 
[2017.06.04-23.00.40:829][231]LogTemp:Display: Finished compile of shader map 0x000001A15373A400
[2017.06.04-23.00.40:829][231]LogTemp:Display: Shader map WorldGridMaterial complete, GameThreadShaderMap 0x000001A15373A400, marking material WorldGridMaterial as finished
[2017.06.04-23.00.40:829][231]LogTemp:Display: Marking material as finished 0x000001A1536E4D00
[2017.06.04-23.00.40:833][231]LogTemp:Display: Finished compile of shader map 0x000001A16305A400
[2017.06.04-23.00.40:833][231]LogTemp:Display: Shader map Door_and_DoorFrame_Material complete, GameThreadShaderMap 0x000001A16305A400, marking material Door_and_DoorFrame_Material as finished
[2017.06.04-23.00.40:833][231]LogTemp:Display: Marking material as finished 0x000001A1574A7700
[2017.06.04-23.00.40:861][231]LogTemp:Display: Finished compile of shader map 0x000001A162F6C800
[2017.06.04-23.00.40:861][231]LogTemp:Display: Shader map DoorKnob_Material complete, GameThreadShaderMap 0x000001A162F6C800, marking material DoorKnob_Material as finished
[2017.06.04-23.00.40:861][231]LogTemp:Display: Marking material as finished 0x000001A1574A5000
[2017.06.04-23.00.40:864][231]LogTemp:Display: Finished compile of shader map 0x000001A163C0E780
[2017.06.04-23.00.40:865][231]LogTemp:Display: Shader map Material_002 complete, GameThreadShaderMap 0x000001A163C0E780, marking material Material_002 as finished
[2017.06.04-23.00.40:865][231]LogTemp:Display: Marking material as finished 0x000001A162F20700
[2017.06.04-23.00.40:868][231]LogTemp:Display: Finished compile of shader map 0x000001A163850800
[2017.06.04-23.00.40:868][231]LogTemp:Display: Shader map Material_001 complete, GameThreadShaderMap 0x000001A163850800, marking material Material_001 as finished
[2017.06.04-23.00.40:868][231]LogTemp:Display: Marking material as finished 0x000001A1637EEE00
[2017.06.04-23.00.40:880][231]LogTemp:Display: Finished compile of shader map 0x000001A16349A400
[2017.06.04-23.00.40:880][231]LogTemp:Display: Shader map Material complete, GameThreadShaderMap 0x000001A16349A400, marking material Material as finished
[2017.06.04-23.00.40:880][231]LogTemp:Display: Marking material as finished 0x000001A1637ECE80
[2017.06.04-23.00.40:884][231]LogTemp:Display: Finished compile of shader map 0x000001A1633AC100
[2017.06.04-23.00.40:884][231]LogTemp:Display: Shader map ChamferBox01Mat complete, GameThreadShaderMap 0x000001A1633AC100, marking material ChamferBox01Mat as finished
[2017.06.04-23.00.40:884][231]LogTemp:Display: Marking material as finished 0x000001A16334B700
[2017.06.04-23.00.40:888][231]LogTemp:Display: Finished compile of shader map 0x000001A16A89E080
[2017.06.04-23.00.40:888][231]LogTemp:Display: Shader map ChamferBox02Mat complete, GameThreadShaderMap 0x000001A16A89E080, marking material ChamferBox02Mat as finished
[2017.06.04-23.00.40:888][231]LogTemp:Display: Marking material as finished 0x000001A16334A200
[2017.06.04-23.00.40:892][231]LogTemp:Display: Finished compile of shader map 0x000001A17D478100
[2017.06.04-23.00.40:892][231]LogTemp:Display: Shader map QuiltMat complete, GameThreadShaderMap 0x000001A17D478100, marking material QuiltMat as finished
[2017.06.04-23.00.40:892][231]LogTemp:Display: Marking material as finished 0x000001A163348D00
[2017.06.04-23.00.40:900][231]LogTemp:Display: Finished compile of shader map 0x000001A17D306080
[2017.06.04-23.00.40:900][231]LogTemp:Display: Shader map M_Wood_Floor_Walnut_Worn complete, GameThreadShaderMap 0x000001A17D306080, marking material M_Wood_Floor_Walnut_Worn as finished
[2017.06.04-23.00.40:900][231]LogTemp:Display: Marking material as finished 0x000001A175A67580
[2017.06.04-23.00.40:993][232]LogTemp:Display: Finished compile of shader map 0x000001A16AD80100
[2017.06.04-23.00.40:993][232]LogTemp:Display: Shader map T_Wood_Walnut_Mat complete, GameThreadShaderMap 0x000001A16AD80100, marking material T_Wood_Walnut_Mat as finished
[2017.06.04-23.00.40:993][232]LogTemp:Display: Marking material as finished 0x000001A175A65C00
[2017.06.04-23.00.41:000][232]LogTemp:Display: Finished compile of shader map 0x000001A16AC02080
[2017.06.04-23.00.41:000][232]LogTemp:Display: Shader map M_Frame complete, GameThreadShaderMap 0x000001A16AC02080, marking material M_Frame as finished
[2017.06.04-23.00.41:000][232]LogTemp:Display: Marking material as finished 0x000001A175A64400
[2017.06.04-23.00.41:003][232]LogTemp:Display: Finished compile of shader map 0x000001A17D7D8100
[2017.06.04-23.00.41:003][232]LogTemp:Display: Shader map binnenkant complete, GameThreadShaderMap 0x000001A17D7D8100, marking material binnenkant as finished
[2017.06.04-23.00.41:003][232]LogTemp:Display: Marking material as finished 0x000001A17D896500
[2017.06.04-23.00.41:007][232]LogTemp:Display: Finished compile of shader map 0x000001A180FE6080
[2017.06.04-23.00.41:007][232]LogTemp:Display: Shader map doppen complete, GameThreadShaderMap 0x000001A180FE6080, marking material doppen as finished
[2017.06.04-23.00.41:007][232]LogTemp:Display: Marking material as finished 0x000001A17D895000
[2017.06.04-23.00.41:012][232]LogTemp:Display: Finished compile of shader map 0x000001A180EF0100
[2017.06.04-23.00.41:012][232]LogTemp:Display: Shader map simple_sinkMat complete, GameThreadShaderMap 0x000001A180EF0100, marking material simple_sinkMat as finished
[2017.06.04-23.00.41:012][232]LogTemp:Display: Marking material as finished 0x000001A180C2F880
[2017.06.04-23.00.41:015][232]LogTemp:Display: Finished compile of shader map 0x000001A180B2E080
[2017.06.04-23.00.41:015][232]LogTemp:Display: Shader map board_plastic complete, GameThreadShaderMap 0x000001A180B2E080, marking material board_plastic as finished
[2017.06.04-23.00.41:015][232]LogTemp:Display: Marking material as finished 0x000001A180C2E200
[2017.06.04-23.00.41:019][232]LogTemp:Display: Finished compile of shader map 0x000001A18083C100
[2017.06.04-23.00.41:019][232]LogTemp:Display: Shader map toilet_ceramics complete, GameThreadShaderMap 0x000001A18083C100, marking material toilet_ceramics as finished
[2017.06.04-23.00.41:019][232]LogTemp:Display: Marking material as finished 0x000001A180C2CD00
[2017.06.04-23.00.41:022][232]LogTemp:Display: Finished compile of shader map 0x000001A1806CE080
[2017.06.04-23.00.41:022][232]LogTemp:Display: Shader map Metal_sciFiCurveyWall complete, GameThreadShaderMap 0x000001A1806CE080, marking material Metal_sciFiCurveyWall as finished
[2017.06.04-23.00.41:022][232]LogTemp:Display: Marking material as finished 0x000001A168193580
[2017.06.04-23.00.41:027][232]LogTemp:Display: Finished compile of shader map 0x000001A181424100
[2017.06.04-23.00.41:027][232]LogTemp:Display: Shader map Cap2 complete, GameThreadShaderMap 0x000001A181424100, marking material Cap2 as finished
[2017.06.04-23.00.41:027][232]LogTemp:Display: Marking material as finished 0x000001A168191780
[2017.06.04-23.00.41:031][232]LogTemp:Display: Finished compile of shader map 0x000001A182066080
[2017.06.04-23.00.41:031][232]LogTemp:Display: Shader map Bathtube_Inside complete, GameThreadShaderMap 0x000001A182066080, marking material Bathtube_Inside as finished
[2017.06.04-23.00.41:031][232]LogTemp:Display: Marking material as finished 0x000001A168190280
[2017.06.04-23.00.41:035][232]LogTemp:Display: Finished compile of shader map 0x000001A181F78100
[2017.06.04-23.00.41:035][232]LogTemp:Display: Shader map Bathtube_Outside complete, GameThreadShaderMap 0x000001A181F78100, marking material Bathtube_Outside as finished
[2017.06.04-23.00.41:035][232]LogTemp:Display: Marking material as finished 0x000001A18202EC80
[2017.06.04-23.00.41:043][232]LogTemp:Display: Finished compile of shader map 0x000001A181BCA080
[2017.06.04-23.00.41:043][232]LogTemp:Display: Shader map Bodymaterial complete, GameThreadShaderMap 0x000001A181BCA080, marking material Bodymaterial as finished
[2017.06.04-23.00.41:043][232]LogTemp:Display: Marking material as finished 0x000001A18202D780
[2017.06.04-23.00.41:047][232]LogTemp:Display: Finished compile of shader map 0x000001A181874100
[2017.06.04-23.00.41:047][232]LogTemp:Display: Shader map Material_007 complete, GameThreadShaderMap 0x000001A181874100, marking material Material_007 as finished
[2017.06.04-23.00.41:047][232]LogTemp:Display: Marking material as finished 0x000001A181807880
[2017.06.04-23.00.41:051][232]LogTemp:Display: Finished compile of shader map 0x000001A1816FE080
[2017.06.04-23.00.41:051][232]LogTemp:Display: Shader map Metal_ReinforcedGridWall complete, GameThreadShaderMap 0x000001A1816FE080, marking material Metal_ReinforcedGridWall as finished
[2017.06.04-23.00.41:051][232]LogTemp:Display: Marking material as finished 0x000001A181806200
[2017.06.04-23.00.41:055][232]LogTemp:Display: Finished compile of shader map 0x000001A1823BC100
[2017.06.04-23.00.41:055][232]LogTemp:Display: Shader map Material_005 complete, GameThreadShaderMap 0x000001A1823BC100, marking material Material_005 as finished
[2017.06.04-23.00.41:055][232]LogTemp:Display: Marking material as finished 0x000001A181804880
[2017.06.04-23.00.41:059][232]LogTemp:Display: Finished compile of shader map 0x000001A183012080
[2017.06.04-23.00.41:059][232]LogTemp:Display: Shader map Metal_BrushedSteel complete, GameThreadShaderMap 0x000001A183012080, marking material Metal_BrushedSteel as finished
[2017.06.04-23.00.41:059][232]LogTemp:Display: Marking material as finished 0x000001A182FD6F80
[2017.06.04-23.00.41:063][232]LogTemp:Display: Finished compile of shader map 0x000001A182F08100
[2017.06.04-23.00.41:063][232]LogTemp:Display: Shader map Material_004 complete, GameThreadShaderMap 0x000001A182F08100, marking material Material_004 as finished
[2017.06.04-23.00.41:063][232]LogTemp:Display: Marking material as finished 0x000001A182FD5A80
[2017.06.04-23.00.41:068][232]LogTemp:Display: Finished compile of shader map 0x000001A182B51600
[2017.06.04-23.00.41:068][232]LogTemp:Display: Shader map Material__487 complete, GameThreadShaderMap 0x000001A182B51600, marking material Material__487 as finished
[2017.06.04-23.00.41:068][232]LogTemp:Display: Marking material as finished 0x000001A182FD4580
[2017.06.04-23.00.41:071][232]LogTemp:Display: Finished compile of shader map 0x000001A183C9FC80
[2017.06.04-23.00.41:072][232]LogTemp:Display: Shader map Material_003 complete, GameThreadShaderMap 0x000001A183C9FC80, marking material Material_003 as finished
[2017.06.04-23.00.41:072][232]LogTemp:Display: Marking material as finished 0x000001A182B15D80
[2017.06.04-23.00.41:076][232]LogTemp:Display: Finished compile of shader map 0x000001A1833DE080
[2017.06.04-23.00.41:076][232]LogTemp:Display: Shader map Braid01 complete, GameThreadShaderMap 0x000001A1833DE080, marking material Braid01 as finished
[2017.06.04-23.00.41:076][232]LogTemp:Display: Marking material as finished 0x000001A182B14880
[2017.06.04-23.00.41:079][232]LogTemp:Display: Finished compile of shader map 0x000001A1832DC100
[2017.06.04-23.00.41:080][232]LogTemp:Display: Shader map M_Glass complete, GameThreadShaderMap 0x000001A1832DC100, marking material M_Glass as finished
[2017.06.04-23.00.41:080][232]LogTemp:Display: Marking material as finished 0x000001A18495A500
[2017.06.04-23.00.41:084][232]LogTemp:Display: Finished compile of shader map 0x000001A18484E080
[2017.06.04-23.00.41:084][232]LogTemp:Display: Shader map Bodymaterial_ncl1_1 complete, GameThreadShaderMap 0x000001A18484E080, marking material Bodymaterial_ncl1_1 as finished
[2017.06.04-23.00.41:084][232]LogTemp:Display: Marking material as finished 0x000001A184958700
[2017.06.04-23.00.41:087][232]LogTemp:Display: Finished compile of shader map 0x000001A184750100
[2017.06.04-23.00.41:087][232]LogTemp:Display: Shader map M_Wood_Oak complete, GameThreadShaderMap 0x000001A184750100, marking material M_Wood_Oak as finished
[2017.06.04-23.00.41:087][232]LogTemp:Display: Marking material as finished 0x000001A184592C80
[2017.06.04-23.00.41:092][232]LogTemp:Display: Finished compile of shader map 0x000001A18447E080
[2017.06.04-23.00.41:092][232]LogTemp:Display: Shader map chrome complete, GameThreadShaderMap 0x000001A18447E080, marking material chrome as finished
[2017.06.04-23.00.41:092][232]LogTemp:Display: Marking material as finished 0x000001A184591300
[2017.06.04-23.00.41:095][232]LogTemp:Display: Finished compile of shader map 0x000001A1509AC100
[2017.06.04-23.00.41:095][232]LogTemp:Display: Shader map Mat_1 complete, GameThreadShaderMap 0x000001A1509AC100, marking material Mat_1 as finished
[2017.06.04-23.00.41:095][232]LogTemp:Display: Marking material as finished 0x000001A168697D00
[2017.06.04-23.00.41:099][232]LogTemp:Display: Finished compile of shader map 0x000001A168592080
[2017.06.04-23.00.41:099][232]LogTemp:Display: Shader map Mat complete, GameThreadShaderMap 0x000001A168592080, marking material Mat as finished
[2017.06.04-23.00.41:099][232]LogTemp:Display: Marking material as finished 0x000001A168696680
[2017.06.04-23.00.41:103][232]LogTemp:Display: Finished compile of shader map 0x000001A17190F900
[2017.06.04-23.00.41:103][232]LogTemp:Display: Shader map WOOD complete, GameThreadShaderMap 0x000001A17190F900, marking material WOOD as finished
[2017.06.04-23.00.41:103][232]LogTemp:Display: Marking material as finished 0x000001A168695000
[2017.06.04-23.01.13:851][852]LogCrashTracker: 


[2017.06.04-23.01.13:851][852]LogCrashTracker: 


[2017.06.04-23.01.13:851][852]LogWindows:Error: === Critical error: ===
[2017.06.04-23.01.13:851][852]LogWindows:Error: 
[2017.06.04-23.01.13:851][852]LogWindows:Error: Fatal error!
[2017.06.04-23.01.13:851][852]LogWindows:Error: 
[2017.06.04-23.01.13:851][852]LogWindows:Error: Unhandled Exception: EXCEPTION_ACCESS_VIOLATION reading address 0x00000068
[2017.06.04-23.01.13:851][852]LogWindows:Error: 
[2017.06.04-23.01.13:851][852]LogWindows:Error: UE4Editor-Kismet.dll!0x00000000D81ED769
[2017.06.04-23.01.13:851][852]LogWindows:Error: UE4Editor-Kismet.dll!0x00000000D81B7EFE
[2017.06.04-23.01.13:851][852]LogWindows:Error: UE4Editor-AssetRegistry.dll!0x00000000CF26E63A
[2017.06.04-23.01.13:851][852]LogWindows:Error: UE4Editor-AssetRegistry.dll!0x00000000CF269138
[2017.06.04-23.01.13:851][852]LogWindows:Error: UE4Editor-AssetRegistry.dll!0x00000000CF26E105
[2017.06.04-23.01.13:851][852]LogWindows:Error: UE4Editor-AssetRegistry.dll!0x00000000CF2940B9
[2017.06.04-23.01.13:851][852]LogWindows:Error: UE4Editor-AssetRegistry.dll!0x00000000CF27F6AD
[2017.06.04-23.01.13:851][852]LogWindows:Error: UE4Editor-DirectoryWatcher.dll!0x0000000005B8817F
[2017.06.04-23.01.13:851][852]LogWindows:Error: UE4Editor-DirectoryWatcher.dll!0x0000000005B900F8
[2017.06.04-23.01.13:851][852]LogWindows:Error: UE4Editor-UnrealEd.dll!0x00000000DD935C77
[2017.06.04-23.01.13:851][852]LogWindows:Error: UE4Editor-UnrealEd.dll!0x00000000DE142086
[2017.06.04-23.01.13:851][852]LogWindows:Error: UE4Editor.exe!0x0000000055EBDEE3
[2017.06.04-23.01.13:851][852]LogWindows:Error: UE4Editor.exe!0x0000000055EAEB40
[2017.06.04-23.01.13:851][852]LogWindows:Error: UE4Editor.exe!0x0000000055EAEBBA
[2017.06.04-23.01.13:851][852]LogWindows:Error: UE4Editor.exe!0x0000000055EC0A29
[2017.06.04-23.01.13:851][852]LogWindows:Error: UE4Editor.exe!0x0000000055EC22B6
[2017.06.04-23.01.13:851][852]LogWindows:Error: KERNEL32.DLL!0x00000000253D8364
[2017.06.04-23.01.13:851][852]LogWindows:Error: ntdll.dll!0x00000000276070D1
[2017.06.04-23.01.13:851][852]LogWindows:Error: ntdll.dll!0x00000000276070D1
[2017.06.04-23.01.13:851][852]LogWindows:Error: 
[2017.06.04-23.01.13:885][852]LogExit: Executing StaticShutdownAfterError
[2017.06.04-23.01.13:896][852]LogWindows: FPlatformMisc::RequestExit(1)
[2017.06.04-23.01.13:896][852]Log file closed, 06/04/17 16:01:13
