Log file open, 06/06/17 19:49:09
LogInit:Display: Running engine for game: Project_lonesome
LogPlatformFile: Not using cached read wrapper
LogInit:Display: RandInit(-291318668) SRandInit(-291318668).
LogTaskGraph: Started task graph with 5 named threads and 8 total threads with 1 sets of task threads.
LogStats: Stats thread started at 0.077925
LogInit: Using libcurl 7.47.1
LogInit:  - built for x86_64-pc-win32
LogInit:  - supports SSL with OpenSSL/1.0.2g
LogInit:  - supports HTTP deflate (compression) using libz 1.2.8
LogInit:  - other features:
LogInit:      CURL_VERSION_SSL
LogInit:      CURL_VERSION_LIBZ
LogInit:      CURL_VERSION_IPV6
LogInit:      CURL_VERSION_ASYNCHDNS
LogInit:      CURL_VERSION_LARGEFILE
LogInit:      CURL_VERSION_IDN
LogInit:  CurlRequestOptions (configurable via config and command line):
LogInit:  - bVerifyPeer = false  - Libcurl will NOT verify peer certificate
LogInit:  - bUseHttpProxy = false  - Libcurl will NOT use HTTP proxy
LogInit:  - bDontReuseConnections = false  - Libcurl will reuse connections
LogInit:  - CertBundlePath = nullptr  - Libcurl will use whatever was configured at build time.
LogInit: Build: ++UE4+Release-4.15-CL-3348071
LogInit: Engine Version: 4.15.1-3348071+++UE4+Release-4.15
LogInit: Compatible Engine Version: 4.15.0-3299760+++UE4+Release-4.15
LogInit: Net CL: 3299760
LogDevObjectVersion: Number of dev versions registered: 14
LogDevObjectVersion:   Dev-Blueprints (B0D832E4-1F89-4F0D-ACCF-7EB736FD4AA2): 8
LogDevObjectVersion:   Dev-Build (E1C64328-A22C-4D53-A36C-8E866417BD8C): 0
LogDevObjectVersion:   Dev-Core (375EC13C-06E4-48FB-B500-84F0262A717E): 2
LogDevObjectVersion:   Dev-Editor (E4B068ED-F494-42E9-A231-DA0B2E46BB41): 14
LogDevObjectVersion:   Dev-Framework (CFFC743F-43B0-4480-9391-14DF171D2073): 22
LogDevObjectVersion:   Dev-Mobile (B02B49B5-BB20-44E9-A304-32B752E40360): 0
LogDevObjectVersion:   Dev-Networking (A4E4105C-59A1-49B5-A7C5-40C4547EDFEE): 0
LogDevObjectVersion:   Dev-Online (39C831C9-5AE6-47DC-9A44-9C173E1C8E7C): 0
LogDevObjectVersion:   Dev-Physics (78F01B33-EBEA-4F98-B9B4-84EACCB95AA2): 0
LogDevObjectVersion:   Dev-Platform (6631380F-2D4D-43E0-8009-CF276956A95A): 0
LogDevObjectVersion:   Dev-Rendering (12F88B9F-8875-4AFC-A67C-D90C383ABD29): 12
LogDevObjectVersion:   Dev-Sequencer (7B5AE74C-D270-4C10-A958-57980B212A5A): 3
LogDevObjectVersion:   Dev-VR (D7296918-1DD6-4BDD-9DE2-64A83CC13884): 0
LogDevObjectVersion:   Dev-LoadTimes (C2A15278-BFE7-4AFE-6C17-90FF531DF755): 1
LogInit: Compiled (64-bit): Mar 15 2017 16:52:47
LogInit: Compiled with Visual C++: 19.00.23026.00
LogInit: Build Configuration: Development
LogInit: Branch Name: ++UE4+Release-4.15
LogInit: Command line: -EpicPortal 
LogInit: Base directory: H:/Program Files/Epic Games/UE_4.15/Engine/Binaries/Win64/
LogInit: Installed Engine Build: 1
LogInit: Presizing for max 8388607 objects, including 0 objects not considered by GC, pre-allocating 0 bytes for permanent pool.
LogInit: Object subsystem initialized
[2017.06.07-02.49.10:330][  0]LogInit: Selected Device Profile: [Windows]
[2017.06.07-02.49.10:330][  0]LogInit: Applying CVar settings loaded from the selected device profile: [Windows]
[2017.06.07-02.49.10:340][  0]LogInit: Computer: DESKTOP-969FG03
[2017.06.07-02.49.10:340][  0]LogInit: User: elmen
[2017.06.07-02.49.10:340][  0]LogInit: CPU Page size=65536, Cores=4
[2017.06.07-02.49.10:340][  0]LogInit: High frequency timer resolution =3.312799 MHz
[2017.06.07-02.49.10:340][  0]LogMemory: Memory total: Physical=16.0GB (16GB approx)
[2017.06.07-02.49.10:340][  0]LogMemory: Platform Memory Stats for Windows
[2017.06.07-02.49.10:340][  0]LogMemory: Process Physical Memory: 265.55 MB used, 265.55 MB peak
[2017.06.07-02.49.10:340][  0]LogMemory: Process Virtual Memory: 262.75 MB used, 262.75 MB peak
[2017.06.07-02.49.10:340][  0]LogMemory: Physical Memory: 5603.50 MB used,  10741.46 MB free, 16344.95 MB total
[2017.06.07-02.49.10:340][  0]LogMemory: Virtual Memory: 630.96 MB used,  10741.46 MB free, 134217728.00 MB total
[2017.06.07-02.49.10:418][  0]LogTextLocalizationManager: No specific translations for ('en-US') exist, so ('en') translations will be used.
[2017.06.07-02.49.11:038][  0]LogD3D11RHI: D3D11 adapters:
[2017.06.07-02.49.11:532][  0]LogD3D11RHI:    0. 'NVIDIA GeForce GTX 1050' (Feature Level 11_0)
[2017.06.07-02.49.11:532][  0]LogD3D11RHI:       2006/0/8172 MB DedicatedVideo/DedicatedSystem/SharedSystem, Outputs:2, VendorId:0x10de
[2017.06.07-02.49.11:534][  0]LogD3D11RHI:    1. 'Microsoft Basic Render Driver' (Feature Level 11_0)
[2017.06.07-02.49.11:534][  0]LogD3D11RHI:       0/0/8172 MB DedicatedVideo/DedicatedSystem/SharedSystem, Outputs:0, VendorId:0x1414
[2017.06.07-02.49.11:534][  0]LogD3D11RHI: Chosen D3D11 Adapter: 0
[2017.06.07-02.49.11:539][  0]LogD3D11RHI: Creating new Direct3DDevice
[2017.06.07-02.49.11:539][  0]LogD3D11RHI:     GPU DeviceId: 0x1c81 (for the marketing name, search the web for "GPU Device Id")
[2017.06.07-02.49.11:539][  0]LogWindows: EnumDisplayDevices:
[2017.06.07-02.49.11:539][  0]LogWindows:    0. 'NVIDIA GeForce GTX 1050' (P:1 D:1)
[2017.06.07-02.49.11:540][  0]LogWindows:    1. 'NVIDIA GeForce GTX 1050' (P:0 D:1)
[2017.06.07-02.49.11:540][  0]LogWindows:    2. 'NVIDIA GeForce GTX 1050' (P:0 D:0)
[2017.06.07-02.49.11:540][  0]LogWindows:    3. 'NVIDIA GeForce GTX 1050' (P:0 D:0)
[2017.06.07-02.49.11:541][  0]LogWindows: DebugString: FoundDriverCount:4 
[2017.06.07-02.49.11:541][  0]LogD3D11RHI:     Adapter Name: NVIDIA GeForce GTX 1050
[2017.06.07-02.49.11:541][  0]LogD3D11RHI:   Driver Version: 378.92 (internal:21.21.13.7892, unified:378.92)
[2017.06.07-02.49.11:541][  0]LogD3D11RHI:      Driver Date: 3-16-2017
[2017.06.07-02.49.11:541][  0]LogRHI: Texture pool is 1361 MB (70% of 1945 MB)
[2017.06.07-02.49.11:985][  0]LogD3D11RHI: Async texture creation enabled
[2017.06.07-02.49.12:063][  0]LogD3D11RHI: GPU Timing Frequency: 1000.000000 (Debug: 2 1)
[2017.06.07-02.49.12:166][  0]LogShaderCompilers: Guid format shader working directory is -36 characters bigger than the processId version (../../../../../../Documents/GitHub/ProjectLonesomeRecovered/Project_lonesome 4.15/Intermediate/Shaders/WorkingDirectory/25940/).
[2017.06.07-02.49.12:167][  0]LogShaderCompilers: Cleaned the shader compiler working directory 'C:/Users/elmen/AppData/Local/Temp/UnrealShaderWorkingDir/4DA147804F128DC0F3718EA20C0D152C/'.
[2017.06.07-02.49.12:167][  0]LogShaderCompilers:Display: Using Local Shader Compiler.
[2017.06.07-02.49.13:230][  0]LogTemp:Display: Loaded TP AllDesktopTargetPlatform
[2017.06.07-02.49.13:284][  0]LogTemp:Display: Loaded TP MacClientTargetPlatform
[2017.06.07-02.49.13:338][  0]LogTemp:Display: Loaded TP MacNoEditorTargetPlatform
[2017.06.07-02.49.13:391][  0]LogTemp:Display: Loaded TP MacServerTargetPlatform
[2017.06.07-02.49.13:444][  0]LogTemp:Display: Loaded TP MacTargetPlatform
[2017.06.07-02.49.13:497][  0]LogTemp:Display: Loaded TP WindowsClientTargetPlatform
[2017.06.07-02.49.13:550][  0]LogTemp:Display: Loaded TP WindowsNoEditorTargetPlatform
[2017.06.07-02.49.13:602][  0]LogTemp:Display: Loaded TP WindowsServerTargetPlatform
[2017.06.07-02.49.13:644][  0]LogTemp:Display: Loaded TP WindowsTargetPlatform
[2017.06.07-02.49.13:695][  0]LogTemp:Display: Loaded TP AndroidTargetPlatform
[2017.06.07-02.49.13:747][  0]LogTemp:Display: Loaded TP Android_ASTCTargetPlatform
[2017.06.07-02.49.13:798][  0]LogTemp:Display: Loaded TP Android_ATCTargetPlatform
[2017.06.07-02.49.13:849][  0]LogTemp:Display: Loaded TP Android_DXTTargetPlatform
[2017.06.07-02.49.13:902][  0]LogTemp:Display: Loaded TP Android_ETC1TargetPlatform
[2017.06.07-02.49.13:953][  0]LogTemp:Display: Loaded TP Android_ETC2TargetPlatform
[2017.06.07-02.49.14:056][  0]LogTemp:Display: Loaded TP Android_MultiTargetPlatform
[2017.06.07-02.49.14:056][  0]LogTemp:Display: Loaded TP Android_PVRTCTargetPlatform
[2017.06.07-02.49.14:091][  0]LogTemp:Display: Loaded TP HTML5TargetPlatform
[2017.06.07-02.49.14:183][  0]LogTemp:Display: Loaded TP IOSTargetPlatform
[2017.06.07-02.49.14:233][  0]LogTemp:Display: Loaded TP TVOSTargetPlatform
[2017.06.07-02.49.14:285][  0]LogTemp:Display: Loaded TP LinuxClientTargetPlatform
[2017.06.07-02.49.14:337][  0]LogTemp:Display: Loaded TP LinuxNoEditorTargetPlatform
[2017.06.07-02.49.14:389][  0]LogTemp:Display: Loaded TP LinuxServerTargetPlatform
[2017.06.07-02.49.14:441][  0]LogTemp:Display: Loaded TP LinuxTargetPlatform
[2017.06.07-02.49.14:441][  0]LogTargetPlatformManager:Display: Building Assets For Windows
[2017.06.07-02.49.14:825][  0]LogDerivedDataCache:Display: Max Cache Size: 512 MB
[2017.06.07-02.49.14:871][  0]LogDerivedDataCache: Loaded boot cache 0.05s 50MB C:/Users/elmen/AppData/Local/UnrealEngine/4.15/DerivedDataCache/Boot.ddc.
[2017.06.07-02.49.14:871][  0]LogDerivedDataCache:Display: Loaded Boot cache: C:/Users/elmen/AppData/Local/UnrealEngine/4.15/DerivedDataCache/Boot.ddc
[2017.06.07-02.49.14:872][  0]LogDerivedDataCache: FDerivedDataBackendGraph:  Pak pak cache file ../../../../../../Documents/GitHub/ProjectLonesomeRecovered/Project_lonesome 4.15/DerivedDataCache/DDC.ddp not found, will not use a pak cache.
[2017.06.07-02.49.14:872][  0]LogDerivedDataCache: Unable to find inner node Pak for hierarchical cache Hierarchy.
[2017.06.07-02.49.14:872][  0]LogDerivedDataCache: FDerivedDataBackendGraph:  CompressedPak pak cache file ../../../../../../Documents/GitHub/ProjectLonesomeRecovered/Project_lonesome 4.15/DerivedDataCache/Compressed.ddp not found, will not use a pak cache.
[2017.06.07-02.49.14:872][  0]LogDerivedDataCache: Unable to find inner node CompressedPak for hierarchical cache Hierarchy.
[2017.06.07-02.49.14:889][  0]LogDerivedDataCache:Display: Pak cache opened for reading ../../../Engine/DerivedDataCache/Compressed.ddp.
[2017.06.07-02.49.14:901][  0]LogDerivedDataCache: Using Local data cache path C:/Users/elmen/AppData/Local/UnrealEngine/Common/DerivedDataCache: Writable
[2017.06.07-02.49.14:910][  0]LogSlate: Using Freetype 2.6.0
[2017.06.07-02.49.14:911][  0]LogSlate: SlateFontCache - WITH_FREETYPE: 1, WITH_HARFBUZZ: 1
[2017.06.07-02.49.14:911][  0]LogSlate: SlateFontCache - WITH_FREETYPE: 1, WITH_HARFBUZZ: 1
[2017.06.07-02.49.15:211][  0]LogInit: Selected Device Profile: [Windows]
[2017.06.07-02.49.15:214][  0]LogContentStreaming: Texture pool size is 0.00 MB
[2017.06.07-02.49.15:406][  0]LogMeshUtilities: Using QuadricMeshReduction for automatic static mesh reduction
[2017.06.07-02.49.15:444][  0]LogSimplygon: Simplygon DLL not present - disabling.
[2017.06.07-02.49.15:488][  0]LogMeshUtilities: Using SimplygonSwarm for distributed automatic mesh merging
[2017.06.07-02.49.15:488][  0]LogMeshUtilities: No automatic skeletal mesh reduction module available
[2017.06.07-02.49.15:488][  0]LogMeshUtilities: No automatic mesh merging module available
[2017.06.07-02.49.16:001][  0]LogNetVersion: GetLocalNetworkVersion: CL: 3299760, ProjectName: project_lonesome, ProjectVersion: , EngineNetworkVersion: 2, GameNetworkVersion: 0, NetworkChecksum: 3824462427
[2017.06.07-02.49.16:044][  0]LogAssetRegistry: FAssetRegistry took 0.0222 seconds to start up
[2017.06.07-02.49.16:088][  0]LogPackageLocalizationCache: Processed 3 localized package path(s) for 2 prioritized culture(s) in 0.025413 seconds
[2017.06.07-02.49.16:093][  0]LogUObjectArray: 32494 objects as part of root set at end of initial load.
[2017.06.07-02.49.16:093][  0]LogUObjectAllocator: 7077248 out of 0 bytes used by permanent object pool.
[2017.06.07-02.49.16:093][  0]LogUObjectArray: CloseDisregardForGC: 0/0 objects in disregard for GC pool
[2017.06.07-02.49.16:145][  0]LogInit: WinSock: version 1.1 (2.2), MaxSocks=32767, MaxUdp=65467
[2017.06.07-02.49.17:735][  0]LogTcpMessaging: Initializing TcpMessaging bridge
[2017.06.07-02.49.17:774][  0]LogUdpMessaging: Initializing bridge on interface 0.0.0.0:0 to multicast group 230.0.0.1:6666.
[2017.06.07-02.49.18:236][  0]LogMaterial: Uniform references updated for custom material expression Custom.
[2017.06.07-02.49.18:588][  0]SourceControl: Info Source control is disabled
[2017.06.07-02.49.18:650][  0]SourceControl: Info Source control is disabled
[2017.06.07-02.49.18:696][  0]SourceControl: Info Source control is disabled
[2017.06.07-02.49.18:740][  0]SourceControl: Info Source control is disabled
[2017.06.07-02.49.19:917][  0]LogEngine: Initializing Engine...
[2017.06.07-02.49.19:918][  0]LogHMD: Failed to initialize OpenVR with code 110
[2017.06.07-02.49.20:133][  0]LogAIModule: Creating AISystem for world Untitled
[2017.06.07-02.49.20:149][  0]LogInit: XAudio2 using 'HDMI To VGA-8 (2- NVIDIA High Definition Audio)' : 2 channels at 48 kHz using 16 bits per sample (channel mask 0x3)
[2017.06.07-02.49.20:171][  0]LogInit: FAudioDevice initialized.
[2017.06.07-02.49.20:195][  0]LogDerivedDataCache: Saved boot cache 0.02s 50MB C:/Users/elmen/AppData/Local/UnrealEngine/4.15/DerivedDataCache/Boot.ddc.
[2017.06.07-02.49.20:198][  0]LogInit: Texture streaming: Enabled
[2017.06.07-02.49.20:277][  0]LogEngineSessionManager: EngineSessionManager initialized
[2017.06.07-02.49.20:357][  0]LogInit: Transaction tracking system initialized
[2017.06.07-02.49.20:671][  0]BlueprintLog: New page: Editor Load
[2017.06.07-02.49.21:449][  0]LocalizationService: Info Localization service is disabled
[2017.06.07-02.49.22:052][  0]LogConsoleResponse:Display: 
[2017.06.07-02.49.22:168][  0]LogCook:Display: Max memory allowance for cook 16384mb min free memory 0mb
[2017.06.07-02.49.22:168][  0]LogCook:Display: Mobile HDR setting 1
[2017.06.07-02.49.22:188][  0]LogFileCache: Scanning file cache for directory 'H:/Documents/GitHub/ProjectLonesomeRecovered/Project_lonesome 4.15/Content/' took 0.02s
[2017.06.07-02.49.23:138][  0]SourceControl: Info Source control is disabled
[2017.06.07-02.49.23:138][  0]Cmd: MAP LOAD FILE="../../../../../../Documents/GitHub/ProjectLonesomeRecovered/Project_lonesome 4.15/Content/FirstPersonBP/Maps/FirstPersonExampleMap.umap" TEMPLATE=0 SHOWPROGRESS=1 FEATURELEVEL=3
[2017.06.07-02.49.23:138][  0]LightingResults: New page: Lighting Build
[2017.06.07-02.49.23:175][  0]MapCheck: New page: Map Check
[2017.06.07-02.49.23:175][  0]LightingResults: New page: Lighting Build
[2017.06.07-02.49.24:893][  0]LogAIModule: Creating AISystem for world FirstPersonExampleMap
[2017.06.07-02.49.24:917][  0]LogEditorServer: Finished looking for orphan Actors (0.000 secs)
[2017.06.07-02.49.24:918][  0]Cmd: MAP CHECKDEP NOCLEARLOG
[2017.06.07-02.49.24:982][  0]MapCheck: Info Map check complete: 0 Error(s), 0 Warning(s), took 63.33ms to complete.
[2017.06.07-02.49.24:982][  0]LogFileHelpers: Loading map 'FirstPersonExampleMap' took 1.844
[2017.06.07-02.49.25:207][  0]LogCollectionManager: Loaded 1 collections in 0.001551 seconds
[2017.06.07-02.49.25:304][  0]LogFileCache: Scanning file cache for directory 'H:/Documents/GitHub/ProjectLonesomeRecovered/Project_lonesome 4.15/Saved/Collections/' took 0.01s
[2017.06.07-02.49.25:304][  0]LogFileCache: Scanning file cache for directory 'H:/Documents/GitHub/ProjectLonesomeRecovered/Project_lonesome 4.15/Content/Developers/elmen/Collections/' took 0.01s
[2017.06.07-02.49.25:304][  0]LogFileCache: Scanning file cache for directory 'H:/Documents/GitHub/ProjectLonesomeRecovered/Project_lonesome 4.15/Content/Collections/' took 0.01s
[2017.06.07-02.49.25:304][  0]LogCollectionManager: Rebuilt the GUID cache for 1 collections in 0.000004 seconds
[2017.06.07-02.49.25:304][  0]LogCollectionManager: Rebuilt the hierarchy cache for 1 collections in 0.000000 seconds
[2017.06.07-02.49.25:314][  0]LogContentBrowser: Native class hierarchy populated in 0.0094 seconds. Added 2245 classes and 453 folders.
[2017.06.07-02.49.25:317][  0]LogStats: UGameplayTagsManager::ConstructGameplayTagTree: Construct from data asset -  0.000 s
[2017.06.07-02.49.25:317][  0]LogStats: UGameplayTagsManager::ConstructGameplayTagTree: GameplayTagTreeChangedEvent.Broadcast -  0.000 s
[2017.06.07-02.49.25:372][  0]LogContentBrowser: Native class hierarchy updated for 'WidgetCarousel' in 0.0005 seconds. Added 0 classes and 0 folders.
[2017.06.07-02.49.25:423][  0]LogContentBrowser: Native class hierarchy updated for 'AddContentDialog' in 0.0005 seconds. Added 0 classes and 0 folders.
[2017.06.07-02.49.25:463][  0]LogContentBrowser: Native class hierarchy updated for 'SceneOutliner' in 0.0006 seconds. Added 1 classes and 2 folders.
[2017.06.07-02.49.25:573][  0]LogCrashTracker: Crashtracker disabled due to settings.
[2017.06.07-02.49.25:587][  0]LogUObjectGlobals:Warning: Failed to find object 'Class None.'
[2017.06.07-02.49.25:660][  0]LogContentBrowser: Native class hierarchy updated for 'HierarchicalLODOutliner' in 0.0006 seconds. Added 1 classes and 2 folders.
[2017.06.07-02.49.25:660][  0]LogLoad: (Engine Initialization) Total time: 17.42 seconds
[2017.06.07-02.49.25:660][  0]LogLoad: (Engine Initialization) Total Blueprint compile time: 0.68 seconds
[2017.06.07-02.49.25:660][  0]LogExternalProfiler: Found external profiler: VSPerf
[2017.06.07-02.49.25:660][  0]LogExternalProfiler: Using external profiler: VSPerf
[2017.06.07-02.49.26:002][  0]LogOcInput: OculusInput pre-init called
[2017.06.07-02.49.26:031][  0]LogContentStreaming: Texture pool size now 1000 MB
[2017.06.07-02.49.26:034][  0]LogSlate: Took 0.000589 seconds to synchronously load lazily loaded font '../../../Engine/Content/Slate/Fonts/Roboto-Regular.ttf' (155K)
[2017.06.07-02.49.26:043][  0]LogSlate: Took 0.000510 seconds to synchronously load lazily loaded font '../../../Engine/Content/Slate/Fonts/Roboto-Bold.ttf' (160K)
[2017.06.07-02.49.26:052][  0]LogSlate: Took 0.000282 seconds to synchronously load lazily loaded font '../../../Engine/Content/Editor/Slate/Fonts/FontAwesome.ttf' (139K)
[2017.06.07-02.49.26:208][  0]LogSlate: Took 0.000290 seconds to synchronously load lazily loaded font '../../../Engine/Content/Slate/Fonts/Roboto-Light.ttf' (159K)
[2017.06.07-02.49.26:248][  0]LogRenderer: Reallocating scene render targets to support 1208x576 NumSamples 1 (Frame:2).
[2017.06.07-02.49.27:664][  5]LogTemp: Repeting last play command: New Editor Window (PIE)
[2017.06.07-02.49.27:725][  5]LogAssetRegistry: Asset discovery search completed in 11.7025 seconds
[2017.06.07-02.49.27:725][  5]LogCollectionManager: Rebuilt the object cache for 1 collections in 0.000009 seconds (found 0 objects)
[2017.06.07-02.49.27:725][  5]LogCollectionManager: Fixed up redirectors for 1 collections in 0.000038 seconds (updated 0 objects)
[2017.06.07-02.49.27:725][  5]LogBlueprintUserMessages: Early PlayInEditor Detection: Level '/Game/FirstPersonBP/Maps/FirstPersonExampleMap.FirstPersonExampleMap:PersistentLevel' has LevelScriptBlueprint '/Game/FirstPersonBP/Maps/FirstPersonExampleMap.FirstPersonExampleMap:PersistentLevel.FirstPersonExampleMap' with GeneratedClass '/Game/FirstPersonBP/Maps/FirstPersonExampleMap.FirstPersonExampleMap_C' with ClassGeneratedBy '/Game/FirstPersonBP/Maps/FirstPersonExampleMap.FirstPersonExampleMap:PersistentLevel.FirstPersonExampleMap'
[2017.06.07-02.49.27:725][  5]LogPlayLevel: PlayLevel: No blueprints needed recompiling
[2017.06.07-02.49.27:726][  5]PIE: New page: PIE session: FirstPersonExampleMap (Jun 6, 2017, 12:49:27 PM)
[2017.06.07-02.49.27:726][  5]LogPlayLevel: Creating play world package: /Game/FirstPersonBP/Maps/UEDPIE_0_FirstPersonExampleMap
[2017.06.07-02.49.27:728][  5]LogPlayLevel: PIE: StaticDuplicateObject took: (0.002224s)
[2017.06.07-02.49.27:729][  5]LogAIModule: Creating AISystem for world FirstPersonExampleMap
[2017.06.07-02.49.27:729][  5]LogPlayLevel: PIE: World Init took: (0.000699s)
[2017.06.07-02.49.27:729][  5]LogPlayLevel: PIE: Created PIE world by copying editor world from /Game/FirstPersonBP/Maps/FirstPersonExampleMap.FirstPersonExampleMap to /Game/FirstPersonBP/Maps/UEDPIE_0_FirstPersonExampleMap.FirstPersonExampleMap (0.003142s)
[2017.06.07-02.49.27:771][  5]LogInit: XAudio2 using 'HDMI To VGA-8 (2- NVIDIA High Definition Audio)' : 2 channels at 48 kHz using 16 bits per sample (channel mask 0x3)
[2017.06.07-02.49.27:779][  5]LogInit: FAudioDevice initialized.
[2017.06.07-02.49.27:864][  5]LogLoad: Game class is 'FirstPersonGameMode_C'
[2017.06.07-02.49.27:869][  5]LogWorld: Bringing World /Game/FirstPersonBP/Maps/UEDPIE_0_FirstPersonExampleMap.FirstPersonExampleMap up for play (max tick rate 0) at 2017.06.06-19.49.27
[2017.06.07-02.49.27:870][  5]LogWorld: Bringing up level for play took: 0.003662
[2017.06.07-02.49.27:929][  5]LogContentBrowser: Native class hierarchy updated for 'MovieSceneCapture' in 0.0006 seconds. Added 11 classes and 0 folders.
[2017.06.07-02.49.27:929][  5]LogGameMode:Display: Match State Changed from EnteringMap to WaitingToStart
[2017.06.07-02.49.27:929][  5]LogGameState: Match State Changed from EnteringMap to WaitingToStart
[2017.06.07-02.49.27:929][  5]LogGameMode:Display: Match State Changed from WaitingToStart to InProgress
[2017.06.07-02.49.27:932][  5]PIE:Warning: Warning The widget 'BasementLayout_C' was already added to the screen.
[2017.06.07-02.49.27:932][  5]PIE:Warning: Warning The widget 'MainFloorLayout_C' was already added to the screen.
[2017.06.07-02.49.27:932][  5]PIE:Warning: Warning The widget '2ndfloorlaylout_C' was already added to the screen.
[2017.06.07-02.49.27:933][  5]PIE:Warning: Warning The widget '3rdFloorLayout_C' was already added to the screen.
[2017.06.07-02.49.27:933][  5]LogGameState: Match State Changed from WaitingToStart to InProgress
[2017.06.07-02.49.27:937][  5]PIE: Info Play in editor start time for /Game/FirstPersonBP/Maps/UEDPIE_0_FirstPersonExampleMap 0.459
[2017.06.07-02.49.27:938][  5]LogBlueprintUserMessages: Late PlayInEditor Detection: Level '/Game/FirstPersonBP/Maps/FirstPersonExampleMap.FirstPersonExampleMap:PersistentLevel' has LevelScriptBlueprint '/Game/FirstPersonBP/Maps/FirstPersonExampleMap.FirstPersonExampleMap:PersistentLevel.FirstPersonExampleMap' with GeneratedClass '/Game/FirstPersonBP/Maps/FirstPersonExampleMap.FirstPersonExampleMap_C' with ClassGeneratedBy '/Game/FirstPersonBP/Maps/FirstPersonExampleMap.FirstPersonExampleMap:PersistentLevel.FirstPersonExampleMap'
[2017.06.07-02.49.27:991][  5]LogRenderer: Reallocating scene render targets to support 1292x756 NumSamples 1 (Frame:4).
[2017.06.07-02.50.47:871][430]LogGameMode:Display: Match State Changed from InProgress to LeavingMap
[2017.06.07-02.50.47:871][430]LogGameState: Match State Changed from InProgress to LeavingMap
[2017.06.07-02.50.47:872][430]LogNet: Browse: /Game/Levels/Second-Floor
[2017.06.07-02.50.47:872][430]LogLoad: LoadMap: /Game/Levels/Second-Floor
[2017.06.07-02.50.47:886][430]Cmd: MEM
[2017.06.07-02.50.47:895][430]LogMemory: Platform Memory Stats for Windows
[2017.06.07-02.50.47:895][430]LogMemory: Process Physical Memory: 1123.25 MB used, 1176.77 MB peak
[2017.06.07-02.50.47:895][430]LogMemory: Process Virtual Memory: 1388.40 MB used, 1570.05 MB peak
[2017.06.07-02.50.47:895][430]LogMemory: Physical Memory: 5722.97 MB used,  10621.98 MB free, 16344.95 MB total
[2017.06.07-02.50.47:895][430]LogMemory: Virtual Memory: 2212.82 MB used,  10621.98 MB free, 134217728.00 MB total
[2017.06.07-02.50.47:895][430]LogMemory: 
[2017.06.07-02.50.47:895][430]Allocator Stats for TBB: (not implemented)
[2017.06.07-02.50.52:138][430]LogAIModule: Creating AISystem for world Second-Floor
[2017.06.07-02.50.52:139][430]LogLoad: Game class is 'FirstPersonGameMode_C'
[2017.06.07-02.50.52:220][430]LogWorld: Bringing World /Game/Levels/UEDPIE_0_Second-Floor.Second-Floor up for play (max tick rate 0) at 2017.06.06-19.50.52
[2017.06.07-02.50.52:224][430]LogWorld: Bringing up level for play took: 0.084367
[2017.06.07-02.50.52:225][430]LogGameMode: FindPlayerStart: PATHS NOT DEFINED or NO PLAYERSTART with positive rating
[2017.06.07-02.50.52:225][430]LogGameMode:Display: Match State Changed from EnteringMap to WaitingToStart
[2017.06.07-02.50.52:225][430]LogGameState: Match State Changed from EnteringMap to WaitingToStart
[2017.06.07-02.50.52:225][430]LogGameMode:Display: Match State Changed from WaitingToStart to InProgress
[2017.06.07-02.50.52:228][430]PIE:Warning: Warning The widget 'BasementLayout_C' was already added to the screen.
[2017.06.07-02.50.52:228][430]PIE:Warning: Warning The widget 'MainFloorLayout_C' was already added to the screen.
[2017.06.07-02.50.52:228][430]PIE:Warning: Warning The widget '2ndfloorlaylout_C' was already added to the screen.
[2017.06.07-02.50.52:228][430]PIE:Warning: Warning The widget '3rdFloorLayout_C' was already added to the screen.
[2017.06.07-02.50.52:274][430]LogGameState: Match State Changed from WaitingToStart to InProgress
[2017.06.07-02.50.52:274][430]LogLoad: Took 4.402412 seconds to LoadMap(/Game/Levels/Second-Floor)
[2017.06.07-02.50.54:927][531]LogRenderer: Reallocating scene render targets to support 1920x1016 NumSamples 1 (Frame:3534).
[2017.06.07-02.51.04:407][ 82]LogScript:Warning: Accessed None trying to read property GameHUDReference
	FirstPersonCharacter_C /Game/Levels/UEDPIE_0_Second-Floor.Second-Floor:PersistentLevel.FirstPersonCharacter_C_1
	Function /Game/FirstPersonBP/Blueprints/FirstPersonCharacter.FirstPersonCharacter_C:ExecuteUbergraph_FirstPersonCharacter:0DD4
[2017.06.07-02.51.04:408][ 82]PIE:Error: Error Blueprint Runtime Error: Accessed None trying to read property GameHUDReference from function: 'ExecuteUbergraph_FirstPersonCharacter' from node: Branch in graph: EventGraph in object: FirstPersonCharacter with description: Accessed None trying to read property GameHUDReference
[2017.06.07-02.51.04:408][ 82]LogScript:Warning: Accessed None
	FirstPersonCharacter_C /Game/Levels/UEDPIE_0_Second-Floor.Second-Floor:PersistentLevel.FirstPersonCharacter_C_1
	Function /Game/FirstPersonBP/Blueprints/FirstPersonCharacter.FirstPersonCharacter_C:ExecuteUbergraph_FirstPersonCharacter:0DB5
[2017.06.07-02.51.04:408][ 82]PIE:Error: Error Blueprint Runtime Error: Accessed None from function: 'ExecuteUbergraph_FirstPersonCharacter' from node: Branch in graph: EventGraph in object: FirstPersonCharacter with description: Accessed None
[2017.06.07-02.51.18:047][110]LogScript:Warning: Accessed None trying to read property GameHUDReference
	FirstPersonCharacter_C /Game/Levels/UEDPIE_0_Second-Floor.Second-Floor:PersistentLevel.FirstPersonCharacter_C_1
	Function /Game/FirstPersonBP/Blueprints/FirstPersonCharacter.FirstPersonCharacter_C:ExecuteUbergraph_FirstPersonCharacter:0DD4
[2017.06.07-02.51.18:048][110]PIE:Error: Error Blueprint Runtime Error: Accessed None trying to read property GameHUDReference from function: 'ExecuteUbergraph_FirstPersonCharacter' from node: Branch in graph: EventGraph in object: FirstPersonCharacter with description: Accessed None trying to read property GameHUDReference
[2017.06.07-02.51.18:048][110]LogScript:Warning: Accessed None
	FirstPersonCharacter_C /Game/Levels/UEDPIE_0_Second-Floor.Second-Floor:PersistentLevel.FirstPersonCharacter_C_1
	Function /Game/FirstPersonBP/Blueprints/FirstPersonCharacter.FirstPersonCharacter_C:ExecuteUbergraph_FirstPersonCharacter:0DB5
[2017.06.07-02.51.18:048][110]PIE:Error: Error Blueprint Runtime Error: Accessed None from function: 'ExecuteUbergraph_FirstPersonCharacter' from node: Branch in graph: EventGraph in object: FirstPersonCharacter with description: Accessed None
[2017.06.07-02.51.53:041][230]LogCharacterMovement: FirstPersonCharacter_C_1 is stuck and failed to move! Velocity: X=-36.50 Y=-0.82 Z=0.00 Location: X=-62.45 Y=-997.06 Z=283.15 Normal: X=0.57 Y=0.82 Z=-0.00 PenetrationDepth:10.261 Actor:Door_Room203 Component:Door BoneName:None (0 other events since notify)
[2017.06.07-02.51.54:154][295]LogCharacterMovement: FirstPersonCharacter_C_1 is stuck and failed to move! Velocity: X=-13.86 Y=-33.89 Z=0.00 Location: X=-62.73 Y=-997.12 Z=283.15 Normal: X=-0.91 Y=0.41 Z=-0.00 PenetrationDepth:50.411 Actor:Door_Room203 Component:Door BoneName:None (10 other events since notify)
[2017.06.07-02.51.55:286][364]LogCharacterMovement: FirstPersonCharacter_C_1 is stuck and failed to move! Velocity: X=9.34 Y=-32.59 Z=0.00 Location: X=-62.74 Y=-997.15 Z=283.15 Normal: X=-0.92 Y=0.40 Z=-0.00 PenetrationDepth:50.411 Actor:Door_Room203 Component:Door BoneName:None (34 other events since notify)
[2017.06.07-02.51.57:809][516]LogCharacterMovement: FirstPersonCharacter_C_1 is stuck and failed to move! Velocity: X=18.83 Y=4.93 Z=0.00 Location: X=-62.75 Y=-997.17 Z=283.15 Normal: X=-0.56 Y=0.83 Z=-0.00 PenetrationDepth:44.804 Actor:Door_Room203 Component:Door BoneName:None (38 other events since notify)
[2017.06.07-02.52.30:431][420]LogBlueprintUserMessages: Early EndPlayMap Detection: Level '/Game/FirstPersonBP/Maps/FirstPersonExampleMap.FirstPersonExampleMap:PersistentLevel' has LevelScriptBlueprint '/Game/FirstPersonBP/Maps/FirstPersonExampleMap.FirstPersonExampleMap:PersistentLevel.FirstPersonExampleMap' with GeneratedClass '/Game/FirstPersonBP/Maps/FirstPersonExampleMap.FirstPersonExampleMap_C' with ClassGeneratedBy '/Game/FirstPersonBP/Maps/FirstPersonExampleMap.FirstPersonExampleMap:PersistentLevel.FirstPersonExampleMap'
[2017.06.07-02.52.30:503][420]LogBlueprintUserMessages: Late EndPlayMap Detection: Level '/Game/FirstPersonBP/Maps/FirstPersonExampleMap.FirstPersonExampleMap:PersistentLevel' has LevelScriptBlueprint '/Game/FirstPersonBP/Maps/FirstPersonExampleMap.FirstPersonExampleMap:PersistentLevel.FirstPersonExampleMap' with GeneratedClass '/Game/FirstPersonBP/Maps/FirstPersonExampleMap.FirstPersonExampleMap_C' with ClassGeneratedBy '/Game/FirstPersonBP/Maps/FirstPersonExampleMap.FirstPersonExampleMap:PersistentLevel.FirstPersonExampleMap'
[2017.06.07-02.52.46:901][697]LogSlate: Took 0.000248 seconds to synchronously load lazily loaded font '../../../Engine/Content/Slate/Fonts/Roboto-Light.ttf' (159K)
[2017.06.07-02.52.47:415][697]LogContentBrowser: Native class hierarchy updated for 'BlueprintGraph' in 0.0010 seconds. Added 112 classes and 0 folders.
[2017.06.07-02.52.48:260][697]LogSlate: Took 0.000490 seconds to synchronously load lazily loaded font '../../../Engine/Content/Slate/Fonts/Roboto-Regular.ttf' (155K)
[2017.06.07-02.52.55:847][231]LogTemp: Repeting last play command: New Editor Window (PIE)
[2017.06.07-02.52.55:876][231]LogBlueprintUserMessages: Early PlayInEditor Detection: Level '/Game/FirstPersonBP/Maps/FirstPersonExampleMap.FirstPersonExampleMap:PersistentLevel' has LevelScriptBlueprint '/Game/FirstPersonBP/Maps/FirstPersonExampleMap.FirstPersonExampleMap:PersistentLevel.FirstPersonExampleMap' with GeneratedClass '/Game/FirstPersonBP/Maps/FirstPersonExampleMap.FirstPersonExampleMap_C' with ClassGeneratedBy '/Game/FirstPersonBP/Maps/FirstPersonExampleMap.FirstPersonExampleMap:PersistentLevel.FirstPersonExampleMap'
[2017.06.07-02.52.55:876][231]LogPlayLevel: PlayLevel: No blueprints needed recompiling
[2017.06.07-02.52.55:876][231]PIE: New page: PIE session: FirstPersonExampleMap (Jun 6, 2017, 12:52:55 PM)
[2017.06.07-02.52.55:878][231]LogPlayLevel: Creating play world package: /Game/FirstPersonBP/Maps/UEDPIE_0_FirstPersonExampleMap
[2017.06.07-02.52.55:880][231]LogPlayLevel: PIE: StaticDuplicateObject took: (0.002007s)
[2017.06.07-02.52.55:881][231]LogAIModule: Creating AISystem for world FirstPersonExampleMap
[2017.06.07-02.52.55:881][231]LogPlayLevel: PIE: World Init took: (0.000769s)
[2017.06.07-02.52.55:881][231]LogPlayLevel: PIE: Created PIE world by copying editor world from /Game/FirstPersonBP/Maps/FirstPersonExampleMap.FirstPersonExampleMap to /Game/FirstPersonBP/Maps/UEDPIE_0_FirstPersonExampleMap.FirstPersonExampleMap (0.003114s)
[2017.06.07-02.52.55:917][231]LogInit: XAudio2 using 'HDMI To VGA-8 (2- NVIDIA High Definition Audio)' : 2 channels at 48 kHz using 16 bits per sample (channel mask 0x3)
[2017.06.07-02.52.55:925][231]LogInit: FAudioDevice initialized.
[2017.06.07-02.52.55:976][231]LogLoad: Game class is 'FirstPersonGameMode_C'
[2017.06.07-02.52.55:978][231]LogWorld: Bringing World /Game/FirstPersonBP/Maps/UEDPIE_0_FirstPersonExampleMap.FirstPersonExampleMap up for play (max tick rate 0) at 2017.06.06-19.52.55
[2017.06.07-02.52.55:978][231]LogWorld: Bringing up level for play took: 0.001814
[2017.06.07-02.52.55:979][231]LogGameMode:Display: Match State Changed from EnteringMap to WaitingToStart
[2017.06.07-02.52.55:979][231]LogGameState: Match State Changed from EnteringMap to WaitingToStart
[2017.06.07-02.52.55:979][231]LogGameMode:Display: Match State Changed from WaitingToStart to InProgress
[2017.06.07-02.52.55:982][231]PIE:Warning: Warning The widget 'BasementLayout_C' was already added to the screen.
[2017.06.07-02.52.55:982][231]PIE:Warning: Warning The widget 'MainFloorLayout_C' was already added to the screen.
[2017.06.07-02.52.55:982][231]PIE:Warning: Warning The widget '2ndfloorlaylout_C' was already added to the screen.
[2017.06.07-02.52.55:982][231]PIE:Warning: Warning The widget '3rdFloorLayout_C' was already added to the screen.
[2017.06.07-02.52.55:983][231]LogGameState: Match State Changed from WaitingToStart to InProgress
[2017.06.07-02.52.55:988][231]PIE: Info Play in editor start time for /Game/FirstPersonBP/Maps/UEDPIE_0_FirstPersonExampleMap 0.51
[2017.06.07-02.52.55:989][231]LogBlueprintUserMessages: Late PlayInEditor Detection: Level '/Game/FirstPersonBP/Maps/FirstPersonExampleMap.FirstPersonExampleMap:PersistentLevel' has LevelScriptBlueprint '/Game/FirstPersonBP/Maps/FirstPersonExampleMap.FirstPersonExampleMap:PersistentLevel.FirstPersonExampleMap' with GeneratedClass '/Game/FirstPersonBP/Maps/FirstPersonExampleMap.FirstPersonExampleMap_C' with ClassGeneratedBy '/Game/FirstPersonBP/Maps/FirstPersonExampleMap.FirstPersonExampleMap:PersistentLevel.FirstPersonExampleMap'
[2017.06.07-02.52.56:875][288]LogGameMode:Display: Match State Changed from InProgress to LeavingMap
[2017.06.07-02.52.56:875][288]LogGameState: Match State Changed from InProgress to LeavingMap
[2017.06.07-02.52.56:875][288]LogNet: Browse: /Game/Levels/Second-Floor
[2017.06.07-02.52.56:875][288]LogLoad: LoadMap: /Game/Levels/Second-Floor
[2017.06.07-02.52.56:894][288]Cmd: MEM
[2017.06.07-02.52.56:911][288]LogMemory: Platform Memory Stats for Windows
[2017.06.07-02.52.56:911][288]LogMemory: Process Physical Memory: 2461.21 MB used, 2464.11 MB peak
[2017.06.07-02.52.56:911][288]LogMemory: Process Virtual Memory: 3726.14 MB used, 3726.14 MB peak
[2017.06.07-02.52.56:911][288]LogMemory: Physical Memory: 7041.74 MB used,  9303.21 MB free, 16344.95 MB total
[2017.06.07-02.52.56:911][288]LogMemory: Virtual Memory: 4634.89 MB used,  9303.21 MB free, 134217728.00 MB total
[2017.06.07-02.52.56:911][288]LogMemory: 
[2017.06.07-02.52.56:911][288]Allocator Stats for TBB: (not implemented)
[2017.06.07-02.52.58:040][288]LogAIModule: Creating AISystem for world Second-Floor
[2017.06.07-02.52.58:040][288]LogLoad: Game class is 'FirstPersonGameMode_C'
[2017.06.07-02.52.58:136][288]LogWorld: Bringing World /Game/Levels/UEDPIE_0_Second-Floor.Second-Floor up for play (max tick rate 0) at 2017.06.06-19.52.58
[2017.06.07-02.52.58:140][288]LogWorld: Bringing up level for play took: 0.097127
[2017.06.07-02.52.58:140][288]LogGameMode: FindPlayerStart: PATHS NOT DEFINED or NO PLAYERSTART with positive rating
[2017.06.07-02.52.58:141][288]LogGameMode:Display: Match State Changed from EnteringMap to WaitingToStart
[2017.06.07-02.52.58:141][288]LogGameState: Match State Changed from EnteringMap to WaitingToStart
[2017.06.07-02.52.58:141][288]LogGameMode:Display: Match State Changed from WaitingToStart to InProgress
[2017.06.07-02.52.58:143][288]PIE:Warning: Warning The widget 'BasementLayout_C' was already added to the screen.
[2017.06.07-02.52.58:143][288]PIE:Warning: Warning The widget 'MainFloorLayout_C' was already added to the screen.
[2017.06.07-02.52.58:144][288]PIE:Warning: Warning The widget '2ndfloorlaylout_C' was already added to the screen.
[2017.06.07-02.52.58:144][288]PIE:Warning: Warning The widget '3rdFloorLayout_C' was already added to the screen.
[2017.06.07-02.52.58:207][288]LogGameState: Match State Changed from WaitingToStart to InProgress
[2017.06.07-02.52.58:207][288]LogLoad: Took 1.331143 seconds to LoadMap(/Game/Levels/Second-Floor)
[2017.06.07-02.53.25:931][885]LogScript:Warning: Accessed None trying to read property GameHUDReference
	FirstPersonCharacter_C /Game/Levels/UEDPIE_0_Second-Floor.Second-Floor:PersistentLevel.FirstPersonCharacter_C_1
	Function /Game/FirstPersonBP/Blueprints/FirstPersonCharacter.FirstPersonCharacter_C:ExecuteUbergraph_FirstPersonCharacter:0DD4
[2017.06.07-02.53.25:931][885]PIE:Error: Error Blueprint Runtime Error: Accessed None trying to read property GameHUDReference from function: 'ExecuteUbergraph_FirstPersonCharacter' from node: Branch in graph: EventGraph in object: FirstPersonCharacter with description: Accessed None trying to read property GameHUDReference
[2017.06.07-02.53.25:931][885]LogScript:Warning: Accessed None
	FirstPersonCharacter_C /Game/Levels/UEDPIE_0_Second-Floor.Second-Floor:PersistentLevel.FirstPersonCharacter_C_1
	Function /Game/FirstPersonBP/Blueprints/FirstPersonCharacter.FirstPersonCharacter_C:ExecuteUbergraph_FirstPersonCharacter:0DB5
[2017.06.07-02.53.25:931][885]PIE:Error: Error Blueprint Runtime Error: Accessed None from function: 'ExecuteUbergraph_FirstPersonCharacter' from node: Branch in graph: EventGraph in object: FirstPersonCharacter with description: Accessed None
[2017.06.07-02.53.47:449][834]LogScript:Warning: Accessed None trying to read property GameHUDReference
	FirstPersonCharacter_C /Game/Levels/UEDPIE_0_Second-Floor.Second-Floor:PersistentLevel.FirstPersonCharacter_C_1
	Function /Game/FirstPersonBP/Blueprints/FirstPersonCharacter.FirstPersonCharacter_C:ExecuteUbergraph_FirstPersonCharacter:0DD4
[2017.06.07-02.53.47:449][834]PIE:Error: Error Blueprint Runtime Error: Accessed None trying to read property GameHUDReference from function: 'ExecuteUbergraph_FirstPersonCharacter' from node: Branch in graph: EventGraph in object: FirstPersonCharacter with description: Accessed None trying to read property GameHUDReference
[2017.06.07-02.53.47:449][834]LogScript:Warning: Accessed None
	FirstPersonCharacter_C /Game/Levels/UEDPIE_0_Second-Floor.Second-Floor:PersistentLevel.FirstPersonCharacter_C_1
	Function /Game/FirstPersonBP/Blueprints/FirstPersonCharacter.FirstPersonCharacter_C:ExecuteUbergraph_FirstPersonCharacter:0DB5
[2017.06.07-02.53.47:449][834]PIE:Error: Error Blueprint Runtime Error: Accessed None from function: 'ExecuteUbergraph_FirstPersonCharacter' from node: Branch in graph: EventGraph in object: FirstPersonCharacter with description: Accessed None
[2017.06.07-02.53.48:155][867]LogScript:Warning: Accessed None trying to read property GameHUDReference
	FirstPersonCharacter_C /Game/Levels/UEDPIE_0_Second-Floor.Second-Floor:PersistentLevel.FirstPersonCharacter_C_1
	Function /Game/FirstPersonBP/Blueprints/FirstPersonCharacter.FirstPersonCharacter_C:ExecuteUbergraph_FirstPersonCharacter:0DD4
[2017.06.07-02.53.48:155][867]PIE:Error: Error Blueprint Runtime Error: Accessed None trying to read property GameHUDReference from function: 'ExecuteUbergraph_FirstPersonCharacter' from node: Branch in graph: EventGraph in object: FirstPersonCharacter with description: Accessed None trying to read property GameHUDReference
[2017.06.07-02.53.48:155][867]LogScript:Warning: Accessed None
	FirstPersonCharacter_C /Game/Levels/UEDPIE_0_Second-Floor.Second-Floor:PersistentLevel.FirstPersonCharacter_C_1
	Function /Game/FirstPersonBP/Blueprints/FirstPersonCharacter.FirstPersonCharacter_C:ExecuteUbergraph_FirstPersonCharacter:0DB5
[2017.06.07-02.53.48:155][867]PIE:Error: Error Blueprint Runtime Error: Accessed None from function: 'ExecuteUbergraph_FirstPersonCharacter' from node: Branch in graph: EventGraph in object: FirstPersonCharacter with description: Accessed None
[2017.06.07-02.55.39:024][927]LogScript:Warning: Accessed None trying to read property GameHUDReference
	FirstPersonCharacter_C /Game/Levels/UEDPIE_0_Second-Floor.Second-Floor:PersistentLevel.FirstPersonCharacter_C_1
	Function /Game/FirstPersonBP/Blueprints/FirstPersonCharacter.FirstPersonCharacter_C:ExecuteUbergraph_FirstPersonCharacter:0DD4
[2017.06.07-02.55.39:024][927]PIE:Error: Error Blueprint Runtime Error: Accessed None trying to read property GameHUDReference from function: 'ExecuteUbergraph_FirstPersonCharacter' from node: Branch in graph: EventGraph in object: FirstPersonCharacter with description: Accessed None trying to read property GameHUDReference
[2017.06.07-02.55.39:024][927]LogScript:Warning: Accessed None
	FirstPersonCharacter_C /Game/Levels/UEDPIE_0_Second-Floor.Second-Floor:PersistentLevel.FirstPersonCharacter_C_1
	Function /Game/FirstPersonBP/Blueprints/FirstPersonCharacter.FirstPersonCharacter_C:ExecuteUbergraph_FirstPersonCharacter:0DB5
[2017.06.07-02.55.39:024][927]PIE:Error: Error Blueprint Runtime Error: Accessed None from function: 'ExecuteUbergraph_FirstPersonCharacter' from node: Branch in graph: EventGraph in object: FirstPersonCharacter with description: Accessed None
[2017.06.07-02.55.39:691][953]LogScript:Warning: Accessed None trying to read property GameHUDReference
	FirstPersonCharacter_C /Game/Levels/UEDPIE_0_Second-Floor.Second-Floor:PersistentLevel.FirstPersonCharacter_C_1
	Function /Game/FirstPersonBP/Blueprints/FirstPersonCharacter.FirstPersonCharacter_C:ExecuteUbergraph_FirstPersonCharacter:0DD4
[2017.06.07-02.55.39:691][953]PIE:Error: Error Blueprint Runtime Error: Accessed None trying to read property GameHUDReference from function: 'ExecuteUbergraph_FirstPersonCharacter' from node: Branch in graph: EventGraph in object: FirstPersonCharacter with description: Accessed None trying to read property GameHUDReference
[2017.06.07-02.55.39:691][953]LogScript:Warning: Accessed None
	FirstPersonCharacter_C /Game/Levels/UEDPIE_0_Second-Floor.Second-Floor:PersistentLevel.FirstPersonCharacter_C_1
	Function /Game/FirstPersonBP/Blueprints/FirstPersonCharacter.FirstPersonCharacter_C:ExecuteUbergraph_FirstPersonCharacter:0DB5
[2017.06.07-02.55.39:691][953]PIE:Error: Error Blueprint Runtime Error: Accessed None from function: 'ExecuteUbergraph_FirstPersonCharacter' from node: Branch in graph: EventGraph in object: FirstPersonCharacter with description: Accessed None
[2017.06.07-02.56.52:104][210]LogGameMode:Display: Match State Changed from InProgress to LeavingMap
[2017.06.07-02.56.52:104][210]LogGameState: Match State Changed from InProgress to LeavingMap
[2017.06.07-02.56.52:105][210]LogNet: Browse: /Game/Levels/First-Floor
[2017.06.07-02.56.52:105][210]LogLoad: LoadMap: /Game/Levels/First-Floor
[2017.06.07-02.56.52:157][210]Cmd: MEM
[2017.06.07-02.56.52:175][210]LogMemory: Platform Memory Stats for Windows
[2017.06.07-02.56.52:175][210]LogMemory: Process Physical Memory: 2654.61 MB used, 2782.77 MB peak
[2017.06.07-02.56.52:175][210]LogMemory: Process Virtual Memory: 3927.65 MB used, 4238.60 MB peak
[2017.06.07-02.56.52:175][210]LogMemory: Physical Memory: 7219.47 MB used,  9125.48 MB free, 16344.95 MB total
[2017.06.07-02.56.52:175][210]LogMemory: Virtual Memory: 5261.89 MB used,  9125.48 MB free, 134217728.00 MB total
[2017.06.07-02.56.52:175][210]LogMemory: 
[2017.06.07-02.56.52:175][210]Allocator Stats for TBB: (not implemented)
[2017.06.07-02.56.59:040][210]LogAIModule: Creating AISystem for world First-Floor
[2017.06.07-02.56.59:040][210]LogLoad: Game class is 'FirstPersonGameMode_C'
[2017.06.07-02.56.59:086][210]LogWorld: Bringing World /Game/Levels/UEDPIE_0_First-Floor.First-Floor up for play (max tick rate 0) at 2017.06.06-19.56.59
[2017.06.07-02.56.59:087][210]LogWorld: Bringing up level for play took: 0.044012
[2017.06.07-02.56.59:087][210]LogGameMode:Display: Match State Changed from EnteringMap to WaitingToStart
[2017.06.07-02.56.59:087][210]LogGameState: Match State Changed from EnteringMap to WaitingToStart
[2017.06.07-02.56.59:087][210]LogGameMode:Display: Match State Changed from WaitingToStart to InProgress
[2017.06.07-02.56.59:091][210]PIE:Warning: Warning The widget 'BasementLayout_C' was already added to the screen.
[2017.06.07-02.56.59:092][210]PIE:Warning: Warning The widget 'MainFloorLayout_C' was already added to the screen.
[2017.06.07-02.56.59:092][210]PIE:Warning: Warning The widget '2ndfloorlaylout_C' was already added to the screen.
[2017.06.07-02.56.59:092][210]PIE:Warning: Warning The widget '3rdFloorLayout_C' was already added to the screen.
[2017.06.07-02.56.59:122][210]LogGameState: Match State Changed from WaitingToStart to InProgress
[2017.06.07-02.56.59:122][210]LogLoad: Took 7.017320 seconds to LoadMap(/Game/Levels/First-Floor)
[2017.06.07-02.57.27:068][ 38]LogScript:Warning: Accessed None trying to read property GameHUDReference
	FirstPersonCharacter_C /Game/Levels/UEDPIE_0_First-Floor.First-Floor:PersistentLevel.FirstPersonCharacter_C_0
	Function /Game/FirstPersonBP/Blueprints/FirstPersonCharacter.FirstPersonCharacter_C:ExecuteUbergraph_FirstPersonCharacter:0DD4
[2017.06.07-02.57.27:069][ 38]PIE:Error: Error Blueprint Runtime Error: Accessed None trying to read property GameHUDReference from function: 'ExecuteUbergraph_FirstPersonCharacter' from node: Branch in graph: EventGraph in object: FirstPersonCharacter with description: Accessed None trying to read property GameHUDReference
[2017.06.07-02.57.27:069][ 38]LogScript:Warning: Accessed None
	FirstPersonCharacter_C /Game/Levels/UEDPIE_0_First-Floor.First-Floor:PersistentLevel.FirstPersonCharacter_C_0
	Function /Game/FirstPersonBP/Blueprints/FirstPersonCharacter.FirstPersonCharacter_C:ExecuteUbergraph_FirstPersonCharacter:0DB5
[2017.06.07-02.57.27:069][ 38]PIE:Error: Error Blueprint Runtime Error: Accessed None from function: 'ExecuteUbergraph_FirstPersonCharacter' from node: Branch in graph: EventGraph in object: FirstPersonCharacter with description: Accessed None
[2017.06.07-02.57.27:930][102]LogScript:Warning: Accessed None trying to read property GameHUDReference
	FirstPersonCharacter_C /Game/Levels/UEDPIE_0_First-Floor.First-Floor:PersistentLevel.FirstPersonCharacter_C_0
	Function /Game/FirstPersonBP/Blueprints/FirstPersonCharacter.FirstPersonCharacter_C:ExecuteUbergraph_FirstPersonCharacter:0DD4
[2017.06.07-02.57.27:931][102]PIE:Error: Error Blueprint Runtime Error: Accessed None trying to read property GameHUDReference from function: 'ExecuteUbergraph_FirstPersonCharacter' from node: Branch in graph: EventGraph in object: FirstPersonCharacter with description: Accessed None trying to read property GameHUDReference
[2017.06.07-02.57.27:931][102]LogScript:Warning: Accessed None
	FirstPersonCharacter_C /Game/Levels/UEDPIE_0_First-Floor.First-Floor:PersistentLevel.FirstPersonCharacter_C_0
	Function /Game/FirstPersonBP/Blueprints/FirstPersonCharacter.FirstPersonCharacter_C:ExecuteUbergraph_FirstPersonCharacter:0DB5
[2017.06.07-02.57.27:931][102]PIE:Error: Error Blueprint Runtime Error: Accessed None from function: 'ExecuteUbergraph_FirstPersonCharacter' from node: Branch in graph: EventGraph in object: FirstPersonCharacter with description: Accessed None
[2017.06.07-02.57.42:957][192]LogScript:Warning: Accessed None trying to read property GameHUDReference
	FirstPersonCharacter_C /Game/Levels/UEDPIE_0_First-Floor.First-Floor:PersistentLevel.FirstPersonCharacter_C_0
	Function /Game/FirstPersonBP/Blueprints/FirstPersonCharacter.FirstPersonCharacter_C:ExecuteUbergraph_FirstPersonCharacter:0DD4
[2017.06.07-02.57.42:957][192]PIE:Error: Error Blueprint Runtime Error: Accessed None trying to read property GameHUDReference from function: 'ExecuteUbergraph_FirstPersonCharacter' from node: Branch in graph: EventGraph in object: FirstPersonCharacter with description: Accessed None trying to read property GameHUDReference
[2017.06.07-02.57.42:957][192]LogScript:Warning: Accessed None
	FirstPersonCharacter_C /Game/Levels/UEDPIE_0_First-Floor.First-Floor:PersistentLevel.FirstPersonCharacter_C_0
	Function /Game/FirstPersonBP/Blueprints/FirstPersonCharacter.FirstPersonCharacter_C:ExecuteUbergraph_FirstPersonCharacter:0DB5
[2017.06.07-02.57.42:957][192]PIE:Error: Error Blueprint Runtime Error: Accessed None from function: 'ExecuteUbergraph_FirstPersonCharacter' from node: Branch in graph: EventGraph in object: FirstPersonCharacter with description: Accessed None
[2017.06.07-02.57.47:976][552]LogScript:Warning: Accessed None trying to read property GameHUDReference
	FirstPersonCharacter_C /Game/Levels/UEDPIE_0_First-Floor.First-Floor:PersistentLevel.FirstPersonCharacter_C_0
	Function /Game/FirstPersonBP/Blueprints/FirstPersonCharacter.FirstPersonCharacter_C:ExecuteUbergraph_FirstPersonCharacter:0DD4
[2017.06.07-02.57.47:976][552]PIE:Error: Error Blueprint Runtime Error: Accessed None trying to read property GameHUDReference from function: 'ExecuteUbergraph_FirstPersonCharacter' from node: Branch in graph: EventGraph in object: FirstPersonCharacter with description: Accessed None trying to read property GameHUDReference
[2017.06.07-02.57.47:976][552]LogScript:Warning: Accessed None
	FirstPersonCharacter_C /Game/Levels/UEDPIE_0_First-Floor.First-Floor:PersistentLevel.FirstPersonCharacter_C_0
	Function /Game/FirstPersonBP/Blueprints/FirstPersonCharacter.FirstPersonCharacter_C:ExecuteUbergraph_FirstPersonCharacter:0DB5
[2017.06.07-02.57.47:976][552]PIE:Error: Error Blueprint Runtime Error: Accessed None from function: 'ExecuteUbergraph_FirstPersonCharacter' from node: Branch in graph: EventGraph in object: FirstPersonCharacter with description: Accessed None
[2017.06.07-02.57.48:704][604]LogScript:Warning: Accessed None trying to read property GameHUDReference
	FirstPersonCharacter_C /Game/Levels/UEDPIE_0_First-Floor.First-Floor:PersistentLevel.FirstPersonCharacter_C_0
	Function /Game/FirstPersonBP/Blueprints/FirstPersonCharacter.FirstPersonCharacter_C:ExecuteUbergraph_FirstPersonCharacter:0DD4
[2017.06.07-02.57.48:705][604]PIE:Error: Error Blueprint Runtime Error: Accessed None trying to read property GameHUDReference from function: 'ExecuteUbergraph_FirstPersonCharacter' from node: Branch in graph: EventGraph in object: FirstPersonCharacter with description: Accessed None trying to read property GameHUDReference
[2017.06.07-02.57.48:705][604]LogScript:Warning: Accessed None
	FirstPersonCharacter_C /Game/Levels/UEDPIE_0_First-Floor.First-Floor:PersistentLevel.FirstPersonCharacter_C_0
	Function /Game/FirstPersonBP/Blueprints/FirstPersonCharacter.FirstPersonCharacter_C:ExecuteUbergraph_FirstPersonCharacter:0DB5
[2017.06.07-02.57.48:705][604]PIE:Error: Error Blueprint Runtime Error: Accessed None from function: 'ExecuteUbergraph_FirstPersonCharacter' from node: Branch in graph: EventGraph in object: FirstPersonCharacter with description: Accessed None
[2017.06.07-02.58.55:556][405]LogGameMode:Display: Match State Changed from InProgress to LeavingMap
[2017.06.07-02.58.55:556][405]LogGameState: Match State Changed from InProgress to LeavingMap
[2017.06.07-02.58.55:557][405]LogNet: Browse: /Game/FirstPersonBP/Maps/GameOver
[2017.06.07-02.58.55:557][405]LogLoad: LoadMap: /Game/FirstPersonBP/Maps/GameOver
[2017.06.07-02.58.55:585][405]Cmd: MEM
[2017.06.07-02.58.55:605][405]LogMemory: Platform Memory Stats for Windows
[2017.06.07-02.58.55:605][405]LogMemory: Process Physical Memory: 2819.52 MB used, 2878.93 MB peak
[2017.06.07-02.58.55:605][405]LogMemory: Process Virtual Memory: 4163.03 MB used, 4267.64 MB peak
[2017.06.07-02.58.55:605][405]LogMemory: Physical Memory: 7375.11 MB used,  8969.84 MB free, 16344.95 MB total
[2017.06.07-02.58.55:605][405]LogMemory: Virtual Memory: 5331.51 MB used,  8969.84 MB free, 134217728.00 MB total
[2017.06.07-02.58.55:605][405]LogMemory: 
[2017.06.07-02.58.55:605][405]Allocator Stats for TBB: (not implemented)
[2017.06.07-02.58.56:948][405]LogAIModule: Creating AISystem for world GameOver
[2017.06.07-02.58.56:948][405]LogLoad: Game class is 'FirstPersonGameMode_C'
[2017.06.07-02.58.56:953][405]LogWorld: Bringing World /Game/FirstPersonBP/Maps/UEDPIE_0_GameOver.GameOver up for play (max tick rate 0) at 2017.06.06-19.58.56
[2017.06.07-02.58.56:953][405]LogWorld: Bringing up level for play took: 0.003713
[2017.06.07-02.58.56:953][405]LogGameMode: FindPlayerStart: PATHS NOT DEFINED or NO PLAYERSTART with positive rating
[2017.06.07-02.58.56:954][405]LogGameMode:Display: Match State Changed from EnteringMap to WaitingToStart
[2017.06.07-02.58.56:954][405]LogGameState: Match State Changed from EnteringMap to WaitingToStart
[2017.06.07-02.58.56:954][405]LogGameMode:Display: Match State Changed from WaitingToStart to InProgress
[2017.06.07-02.58.56:956][405]PIE:Warning: Warning The widget 'BasementLayout_C' was already added to the screen.
[2017.06.07-02.58.56:956][405]PIE:Warning: Warning The widget 'MainFloorLayout_C' was already added to the screen.
[2017.06.07-02.58.56:957][405]PIE:Warning: Warning The widget '2ndfloorlaylout_C' was already added to the screen.
[2017.06.07-02.58.56:957][405]PIE:Warning: Warning The widget '3rdFloorLayout_C' was already added to the screen.
[2017.06.07-02.58.56:957][405]LogGameState: Match State Changed from WaitingToStart to InProgress
[2017.06.07-02.58.56:957][405]LogLoad: Took 1.400114 seconds to LoadMap(/Game/FirstPersonBP/Maps/GameOver)
[2017.06.07-02.59.07:211][200]LogScript:Warning: Accessed None trying to read property GameHUDReference
	FirstPersonCharacter_C /Game/FirstPersonBP/Maps/UEDPIE_0_GameOver.GameOver:PersistentLevel.FirstPersonCharacter_C_1
	Function /Game/FirstPersonBP/Blueprints/FirstPersonCharacter.FirstPersonCharacter_C:ExecuteUbergraph_FirstPersonCharacter:0DD4
[2017.06.07-02.59.07:211][200]PIE:Error: Error Blueprint Runtime Error: Accessed None trying to read property GameHUDReference from function: 'ExecuteUbergraph_FirstPersonCharacter' from node: Branch in graph: EventGraph in object: FirstPersonCharacter with description: Accessed None trying to read property GameHUDReference
[2017.06.07-02.59.07:211][200]LogScript:Warning: Accessed None
	FirstPersonCharacter_C /Game/FirstPersonBP/Maps/UEDPIE_0_GameOver.GameOver:PersistentLevel.FirstPersonCharacter_C_1
	Function /Game/FirstPersonBP/Blueprints/FirstPersonCharacter.FirstPersonCharacter_C:ExecuteUbergraph_FirstPersonCharacter:0DB5
[2017.06.07-02.59.07:211][200]PIE:Error: Error Blueprint Runtime Error: Accessed None from function: 'ExecuteUbergraph_FirstPersonCharacter' from node: Branch in graph: EventGraph in object: FirstPersonCharacter with description: Accessed None
[2017.06.07-03.00.06:866][867]LogGameMode:Display: Match State Changed from InProgress to LeavingMap
[2017.06.07-03.00.06:866][867]LogGameState: Match State Changed from InProgress to LeavingMap
[2017.06.07-03.00.06:867][867]LogNet: Browse: /Game/FirstPersonBP/Maps/FirstPersonExampleMap
[2017.06.07-03.00.06:867][867]LogLoad: LoadMap: /Game/FirstPersonBP/Maps/FirstPersonExampleMap
[2017.06.07-03.00.06:886][867]Cmd: MEM
[2017.06.07-03.00.06:904][867]LogMemory: Platform Memory Stats for Windows
[2017.06.07-03.00.06:904][867]LogMemory: Process Physical Memory: 2845.26 MB used, 2878.93 MB peak
[2017.06.07-03.00.06:904][867]LogMemory: Process Virtual Memory: 4222.79 MB used, 4431.33 MB peak
[2017.06.07-03.00.06:904][867]LogMemory: Physical Memory: 7409.86 MB used,  8935.09 MB free, 16344.95 MB total
[2017.06.07-03.00.06:904][867]LogMemory: Virtual Memory: 5388.07 MB used,  8935.09 MB free, 134217728.00 MB total
[2017.06.07-03.00.06:904][867]LogMemory: 
[2017.06.07-03.00.06:904][867]Allocator Stats for TBB: (not implemented)
[2017.06.07-03.00.06:904][867]LogPlayLevel: Creating play world package: /Game/FirstPersonBP/Maps/UEDPIE_0_FirstPersonExampleMap
[2017.06.07-03.00.06:907][867]LogPlayLevel: PIE: StaticDuplicateObject took: (0.001996s)
[2017.06.07-03.00.06:907][867]LogAIModule: Creating AISystem for world FirstPersonExampleMap
[2017.06.07-03.00.06:907][867]LogPlayLevel: PIE: World Init took: (0.000622s)
[2017.06.07-03.00.06:907][867]LogPlayLevel: PIE: Created PIE world by copying editor world from /Game/FirstPersonBP/Maps/FirstPersonExampleMap.FirstPersonExampleMap to /Game/FirstPersonBP/Maps/UEDPIE_0_FirstPersonExampleMap.FirstPersonExampleMap (0.002915s)
[2017.06.07-03.00.06:907][867]LogLoad: Game class is 'FirstPersonGameMode_C'
[2017.06.07-03.00.06:910][867]LogWorld: Bringing World /Game/FirstPersonBP/Maps/UEDPIE_0_FirstPersonExampleMap.FirstPersonExampleMap up for play (max tick rate 0) at 2017.06.06-20.00.06
[2017.06.07-03.00.06:911][867]LogWorld: Bringing up level for play took: 0.001911
[2017.06.07-03.00.06:911][867]LogGameMode: FindPlayerStart: PATHS NOT DEFINED or NO PLAYERSTART with positive rating
[2017.06.07-03.00.06:911][867]LogGameMode:Display: Match State Changed from EnteringMap to WaitingToStart
[2017.06.07-03.00.06:911][867]LogGameState: Match State Changed from EnteringMap to WaitingToStart
[2017.06.07-03.00.06:911][867]LogGameMode:Display: Match State Changed from WaitingToStart to InProgress
[2017.06.07-03.00.06:914][867]PIE:Warning: Warning The widget 'BasementLayout_C' was already added to the screen.
[2017.06.07-03.00.06:914][867]PIE:Warning: Warning The widget 'MainFloorLayout_C' was already added to the screen.
[2017.06.07-03.00.06:914][867]PIE:Warning: Warning The widget '2ndfloorlaylout_C' was already added to the screen.
[2017.06.07-03.00.06:914][867]PIE:Warning: Warning The widget '3rdFloorLayout_C' was already added to the screen.
[2017.06.07-03.00.06:915][867]LogGameState: Match State Changed from WaitingToStart to InProgress
[2017.06.07-03.00.06:915][867]LogLoad: Took 0.048249 seconds to LoadMap(/Game/FirstPersonBP/Maps/UEDPIE_0_FirstPersonExampleMap)
[2017.06.07-03.00.07:751][930]LogGameMode:Display: Match State Changed from InProgress to LeavingMap
[2017.06.07-03.00.07:751][930]LogGameState: Match State Changed from InProgress to LeavingMap
[2017.06.07-03.00.07:751][930]LogNet: Browse: /Game/Levels/Second-Floor
[2017.06.07-03.00.07:751][930]LogLoad: LoadMap: /Game/Levels/Second-Floor
[2017.06.07-03.00.07:772][930]Cmd: MEM
[2017.06.07-03.00.07:788][930]LogMemory: Platform Memory Stats for Windows
[2017.06.07-03.00.07:788][930]LogMemory: Process Physical Memory: 2849.26 MB used, 2878.93 MB peak
[2017.06.07-03.00.07:788][930]LogMemory: Process Virtual Memory: 4286.36 MB used, 4431.33 MB peak
[2017.06.07-03.00.07:788][930]LogMemory: Physical Memory: 7412.09 MB used,  8932.87 MB free, 16344.95 MB total
[2017.06.07-03.00.07:788][930]LogMemory: Virtual Memory: 5420.07 MB used,  8932.87 MB free, 134217728.00 MB total
[2017.06.07-03.00.07:788][930]LogMemory: 
[2017.06.07-03.00.07:788][930]Allocator Stats for TBB: (not implemented)
[2017.06.07-03.00.08:735][930]LogAIModule: Creating AISystem for world Second-Floor
[2017.06.07-03.00.08:735][930]LogLoad: Game class is 'FirstPersonGameMode_C'
[2017.06.07-03.00.08:808][930]LogWorld: Bringing World /Game/Levels/UEDPIE_0_Second-Floor.Second-Floor up for play (max tick rate 0) at 2017.06.06-20.00.08
[2017.06.07-03.00.08:812][930]LogWorld: Bringing up level for play took: 0.075890
[2017.06.07-03.00.08:813][930]LogGameMode: FindPlayerStart: PATHS NOT DEFINED or NO PLAYERSTART with positive rating
[2017.06.07-03.00.08:813][930]LogGameMode:Display: Match State Changed from EnteringMap to WaitingToStart
[2017.06.07-03.00.08:813][930]LogGameState: Match State Changed from EnteringMap to WaitingToStart
[2017.06.07-03.00.08:813][930]LogGameMode:Display: Match State Changed from WaitingToStart to InProgress
[2017.06.07-03.00.08:815][930]PIE:Warning: Warning The widget 'BasementLayout_C' was already added to the screen.
[2017.06.07-03.00.08:815][930]PIE:Warning: Warning The widget 'MainFloorLayout_C' was already added to the screen.
[2017.06.07-03.00.08:816][930]PIE:Warning: Warning The widget '2ndfloorlaylout_C' was already added to the screen.
[2017.06.07-03.00.08:816][930]PIE:Warning: Warning The widget '3rdFloorLayout_C' was already added to the screen.
[2017.06.07-03.00.08:861][930]LogGameState: Match State Changed from WaitingToStart to InProgress
[2017.06.07-03.00.08:861][930]LogLoad: Took 1.109944 seconds to LoadMap(/Game/Levels/Second-Floor)
[2017.06.07-03.00.10:492][  7]LogScript:Warning: Attempted to access TriggerBox_Event2 via property TriggerBox_Event2_ExecuteUbergraph_Second-Floor_RefProperty, but TriggerBox_Event2 is pending kill
	Second-Floor_C /Game/Levels/UEDPIE_0_Second-Floor.Second-Floor:PersistentLevel.Second-Floor_C_0
	Function /Game/Levels/UEDPIE_0_Second-Floor.Second-Floor_C:ExecuteUbergraph_Second-Floor:0337
[2017.06.07-03.00.10:493][  7]PIE:Error: Error Blueprint Runtime Error: Attempted to access TriggerBox_Event2 via property TriggerBox_Event2_ExecuteUbergraph_Second-Floor_RefProperty, but TriggerBox_Event2 is pending kill from function: 'ExecuteUbergraph_Second-Floor' from node: DestroyActor in graph: EventGraph in object: Second-Floor with description: Attempted to access TriggerBox_Event2 via property TriggerBox_Event2_ExecuteUbergraph_Second-Floor_RefProperty, but TriggerBox_Event2 is pending kill
[2017.06.07-03.00.12:504][104]LogScript:Warning: Attempted to access TriggerBox_Event2 via property TriggerBox_Event2_ExecuteUbergraph_Second-Floor_RefProperty, but TriggerBox_Event2 is pending kill
	Second-Floor_C /Game/Levels/UEDPIE_0_Second-Floor.Second-Floor:PersistentLevel.Second-Floor_C_0
	Function /Game/Levels/UEDPIE_0_Second-Floor.Second-Floor_C:ExecuteUbergraph_Second-Floor:0337
[2017.06.07-03.00.12:504][104]PIE:Error: Error Blueprint Runtime Error: Attempted to access TriggerBox_Event2 via property TriggerBox_Event2_ExecuteUbergraph_Second-Floor_RefProperty, but TriggerBox_Event2 is pending kill from function: 'ExecuteUbergraph_Second-Floor' from node: DestroyActor in graph: EventGraph in object: Second-Floor with description: Attempted to access TriggerBox_Event2 via property TriggerBox_Event2_ExecuteUbergraph_Second-Floor_RefProperty, but TriggerBox_Event2 is pending kill
[2017.06.07-03.00.14:507][194]LogScript:Warning: Attempted to access TriggerBox_Event2 via property TriggerBox_Event2_ExecuteUbergraph_Second-Floor_RefProperty, but TriggerBox_Event2 is pending kill
	Second-Floor_C /Game/Levels/UEDPIE_0_Second-Floor.Second-Floor:PersistentLevel.Second-Floor_C_0
	Function /Game/Levels/UEDPIE_0_Second-Floor.Second-Floor_C:ExecuteUbergraph_Second-Floor:0337
[2017.06.07-03.00.14:507][194]PIE:Error: Error Blueprint Runtime Error: Attempted to access TriggerBox_Event2 via property TriggerBox_Event2_ExecuteUbergraph_Second-Floor_RefProperty, but TriggerBox_Event2 is pending kill from function: 'ExecuteUbergraph_Second-Floor' from node: DestroyActor in graph: EventGraph in object: Second-Floor with description: Attempted to access TriggerBox_Event2 via property TriggerBox_Event2_ExecuteUbergraph_Second-Floor_RefProperty, but TriggerBox_Event2 is pending kill
[2017.06.07-03.00.16:510][280]LogScript:Warning: Attempted to access TriggerBox_Event2 via property TriggerBox_Event2_ExecuteUbergraph_Second-Floor_RefProperty, but TriggerBox_Event2 is pending kill
	Second-Floor_C /Game/Levels/UEDPIE_0_Second-Floor.Second-Floor:PersistentLevel.Second-Floor_C_0
	Function /Game/Levels/UEDPIE_0_Second-Floor.Second-Floor_C:ExecuteUbergraph_Second-Floor:0337
[2017.06.07-03.00.16:510][280]PIE:Error: Error Blueprint Runtime Error: Attempted to access TriggerBox_Event2 via property TriggerBox_Event2_ExecuteUbergraph_Second-Floor_RefProperty, but TriggerBox_Event2 is pending kill from function: 'ExecuteUbergraph_Second-Floor' from node: DestroyActor in graph: EventGraph in object: Second-Floor with description: Attempted to access TriggerBox_Event2 via property TriggerBox_Event2_ExecuteUbergraph_Second-Floor_RefProperty, but TriggerBox_Event2 is pending kill
[2017.06.07-03.00.18:524][364]LogScript:Warning: Attempted to access TriggerBox_Event2 via property TriggerBox_Event2_ExecuteUbergraph_Second-Floor_RefProperty, but TriggerBox_Event2 is pending kill
	Second-Floor_C /Game/Levels/UEDPIE_0_Second-Floor.Second-Floor:PersistentLevel.Second-Floor_C_0
	Function /Game/Levels/UEDPIE_0_Second-Floor.Second-Floor_C:ExecuteUbergraph_Second-Floor:0337
[2017.06.07-03.00.18:524][364]PIE:Error: Error Blueprint Runtime Error: Attempted to access TriggerBox_Event2 via property TriggerBox_Event2_ExecuteUbergraph_Second-Floor_RefProperty, but TriggerBox_Event2 is pending kill from function: 'ExecuteUbergraph_Second-Floor' from node: DestroyActor in graph: EventGraph in object: Second-Floor with description: Attempted to access TriggerBox_Event2 via property TriggerBox_Event2_ExecuteUbergraph_Second-Floor_RefProperty, but TriggerBox_Event2 is pending kill
[2017.06.07-03.00.20:525][446]LogScript:Warning: Attempted to access TriggerBox_Event2 via property TriggerBox_Event2_ExecuteUbergraph_Second-Floor_RefProperty, but TriggerBox_Event2 is pending kill
	Second-Floor_C /Game/Levels/UEDPIE_0_Second-Floor.Second-Floor:PersistentLevel.Second-Floor_C_0
	Function /Game/Levels/UEDPIE_0_Second-Floor.Second-Floor_C:ExecuteUbergraph_Second-Floor:0337
[2017.06.07-03.00.20:525][446]PIE:Error: Error Blueprint Runtime Error: Attempted to access TriggerBox_Event2 via property TriggerBox_Event2_ExecuteUbergraph_Second-Floor_RefProperty, but TriggerBox_Event2 is pending kill from function: 'ExecuteUbergraph_Second-Floor' from node: DestroyActor in graph: EventGraph in object: Second-Floor with description: Attempted to access TriggerBox_Event2 via property TriggerBox_Event2_ExecuteUbergraph_Second-Floor_RefProperty, but TriggerBox_Event2 is pending kill
[2017.06.07-03.00.22:544][527]LogScript:Warning: Attempted to access TriggerBox_Event2 via property TriggerBox_Event2_ExecuteUbergraph_Second-Floor_RefProperty, but TriggerBox_Event2 is pending kill
	Second-Floor_C /Game/Levels/UEDPIE_0_Second-Floor.Second-Floor:PersistentLevel.Second-Floor_C_0
	Function /Game/Levels/UEDPIE_0_Second-Floor.Second-Floor_C:ExecuteUbergraph_Second-Floor:0337
[2017.06.07-03.00.22:545][527]PIE:Error: Error Blueprint Runtime Error: Attempted to access TriggerBox_Event2 via property TriggerBox_Event2_ExecuteUbergraph_Second-Floor_RefProperty, but TriggerBox_Event2 is pending kill from function: 'ExecuteUbergraph_Second-Floor' from node: DestroyActor in graph: EventGraph in object: Second-Floor with description: Attempted to access TriggerBox_Event2 via property TriggerBox_Event2_ExecuteUbergraph_Second-Floor_RefProperty, but TriggerBox_Event2 is pending kill
[2017.06.07-03.00.24:573][618]LogScript:Warning: Attempted to access TriggerBox_Event2 via property TriggerBox_Event2_ExecuteUbergraph_Second-Floor_RefProperty, but TriggerBox_Event2 is pending kill
	Second-Floor_C /Game/Levels/UEDPIE_0_Second-Floor.Second-Floor:PersistentLevel.Second-Floor_C_0
	Function /Game/Levels/UEDPIE_0_Second-Floor.Second-Floor_C:ExecuteUbergraph_Second-Floor:0337
[2017.06.07-03.00.24:573][618]PIE:Error: Error Blueprint Runtime Error: Attempted to access TriggerBox_Event2 via property TriggerBox_Event2_ExecuteUbergraph_Second-Floor_RefProperty, but TriggerBox_Event2 is pending kill from function: 'ExecuteUbergraph_Second-Floor' from node: DestroyActor in graph: EventGraph in object: Second-Floor with description: Attempted to access TriggerBox_Event2 via property TriggerBox_Event2_ExecuteUbergraph_Second-Floor_RefProperty, but TriggerBox_Event2 is pending kill
[2017.06.07-03.00.26:578][696]LogScript:Warning: Attempted to access TriggerBox_Event2 via property TriggerBox_Event2_ExecuteUbergraph_Second-Floor_RefProperty, but TriggerBox_Event2 is pending kill
	Second-Floor_C /Game/Levels/UEDPIE_0_Second-Floor.Second-Floor:PersistentLevel.Second-Floor_C_0
	Function /Game/Levels/UEDPIE_0_Second-Floor.Second-Floor_C:ExecuteUbergraph_Second-Floor:0337
[2017.06.07-03.00.26:579][696]PIE:Error: Error Blueprint Runtime Error: Attempted to access TriggerBox_Event2 via property TriggerBox_Event2_ExecuteUbergraph_Second-Floor_RefProperty, but TriggerBox_Event2 is pending kill from function: 'ExecuteUbergraph_Second-Floor' from node: DestroyActor in graph: EventGraph in object: Second-Floor with description: Attempted to access TriggerBox_Event2 via property TriggerBox_Event2_ExecuteUbergraph_Second-Floor_RefProperty, but TriggerBox_Event2 is pending kill
[2017.06.07-03.00.28:591][774]LogScript:Warning: Attempted to access TriggerBox_Event2 via property TriggerBox_Event2_ExecuteUbergraph_Second-Floor_RefProperty, but TriggerBox_Event2 is pending kill
	Second-Floor_C /Game/Levels/UEDPIE_0_Second-Floor.Second-Floor:PersistentLevel.Second-Floor_C_0
	Function /Game/Levels/UEDPIE_0_Second-Floor.Second-Floor_C:ExecuteUbergraph_Second-Floor:0337
[2017.06.07-03.00.28:591][774]PIE:Error: Error Blueprint Runtime Error: Attempted to access TriggerBox_Event2 via property TriggerBox_Event2_ExecuteUbergraph_Second-Floor_RefProperty, but TriggerBox_Event2 is pending kill from function: 'ExecuteUbergraph_Second-Floor' from node: DestroyActor in graph: EventGraph in object: Second-Floor with description: Attempted to access TriggerBox_Event2 via property TriggerBox_Event2_ExecuteUbergraph_Second-Floor_RefProperty, but TriggerBox_Event2 is pending kill
[2017.06.07-03.00.30:591][860]LogScript:Warning: Attempted to access TriggerBox_Event2 via property TriggerBox_Event2_ExecuteUbergraph_Second-Floor_RefProperty, but TriggerBox_Event2 is pending kill
	Second-Floor_C /Game/Levels/UEDPIE_0_Second-Floor.Second-Floor:PersistentLevel.Second-Floor_C_0
	Function /Game/Levels/UEDPIE_0_Second-Floor.Second-Floor_C:ExecuteUbergraph_Second-Floor:0337
[2017.06.07-03.00.30:591][860]PIE:Error: Error Blueprint Runtime Error: Attempted to access TriggerBox_Event2 via property TriggerBox_Event2_ExecuteUbergraph_Second-Floor_RefProperty, but TriggerBox_Event2 is pending kill from function: 'ExecuteUbergraph_Second-Floor' from node: DestroyActor in graph: EventGraph in object: Second-Floor with description: Attempted to access TriggerBox_Event2 via property TriggerBox_Event2_ExecuteUbergraph_Second-Floor_RefProperty, but TriggerBox_Event2 is pending kill
[2017.06.07-03.00.32:602][945]LogScript:Warning: Attempted to access TriggerBox_Event2 via property TriggerBox_Event2_ExecuteUbergraph_Second-Floor_RefProperty, but TriggerBox_Event2 is pending kill
	Second-Floor_C /Game/Levels/UEDPIE_0_Second-Floor.Second-Floor:PersistentLevel.Second-Floor_C_0
	Function /Game/Levels/UEDPIE_0_Second-Floor.Second-Floor_C:ExecuteUbergraph_Second-Floor:0337
[2017.06.07-03.00.32:602][945]PIE:Error: Error Blueprint Runtime Error: Attempted to access TriggerBox_Event2 via property TriggerBox_Event2_ExecuteUbergraph_Second-Floor_RefProperty, but TriggerBox_Event2 is pending kill from function: 'ExecuteUbergraph_Second-Floor' from node: DestroyActor in graph: EventGraph in object: Second-Floor with description: Attempted to access TriggerBox_Event2 via property TriggerBox_Event2_ExecuteUbergraph_Second-Floor_RefProperty, but TriggerBox_Event2 is pending kill
[2017.06.07-03.00.34:609][ 45]LogScript:Warning: Attempted to access TriggerBox_Event2 via property TriggerBox_Event2_ExecuteUbergraph_Second-Floor_RefProperty, but TriggerBox_Event2 is pending kill
	Second-Floor_C /Game/Levels/UEDPIE_0_Second-Floor.Second-Floor:PersistentLevel.Second-Floor_C_0
	Function /Game/Levels/UEDPIE_0_Second-Floor.Second-Floor_C:ExecuteUbergraph_Second-Floor:0337
[2017.06.07-03.00.34:609][ 45]PIE:Error: Error Blueprint Runtime Error: Attempted to access TriggerBox_Event2 via property TriggerBox_Event2_ExecuteUbergraph_Second-Floor_RefProperty, but TriggerBox_Event2 is pending kill from function: 'ExecuteUbergraph_Second-Floor' from node: DestroyActor in graph: EventGraph in object: Second-Floor with description: Attempted to access TriggerBox_Event2 via property TriggerBox_Event2_ExecuteUbergraph_Second-Floor_RefProperty, but TriggerBox_Event2 is pending kill
[2017.06.07-03.00.36:622][145]LogScript:Warning: Attempted to access TriggerBox_Event2 via property TriggerBox_Event2_ExecuteUbergraph_Second-Floor_RefProperty, but TriggerBox_Event2 is pending kill
	Second-Floor_C /Game/Levels/UEDPIE_0_Second-Floor.Second-Floor:PersistentLevel.Second-Floor_C_0
	Function /Game/Levels/UEDPIE_0_Second-Floor.Second-Floor_C:ExecuteUbergraph_Second-Floor:0337
[2017.06.07-03.00.36:622][145]PIE:Error: Error Blueprint Runtime Error: Attempted to access TriggerBox_Event2 via property TriggerBox_Event2_ExecuteUbergraph_Second-Floor_RefProperty, but TriggerBox_Event2 is pending kill from function: 'ExecuteUbergraph_Second-Floor' from node: DestroyActor in graph: EventGraph in object: Second-Floor with description: Attempted to access TriggerBox_Event2 via property TriggerBox_Event2_ExecuteUbergraph_Second-Floor_RefProperty, but TriggerBox_Event2 is pending kill
[2017.06.07-03.00.38:634][245]LogScript:Warning: Attempted to access TriggerBox_Event2 via property TriggerBox_Event2_ExecuteUbergraph_Second-Floor_RefProperty, but TriggerBox_Event2 is pending kill
	Second-Floor_C /Game/Levels/UEDPIE_0_Second-Floor.Second-Floor:PersistentLevel.Second-Floor_C_0
	Function /Game/Levels/UEDPIE_0_Second-Floor.Second-Floor_C:ExecuteUbergraph_Second-Floor:0337
[2017.06.07-03.00.38:634][245]PIE:Error: Error Blueprint Runtime Error: Attempted to access TriggerBox_Event2 via property TriggerBox_Event2_ExecuteUbergraph_Second-Floor_RefProperty, but TriggerBox_Event2 is pending kill from function: 'ExecuteUbergraph_Second-Floor' from node: DestroyActor in graph: EventGraph in object: Second-Floor with description: Attempted to access TriggerBox_Event2 via property TriggerBox_Event2_ExecuteUbergraph_Second-Floor_RefProperty, but TriggerBox_Event2 is pending kill
[2017.06.07-03.00.40:649][345]LogScript:Warning: Attempted to access TriggerBox_Event2 via property TriggerBox_Event2_ExecuteUbergraph_Second-Floor_RefProperty, but TriggerBox_Event2 is pending kill
	Second-Floor_C /Game/Levels/UEDPIE_0_Second-Floor.Second-Floor:PersistentLevel.Second-Floor_C_0
	Function /Game/Levels/UEDPIE_0_Second-Floor.Second-Floor_C:ExecuteUbergraph_Second-Floor:0337
[2017.06.07-03.00.40:649][345]PIE:Error: Error Blueprint Runtime Error: Attempted to access TriggerBox_Event2 via property TriggerBox_Event2_ExecuteUbergraph_Second-Floor_RefProperty, but TriggerBox_Event2 is pending kill from function: 'ExecuteUbergraph_Second-Floor' from node: DestroyActor in graph: EventGraph in object: Second-Floor with description: Attempted to access TriggerBox_Event2 via property TriggerBox_Event2_ExecuteUbergraph_Second-Floor_RefProperty, but TriggerBox_Event2 is pending kill
[2017.06.07-03.00.42:660][445]LogScript:Warning: Attempted to access TriggerBox_Event2 via property TriggerBox_Event2_ExecuteUbergraph_Second-Floor_RefProperty, but TriggerBox_Event2 is pending kill
	Second-Floor_C /Game/Levels/UEDPIE_0_Second-Floor.Second-Floor:PersistentLevel.Second-Floor_C_0
	Function /Game/Levels/UEDPIE_0_Second-Floor.Second-Floor_C:ExecuteUbergraph_Second-Floor:0337
[2017.06.07-03.00.42:661][445]PIE:Error: Error Blueprint Runtime Error: Attempted to access TriggerBox_Event2 via property TriggerBox_Event2_ExecuteUbergraph_Second-Floor_RefProperty, but TriggerBox_Event2 is pending kill from function: 'ExecuteUbergraph_Second-Floor' from node: DestroyActor in graph: EventGraph in object: Second-Floor with description: Attempted to access TriggerBox_Event2 via property TriggerBox_Event2_ExecuteUbergraph_Second-Floor_RefProperty, but TriggerBox_Event2 is pending kill
[2017.06.07-03.00.44:662][544]PIE:Error: Error Blueprint Runtime Error: Attempted to access TriggerBox_Event2 via property TriggerBox_Event2_ExecuteUbergraph_Second-Floor_RefProperty, but TriggerBox_Event2 is pending kill from function: 'ExecuteUbergraph_Second-Floor' from node: DestroyActor in graph: EventGraph in object: Second-Floor with description: Attempted to access TriggerBox_Event2 via property TriggerBox_Event2_ExecuteUbergraph_Second-Floor_RefProperty, but TriggerBox_Event2 is pending kill
[2017.06.07-03.00.46:673][643]PIE:Error: Error Blueprint Runtime Error: Attempted to access TriggerBox_Event2 via property TriggerBox_Event2_ExecuteUbergraph_Second-Floor_RefProperty, but TriggerBox_Event2 is pending kill from function: 'ExecuteUbergraph_Second-Floor' from node: DestroyActor in graph: EventGraph in object: Second-Floor with description: Attempted to access TriggerBox_Event2 via property TriggerBox_Event2_ExecuteUbergraph_Second-Floor_RefProperty, but TriggerBox_Event2 is pending kill
[2017.06.07-03.00.47:975][708]LogBlueprintUserMessages: Early EndPlayMap Detection: Level '/Game/FirstPersonBP/Maps/FirstPersonExampleMap.FirstPersonExampleMap:PersistentLevel' has LevelScriptBlueprint '/Game/FirstPersonBP/Maps/FirstPersonExampleMap.FirstPersonExampleMap:PersistentLevel.FirstPersonExampleMap' with GeneratedClass '/Game/FirstPersonBP/Maps/FirstPersonExampleMap.FirstPersonExampleMap_C' with ClassGeneratedBy '/Game/FirstPersonBP/Maps/FirstPersonExampleMap.FirstPersonExampleMap:PersistentLevel.FirstPersonExampleMap'
[2017.06.07-03.00.48:056][708]LogBlueprintUserMessages: Late EndPlayMap Detection: Level '/Game/FirstPersonBP/Maps/FirstPersonExampleMap.FirstPersonExampleMap:PersistentLevel' has LevelScriptBlueprint '/Game/FirstPersonBP/Maps/FirstPersonExampleMap.FirstPersonExampleMap:PersistentLevel.FirstPersonExampleMap' with GeneratedClass '/Game/FirstPersonBP/Maps/FirstPersonExampleMap.FirstPersonExampleMap_C' with ClassGeneratedBy '/Game/FirstPersonBP/Maps/FirstPersonExampleMap.FirstPersonExampleMap:PersistentLevel.FirstPersonExampleMap'
[2017.06.07-03.00.51:385][959]LogSlate: Took 0.000321 seconds to synchronously load lazily loaded font '../../../Engine/Content/Editor/Slate/Fonts/Roboto-BoldCondensed.ttf' (158K)
[2017.06.07-03.00.54:432][133]LogSlate: Took 0.000367 seconds to synchronously load lazily loaded font '../../../Engine/Content/Editor/Slate/Fonts/Roboto-Italic.ttf' (157K)
[2017.06.07-03.01.56:846][804]LogTemp: Repeting last play command: New Editor Window (PIE)
[2017.06.07-03.01.56:875][804]LogBlueprintUserMessages: Early PlayInEditor Detection: Level '/Game/FirstPersonBP/Maps/FirstPersonExampleMap.FirstPersonExampleMap:PersistentLevel' has LevelScriptBlueprint '/Game/FirstPersonBP/Maps/FirstPersonExampleMap.FirstPersonExampleMap:PersistentLevel.FirstPersonExampleMap' with GeneratedClass '/Game/FirstPersonBP/Maps/FirstPersonExampleMap.FirstPersonExampleMap_C' with ClassGeneratedBy '/Game/FirstPersonBP/Maps/FirstPersonExampleMap.FirstPersonExampleMap:PersistentLevel.FirstPersonExampleMap'
[2017.06.07-03.01.56:876][804]LogPlayLevel: PlayLevel: No blueprints needed recompiling
[2017.06.07-03.01.56:876][804]PIE: New page: PIE session: FirstPersonExampleMap (Jun 6, 2017, 1:01:56 PM)
[2017.06.07-03.01.56:877][804]LogPlayLevel: Creating play world package: /Game/FirstPersonBP/Maps/UEDPIE_0_FirstPersonExampleMap
[2017.06.07-03.01.56:880][804]LogPlayLevel: PIE: StaticDuplicateObject took: (0.002102s)
[2017.06.07-03.01.56:880][804]LogAIModule: Creating AISystem for world FirstPersonExampleMap
[2017.06.07-03.01.56:880][804]LogPlayLevel: PIE: World Init took: (0.000661s)
[2017.06.07-03.01.56:880][804]LogPlayLevel: PIE: Created PIE world by copying editor world from /Game/FirstPersonBP/Maps/FirstPersonExampleMap.FirstPersonExampleMap to /Game/FirstPersonBP/Maps/UEDPIE_0_FirstPersonExampleMap.FirstPersonExampleMap (0.003040s)
[2017.06.07-03.01.56:913][804]LogInit: XAudio2 using 'HDMI To VGA-8 (2- NVIDIA High Definition Audio)' : 2 channels at 48 kHz using 16 bits per sample (channel mask 0x3)
[2017.06.07-03.01.56:921][804]LogInit: FAudioDevice initialized.
[2017.06.07-03.01.56:992][804]LogLoad: Game class is 'FirstPersonGameMode_C'
[2017.06.07-03.01.56:995][804]LogWorld: Bringing World /Game/FirstPersonBP/Maps/UEDPIE_0_FirstPersonExampleMap.FirstPersonExampleMap up for play (max tick rate 0) at 2017.06.06-20.01.56
[2017.06.07-03.01.56:995][804]LogWorld: Bringing up level for play took: 0.001887
[2017.06.07-03.01.56:996][804]LogGameMode:Display: Match State Changed from EnteringMap to WaitingToStart
[2017.06.07-03.01.56:996][804]LogGameState: Match State Changed from EnteringMap to WaitingToStart
[2017.06.07-03.01.56:996][804]LogGameMode:Display: Match State Changed from WaitingToStart to InProgress
[2017.06.07-03.01.56:998][804]PIE:Warning: Warning The widget 'BasementLayout_C' was already added to the screen.
[2017.06.07-03.01.56:998][804]PIE:Warning: Warning The widget 'MainFloorLayout_C' was already added to the screen.
[2017.06.07-03.01.56:999][804]PIE:Warning: Warning The widget '2ndfloorlaylout_C' was already added to the screen.
[2017.06.07-03.01.56:999][804]PIE:Warning: Warning The widget '3rdFloorLayout_C' was already added to the screen.
[2017.06.07-03.01.57:000][804]LogGameState: Match State Changed from WaitingToStart to InProgress
[2017.06.07-03.01.57:016][804]PIE: Info Play in editor start time for /Game/FirstPersonBP/Maps/UEDPIE_0_FirstPersonExampleMap -0.462
[2017.06.07-03.01.57:017][804]LogBlueprintUserMessages: Late PlayInEditor Detection: Level '/Game/FirstPersonBP/Maps/FirstPersonExampleMap.FirstPersonExampleMap:PersistentLevel' has LevelScriptBlueprint '/Game/FirstPersonBP/Maps/FirstPersonExampleMap.FirstPersonExampleMap:PersistentLevel.FirstPersonExampleMap' with GeneratedClass '/Game/FirstPersonBP/Maps/FirstPersonExampleMap.FirstPersonExampleMap_C' with ClassGeneratedBy '/Game/FirstPersonBP/Maps/FirstPersonExampleMap.FirstPersonExampleMap:PersistentLevel.FirstPersonExampleMap'
[2017.06.07-03.01.58:079][853]LogGameMode:Display: Match State Changed from InProgress to LeavingMap
[2017.06.07-03.01.58:079][853]LogGameState: Match State Changed from InProgress to LeavingMap
[2017.06.07-03.01.58:079][853]LogNet: Browse: /Game/Levels/Second-Floor
[2017.06.07-03.01.58:079][853]LogLoad: LoadMap: /Game/Levels/Second-Floor
[2017.06.07-03.01.58:099][853]Cmd: MEM
[2017.06.07-03.01.58:121][853]LogMemory: Platform Memory Stats for Windows
[2017.06.07-03.01.58:121][853]LogMemory: Process Physical Memory: 3207.79 MB used, 3207.79 MB peak
[2017.06.07-03.01.58:121][853]LogMemory: Process Virtual Memory: 4475.64 MB used, 4641.00 MB peak
[2017.06.07-03.01.58:121][853]LogMemory: Physical Memory: 7799.15 MB used,  8545.80 MB free, 16344.95 MB total
[2017.06.07-03.01.58:121][853]LogMemory: Virtual Memory: 5663.89 MB used,  8545.80 MB free, 134217728.00 MB total
[2017.06.07-03.01.58:121][853]LogMemory: 
[2017.06.07-03.01.58:121][853]Allocator Stats for TBB: (not implemented)
[2017.06.07-03.01.59:124][853]LogAIModule: Creating AISystem for world Second-Floor
[2017.06.07-03.01.59:124][853]LogLoad: Game class is 'FirstPersonGameMode_C'
[2017.06.07-03.01.59:203][853]LogWorld: Bringing World /Game/Levels/UEDPIE_0_Second-Floor.Second-Floor up for play (max tick rate 0) at 2017.06.06-20.01.59
[2017.06.07-03.01.59:208][853]LogWorld: Bringing up level for play took: 0.082611
[2017.06.07-03.01.59:208][853]LogGameMode: FindPlayerStart: PATHS NOT DEFINED or NO PLAYERSTART with positive rating
[2017.06.07-03.01.59:208][853]LogGameMode:Display: Match State Changed from EnteringMap to WaitingToStart
[2017.06.07-03.01.59:208][853]LogGameState: Match State Changed from EnteringMap to WaitingToStart
[2017.06.07-03.01.59:208][853]LogGameMode:Display: Match State Changed from WaitingToStart to InProgress
[2017.06.07-03.01.59:212][853]PIE:Warning: Warning The widget 'BasementLayout_C' was already added to the screen.
[2017.06.07-03.01.59:212][853]PIE:Warning: Warning The widget 'MainFloorLayout_C' was already added to the screen.
[2017.06.07-03.01.59:212][853]PIE:Warning: Warning The widget '2ndfloorlaylout_C' was already added to the screen.
[2017.06.07-03.01.59:213][853]PIE:Warning: Warning The widget '3rdFloorLayout_C' was already added to the screen.
[2017.06.07-03.01.59:268][853]LogGameState: Match State Changed from WaitingToStart to InProgress
[2017.06.07-03.01.59:268][853]LogLoad: Took 1.188736 seconds to LoadMap(/Game/Levels/Second-Floor)
[2017.06.07-03.04.16:869][449]LogBlueprintUserMessages: Early EndPlayMap Detection: Level '/Game/FirstPersonBP/Maps/FirstPersonExampleMap.FirstPersonExampleMap:PersistentLevel' has LevelScriptBlueprint '/Game/FirstPersonBP/Maps/FirstPersonExampleMap.FirstPersonExampleMap:PersistentLevel.FirstPersonExampleMap' with GeneratedClass '/Game/FirstPersonBP/Maps/FirstPersonExampleMap.FirstPersonExampleMap_C' with ClassGeneratedBy '/Game/FirstPersonBP/Maps/FirstPersonExampleMap.FirstPersonExampleMap:PersistentLevel.FirstPersonExampleMap'
[2017.06.07-03.04.16:906][449]LogBlueprintUserMessages: Late EndPlayMap Detection: Level '/Game/FirstPersonBP/Maps/FirstPersonExampleMap.FirstPersonExampleMap:PersistentLevel' has LevelScriptBlueprint '/Game/FirstPersonBP/Maps/FirstPersonExampleMap.FirstPersonExampleMap:PersistentLevel.FirstPersonExampleMap' with GeneratedClass '/Game/FirstPersonBP/Maps/FirstPersonExampleMap.FirstPersonExampleMap_C' with ClassGeneratedBy '/Game/FirstPersonBP/Maps/FirstPersonExampleMap.FirstPersonExampleMap:PersistentLevel.FirstPersonExampleMap'
[2017.06.07-03.04.37:774][685]BlueprintLog: New page: Compile FirstPersonCharacter
[2017.06.07-03.04.39:266][685]LogSavePackage: Save=163.13ms
[2017.06.07-03.04.39:266][685]LogSavePackage: Moving '../../../../../../Documents/GitHub/ProjectLonesomeRecovered/Project_lonesome 4.15/Saved/FirstPersonCharacter7B9566DE40004506FF5C4CBB8D0779AA.tmp' to '../../../../../../Documents/GitHub/ProjectLonesomeRecovered/Project_lonesome 4.15/Content/FirstPersonBP/Blueprints/FirstPersonCharacter.uasset'
[2017.06.07-03.04.39:269][685]LogSavePackage:Display: Finished SavePackage ../../../../../../Documents/GitHub/ProjectLonesomeRecovered/Project_lonesome 4.15/Content/FirstPersonBP/Blueprints/FirstPersonCharacter.uasset
[2017.06.07-03.06.23:096][ 58]LogActorComponent: UnregisterComponent: (/Engine/Transient.EditorFloorComp) Not registered. Aborting.
[2017.06.07-03.08.12:023][694]LogAudio:Warning: Current Audio Device with ID {0.0.0.00000000}.{e442b9a9-3498-4cf4-97b4-96ecbe653e41} was removed. Shutting down audio device.
