Log file open, 06/07/17 02:09:08
LogInit:Display: Running engine for game: Project_lonesome
LogPlatformFile: Not using cached read wrapper
LogInit:Display: RandInit(72397196) SRandInit(72397196).
LogTaskGraph: Started task graph with 5 named threads and 8 total threads with 1 sets of task threads.
LogStats: Stats thread started at 0.096956
LogInit: Using libcurl 7.47.1
LogInit:  - built for x86_64-pc-win32
LogInit:  - supports SSL with OpenSSL/1.0.2g
LogInit:  - supports HTTP deflate (compression) using libz 1.2.8
LogInit:  - other features:
LogInit:      CURL_VERSION_SSL
LogInit:      CURL_VERSION_LIBZ
LogInit:      CURL_VERSION_IPV6
LogInit:      CURL_VERSION_ASYNCHDNS
LogInit:      CURL_VERSION_LARGEFILE
LogInit:      CURL_VERSION_IDN
LogInit:  CurlRequestOptions (configurable via config and command line):
LogInit:  - bVerifyPeer = false  - Libcurl will NOT verify peer certificate
LogInit:  - bUseHttpProxy = false  - Libcurl will NOT use HTTP proxy
LogInit:  - bDontReuseConnections = false  - Libcurl will reuse connections
LogInit:  - CertBundlePath = nullptr  - Libcurl will use whatever was configured at build time.
LogInit: Build: ++UE4+Release-4.15-CL-3450819
LogInit: Engine Version: 4.15.3-3450819+++UE4+Release-4.15
LogInit: Compatible Engine Version: 4.15.0-3299760+++UE4+Release-4.15
LogInit: Net CL: 3299760
LogDevObjectVersion: Number of dev versions registered: 14
LogDevObjectVersion:   Dev-Blueprints (B0D832E4-1F89-4F0D-ACCF-7EB736FD4AA2): 8
LogDevObjectVersion:   Dev-Build (E1C64328-A22C-4D53-A36C-8E866417BD8C): 0
LogDevObjectVersion:   Dev-Core (375EC13C-06E4-48FB-B500-84F0262A717E): 2
LogDevObjectVersion:   Dev-Editor (E4B068ED-F494-42E9-A231-DA0B2E46BB41): 14
LogDevObjectVersion:   Dev-Framework (CFFC743F-43B0-4480-9391-14DF171D2073): 22
LogDevObjectVersion:   Dev-Mobile (B02B49B5-BB20-44E9-A304-32B752E40360): 0
LogDevObjectVersion:   Dev-Networking (A4E4105C-59A1-49B5-A7C5-40C4547EDFEE): 0
LogDevObjectVersion:   Dev-Online (39C831C9-5AE6-47DC-9A44-9C173E1C8E7C): 0
LogDevObjectVersion:   Dev-Physics (78F01B33-EBEA-4F98-B9B4-84EACCB95AA2): 0
LogDevObjectVersion:   Dev-Platform (6631380F-2D4D-43E0-8009-CF276956A95A): 0
LogDevObjectVersion:   Dev-Rendering (12F88B9F-8875-4AFC-A67C-D90C383ABD29): 12
LogDevObjectVersion:   Dev-Sequencer (7B5AE74C-D270-4C10-A958-57980B212A5A): 3
LogDevObjectVersion:   Dev-VR (D7296918-1DD6-4BDD-9DE2-64A83CC13884): 0
LogDevObjectVersion:   Dev-LoadTimes (C2A15278-BFE7-4AFE-6C17-90FF531DF755): 1
LogInit: Compiled (64-bit): May 21 2017 11:02:34
LogInit: Compiled with Visual C++: 19.00.23026.00
LogInit: Build Configuration: Development
LogInit: Branch Name: ++UE4+Release-4.15
LogInit: Command line:  
LogInit: Base directory: C:/Program Files/Epic Games/UE_4.15/Engine/Binaries/Win64/
LogInit: Installed Engine Build: 1
LogInit: Presizing for max 8388607 objects, including 0 objects not considered by GC, pre-allocating 0 bytes for permanent pool.
LogInit: Object subsystem initialized
[2017.06.07-09.09.11:144][  0]LogInit: Selected Device Profile: [Windows]
[2017.06.07-09.09.11:144][  0]LogInit: Applying CVar settings loaded from the selected device profile: [Windows]
[2017.06.07-09.09.11:175][  0]LogInit: Computer: PC_ON_MAC
[2017.06.07-09.09.11:175][  0]LogInit: User: DavidBarnes
[2017.06.07-09.09.11:175][  0]LogInit: CPU Page size=65536, Cores=4
[2017.06.07-09.09.11:175][  0]LogInit: High frequency timer resolution =2.148496 MHz
[2017.06.07-09.09.11:175][  0]LogMemory: Memory total: Physical=7.9GB (8GB approx)
[2017.06.07-09.09.11:175][  0]LogMemory: Platform Memory Stats for Windows
[2017.06.07-09.09.11:175][  0]LogMemory: Process Physical Memory: 267.42 MB used, 267.42 MB peak
[2017.06.07-09.09.11:175][  0]LogMemory: Process Virtual Memory: 265.68 MB used, 265.68 MB peak
[2017.06.07-09.09.11:175][  0]LogMemory: Physical Memory: 2878.52 MB used,  5224.22 MB free, 8102.73 MB total
[2017.06.07-09.09.11:175][  0]LogMemory: Virtual Memory: 633.03 MB used,  5224.22 MB free, 8388608.00 MB total
[2017.06.07-09.09.11:462][  0]LogTextLocalizationManager: No specific translations for ('en-US') exist, so ('en') translations will be used.
[2017.06.07-09.09.12:544][  0]LogD3D11RHI: D3D11 adapters:
[2017.06.07-09.09.12:555][  0]LogD3D11RHI:    0. 'AMD Radeon 6600M and 6700M Series' (Feature Level 11_0)
[2017.06.07-09.09.12:555][  0]LogD3D11RHI:       1008/0/3795 MB DedicatedVideo/DedicatedSystem/SharedSystem, Outputs:2, VendorId:0x1002
[2017.06.07-09.09.12:555][  0]LogD3D11RHI: Chosen D3D11 Adapter: 0
[2017.06.07-09.09.12:565][  0]LogD3D11RHI: Creating new Direct3DDevice
[2017.06.07-09.09.12:565][  0]LogD3D11RHI:     GPU DeviceId: 0x6741 (for the marketing name, search the web for "GPU Device Id")
[2017.06.07-09.09.12:565][  0]LogWindows: EnumDisplayDevices:
[2017.06.07-09.09.12:565][  0]LogWindows:    0. 'AMD Radeon 6600M and 6700M Series' (P:0 D:1)
[2017.06.07-09.09.12:567][  0]LogWindows:    1. 'AMD Radeon 6600M and 6700M Series' (P:1 D:1)
[2017.06.07-09.09.12:568][  0]LogWindows:    2. 'AMD Radeon 6600M and 6700M Series' (P:0 D:0)
[2017.06.07-09.09.12:569][  0]LogWindows:    3. 'AMD Radeon 6600M and 6700M Series' (P:0 D:0)
[2017.06.07-09.09.12:570][  0]LogWindows:    4. 'RDPDD Chained DD' (P:0 D:0)
[2017.06.07-09.09.12:571][  0]LogWindows:    5. 'RDP Encoder Mirror Driver' (P:0 D:0)
[2017.06.07-09.09.12:572][  0]LogWindows:    6. 'RDP Reflector Display Driver' (P:0 D:0)
[2017.06.07-09.09.12:572][  0]LogWindows: DebugString: PrimaryIsNotTheChoosenAdapter PrimaryIsNotTheChoosenAdapter PrimaryIsNotTheChoosenAdapter PrimaryIsNotTheChoosenAdapter GetVideoDriverDetailsInvalid PrimaryIsNotTheChoosenAdapter GetVideoDriverDetailsInvalid PrimaryIsNotTheChoosenAdapter GetVideoDriverDetailsInvalid PrimaryIsNotTheChoosenAdapter FoundDriverCount:0 
[2017.06.07-09.09.12:572][  0]LogD3D11RHI:     Adapter Name: AMD Radeon 6600M and 6700M Series
[2017.06.07-09.09.12:572][  0]LogD3D11RHI:   Driver Version: Unknown (internal:Unknown, unified:Unknown)
[2017.06.07-09.09.12:572][  0]LogD3D11RHI:      Driver Date: Unknown
[2017.06.07-09.09.12:572][  0]LogRHI: Texture pool is 706 MB (70% of 1008 MB)
[2017.06.07-09.09.12:624][  0]LogD3D11RHI: AMD Pre GCN architecture detected, some driver workarounds will be in place
[2017.06.07-09.09.12:633][  0]LogD3D11RHI: Async texture creation enabled
[2017.06.07-09.09.12:654][  0]LogD3D11RHI: GPU Timing Frequency: 27.000000 (Debug: 2 1)
[2017.06.07-09.09.12:656][  0]LogShaderCompilers: Guid format shader working directory is -46 characters bigger than the processId version (../../../../../../Users/David Barnes/Documents/GitHub/ProjectLonesomeRecovered/Project_lonesome 4.15/Intermediate/Shaders/WorkingDirectory/604/).
[2017.06.07-09.09.12:657][  0]LogShaderCompilers: Cleaned the shader compiler working directory 'C:/Users/David Barnes/AppData/Local/Temp/UnrealShaderWorkingDir/DCABCA5A4492DFB98811FCA5E9A2689B/'.
[2017.06.07-09.09.12:657][  0]LogShaderCompilers:Display: Using Local Shader Compiler.
[2017.06.07-09.09.14:503][  0]LogTemp:Display: Loaded TP AllDesktopTargetPlatform
[2017.06.07-09.09.14:687][  0]LogTemp:Display: Loaded TP MacClientTargetPlatform
[2017.06.07-09.09.14:874][  0]LogTemp:Display: Loaded TP MacNoEditorTargetPlatform
[2017.06.07-09.09.15:069][  0]LogTemp:Display: Loaded TP MacServerTargetPlatform
[2017.06.07-09.09.15:259][  0]LogTemp:Display: Loaded TP MacTargetPlatform
[2017.06.07-09.09.15:451][  0]LogTemp:Display: Loaded TP WindowsClientTargetPlatform
[2017.06.07-09.09.15:638][  0]LogTemp:Display: Loaded TP WindowsNoEditorTargetPlatform
[2017.06.07-09.09.15:820][  0]LogTemp:Display: Loaded TP WindowsServerTargetPlatform
[2017.06.07-09.09.15:998][  0]LogTemp:Display: Loaded TP WindowsTargetPlatform
[2017.06.07-09.09.16:187][  0]LogTemp:Display: Loaded TP AndroidTargetPlatform
[2017.06.07-09.09.16:368][  0]LogTemp:Display: Loaded TP Android_ASTCTargetPlatform
[2017.06.07-09.09.16:551][  0]LogTemp:Display: Loaded TP Android_ATCTargetPlatform
[2017.06.07-09.09.16:734][  0]LogTemp:Display: Loaded TP Android_DXTTargetPlatform
[2017.06.07-09.09.16:916][  0]LogTemp:Display: Loaded TP Android_ETC1TargetPlatform
[2017.06.07-09.09.17:109][  0]LogTemp:Display: Loaded TP Android_ETC2TargetPlatform
[2017.06.07-09.09.17:471][  0]LogTemp:Display: Loaded TP Android_MultiTargetPlatform
[2017.06.07-09.09.17:471][  0]LogTemp:Display: Loaded TP Android_PVRTCTargetPlatform
[2017.06.07-09.09.17:631][  0]LogTemp:Display: Loaded TP HTML5TargetPlatform
[2017.06.07-09.09.17:916][  0]LogTemp:Display: Loaded TP IOSTargetPlatform
[2017.06.07-09.09.18:025][  0]LogTemp:Display: Loaded TP TVOSTargetPlatform
[2017.06.07-09.09.18:204][  0]LogTemp:Display: Loaded TP LinuxClientTargetPlatform
[2017.06.07-09.09.18:384][  0]LogTemp:Display: Loaded TP LinuxNoEditorTargetPlatform
[2017.06.07-09.09.18:570][  0]LogTemp:Display: Loaded TP LinuxServerTargetPlatform
[2017.06.07-09.09.18:752][  0]LogTemp:Display: Loaded TP LinuxTargetPlatform
[2017.06.07-09.09.18:752][  0]LogTargetPlatformManager:Display: Building Assets For Windows
[2017.06.07-09.09.20:440][  0]LogDerivedDataCache:Display: Max Cache Size: 512 MB
[2017.06.07-09.09.20:603][  0]LogDerivedDataCache: Loaded boot cache 0.15s 50MB C:/Users/David Barnes/AppData/Local/UnrealEngine/4.15/DerivedDataCache/Boot.ddc.
[2017.06.07-09.09.20:603][  0]LogDerivedDataCache:Display: Loaded Boot cache: C:/Users/David Barnes/AppData/Local/UnrealEngine/4.15/DerivedDataCache/Boot.ddc
[2017.06.07-09.09.20:603][  0]LogDerivedDataCache: FDerivedDataBackendGraph:  Pak pak cache file ../../../../../../Users/David Barnes/Documents/GitHub/ProjectLonesomeRecovered/Project_lonesome 4.15/DerivedDataCache/DDC.ddp not found, will not use a pak cache.
[2017.06.07-09.09.20:603][  0]LogDerivedDataCache: Unable to find inner node Pak for hierarchical cache Hierarchy.
[2017.06.07-09.09.20:603][  0]LogDerivedDataCache: FDerivedDataBackendGraph:  CompressedPak pak cache file ../../../../../../Users/David Barnes/Documents/GitHub/ProjectLonesomeRecovered/Project_lonesome 4.15/DerivedDataCache/Compressed.ddp not found, will not use a pak cache.
[2017.06.07-09.09.20:603][  0]LogDerivedDataCache: Unable to find inner node CompressedPak for hierarchical cache Hierarchy.
[2017.06.07-09.09.20:798][  0]LogDerivedDataCache:Display: Pak cache opened for reading ../../../Engine/DerivedDataCache/Compressed.ddp.
[2017.06.07-09.09.20:878][  0]LogDerivedDataCache: Using Local data cache path C:/Users/David Barnes/AppData/Local/UnrealEngine/Common/DerivedDataCache: Writable
[2017.06.07-09.09.21:329][  0]LogSlate: Using Freetype 2.6.0
[2017.06.07-09.09.21:506][  0]LogSlate: SlateFontCache - WITH_FREETYPE: 1, WITH_HARFBUZZ: 1
[2017.06.07-09.09.21:507][  0]LogSlate: SlateFontCache - WITH_FREETYPE: 1, WITH_HARFBUZZ: 1
[2017.06.07-09.09.39:255][  0]LogInit: Selected Device Profile: [Windows]
[2017.06.07-09.09.39:460][  0]LogContentStreaming: Texture pool size is 0.00 MB
[2017.06.07-09.09.41:659][  0]LogMeshUtilities: Using QuadricMeshReduction for automatic static mesh reduction
[2017.06.07-09.09.41:928][  0]LogSimplygon: Simplygon DLL not present - disabling.
[2017.06.07-09.09.42:151][  0]LogMeshUtilities: Using SimplygonSwarm for distributed automatic mesh merging
[2017.06.07-09.09.42:151][  0]LogMeshUtilities: No automatic skeletal mesh reduction module available
[2017.06.07-09.09.42:151][  0]LogMeshUtilities: No automatic mesh merging module available
[2017.06.07-09.09.52:107][  0]LogNetVersion: GetLocalNetworkVersion: CL: 3299760, ProjectName: project_lonesome, ProjectVersion: , EngineNetworkVersion: 2, GameNetworkVersion: 0, NetworkChecksum: 3824462427
[2017.06.07-09.09.52:469][  0]LogAssetRegistry: FAssetRegistry took 0.0305 seconds to start up
[2017.06.07-09.09.53:087][  0]LogPackageLocalizationCache: Processed 3 localized package path(s) for 2 prioritized culture(s) in 0.343032 seconds
[2017.06.07-09.09.53:159][  0]LogUObjectArray: 32493 objects as part of root set at end of initial load.
[2017.06.07-09.09.53:159][  0]LogUObjectAllocator: 7077024 out of 0 bytes used by permanent object pool.
[2017.06.07-09.09.53:159][  0]LogUObjectArray: CloseDisregardForGC: 0/0 objects in disregard for GC pool
[2017.06.07-09.09.53:525][  0]LogInit: WinSock: version 1.1 (2.2), MaxSocks=32767, MaxUdp=65467
[2017.06.07-09.11.04:072][  0]LogTcpMessaging: Initializing TcpMessaging bridge
[2017.06.07-09.11.04:315][  0]LogUdpMessaging: Initializing bridge on interface 0.0.0.0:0 to multicast group 230.0.0.1:6666.
[2017.06.07-09.11.10:338][  0]LogMaterial: Uniform references updated for custom material expression Custom.
[2017.06.07-09.11.13:419][  0]SourceControl: Info Source control is disabled
[2017.06.07-09.11.13:467][  0]SourceControl: Info Source control is disabled
[2017.06.07-09.11.14:003][  0]SourceControl: Info Source control is disabled
[2017.06.07-09.11.14:329][  0]SourceControl: Info Source control is disabled
[2017.06.07-09.11.30:089][  0]LogEngine: Initializing Engine...
[2017.06.07-09.11.30:240][  0]LogHMD: Failed to initialize OpenVR with code 110
[2017.06.07-09.11.30:547][  0]LogStats: UGameplayTagsManager::ConstructGameplayTagTree: Construct from data asset -  0.000 s
[2017.06.07-09.11.30:582][  0]LogStats: UGameplayTagsManager::ConstructGameplayTagTree: GameplayTagTreeChangedEvent.Broadcast -  0.018 s
[2017.06.07-09.11.36:220][  0]LogAIModule: Creating AISystem for world Untitled
[2017.06.07-09.11.37:100][  0]LogInit: XAudio2 using 'AMD HDMI Output (AMD High Definition Audio Device)' : 2 channels at 48 kHz using 16 bits per sample (channel mask 0x3)
[2017.06.07-09.11.37:487][  0]LogInit: FAudioDevice initialized.
[2017.06.07-09.11.38:080][  0]LogDerivedDataCache: Saved boot cache 0.59s 50MB C:/Users/David Barnes/AppData/Local/UnrealEngine/4.15/DerivedDataCache/Boot.ddc.
[2017.06.07-09.11.38:095][  0]LogInit: Texture streaming: Enabled
[2017.06.07-09.11.40:362][  0]LogEngineSessionManager: EngineSessionManager initialized
[2017.06.07-09.11.42:323][  0]LogInit: Transaction tracking system initialized
[2017.06.07-09.11.48:342][  0]BlueprintLog: New page: Editor Load
[2017.06.07-09.12.03:843][  0]LocalizationService: Info Localization service is disabled
[2017.06.07-09.12.09:606][  0]LogConsoleResponse:Display: 
[2017.06.07-09.12.11:283][  0]LogCook:Display: Max memory allowance for cook 16384mb min free memory 0mb
[2017.06.07-09.12.11:283][  0]LogCook:Display: Mobile HDR setting 1
[2017.06.07-09.12.12:072][  0]LogFileCache: Scanning file cache for directory 'C:/Users/David Barnes/Documents/GitHub/ProjectLonesomeRecovered/Project_lonesome 4.15/Content/' took 0.09s
[2017.06.07-09.12.19:358][  0]SourceControl: Info Source control is disabled
[2017.06.07-09.12.19:477][  0]LightingResults: New page: Lighting Build
[2017.06.07-09.12.19:784][  0]MapCheck: New page: Map Check
[2017.06.07-09.12.19:784][  0]LightingResults: New page: Lighting Build
[2017.06.07-09.12.31:633][  0]LogAIModule: Creating AISystem for world FirstPersonExampleMap
[2017.06.07-09.12.32:108][  0]LogEditorServer: Finished looking for orphan Actors (0.000 secs)
[2017.06.07-09.12.32:128][  0]Cmd: MAP CHECKDEP NOCLEARLOG
[2017.06.07-09.12.32:340][  0]MapCheck: Info Map check complete: 0 Error(s), 0 Warning(s), took 210.184ms to complete.
[2017.06.07-09.12.32:340][  0]LogFileHelpers: Loading map 'FirstPersonExampleMap' took 12.922
[2017.06.07-09.12.34:065][  0]LogCollectionManager: Loaded 1 collections in 0.003129 seconds
[2017.06.07-09.12.34:977][  0]LogFileCache: Scanning file cache for directory 'C:/Users/David Barnes/Documents/GitHub/ProjectLonesomeRecovered/Project_lonesome 4.15/Saved/Collections/' took 0.01s
[2017.06.07-09.12.34:977][  0]LogFileCache: Scanning file cache for directory 'C:/Users/David Barnes/Documents/GitHub/ProjectLonesomeRecovered/Project_lonesome 4.15/Content/Developers/DavidBarnes/Collections/' took 0.01s
[2017.06.07-09.12.34:977][  0]LogFileCache: Scanning file cache for directory 'C:/Users/David Barnes/Documents/GitHub/ProjectLonesomeRecovered/Project_lonesome 4.15/Content/Collections/' took 0.01s
[2017.06.07-09.12.34:977][  0]LogCollectionManager: Rebuilt the GUID cache for 1 collections in 0.000014 seconds
[2017.06.07-09.12.34:977][  0]LogCollectionManager: Rebuilt the hierarchy cache for 1 collections in 0.000001 seconds
[2017.06.07-09.12.35:037][  0]LogContentBrowser: Native class hierarchy populated in 0.0338 seconds. Added 2245 classes and 453 folders.
[2017.06.07-09.12.35:455][  0]LogContentBrowser: Native class hierarchy updated for 'WidgetCarousel' in 0.0008 seconds. Added 0 classes and 0 folders.
[2017.06.07-09.12.37:948][  0]LogContentBrowser: Native class hierarchy updated for 'AddContentDialog' in 0.0020 seconds. Added 0 classes and 0 folders.
[2017.06.07-09.12.38:415][  0]LogContentBrowser: Native class hierarchy updated for 'SceneOutliner' in 0.0031 seconds. Added 1 classes and 2 folders.
[2017.06.07-09.12.39:317][  0]LogCrashTracker: Crashtracker disabled due to settings.
[2017.06.07-09.12.39:427][  0]LogUObjectGlobals:Warning: Failed to find object 'Class None.'
[2017.06.07-09.12.39:651][  0]LogContentBrowser: Native class hierarchy updated for 'HierarchicalLODOutliner' in 0.0010 seconds. Added 1 classes and 2 folders.
[2017.06.07-09.12.39:651][  0]LogLoad: (Engine Initialization) Total time: 217.05 seconds
[2017.06.07-09.12.39:651][  0]LogLoad: (Engine Initialization) Total Blueprint compile time: 4.72 seconds
[2017.06.07-09.12.39:651][  0]LogExternalProfiler: No external profilers were discovered.  External profiling features will not be available.
[2017.06.07-09.12.39:668][  0]LogOcInput: OculusInput pre-init called
[2017.06.07-09.12.39:776][  0]LogContentStreaming: Texture pool size now 400 MB
[2017.06.07-09.12.39:777][  0]LogSlate: Took 0.000396 seconds to synchronously load lazily loaded font '../../../Engine/Content/Slate/Fonts/Roboto-Regular.ttf' (155K)
[2017.06.07-09.12.39:782][  0]LogSlate: Took 0.000487 seconds to synchronously load lazily loaded font '../../../Engine/Content/Slate/Fonts/Roboto-Bold.ttf' (160K)
[2017.06.07-09.12.39:889][  0]LogSlate: Took 0.051022 seconds to synchronously load lazily loaded font '../../../Engine/Content/Editor/Slate/Fonts/FontAwesome.ttf' (139K)
[2017.06.07-09.12.41:097][  0]LogRenderer: Reallocating scene render targets to support 904x484 NumSamples 1 (Frame:2).
[2017.06.07-09.12.41:097][  0]LogSlate: Took 0.065377 seconds to synchronously load lazily loaded font '../../../Engine/Content/Slate/Fonts/Roboto-Light.ttf' (159K)
[2017.06.07-09.12.41:847][  1]LogEditorViewport: Clicking Background
[2017.06.07-09.12.41:872][  1]LogEditorViewport: Clicking Background
[2017.06.07-09.12.42:042][  2]LogSlate: Took 0.000468 seconds to synchronously load lazily loaded font '../../../Engine/Content/Slate/Fonts/Roboto-Light.ttf' (159K)
[2017.06.07-09.12.42:113][  4]LogAssetRegistry: Asset discovery search completed in 169.6614 seconds
[2017.06.07-09.12.42:113][  4]LogCollectionManager: Rebuilt the object cache for 1 collections in 0.000009 seconds (found 0 objects)
[2017.06.07-09.12.42:113][  4]LogCollectionManager: Fixed up redirectors for 1 collections in 0.000027 seconds (updated 0 objects)
[2017.06.07-09.13.01:009][ 83]LogSlate: Took 0.001373 seconds to synchronously load lazily loaded font '../../../Engine/Content/Slate/Fonts/Roboto-Light.ttf' (159K)
[2017.06.07-09.13.01:735][ 83]LogSlate: Took 0.000308 seconds to synchronously load lazily loaded font '../../../Engine/Content/Slate/Fonts/Roboto-Regular.ttf' (155K)
[2017.06.07-09.13.02:888][ 83]LogContentBrowser: Native class hierarchy updated for 'BlueprintGraph' in 0.0013 seconds. Added 112 classes and 0 folders.
[2017.06.07-09.13.05:741][ 83]LogSlate: Took 0.019270 seconds to synchronously load lazily loaded font '../../../Engine/Content/Editor/Slate/Fonts/Roboto-BoldCondensed.ttf' (158K)
[2017.06.07-09.13.08:625][ 84]LogSlate: Took 0.041032 seconds to synchronously load lazily loaded font '../../../Engine/Content/Editor/Slate/Fonts/Roboto-Italic.ttf' (157K)
[2017.06.07-09.13.18:052][480]LogRenderer: Reallocating scene render targets to support 904x600 NumSamples 1 (Frame:1499).
[2017.06.07-09.13.35:039][150]BlueprintLog: New page: Compile FirstPersonCharacter
[2017.06.07-09.13.37:169][150]LogSavePackage: Save=261.14ms
[2017.06.07-09.13.37:169][150]LogSavePackage: Moving '../../../../../../Users/David Barnes/Documents/GitHub/ProjectLonesomeRecovered/Project_lonesome 4.15/Saved/FirstPersonCharacterBFA0FCE843B0A5A6C5F823B08FE6BA7F.tmp' to '../../../../../../Users/David Barnes/Documents/GitHub/ProjectLonesomeRecovered/Project_lonesome 4.15/Content/FirstPersonBP/Blueprints/FirstPersonCharacter.uasset'
[2017.06.07-09.13.37:178][150]LogSavePackage:Display: Finished SavePackage ../../../../../../Users/David Barnes/Documents/GitHub/ProjectLonesomeRecovered/Project_lonesome 4.15/Content/FirstPersonBP/Blueprints/FirstPersonCharacter.uasset
[2017.06.07-09.13.39:117][208]LogSavePackage: Save=214.29ms
[2017.06.07-09.13.39:117][208]LogSavePackage: Moving '../../../../../../Users/David Barnes/Documents/GitHub/ProjectLonesomeRecovered/Project_lonesome 4.15/Saved/FirstPersonCharacter9A9B76DE4597DB1C13743FA5BE6B60C5.tmp' to '../../../../../../Users/David Barnes/Documents/GitHub/ProjectLonesomeRecovered/Project_lonesome 4.15/Content/FirstPersonBP/Blueprints/FirstPersonCharacter.uasset'
[2017.06.07-09.13.39:121][208]LogSavePackage:Display: Finished SavePackage ../../../../../../Users/David Barnes/Documents/GitHub/ProjectLonesomeRecovered/Project_lonesome 4.15/Content/FirstPersonBP/Blueprints/FirstPersonCharacter.uasset
[2017.06.07-09.13.51:211][736]LogTemp: Repeting last play command: New Editor Window (PIE)
[2017.06.07-09.13.51:263][736]LogBlueprintUserMessages: Early PlayInEditor Detection: Level '/Game/FirstPersonBP/Maps/FirstPersonExampleMap.FirstPersonExampleMap:PersistentLevel' has LevelScriptBlueprint '/Game/FirstPersonBP/Maps/FirstPersonExampleMap.FirstPersonExampleMap:PersistentLevel.FirstPersonExampleMap' with GeneratedClass '/Game/FirstPersonBP/Maps/FirstPersonExampleMap.FirstPersonExampleMap_C' with ClassGeneratedBy '/Game/FirstPersonBP/Maps/FirstPersonExampleMap.FirstPersonExampleMap:PersistentLevel.FirstPersonExampleMap'
[2017.06.07-09.13.51:263][736]LogPlayLevel: PlayLevel: No blueprints needed recompiling
[2017.06.07-09.13.51:305][736]PIE: New page: PIE session: FirstPersonExampleMap (Jun 6, 2017, 7:13:51 PM)
[2017.06.07-09.13.51:321][736]LogPlayLevel: Creating play world package: /Game/FirstPersonBP/Maps/UEDPIE_0_FirstPersonExampleMap
[2017.06.07-09.13.51:362][736]LogPlayLevel: PIE: StaticDuplicateObject took: (0.041034s)
[2017.06.07-09.13.51:364][736]LogAIModule: Creating AISystem for world FirstPersonExampleMap
[2017.06.07-09.13.51:364][736]LogPlayLevel: PIE: World Init took: (0.002202s)
[2017.06.07-09.13.51:365][736]LogPlayLevel: PIE: Created PIE world by copying editor world from /Game/FirstPersonBP/Maps/FirstPersonExampleMap.FirstPersonExampleMap to /Game/FirstPersonBP/Maps/UEDPIE_0_FirstPersonExampleMap.FirstPersonExampleMap (0.058780s)
[2017.06.07-09.13.51:456][736]LogInit: XAudio2 using 'AMD HDMI Output (AMD High Definition Audio Device)' : 2 channels at 48 kHz using 16 bits per sample (channel mask 0x3)
[2017.06.07-09.13.51:488][736]LogInit: FAudioDevice initialized.
[2017.06.07-09.13.51:604][736]LogLoad: Game class is 'FirstPersonGameMode_C'
[2017.06.07-09.13.51:669][736]LogWorld: Bringing World /Game/FirstPersonBP/Maps/UEDPIE_0_FirstPersonExampleMap.FirstPersonExampleMap up for play (max tick rate 60) at 2017.06.07-02.13.51
[2017.06.07-09.13.51:688][736]LogWorld: Bringing up level for play took: 0.023138
[2017.06.07-09.13.51:987][736]LogContentBrowser: Native class hierarchy updated for 'MovieSceneCapture' in 0.0010 seconds. Added 11 classes and 0 folders.
[2017.06.07-09.13.52:004][736]LogGameMode:Display: Match State Changed from EnteringMap to WaitingToStart
[2017.06.07-09.13.52:004][736]LogGameState: Match State Changed from EnteringMap to WaitingToStart
[2017.06.07-09.13.52:004][736]LogGameMode:Display: Match State Changed from WaitingToStart to InProgress
[2017.06.07-09.13.52:084][736]PIE:Warning: Warning The widget 'BasementLayout_C' was already added to the screen.
[2017.06.07-09.13.52:084][736]PIE:Warning: Warning The widget 'MainFloorLayout_C' was already added to the screen.
[2017.06.07-09.13.52:085][736]PIE:Warning: Warning The widget '2ndfloorlaylout_C' was already added to the screen.
[2017.06.07-09.13.52:085][736]PIE:Warning: Warning The widget '3rdFloorLayout_C' was already added to the screen.
[2017.06.07-09.13.52:086][736]LogGameState: Match State Changed from WaitingToStart to InProgress
[2017.06.07-09.13.52:103][736]PIE: Info Play in editor start time for /Game/FirstPersonBP/Maps/UEDPIE_0_FirstPersonExampleMap 1.353
[2017.06.07-09.13.52:112][736]LogBlueprintUserMessages: Late PlayInEditor Detection: Level '/Game/FirstPersonBP/Maps/FirstPersonExampleMap.FirstPersonExampleMap:PersistentLevel' has LevelScriptBlueprint '/Game/FirstPersonBP/Maps/FirstPersonExampleMap.FirstPersonExampleMap:PersistentLevel.FirstPersonExampleMap' with GeneratedClass '/Game/FirstPersonBP/Maps/FirstPersonExampleMap.FirstPersonExampleMap_C' with ClassGeneratedBy '/Game/FirstPersonBP/Maps/FirstPersonExampleMap.FirstPersonExampleMap:PersistentLevel.FirstPersonExampleMap'
[2017.06.07-09.13.53:625][814]LogGameMode:Display: Match State Changed from InProgress to LeavingMap
[2017.06.07-09.13.53:625][814]LogGameState: Match State Changed from InProgress to LeavingMap
[2017.06.07-09.13.53:625][814]LogNet: Browse: /Game/Levels/Second-Floor
[2017.06.07-09.13.53:625][814]LogLoad: LoadMap: /Game/Levels/Second-Floor
[2017.06.07-09.13.53:674][814]Cmd: MEM
[2017.06.07-09.13.53:721][814]LogMemory: Platform Memory Stats for Windows
[2017.06.07-09.13.53:721][814]LogMemory: Process Physical Memory: 1286.18 MB used, 1289.05 MB peak
[2017.06.07-09.13.53:721][814]LogMemory: Process Virtual Memory: 1197.98 MB used, 1199.12 MB peak
[2017.06.07-09.13.53:721][814]LogMemory: Physical Memory: 4647.29 MB used,  3455.45 MB free, 8102.73 MB total
[2017.06.07-09.13.53:721][814]LogMemory: Virtual Memory: 1856.71 MB used,  3455.45 MB free, 8388608.00 MB total
[2017.06.07-09.13.53:721][814]LogMemory: 
[2017.06.07-09.13.53:721][814]Allocator Stats for TBB: (not implemented)
[2017.06.07-09.14.08:904][814]LogTexture:Display: Building textures: HQ_Lightmap0_1 (AutoDXT, 1024X1024) - 93 MB total VRAM
[2017.06.07-09.14.09:425][814]LogTexture:Display: Building textures: HQ_Lightmap0_2 (AutoDXT, 1024X1024) - 93 MB total VRAM
[2017.06.07-09.14.09:883][814]LogTexture:Display: Building textures: HQ_Lightmap0_3 (AutoDXT, 1024X1024) - 93 MB total VRAM
[2017.06.07-09.14.10:270][814]LogTexture:Display: Building textures: HQ_Lightmap0_5 (AutoDXT, 64X64) - 93 MB total VRAM
[2017.06.07-09.14.10:324][814]LogTexture:Display: Building textures: HQ_Lightmap1_4 (AutoDXT, 512X512) - 93 MB total VRAM
[2017.06.07-09.14.10:471][814]LogTexture:Display: Building textures: LQ_Lightmap_0_1 (DXT1, 1024X1024) - 93 MB total VRAM
[2017.06.07-09.14.10:702][814]LogTexture:Display: Building textures: LQ_Lightmap_0_2 (DXT1, 1024X1024) - 93 MB total VRAM
[2017.06.07-09.14.10:960][814]LogTexture:Display: Building textures: LQ_Lightmap_0_3 (DXT1, 1024X1024) - 93 MB total VRAM
[2017.06.07-09.14.11:167][814]LogTexture:Display: Building textures: LQ_Lightmap_0_5 (DXT1, 64X64) - 93 MB total VRAM
[2017.06.07-09.14.11:172][814]LogTexture:Display: Building textures: LQ_Lightmap_1_4 (DXT1, 512X512) - 93 MB total VRAM
[2017.06.07-09.14.12:102][814]LogTexture:Display: Building textures: ShadowMapTexture2D_0 (BGRA8, 1024X1024) - 93 MB total VRAM
[2017.06.07-09.14.12:169][814]LogTexture:Display: Building textures: ShadowMapTexture2D_1 (G8, 32X32) - 93 MB total VRAM
[2017.06.07-09.14.38:434][814]LogAIModule: Creating AISystem for world Second-Floor
[2017.06.07-09.14.38:435][814]LogLoad: Game class is 'FirstPersonGameMode_C'
[2017.06.07-09.14.38:558][814]LogWorld: Bringing World /Game/Levels/UEDPIE_0_Second-Floor.Second-Floor up for play (max tick rate 3) at 2017.06.07-02.14.38
[2017.06.07-09.14.38:612][814]LogWorld: Bringing up level for play took: 0.174708
[2017.06.07-09.14.38:631][814]LogGameMode: FindPlayerStart: PATHS NOT DEFINED or NO PLAYERSTART with positive rating
[2017.06.07-09.14.38:662][814]LogGameMode:Display: Match State Changed from EnteringMap to WaitingToStart
[2017.06.07-09.14.38:662][814]LogGameState: Match State Changed from EnteringMap to WaitingToStart
[2017.06.07-09.14.38:662][814]LogGameMode:Display: Match State Changed from WaitingToStart to InProgress
[2017.06.07-09.14.38:670][814]PIE:Warning: Warning The widget 'BasementLayout_C' was already added to the screen.
[2017.06.07-09.14.38:671][814]PIE:Warning: Warning The widget 'MainFloorLayout_C' was already added to the screen.
[2017.06.07-09.14.38:671][814]PIE:Warning: Warning The widget '2ndfloorlaylout_C' was already added to the screen.
[2017.06.07-09.14.38:672][814]PIE:Warning: Warning The widget '3rdFloorLayout_C' was already added to the screen.
[2017.06.07-09.14.38:747][814]LogGameState: Match State Changed from WaitingToStart to InProgress
[2017.06.07-09.14.38:747][814]LogLoad: Took 45.120512 seconds to LoadMap(/Game/Levels/Second-Floor)
[2017.06.07-09.15.04:741][973]LogBlueprintUserMessages: Early EndPlayMap Detection: Level '/Game/FirstPersonBP/Maps/FirstPersonExampleMap.FirstPersonExampleMap:PersistentLevel' has LevelScriptBlueprint '/Game/FirstPersonBP/Maps/FirstPersonExampleMap.FirstPersonExampleMap:PersistentLevel.FirstPersonExampleMap' with GeneratedClass '/Game/FirstPersonBP/Maps/FirstPersonExampleMap.FirstPersonExampleMap_C' with ClassGeneratedBy '/Game/FirstPersonBP/Maps/FirstPersonExampleMap.FirstPersonExampleMap:PersistentLevel.FirstPersonExampleMap'
[2017.06.07-09.15.04:824][973]LogBlueprintUserMessages: Late EndPlayMap Detection: Level '/Game/FirstPersonBP/Maps/FirstPersonExampleMap.FirstPersonExampleMap:PersistentLevel' has LevelScriptBlueprint '/Game/FirstPersonBP/Maps/FirstPersonExampleMap.FirstPersonExampleMap:PersistentLevel.FirstPersonExampleMap' with GeneratedClass '/Game/FirstPersonBP/Maps/FirstPersonExampleMap.FirstPersonExampleMap_C' with ClassGeneratedBy '/Game/FirstPersonBP/Maps/FirstPersonExampleMap.FirstPersonExampleMap:PersistentLevel.FirstPersonExampleMap'
[2017.06.07-09.15.22:869][304]LogD3D11RHI: Timed out while waiting for GPU to catch up. (0.5 s)
[2017.06.07-09.15.23:755][310]LogD3D11RHI: Timed out while waiting for GPU to catch up. (0.5 s)
[2017.06.07-09.16.19:390][292]BlueprintLog: New page: Compile Door_Blueprint
[2017.06.07-09.16.20:081][292]LogSavePackage: Save=107.76ms
[2017.06.07-09.16.20:081][292]LogSavePackage: Moving '../../../../../../Users/David Barnes/Documents/GitHub/ProjectLonesomeRecovered/Project_lonesome 4.15/Saved/Door_Blueprint7DF369374061CBC827B29BBA40F74AD2.tmp' to '../../../../../../Users/David Barnes/Documents/GitHub/ProjectLonesomeRecovered/Project_lonesome 4.15/Content/SimpleDoorLockSystem/Blueprints/Door_Blueprint.uasset'
[2017.06.07-09.16.20:086][292]LogSavePackage:Display: Finished SavePackage ../../../../../../Users/David Barnes/Documents/GitHub/ProjectLonesomeRecovered/Project_lonesome 4.15/Content/SimpleDoorLockSystem/Blueprints/Door_Blueprint.uasset
[2017.06.07-09.16.21:003][332]LogSavePackage: Save=50.43ms
[2017.06.07-09.16.21:003][332]LogSavePackage: Moving '../../../../../../Users/David Barnes/Documents/GitHub/ProjectLonesomeRecovered/Project_lonesome 4.15/Saved/Door_Blueprint523DF4FB478BEFD7B90CD394D114A444.tmp' to '../../../../../../Users/David Barnes/Documents/GitHub/ProjectLonesomeRecovered/Project_lonesome 4.15/Content/SimpleDoorLockSystem/Blueprints/Door_Blueprint.uasset'
[2017.06.07-09.16.21:005][332]LogSavePackage:Display: Finished SavePackage ../../../../../../Users/David Barnes/Documents/GitHub/ProjectLonesomeRecovered/Project_lonesome 4.15/Content/SimpleDoorLockSystem/Blueprints/Door_Blueprint.uasset
[2017.06.07-09.16.25:063][570]LogTemp: Repeting last play command: New Editor Window (PIE)
[2017.06.07-09.16.25:096][570]LogBlueprintUserMessages: Early PlayInEditor Detection: Level '/Game/FirstPersonBP/Maps/FirstPersonExampleMap.FirstPersonExampleMap:PersistentLevel' has LevelScriptBlueprint '/Game/FirstPersonBP/Maps/FirstPersonExampleMap.FirstPersonExampleMap:PersistentLevel.FirstPersonExampleMap' with GeneratedClass '/Game/FirstPersonBP/Maps/FirstPersonExampleMap.FirstPersonExampleMap_C' with ClassGeneratedBy '/Game/FirstPersonBP/Maps/FirstPersonExampleMap.FirstPersonExampleMap:PersistentLevel.FirstPersonExampleMap'
[2017.06.07-09.16.25:096][570]LogPlayLevel: PlayLevel: No blueprints needed recompiling
[2017.06.07-09.16.25:097][570]PIE: New page: PIE session: FirstPersonExampleMap (Jun 6, 2017, 7:16:25 PM)
[2017.06.07-09.16.25:099][570]LogPlayLevel: Creating play world package: /Game/FirstPersonBP/Maps/UEDPIE_0_FirstPersonExampleMap
[2017.06.07-09.16.25:101][570]LogPlayLevel: PIE: StaticDuplicateObject took: (0.002442s)
[2017.06.07-09.16.25:102][570]LogAIModule: Creating AISystem for world FirstPersonExampleMap
[2017.06.07-09.16.25:102][570]LogPlayLevel: PIE: World Init took: (0.000777s)
[2017.06.07-09.16.25:102][570]LogPlayLevel: PIE: Created PIE world by copying editor world from /Game/FirstPersonBP/Maps/FirstPersonExampleMap.FirstPersonExampleMap to /Game/FirstPersonBP/Maps/UEDPIE_0_FirstPersonExampleMap.FirstPersonExampleMap (0.003502s)
[2017.06.07-09.16.25:219][570]LogInit: XAudio2 using 'AMD HDMI Output (AMD High Definition Audio Device)' : 2 channels at 48 kHz using 16 bits per sample (channel mask 0x3)
[2017.06.07-09.16.25:250][570]LogInit: FAudioDevice initialized.
[2017.06.07-09.16.25:316][570]LogLoad: Game class is 'FirstPersonGameMode_C'
[2017.06.07-09.16.25:319][570]LogWorld: Bringing World /Game/FirstPersonBP/Maps/UEDPIE_0_FirstPersonExampleMap.FirstPersonExampleMap up for play (max tick rate 60) at 2017.06.07-02.16.25
[2017.06.07-09.16.25:319][570]LogWorld: Bringing up level for play took: 0.002295
[2017.06.07-09.16.25:320][570]LogGameMode:Display: Match State Changed from EnteringMap to WaitingToStart
[2017.06.07-09.16.25:320][570]LogGameState: Match State Changed from EnteringMap to WaitingToStart
[2017.06.07-09.16.25:320][570]LogGameMode:Display: Match State Changed from WaitingToStart to InProgress
[2017.06.07-09.16.25:323][570]PIE:Warning: Warning The widget 'BasementLayout_C' was already added to the screen.
[2017.06.07-09.16.25:323][570]PIE:Warning: Warning The widget 'MainFloorLayout_C' was already added to the screen.
[2017.06.07-09.16.25:324][570]PIE:Warning: Warning The widget '2ndfloorlaylout_C' was already added to the screen.
[2017.06.07-09.16.25:324][570]PIE:Warning: Warning The widget '3rdFloorLayout_C' was already added to the screen.
[2017.06.07-09.16.25:325][570]LogGameState: Match State Changed from WaitingToStart to InProgress
[2017.06.07-09.16.25:330][570]PIE: Info Play in editor start time for /Game/FirstPersonBP/Maps/UEDPIE_0_FirstPersonExampleMap 0.576
[2017.06.07-09.16.25:330][570]LogBlueprintUserMessages: Late PlayInEditor Detection: Level '/Game/FirstPersonBP/Maps/FirstPersonExampleMap.FirstPersonExampleMap:PersistentLevel' has LevelScriptBlueprint '/Game/FirstPersonBP/Maps/FirstPersonExampleMap.FirstPersonExampleMap:PersistentLevel.FirstPersonExampleMap' with GeneratedClass '/Game/FirstPersonBP/Maps/FirstPersonExampleMap.FirstPersonExampleMap_C' with ClassGeneratedBy '/Game/FirstPersonBP/Maps/FirstPersonExampleMap.FirstPersonExampleMap:PersistentLevel.FirstPersonExampleMap'
[2017.06.07-09.16.26:694][636]LogGameMode:Display: Match State Changed from InProgress to LeavingMap
[2017.06.07-09.16.26:694][636]LogGameState: Match State Changed from InProgress to LeavingMap
[2017.06.07-09.16.26:695][636]LogNet: Browse: /Game/Levels/Second-Floor
[2017.06.07-09.16.26:695][636]LogLoad: LoadMap: /Game/Levels/Second-Floor
[2017.06.07-09.16.26:716][636]Cmd: MEM
[2017.06.07-09.16.26:736][636]LogMemory: Platform Memory Stats for Windows
[2017.06.07-09.16.26:737][636]LogMemory: Process Physical Memory: 2393.73 MB used, 2409.72 MB peak
[2017.06.07-09.16.26:737][636]LogMemory: Process Virtual Memory: 2317.46 MB used, 2317.48 MB peak
[2017.06.07-09.16.26:737][636]LogMemory: Physical Memory: 6863.82 MB used,  1238.91 MB free, 8102.73 MB total
[2017.06.07-09.16.26:737][636]LogMemory: Virtual Memory: 2983.32 MB used,  1238.91 MB free, 8388608.00 MB total
[2017.06.07-09.16.26:737][636]LogMemory: 
[2017.06.07-09.16.26:737][636]Allocator Stats for TBB: (not implemented)
[2017.06.07-09.16.33:736][636]LogAIModule: Creating AISystem for world Second-Floor
[2017.06.07-09.16.33:736][636]LogLoad: Game class is 'FirstPersonGameMode_C'
[2017.06.07-09.16.33:827][636]LogWorld: Bringing World /Game/Levels/UEDPIE_0_Second-Floor.Second-Floor up for play (max tick rate 60) at 2017.06.07-02.16.33
[2017.06.07-09.16.33:832][636]LogWorld: Bringing up level for play took: 0.094021
[2017.06.07-09.16.33:833][636]LogGameMode: FindPlayerStart: PATHS NOT DEFINED or NO PLAYERSTART with positive rating
[2017.06.07-09.16.33:833][636]LogGameMode:Display: Match State Changed from EnteringMap to WaitingToStart
[2017.06.07-09.16.33:833][636]LogGameState: Match State Changed from EnteringMap to WaitingToStart
[2017.06.07-09.16.33:833][636]LogGameMode:Display: Match State Changed from WaitingToStart to InProgress
[2017.06.07-09.16.33:836][636]PIE:Warning: Warning The widget 'BasementLayout_C' was already added to the screen.
[2017.06.07-09.16.33:836][636]PIE:Warning: Warning The widget 'MainFloorLayout_C' was already added to the screen.
[2017.06.07-09.16.33:837][636]PIE:Warning: Warning The widget '2ndfloorlaylout_C' was already added to the screen.
[2017.06.07-09.16.33:837][636]PIE:Warning: Warning The widget '3rdFloorLayout_C' was already added to the screen.
[2017.06.07-09.16.33:893][636]LogGameState: Match State Changed from WaitingToStart to InProgress
[2017.06.07-09.16.33:893][636]LogLoad: Took 7.198835 seconds to LoadMap(/Game/Levels/Second-Floor)
[2017.06.07-09.17.04:304][428]LogBlueprintUserMessages: Early EndPlayMap Detection: Level '/Game/FirstPersonBP/Maps/FirstPersonExampleMap.FirstPersonExampleMap:PersistentLevel' has LevelScriptBlueprint '/Game/FirstPersonBP/Maps/FirstPersonExampleMap.FirstPersonExampleMap:PersistentLevel.FirstPersonExampleMap' with GeneratedClass '/Game/FirstPersonBP/Maps/FirstPersonExampleMap.FirstPersonExampleMap_C' with ClassGeneratedBy '/Game/FirstPersonBP/Maps/FirstPersonExampleMap.FirstPersonExampleMap:PersistentLevel.FirstPersonExampleMap'
[2017.06.07-09.17.04:378][428]LogBlueprintUserMessages: Late EndPlayMap Detection: Level '/Game/FirstPersonBP/Maps/FirstPersonExampleMap.FirstPersonExampleMap:PersistentLevel' has LevelScriptBlueprint '/Game/FirstPersonBP/Maps/FirstPersonExampleMap.FirstPersonExampleMap:PersistentLevel.FirstPersonExampleMap' with GeneratedClass '/Game/FirstPersonBP/Maps/FirstPersonExampleMap.FirstPersonExampleMap_C' with ClassGeneratedBy '/Game/FirstPersonBP/Maps/FirstPersonExampleMap.FirstPersonExampleMap:PersistentLevel.FirstPersonExampleMap'
[2017.06.07-09.17.36:750][272]BlueprintLog: New page: Compile Door_Blueprint
[2017.06.07-09.17.37:187][272]LogSavePackage: Save=59.12ms
[2017.06.07-09.17.37:187][272]LogSavePackage: Moving '../../../../../../Users/David Barnes/Documents/GitHub/ProjectLonesomeRecovered/Project_lonesome 4.15/Saved/Door_Blueprint85F3E5E045772EE84259FBAE95A95C97.tmp' to '../../../../../../Users/David Barnes/Documents/GitHub/ProjectLonesomeRecovered/Project_lonesome 4.15/Content/SimpleDoorLockSystem/Blueprints/Door_Blueprint.uasset'
[2017.06.07-09.17.37:192][272]LogSavePackage:Display: Finished SavePackage ../../../../../../Users/David Barnes/Documents/GitHub/ProjectLonesomeRecovered/Project_lonesome 4.15/Content/SimpleDoorLockSystem/Blueprints/Door_Blueprint.uasset
[2017.06.07-09.17.50:142][809]LogSavePackage: Save=212.75ms
[2017.06.07-09.17.50:142][809]LogSavePackage: Moving '../../../../../../Users/David Barnes/Documents/GitHub/ProjectLonesomeRecovered/Project_lonesome 4.15/Saved/FirstPersonExampleMap2BA3CD0B4329647ACC9897A5D8E2C65B.tmp' to '../../../../../../Users/David Barnes/Documents/GitHub/ProjectLonesomeRecovered/Project_lonesome 4.15/Content/FirstPersonBP/Maps/FirstPersonExampleMap.umap'
[2017.06.07-09.17.50:147][809]LogSavePackage:Display: Finished SavePackage ../../../../../../Users/David Barnes/Documents/GitHub/ProjectLonesomeRecovered/Project_lonesome 4.15/Content/FirstPersonBP/Maps/FirstPersonExampleMap.umap
[2017.06.07-09.17.50:231][809]LogFileHelpers: Saving map 'FirstPersonExampleMap' took 1.722
[2017.06.07-09.17.51:047][810]Cmd: QUIT_EDITOR
[2017.06.07-09.17.51:877][810]LogExit: Preparing to exit.
[2017.06.07-09.17.53:213][810]LogDirectoryWatcher: A directory notification for 'C:/Users/David Barnes/Documents/GitHub/ProjectLonesomeRecovered/Project_lonesome 4.15/Content/' was aborted.
[2017.06.07-09.17.53:448][810]LogExit: Editor shut down
[2017.06.07-09.17.53:449][810]LogExit: Transaction tracking system shut down
[2017.06.07-09.17.56:016][810]LogObj: Freed 0b from 0 cluster array pools.
[2017.06.07-09.17.56:016][810]LogExit: Object subsystem successfully closed.
[2017.06.07-09.17.56:238][810]LogD3D11RHI: Shutdown
[2017.06.07-09.17.56:238][810]LogD3D11RHI: CleanupD3DDevice
[2017.06.07-09.17.56:618][810]LogD3D11RHI: ~FD3D11DynamicRHI
[2017.06.07-09.17.57:826][810]LogModuleManager: Shutting down and abandoning module MovieSceneCapture (504)
[2017.06.07-09.17.57:826][810]LogModuleManager: Shutting down and abandoning module BlueprintGraph (502)
[2017.06.07-09.17.57:826][810]LogModuleManager: Shutting down and abandoning module BlueprintProfiler (500)
[2017.06.07-09.17.57:961][810]LogModuleManager: Shutting down and abandoning module HierarchicalLODOutliner (498)
[2017.06.07-09.17.57:961][810]LogModuleManager: Shutting down and abandoning module CrashTracker (496)
[2017.06.07-09.17.57:961][810]LogModuleManager: Shutting down and abandoning module SceneOutliner (494)
[2017.06.07-09.17.57:961][810]LogModuleManager: Shutting down and abandoning module AddContentDialog (492)
[2017.06.07-09.17.58:062][810]LogDirectoryWatcher: A directory notification for 'C:/Program Files/Epic Games/UE_4.15/FeaturePacks/' was aborted.
[2017.06.07-09.17.58:138][810]LogModuleManager: Shutting down and abandoning module WidgetCarousel (491)
[2017.06.07-09.17.58:138][810]LogModuleManager: Shutting down and abandoning module EditorWidgets (488)
[2017.06.07-09.17.58:138][810]LogModuleManager: Shutting down and abandoning module CollectionManager (486)
[2017.06.07-09.17.58:138][810]LogDirectoryWatcher: A directory notification for 'C:/Users/David Barnes/Documents/GitHub/ProjectLonesomeRecovered/Project_lonesome 4.15/Content/Collections/' was aborted.
[2017.06.07-09.17.58:138][810]LogDirectoryWatcher: A directory notification for 'C:/Users/David Barnes/Documents/GitHub/ProjectLonesomeRecovered/Project_lonesome 4.15/Content/Developers/DavidBarnes/Collections/' was aborted.
[2017.06.07-09.17.58:138][810]LogDirectoryWatcher: A directory notification for 'C:/Users/David Barnes/Documents/GitHub/ProjectLonesomeRecovered/Project_lonesome 4.15/Saved/Collections/' was aborted.
[2017.06.07-09.17.58:138][810]LogModuleManager: Shutting down and abandoning module StatsViewer (484)
[2017.06.07-09.17.58:138][810]LogModuleManager: Shutting down and abandoning module FoliageEdit (482)
[2017.06.07-09.17.58:138][810]LogModuleManager: Shutting down and abandoning module LandscapeEditor (480)
[2017.06.07-09.17.58:138][810]LogModuleManager: Shutting down and abandoning module SceneDepthPickerMode (478)
[2017.06.07-09.17.58:138][810]LogModuleManager: Shutting down and abandoning module ActorPickerMode (476)
[2017.06.07-09.17.58:138][810]LogModuleManager: Shutting down and abandoning module GeometryMode (474)
[2017.06.07-09.17.58:138][810]LogModuleManager: Shutting down and abandoning module TextureAlignMode (472)
[2017.06.07-09.17.58:138][810]LogModuleManager: Shutting down and abandoning module BspMode (470)
[2017.06.07-09.17.58:138][810]LogModuleManager: Shutting down and abandoning module HardwareSurvey (468)
[2017.06.07-09.17.58:138][810]LogModuleManager: Shutting down and abandoning module SequenceRecorderSections (466)
[2017.06.07-09.17.58:138][810]LogModuleManager: Shutting down and abandoning module AutomationWorker (464)
[2017.06.07-09.17.58:138][810]LogModuleManager: Shutting down and abandoning module MatineeToLevelSequence (462)
[2017.06.07-09.17.58:138][810]LogModuleManager: Shutting down and abandoning module LevelSequenceEditor (460)
[2017.06.07-09.17.58:223][810]LogModuleManager: Shutting down and abandoning module PlacementMode (459)
[2017.06.07-09.17.58:223][810]LogModuleManager: Shutting down and abandoning module WmfMediaFactory (456)
[2017.06.07-09.17.58:223][810]LogModuleManager: Shutting down and abandoning module WmfMediaEditor (454)
[2017.06.07-09.17.58:223][810]LogModuleManager: Shutting down and abandoning module MfMediaFactory (452)
[2017.06.07-09.17.58:223][810]LogModuleManager: Shutting down and abandoning module MfMediaEditor (450)
[2017.06.07-09.17.58:223][810]LogModuleManager: Shutting down and abandoning module AvfMediaFactory (448)
[2017.06.07-09.17.58:223][810]LogModuleManager: Shutting down and abandoning module AvfMediaEditor (446)
[2017.06.07-09.17.58:223][810]LogModuleManager: Shutting down and abandoning module AndroidMediaFactory (444)
[2017.06.07-09.17.58:223][810]LogModuleManager: Shutting down and abandoning module Media (443)
[2017.06.07-09.17.58:223][810]LogModuleManager: Shutting down and abandoning module AndroidMediaEditor (440)
[2017.06.07-09.17.58:223][810]LogModuleManager: Shutting down and abandoning module CharacterAI (438)
[2017.06.07-09.17.58:223][810]LogModuleManager: Shutting down and abandoning module AudioCapture (436)
[2017.06.07-09.17.58:235][810]LogModuleManager: Shutting down and abandoning module SequenceRecorder (435)
[2017.06.07-09.17.58:265][810]LogModuleManager: Shutting down and abandoning module SmartSnapping (432)
[2017.06.07-09.17.58:265][810]LogModuleManager: Shutting down and abandoning module SessionServices (430)
[2017.06.07-09.17.58:265][810]LogModuleManager: Shutting down and abandoning module ViewportSnapping (428)
[2017.06.07-09.17.58:265][810]LogModuleManager: Shutting down and abandoning module ViewportInteraction (426)
[2017.06.07-09.17.58:265][810]LogModuleManager: Shutting down and abandoning module LogVisualizer (424)
[2017.06.07-09.17.58:297][810]LogModuleManager: Shutting down and abandoning module IntroTutorials (422)
[2017.06.07-09.17.58:318][810]LogModuleManager: Shutting down and abandoning module GameProjectGeneration (421)
[2017.06.07-09.17.58:318][810]LogModuleManager: Shutting down and abandoning module EditorLiveStreaming (418)
[2017.06.07-09.17.58:318][810]LogModuleManager: Shutting down and abandoning module IOSPlatformEditor (416)
[2017.06.07-09.17.58:318][810]LogModuleManager: Shutting down and abandoning module HTML5PlatformEditor (414)
[2017.06.07-09.17.58:318][810]LogModuleManager: Shutting down and abandoning module AndroidPlatformEditor (412)
[2017.06.07-09.17.58:337][810]LogModuleManager: Shutting down and abandoning module AndroidDeviceDetection (411)
[2017.06.07-09.17.58:474][810]LogModuleManager: Shutting down and abandoning module IOSRuntimeSettings (408)
[2017.06.07-09.17.58:474][810]LogModuleManager: Shutting down and abandoning module AndroidRuntimeSettings (406)
[2017.06.07-09.17.58:474][810]LogModuleManager: Shutting down and abandoning module InputBindingEditor (404)
[2017.06.07-09.17.58:501][810]LogModuleManager: Shutting down and abandoning module NiagaraEditor (402)
[2017.06.07-09.17.58:537][810]LogModuleManager: Shutting down and abandoning module MergeActors (400)
[2017.06.07-09.17.58:552][810]LogModuleManager: Shutting down and abandoning module SizeMap (398)
[2017.06.07-09.17.58:560][810]LogModuleManager: Shutting down and abandoning module TreeMap (396)
[2017.06.07-09.17.58:572][810]LogModuleManager: Shutting down and abandoning module ReferenceViewer (394)
[2017.06.07-09.17.58:572][810]LogModuleManager: Shutting down and abandoning module LocalizationDashboard (392)
[2017.06.07-09.17.58:575][810]LogModuleManager: Shutting down and abandoning module LocalizationService (391)
[2017.06.07-09.17.58:584][810]LogModuleManager: Shutting down and abandoning module HardwareTargeting (388)
[2017.06.07-09.17.58:584][810]LogModuleManager: Shutting down and abandoning module DeviceProfileEditor (386)
[2017.06.07-09.17.58:595][810]LogModuleManager: Shutting down and abandoning module UndoHistory (384)
[2017.06.07-09.17.58:611][810]LogModuleManager: Shutting down and abandoning module UserFeedback (382)
[2017.06.07-09.17.58:611][810]LogModuleManager: Shutting down and abandoning module XmlParser (380)
[2017.06.07-09.17.58:630][810]LogModuleManager: Shutting down and abandoning module Blutility (378)
[2017.06.07-09.17.58:645][810]LogModuleManager: Shutting down and abandoning module ProjectSettingsViewer (376)
[2017.06.07-09.17.58:645][810]LogModuleManager: Shutting down and abandoning module ProjectTargetPlatformEditor (375)
[2017.06.07-09.17.58:645][810]LogModuleManager: Shutting down and abandoning module EditorSettingsViewer (372)
[2017.06.07-09.17.58:645][810]LogModuleManager: Shutting down and abandoning module SettingsEditor (370)
[2017.06.07-09.17.58:655][810]LogModuleManager: Shutting down and abandoning module ProjectLauncher (368)
[2017.06.07-09.17.58:694][810]LogModuleManager: Shutting down and abandoning module SessionFrontend (366)
[2017.06.07-09.17.58:710][810]LogModuleManager: Shutting down and abandoning module ProfilerClient (364)
[2017.06.07-09.17.58:722][810]LogModuleManager: Shutting down and abandoning module DeviceManager (362)
[2017.06.07-09.17.58:744][810]LogModuleManager: Shutting down and abandoning module TargetDeviceServices (361)
[2017.06.07-09.17.58:784][810]LogModuleManager: Shutting down and abandoning module AutomationController (358)
[2017.06.07-09.17.58:806][810]LogModuleManager: Shutting down and abandoning module AutomationWindow (356)
[2017.06.07-09.17.58:839][810]LogModuleManager: Shutting down and abandoning module Layers (354)
[2017.06.07-09.17.58:943][810]LogModuleManager: Shutting down and abandoning module ComponentVisualizers (352)
[2017.06.07-09.17.58:943][810]LogModuleManager: Shutting down and abandoning module DetailCustomizations (350)
[2017.06.07-09.17.58:973][810]LogModuleManager: Shutting down and abandoning module PackagesDialog (348)
[2017.06.07-09.17.58:974][810]LogModuleManager: Shutting down and abandoning module Persona (346)
[2017.06.07-09.17.59:015][810]LogModuleManager: Shutting down and abandoning module AnimGraph (345)
[2017.06.07-09.17.59:015][810]LogModuleManager: Shutting down and abandoning module Kismet (342)
[2017.06.07-09.17.59:064][810]LogModuleManager: Shutting down and abandoning module GraphEditor (340)
[2017.06.07-09.17.59:064][810]LogModuleManager: Shutting down and abandoning module ClassViewer (338)
[2017.06.07-09.17.59:064][810]LogModuleManager: Shutting down and abandoning module Toolbox (336)
[2017.06.07-09.17.59:064][810]LogModuleManager: Shutting down and abandoning module ModuleUI (334)
[2017.06.07-09.17.59:069][810]LogModuleManager: Shutting down and abandoning module MovieSceneTools (332)
[2017.06.07-09.17.59:087][810]LogModuleManager: Shutting down and abandoning module OutputLog (330)
[2017.06.07-09.17.59:105][810]LogModuleManager: Shutting down and abandoning module GammaUI (328)
[2017.06.07-09.17.59:121][810]LogModuleManager: Shutting down and abandoning module Documentation (326)
[2017.06.07-09.17.59:121][810]LogModuleManager: Shutting down and abandoning module Niagara (324)
[2017.06.07-09.17.59:121][810]LogModuleManager: Shutting down and abandoning module StreamingPauseRendering (322)
[2017.06.07-09.17.59:121][810]LogModuleManager: Shutting down and abandoning module AnalyticsET (320)
[2017.06.07-09.17.59:121][810]LogModuleManager: Shutting down and abandoning module PortalServices (318)
[2017.06.07-09.17.59:121][810]LogModuleManager: Shutting down and abandoning module PortalRpc (316)
[2017.06.07-09.17.59:121][810]LogModuleManager: Shutting down and abandoning module MessagingRpc (314)
[2017.06.07-09.17.59:121][810]LogModuleManager: Shutting down and abandoning module AIModule (312)
[2017.06.07-09.17.59:139][810]LogModuleManager: Shutting down and abandoning module GameplayDebugger (311)
[2017.06.07-09.17.59:156][810]LogModuleManager: Shutting down and abandoning module AITestSuite (309)
[2017.06.07-09.17.59:156][810]LogModuleManager: Shutting down and abandoning module ProfilerService (306)
[2017.06.07-09.17.59:194][810]LogModuleManager: Shutting down and abandoning module TaskGraph (304)
[2017.06.07-09.17.59:217][810]LogModuleManager: Shutting down and abandoning module SteamVRController (302)
[2017.06.07-09.17.59:217][810]LogModuleManager: Shutting down and abandoning module SteamVR (300)
[2017.06.07-09.17.59:217][810]LogModuleManager: Shutting down and abandoning module ProceduralMeshComponentEditor (298)
[2017.06.07-09.17.59:217][810]LogModuleManager: Shutting down and abandoning module ProceduralMeshComponent (296)
[2017.06.07-09.17.59:241][810]LogModuleManager: Shutting down and abandoning module OculusLibrary (294)
[2017.06.07-09.17.59:241][810]LogModuleManager: Shutting down and abandoning module OculusInput (292)
[2017.06.07-09.17.59:241][810]LogModuleManager: Shutting down and abandoning module MobilePatchingUtils (290)
[2017.06.07-09.17.59:242][810]LogModuleManager: Shutting down and abandoning module CustomMeshComponent (288)
[2017.06.07-09.17.59:242][810]LogModuleManager: Shutting down and abandoning module CableComponent (286)
[2017.06.07-09.17.59:270][810]LogModuleManager: Shutting down and abandoning module ArchVisCharacter (284)
[2017.06.07-09.17.59:270][810]LogModuleManager: Shutting down and abandoning module MediaPlayerEditor (280)
[2017.06.07-09.17.59:340][810]LogModuleManager: Shutting down and abandoning module HTML5Networking (278)
[2017.06.07-09.17.59:341][810]LogModuleManager: Shutting down and abandoning module AlembicImporter (276)
[2017.06.07-09.17.59:352][810]LogModuleManager: Shutting down and abandoning module AlembicLibrary (275)
[2017.06.07-09.17.59:352][810]LogModuleManager: Shutting down and abandoning module GeometryCache (274)
[2017.06.07-09.17.59:437][810]LogModuleManager: Shutting down and abandoning module GeometryCacheEd (273)
[2017.06.07-09.17.59:437][810]LogModuleManager: Shutting down and abandoning module SuperSearchEditor (268)
[2017.06.07-09.17.59:437][810]LogModuleManager: Shutting down and abandoning module SuperSearch (267)
[2017.06.07-09.17.59:437][810]LogModuleManager: Shutting down and abandoning module SpeedTreeImporter (264)
[2017.06.07-09.17.59:437][810]LogModuleManager: Shutting down and abandoning module PluginBrowser (262)
[2017.06.07-09.17.59:885][810]LogModuleManager: Shutting down and abandoning module MobileLauncherProfileWizard (260)
[2017.06.07-09.18.00:122][810]LogModuleManager: Shutting down and abandoning module EpicSurvey (258)
[2017.06.07-09.18.00:122][810]LogModuleManager: Shutting down and abandoning module VisualStudioSourceCodeAccess (256)
[2017.06.07-09.18.00:213][810]LogModuleManager: Shutting down and abandoning module DesktopPlatform (255)
[2017.06.07-09.18.00:213][810]LogModuleManager: Shutting down and abandoning module UObjectPlugin (252)
[2017.06.07-09.18.00:213][810]LogModuleManager: Shutting down and abandoning module SubversionSourceControl (250)
[2017.06.07-09.18.00:399][810]LogModuleManager: Shutting down and abandoning module PerforceSourceControl (248)
[2017.06.07-09.18.00:533][810]LogModuleManager: Shutting down and abandoning module GitSourceControl (246)
[2017.06.07-09.18.00:547][810]LogModuleManager: Shutting down and abandoning module SourceControl (245)
[2017.06.07-09.18.00:560][810]LogModuleManager: Shutting down and abandoning module LightPropagationVolumeEditor (242)
[2017.06.07-09.18.00:560][810]LogModuleManager: Shutting down and abandoning module PaperTiledImporter (240)
[2017.06.07-09.18.00:560][810]LogModuleManager: Shutting down and abandoning module PaperSpriteSheetImporter (238)
[2017.06.07-09.18.00:560][810]LogModuleManager: Shutting down and abandoning module Paper2DEditor (236)
[2017.06.07-09.18.00:587][810]LogModuleManager: Shutting down and abandoning module MeshPaint (235)
[2017.06.07-09.18.00:604][810]LogModuleManager: Shutting down and abandoning module LevelEditor (233)
[2017.06.07-09.18.00:650][810]LogModuleManager: Shutting down and abandoning module PixelInspectorModule (232)
[2017.06.07-09.18.00:691][810]LogModuleManager: Shutting down and abandoning module MainFrame (230)
[2017.06.07-09.18.00:691][810]LogModuleManager: Shutting down and abandoning module HotReload (229)
[2017.06.07-09.18.00:704][810]LogModuleManager: Shutting down and abandoning module ContentBrowser (225)
[2017.06.07-09.18.00:704][810]LogModuleManager: Shutting down and abandoning module PhysXVehiclesEditor (222)
[2017.06.07-09.18.00:732][810]LogModuleManager: Shutting down and abandoning module PhysXVehicles (220)
[2017.06.07-09.18.00:732][810]LogModuleManager: Shutting down and abandoning module LocationServicesBPLibrary (218)
[2017.06.07-09.18.00:732][810]LogModuleManager: Shutting down and abandoning module UdpMessaging (216)
[2017.06.07-09.18.00:832][810]LogModuleManager: Shutting down and abandoning module TcpMessaging (214)
[2017.06.07-09.18.00:956][810]LogModuleManager: Shutting down and abandoning module GameplayTagsEditor (212)
[2017.06.07-09.18.00:992][810]LogModuleManager: Shutting down and abandoning module FacialAnimationEditor (210)
[2017.06.07-09.18.01:044][810]LogModuleManager: Shutting down and abandoning module FacialAnimation (208)
[2017.06.07-09.18.01:044][810]LogModuleManager: Shutting down and abandoning module LightPropagationVolumeRuntime (206)
[2017.06.07-09.18.01:044][810]LogModuleManager: Shutting down and abandoning module Paper2D (204)
[2017.06.07-09.18.01:080][810]LogModuleManager: Shutting down and abandoning module WindowsMoviePlayer (202)
[2017.06.07-09.18.01:141][810]LogModuleManager: Shutting down and abandoning module WmfMedia (200)
[2017.06.07-09.18.01:275][810]LogModuleManager: Shutting down and abandoning module MfMedia (198)
[2017.06.07-09.18.01:275][810]LogModuleManager: Shutting down and abandoning module MediaAssets (196)
[2017.06.07-09.18.01:275][810]LogModuleManager: Shutting down and abandoning module GameLiveStreaming (194)
[2017.06.07-09.18.01:289][810]LogModuleManager: Shutting down and abandoning module VREditor (192)
[2017.06.07-09.18.01:289][810]LogModuleManager: Shutting down and abandoning module GameplayTasksEditor (190)
[2017.06.07-09.18.01:289][810]LogModuleManager: Shutting down and abandoning module BehaviorTreeEditor (188)
[2017.06.07-09.18.01:428][810]LogModuleManager: Shutting down and abandoning module FunctionalTesting (186)
[2017.06.07-09.18.01:428][810]LogModuleManager: Shutting down and abandoning module CollisionAnalyzer (184)
[2017.06.07-09.18.01:514][810]LogModuleManager: Shutting down and abandoning module UMG (182)
[2017.06.07-09.18.01:514][810]LogModuleManager: Shutting down and abandoning module UMGEditor (181)
[2017.06.07-09.18.02:529][810]LogModuleManager: Shutting down and abandoning module Sequencer (180)
[2017.06.07-09.18.02:744][810]LogModuleManager: Shutting down and abandoning module AssetTools (178)
[2017.06.07-09.18.02:935][810]LogModuleManager: Shutting down and abandoning module MessageLog (177)
[2017.06.07-09.18.02:935][810]LogModuleManager: Shutting down and abandoning module WorkspaceMenuStructure (176)
[2017.06.07-09.18.02:935][810]LogModuleManager: Shutting down and abandoning module SlateReflector (170)
[2017.06.07-09.18.03:053][810]LogModuleManager: Shutting down and abandoning module Slate (168)
[2017.06.07-09.18.03:053][810]LogModuleManager: Shutting down and abandoning module EditorStyle (166)
[2017.06.07-09.18.03:060][810]LogModuleManager: Shutting down and abandoning module SourceCodeAccess (164)
[2017.06.07-09.18.03:078][810]LogModuleManager: Shutting down and abandoning module HeadMountedDisplay (162)
[2017.06.07-09.18.03:078][810]LogModuleManager: Shutting down and abandoning module XAudio2 (160)
[2017.06.07-09.18.03:078][810]LogModuleManager: Shutting down and abandoning module Networking (158)
[2017.06.07-09.18.03:078][810]LogModuleManager: Shutting down and abandoning module Core (154)
[2017.06.07-09.18.03:078][810]LogModuleManager: Shutting down and abandoning module AssetRegistry (152)
[2017.06.07-09.18.03:232][810]LogDirectoryWatcher: A directory notification for '../../../Engine/Content/' was aborted.
[2017.06.07-09.18.03:232][810]LogDirectoryWatcher: A directory notification for '../../../../../../Users/David Barnes/Documents/GitHub/ProjectLonesomeRecovered/Project_lonesome 4.15/Content/' was aborted.
[2017.06.07-09.18.03:232][810]LogDirectoryWatcher: A directory notification for '../../../Engine/Plugins/2D/Paper2D/Content/' was aborted.
[2017.06.07-09.18.03:246][810]LogModuleManager: Shutting down and abandoning module DirectoryWatcher (151)
[2017.06.07-09.18.03:247][810]LogModuleManager: Shutting down and abandoning module KismetCompiler (148)
[2017.06.07-09.18.03:247][810]LogModuleManager: Shutting down and abandoning module PhysXFormats (146)
[2017.06.07-09.18.03:247][810]LogModuleManager: Shutting down and abandoning module MeshUtilities (144)
[2017.06.07-09.18.03:289][810]LogModuleManager: Shutting down and abandoning module SimplygonSwarm (143)
[2017.06.07-09.18.03:299][810]LogModuleManager: Shutting down and abandoning module SimplygonMeshReduction (141)
[2017.06.07-09.18.03:299][810]LogModuleManager: Shutting down and abandoning module QuadricMeshReduction (139)
[2017.06.07-09.18.03:307][810]LogModuleManager: Shutting down and abandoning module PropertyEditor (137)
[2017.06.07-09.18.03:307][810]LogModuleManager: Shutting down and abandoning module DerivedDataCache (134)
[2017.06.07-09.18.03:360][810]LogDerivedDataCache: Shutdown
[2017.06.07-09.18.03:360][810]LogModuleManager: Shutting down and abandoning module TargetPlatform (132)
[2017.06.07-09.18.03:360][810]LogModuleManager: Shutting down and abandoning module VulkanShaderFormat (131)
[2017.06.07-09.18.03:374][810]LogModuleManager: Shutting down and abandoning module ShaderFormatOpenGL (129)
[2017.06.07-09.18.03:393][810]LogModuleManager: Shutting down and abandoning module ShaderFormatD3D (127)
[2017.06.07-09.18.03:400][810]LogModuleManager: Shutting down and abandoning module MetalShaderFormat (125)
[2017.06.07-09.18.03:411][810]LogModuleManager: Shutting down and abandoning module TextureFormatUncompressed (123)
[2017.06.07-09.18.03:411][810]LogModuleManager: Shutting down and abandoning module TextureFormatPVR (121)
[2017.06.07-09.18.03:411][810]LogModuleManager: Shutting down and abandoning module TextureFormatDXT (119)
[2017.06.07-09.18.03:411][810]LogModuleManager: Shutting down and abandoning module TextureFormatIntelISPCTexComp (117)
[2017.06.07-09.18.03:442][810]LogModuleManager: Shutting down and abandoning module TextureFormatASTC (115)
[2017.06.07-09.18.03:442][810]LogModuleManager: Shutting down and abandoning module ImageWrapper (114)
[2017.06.07-09.18.03:442][810]LogModuleManager: Shutting down and abandoning module TextureFormatAndroid (111)
[2017.06.07-09.18.03:442][810]LogModuleManager: Shutting down and abandoning module AudioFormatOpus (109)
[2017.06.07-09.18.03:461][810]LogModuleManager: Shutting down and abandoning module AudioFormatOgg (107)
[2017.06.07-09.18.03:461][810]LogModuleManager: Shutting down and abandoning module AudioFormatADPCM (105)
[2017.06.07-09.18.03:461][810]LogModuleManager: Shutting down and abandoning module LinuxTargetPlatform (103)
[2017.06.07-09.18.03:461][810]LogModuleManager: Shutting down and abandoning module LinuxServerTargetPlatform (101)
[2017.06.07-09.18.03:461][810]LogModuleManager: Shutting down and abandoning module LinuxNoEditorTargetPlatform (99)
[2017.06.07-09.18.03:461][810]LogModuleManager: Shutting down and abandoning module LinuxClientTargetPlatform (97)
[2017.06.07-09.18.03:461][810]LogModuleManager: Shutting down and abandoning module TVOSTargetPlatform (95)
[2017.06.07-09.18.03:461][810]LogModuleManager: Shutting down and abandoning module Messaging (93)
[2017.06.07-09.18.03:462][810]LogModuleManager: Shutting down and abandoning module IOSTargetPlatform (91)
[2017.06.07-09.18.03:462][810]LogModuleManager: Shutting down and abandoning module HTML5TargetPlatform (89)
[2017.06.07-09.18.03:462][810]LogModuleManager: Shutting down and abandoning module Android_PVRTCTargetPlatform (87)
[2017.06.07-09.18.03:462][810]LogModuleManager: Shutting down and abandoning module Android_MultiTargetPlatform (85)
[2017.06.07-09.18.03:462][810]LogModuleManager: Shutting down and abandoning module Android_ETC2TargetPlatform (83)
[2017.06.07-09.18.03:462][810]LogModuleManager: Shutting down and abandoning module Android_ETC1TargetPlatform (81)
[2017.06.07-09.18.03:462][810]LogModuleManager: Shutting down and abandoning module Android_DXTTargetPlatform (79)
[2017.06.07-09.18.03:462][810]LogModuleManager: Shutting down and abandoning module Android_ATCTargetPlatform (77)
[2017.06.07-09.18.03:462][810]LogModuleManager: Shutting down and abandoning module Android_ASTCTargetPlatform (75)
[2017.06.07-09.18.03:462][810]LogModuleManager: Shutting down and abandoning module AndroidTargetPlatform (73)
[2017.06.07-09.18.03:462][810]LogModuleManager: Shutting down and abandoning module WindowsTargetPlatform (71)
[2017.06.07-09.18.03:462][810]LogModuleManager: Shutting down and abandoning module WindowsServerTargetPlatform (69)
[2017.06.07-09.18.03:462][810]LogModuleManager: Shutting down and abandoning module WindowsNoEditorTargetPlatform (67)
[2017.06.07-09.18.03:462][810]LogModuleManager: Shutting down and abandoning module WindowsClientTargetPlatform (65)
[2017.06.07-09.18.03:462][810]LogModuleManager: Shutting down and abandoning module MacTargetPlatform (63)
[2017.06.07-09.18.03:462][810]LogModuleManager: Shutting down and abandoning module MacServerTargetPlatform (61)
[2017.06.07-09.18.03:462][810]LogModuleManager: Shutting down and abandoning module MacNoEditorTargetPlatform (59)
[2017.06.07-09.18.03:462][810]LogModuleManager: Shutting down and abandoning module MacClientTargetPlatform (57)
[2017.06.07-09.18.03:462][810]LogModuleManager: Shutting down and abandoning module AllDesktopTargetPlatform (55)
[2017.06.07-09.18.03:462][810]LogModuleManager: Shutting down and abandoning module InputCore (52)
[2017.06.07-09.18.03:462][810]LogModuleManager: Shutting down and abandoning module Settings (50)
[2017.06.07-09.18.03:462][810]LogModuleManager: Shutting down and abandoning module OculusRift (48)
[2017.06.07-09.18.03:478][810]LogModuleManager: Shutting down and abandoning module GearVR (46)
[2017.06.07-09.18.03:478][810]LogModuleManager: Shutting down and abandoning module ExampleDeviceProfileSelector (44)
[2017.06.07-09.18.03:478][810]LogModuleManager: Shutting down and abandoning module OnlineBlueprintSupport (42)
[2017.06.07-09.18.03:478][810]LogModuleManager: Shutting down and abandoning module OnlineSubsystem (38)
[2017.06.07-09.18.03:478][810]LogOnline:Display: Unloading online subsystem: NULL
[2017.06.07-09.18.03:508][810]LogModuleManager: Shutting down and abandoning module XMPP (37)
[2017.06.07-09.18.03:545][810]LogModuleManager: Shutting down and abandoning module HTTP (35)
[2017.06.07-09.18.03:563][810]LogHttp:Display: Http module shutting down, but needs to wait on 1 outstanding Http requests:
[2017.06.07-09.18.03:563][810]LogHttp:Display: 	verb=[POST] url=[https://datarouter.ol.epicgames.com/datarouter/api/v1/public/data?SessionID=%7B2B737D2A-407A-450B-52F4-C286910CDBAE%7D&AppID=UEEditor.Rocket.Release&AppVersion=4.15.3-3450819%2B%2B%2BUE4%2BRelease-4.15&UserID=4278389f403734887db976a03c31ed8e%7Cd0d040405f714979ab58dc88f0f3c041%7C79b56738-e3c7-4191-a229-5627e388fa48&AppEnvironment=datacollector-binary&UploadType=eteventstream] status=Processing
[2017.06.07-09.18.03:592][810]LogModuleManager: Shutting down and abandoning module SSL (34)
[2017.06.07-09.18.03:596][810]LogModuleManager: Shutting down and abandoning module AudioEditor (30)
[2017.06.07-09.18.03:596][810]LogModuleManager: Shutting down and abandoning module TextureCompressor (28)
[2017.06.07-09.18.03:596][810]LogModuleManager: Shutting down and abandoning module ShaderCore (26)
[2017.06.07-09.18.03:596][810]LogModuleManager: Shutting down and abandoning module Landscape (24)
[2017.06.07-09.18.03:596][810]LogModuleManager: Shutting down and abandoning module SlateRHIRenderer (22)
[2017.06.07-09.18.03:640][810]LogModuleManager: Shutting down and abandoning module OpenGLDrv (20)
[2017.06.07-09.18.03:654][810]LogModuleManager: Shutting down and abandoning module D3D11RHI (18)
[2017.06.07-09.18.03:654][810]LogModuleManager: Shutting down and abandoning module AnimGraphRuntime (16)
[2017.06.07-09.18.03:671][810]LogModuleManager: Shutting down and abandoning module Renderer (14)
[2017.06.07-09.18.03:671][810]LogModuleManager: Shutting down and abandoning module Engine (12)
[2017.06.07-09.18.03:671][810]LogModuleManager: Shutting down and abandoning module CoreUObject (10)
[2017.06.07-09.18.03:671][810]LogModuleManager: Shutting down and abandoning module NetworkFile (8)
[2017.06.07-09.18.03:693][810]LogModuleManager: Shutting down and abandoning module StreamingFile (6)
[2017.06.07-09.18.03:699][810]LogModuleManager: Shutting down and abandoning module SandboxFile (4)
[2017.06.07-09.18.03:699][810]LogModuleManager: Shutting down and abandoning module PakFile (2)
[2017.06.07-09.18.03:725][810]LogExit: Exiting.
[2017.06.07-09.18.03:755][810]Log file closed, 06/07/17 02:18:03
