Log file open, 05/14/17 23:27:51
LogInit:Display: Running engine for game: Project_lonesome
LogPlatformFile: Not using cached read wrapper
LogInit:Display: RandInit(-776614132) SRandInit(-776614132).
LogTaskGraph: Started task graph with 5 named threads and 8 total threads with 1 sets of task threads.
LogStats: Stats thread started at 0.083070
LogInit: Using libcurl 7.47.1
LogInit:  - built for x86_64-pc-win32
LogInit:  - supports SSL with OpenSSL/1.0.2g
LogInit:  - supports HTTP deflate (compression) using libz 1.2.8
LogInit:  - other features:
LogInit:      CURL_VERSION_SSL
LogInit:      CURL_VERSION_LIBZ
LogInit:      CURL_VERSION_IPV6
LogInit:      CURL_VERSION_ASYNCHDNS
LogInit:      CURL_VERSION_LARGEFILE
LogInit:      CURL_VERSION_IDN
LogInit:  CurlRequestOptions (configurable via config and command line):
LogInit:  - bVerifyPeer = false  - Libcurl will NOT verify peer certificate
LogInit:  - bUseHttpProxy = false  - Libcurl will NOT use HTTP proxy
LogInit:  - bDontReuseConnections = false  - Libcurl will reuse connections
LogInit:  - CertBundlePath = nullptr  - Libcurl will use whatever was configured at build time.
LogInit: Build: ++UE4+Release-4.15-CL-3348071
LogInit: Engine Version: 4.15.1-3348071+++UE4+Release-4.15
LogInit: Compatible Engine Version: 4.15.0-3299760+++UE4+Release-4.15
LogInit: Net CL: 3299760
LogDevObjectVersion: Number of dev versions registered: 14
LogDevObjectVersion:   Dev-Blueprints (B0D832E4-1F89-4F0D-ACCF-7EB736FD4AA2): 8
LogDevObjectVersion:   Dev-Build (E1C64328-A22C-4D53-A36C-8E866417BD8C): 0
LogDevObjectVersion:   Dev-Core (375EC13C-06E4-48FB-B500-84F0262A717E): 2
LogDevObjectVersion:   Dev-Editor (E4B068ED-F494-42E9-A231-DA0B2E46BB41): 14
LogDevObjectVersion:   Dev-Framework (CFFC743F-43B0-4480-9391-14DF171D2073): 22
LogDevObjectVersion:   Dev-Mobile (B02B49B5-BB20-44E9-A304-32B752E40360): 0
LogDevObjectVersion:   Dev-Networking (A4E4105C-59A1-49B5-A7C5-40C4547EDFEE): 0
LogDevObjectVersion:   Dev-Online (39C831C9-5AE6-47DC-9A44-9C173E1C8E7C): 0
LogDevObjectVersion:   Dev-Physics (78F01B33-EBEA-4F98-B9B4-84EACCB95AA2): 0
LogDevObjectVersion:   Dev-Platform (6631380F-2D4D-43E0-8009-CF276956A95A): 0
LogDevObjectVersion:   Dev-Rendering (12F88B9F-8875-4AFC-A67C-D90C383ABD29): 12
LogDevObjectVersion:   Dev-Sequencer (7B5AE74C-D270-4C10-A958-57980B212A5A): 3
LogDevObjectVersion:   Dev-VR (D7296918-1DD6-4BDD-9DE2-64A83CC13884): 0
LogDevObjectVersion:   Dev-LoadTimes (C2A15278-BFE7-4AFE-6C17-90FF531DF755): 1
LogInit: Compiled (64-bit): Mar 15 2017 16:52:47
LogInit: Compiled with Visual C++: 19.00.23026.00
LogInit: Build Configuration: Development
LogInit: Branch Name: ++UE4+Release-4.15
LogInit: Command line: -EpicPortal 
LogInit: Base directory: C:/Program Files/Epic Games/UE_4.15/Engine/Binaries/Win64/
LogInit: Installed Engine Build: 1
LogInit: Presizing for max 8388607 objects, including 0 objects not considered by GC, pre-allocating 0 bytes for permanent pool.
LogInit: Object subsystem initialized
[2017.05.15-06.27.52:278][  0]LogInit: Selected Device Profile: [Windows]
[2017.05.15-06.27.52:278][  0]LogInit: Applying CVar settings loaded from the selected device profile: [Windows]
[2017.05.15-06.27.52:288][  0]LogInit: Computer: JEREMY-PC
[2017.05.15-06.27.52:288][  0]LogInit: User: Jeremy
[2017.05.15-06.27.52:288][  0]LogInit: CPU Page size=65536, Cores=4
[2017.05.15-06.27.52:288][  0]LogInit: High frequency timer resolution =3.312791 MHz
[2017.05.15-06.27.52:289][  0]LogMemory: Memory total: Physical=15.9GB (16GB approx)
[2017.05.15-06.27.52:289][  0]LogMemory: Platform Memory Stats for Windows
[2017.05.15-06.27.52:289][  0]LogMemory: Process Physical Memory: 264.75 MB used, 264.75 MB peak
[2017.05.15-06.27.52:289][  0]LogMemory: Process Virtual Memory: 262.46 MB used, 262.46 MB peak
[2017.05.15-06.27.52:289][  0]LogMemory: Physical Memory: 6212.88 MB used,  10088.23 MB free, 16301.11 MB total
[2017.05.15-06.27.52:289][  0]LogMemory: Virtual Memory: 631.00 MB used,  10088.23 MB free, 134217728.00 MB total
[2017.05.15-06.27.52:402][  0]LogTextLocalizationManager: No specific translations for ('en-US') exist, so ('en') translations will be used.
[2017.05.15-06.27.53:168][  0]LogD3D11RHI: D3D11 adapters:
[2017.05.15-06.27.53:658][  0]LogD3D11RHI:    0. 'NVIDIA GeForce GTX 1070' (Feature Level 11_0)
[2017.05.15-06.27.53:658][  0]LogD3D11RHI:       8145/0/8150 MB DedicatedVideo/DedicatedSystem/SharedSystem, Outputs:2, VendorId:0x10de
[2017.05.15-06.27.53:661][  0]LogD3D11RHI:    1. 'Intel(R) HD Graphics 3000' (Feature Level 10_0)
[2017.05.15-06.27.53:661][  0]LogD3D11RHI:       32/0/1632 MB DedicatedVideo/DedicatedSystem/SharedSystem, Outputs:0, VendorId:0x8086
[2017.05.15-06.27.53:663][  0]LogD3D11RHI:    2. 'Microsoft Basic Render Driver' (Feature Level 11_0)
[2017.05.15-06.27.53:663][  0]LogD3D11RHI:       0/0/8150 MB DedicatedVideo/DedicatedSystem/SharedSystem, Outputs:0, VendorId:0x1414
[2017.05.15-06.27.53:663][  0]LogD3D11RHI: Chosen D3D11 Adapter: 0
[2017.05.15-06.27.53:668][  0]LogD3D11RHI: Creating new Direct3DDevice
[2017.05.15-06.27.53:668][  0]LogD3D11RHI:     GPU DeviceId: 0x1b81 (for the marketing name, search the web for "GPU Device Id")
[2017.05.15-06.27.53:668][  0]LogWindows: EnumDisplayDevices:
[2017.05.15-06.27.53:668][  0]LogWindows:    0. 'NVIDIA GeForce GTX 1070' (P:0 D:1)
[2017.05.15-06.27.53:669][  0]LogWindows:    1. 'NVIDIA GeForce GTX 1070' (P:1 D:1)
[2017.05.15-06.27.53:669][  0]LogWindows:    2. 'NVIDIA GeForce GTX 1070' (P:0 D:0)
[2017.05.15-06.27.53:669][  0]LogWindows:    3. 'NVIDIA GeForce GTX 1070' (P:0 D:0)
[2017.05.15-06.27.53:669][  0]LogWindows:    4. 'Intel(R) HD Graphics 3000' (P:0 D:0)
[2017.05.15-06.27.53:669][  0]LogWindows:    5. 'Intel(R) HD Graphics 3000' (P:0 D:0)
[2017.05.15-06.27.53:670][  0]LogWindows: DebugString: PrimaryIsNotTheChoosenAdapter PrimaryIsNotTheChoosenAdapter FoundDriverCount:4 
[2017.05.15-06.27.53:670][  0]LogD3D11RHI:     Adapter Name: NVIDIA GeForce GTX 1070
[2017.05.15-06.27.53:670][  0]LogD3D11RHI:   Driver Version: 376.53 (internal:21.21.13.7653, unified:376.53)
[2017.05.15-06.27.53:670][  0]LogD3D11RHI:      Driver Date: 12-29-2016
[2017.05.15-06.27.53:670][  0]LogRHI: Texture pool is 1361 MB (70% of 1945 MB)
[2017.05.15-06.27.54:129][  0]LogD3D11RHI: Async texture creation enabled
[2017.05.15-06.27.54:160][  0]LogD3D11RHI: GPU Timing Frequency: 1000.000000 (Debug: 2 1)
[2017.05.15-06.27.54:253][  0]LogShaderCompilers: Guid format shader working directory is -48 characters bigger than the processId version (../../../../../../Users/Jeremy/Documents/GitHub/ProjectLonesomeRecovered/Project_lonesome 4.15/Intermediate/Shaders/WorkingDirectory/11860/).
[2017.05.15-06.27.54:253][  0]LogShaderCompilers: Cleaned the shader compiler working directory 'C:/Users/Jeremy/AppData/Local/Temp/UnrealShaderWorkingDir/DA4DF3854982CFC94849BBA15E3694AF/'.
[2017.05.15-06.27.54:253][  0]LogShaderCompilers:Display: Using Local Shader Compiler.
[2017.05.15-06.27.55:474][  0]LogTemp:Display: Loaded TP AllDesktopTargetPlatform
[2017.05.15-06.27.55:553][  0]LogTemp:Display: Loaded TP MacClientTargetPlatform
[2017.05.15-06.27.55:633][  0]LogTemp:Display: Loaded TP MacNoEditorTargetPlatform
[2017.05.15-06.27.55:714][  0]LogTemp:Display: Loaded TP MacServerTargetPlatform
[2017.05.15-06.27.55:809][  0]LogTemp:Display: Loaded TP MacTargetPlatform
[2017.05.15-06.27.55:889][  0]LogTemp:Display: Loaded TP WindowsClientTargetPlatform
[2017.05.15-06.27.55:969][  0]LogTemp:Display: Loaded TP WindowsNoEditorTargetPlatform
[2017.05.15-06.27.56:048][  0]LogTemp:Display: Loaded TP WindowsServerTargetPlatform
[2017.05.15-06.27.56:114][  0]LogTemp:Display: Loaded TP WindowsTargetPlatform
[2017.05.15-06.27.56:192][  0]LogTemp:Display: Loaded TP AndroidTargetPlatform
[2017.05.15-06.27.56:270][  0]LogTemp:Display: Loaded TP Android_ASTCTargetPlatform
[2017.05.15-06.27.56:348][  0]LogTemp:Display: Loaded TP Android_ATCTargetPlatform
[2017.05.15-06.27.56:427][  0]LogTemp:Display: Loaded TP Android_DXTTargetPlatform
[2017.05.15-06.27.56:507][  0]LogTemp:Display: Loaded TP Android_ETC1TargetPlatform
[2017.05.15-06.27.56:585][  0]LogTemp:Display: Loaded TP Android_ETC2TargetPlatform
[2017.05.15-06.27.56:741][  0]LogTemp:Display: Loaded TP Android_MultiTargetPlatform
[2017.05.15-06.27.56:741][  0]LogTemp:Display: Loaded TP Android_PVRTCTargetPlatform
[2017.05.15-06.27.56:800][  0]LogTemp:Display: Loaded TP HTML5TargetPlatform
[2017.05.15-06.27.56:928][  0]LogTemp:Display: Loaded TP IOSTargetPlatform
[2017.05.15-06.27.56:974][  0]LogTemp:Display: Loaded TP TVOSTargetPlatform
[2017.05.15-06.27.57:053][  0]LogTemp:Display: Loaded TP LinuxClientTargetPlatform
[2017.05.15-06.27.57:138][  0]LogTemp:Display: Loaded TP LinuxNoEditorTargetPlatform
[2017.05.15-06.27.57:215][  0]LogTemp:Display: Loaded TP LinuxServerTargetPlatform
[2017.05.15-06.27.57:292][  0]LogTemp:Display: Loaded TP LinuxTargetPlatform
[2017.05.15-06.27.57:292][  0]LogTargetPlatformManager:Display: Building Assets For Windows
[2017.05.15-06.27.57:920][  0]LogDerivedDataCache:Display: Max Cache Size: 512 MB
[2017.05.15-06.27.57:973][  0]LogDerivedDataCache: Loaded boot cache 0.05s 50MB C:/Users/Jeremy/AppData/Local/UnrealEngine/4.15/DerivedDataCache/Boot.ddc.
[2017.05.15-06.27.57:973][  0]LogDerivedDataCache:Display: Loaded Boot cache: C:/Users/Jeremy/AppData/Local/UnrealEngine/4.15/DerivedDataCache/Boot.ddc
[2017.05.15-06.27.57:973][  0]LogDerivedDataCache: FDerivedDataBackendGraph:  Pak pak cache file ../../../../../../Users/Jeremy/Documents/GitHub/ProjectLonesomeRecovered/Project_lonesome 4.15/DerivedDataCache/DDC.ddp not found, will not use a pak cache.
[2017.05.15-06.27.57:973][  0]LogDerivedDataCache: Unable to find inner node Pak for hierarchical cache Hierarchy.
[2017.05.15-06.27.57:973][  0]LogDerivedDataCache: FDerivedDataBackendGraph:  CompressedPak pak cache file ../../../../../../Users/Jeremy/Documents/GitHub/ProjectLonesomeRecovered/Project_lonesome 4.15/DerivedDataCache/Compressed.ddp not found, will not use a pak cache.
[2017.05.15-06.27.57:973][  0]LogDerivedDataCache: Unable to find inner node CompressedPak for hierarchical cache Hierarchy.
[2017.05.15-06.27.57:993][  0]LogDerivedDataCache:Display: Pak cache opened for reading ../../../Engine/DerivedDataCache/Compressed.ddp.
[2017.05.15-06.27.58:005][  0]LogDerivedDataCache: Using Local data cache path C:/Users/Jeremy/AppData/Local/UnrealEngine/Common/DerivedDataCache: Writable
[2017.05.15-06.27.58:015][  0]LogSlate: Using Freetype 2.6.0
[2017.05.15-06.27.58:016][  0]LogSlate: SlateFontCache - WITH_FREETYPE: 1, WITH_HARFBUZZ: 1
[2017.05.15-06.27.58:016][  0]LogSlate: SlateFontCache - WITH_FREETYPE: 1, WITH_HARFBUZZ: 1
[2017.05.15-06.27.58:368][  0]LogInit: Selected Device Profile: [Windows]
[2017.05.15-06.27.58:371][  0]LogContentStreaming: Texture pool size is 0.00 MB
[2017.05.15-06.27.58:647][  0]LogMeshUtilities: Using QuadricMeshReduction for automatic static mesh reduction
[2017.05.15-06.27.58:713][  0]LogSimplygon: Simplygon DLL not present - disabling.
[2017.05.15-06.27.58:786][  0]LogMeshUtilities: Using SimplygonSwarm for distributed automatic mesh merging
[2017.05.15-06.27.58:786][  0]LogMeshUtilities: No automatic skeletal mesh reduction module available
[2017.05.15-06.27.58:786][  0]LogMeshUtilities: No automatic mesh merging module available
[2017.05.15-06.27.59:451][  0]LogNetVersion: GetLocalNetworkVersion: CL: 3299760, ProjectName: project_lonesome, ProjectVersion: , EngineNetworkVersion: 2, GameNetworkVersion: 0, NetworkChecksum: 3824462427
[2017.05.15-06.27.59:506][  0]LogAssetRegistry: FAssetRegistry took 0.0213 seconds to start up
[2017.05.15-06.27.59:577][  0]LogPackageLocalizationCache: Processed 3 localized package path(s) for 2 prioritized culture(s) in 0.033499 seconds
[2017.05.15-06.27.59:583][  0]LogUObjectArray: 32493 objects as part of root set at end of initial load.
[2017.05.15-06.27.59:583][  0]LogUObjectAllocator: 7077024 out of 0 bytes used by permanent object pool.
[2017.05.15-06.27.59:583][  0]LogUObjectArray: CloseDisregardForGC: 0/0 objects in disregard for GC pool
[2017.05.15-06.27.59:671][  0]LogInit: WinSock: version 1.1 (2.2), MaxSocks=32767, MaxUdp=65467
[2017.05.15-06.28.01:951][  0]LogTcpMessaging: Initializing TcpMessaging bridge
[2017.05.15-06.28.02:005][  0]LogUdpMessaging: Initializing bridge on interface 0.0.0.0:0 to multicast group 230.0.0.1:6666.
[2017.05.15-06.28.02:669][  0]LogMaterial: Uniform references updated for custom material expression Custom.
[2017.05.15-06.28.03:223][  0]SourceControl: Info Source control is disabled
[2017.05.15-06.28.03:224][  0]SourceControl: Info Source control is disabled
[2017.05.15-06.28.03:296][  0]SourceControl: Info Source control is disabled
[2017.05.15-06.28.03:366][  0]SourceControl: Info Source control is disabled
[2017.05.15-06.28.05:266][  0]LogEngine: Initializing Engine...
[2017.05.15-06.28.05:267][  0]LogHMD: Failed to initialize OpenVR with code 110
[2017.05.15-06.28.05:581][  0]LogAIModule: Creating AISystem for world Untitled
[2017.05.15-06.28.05:600][  0]LogInit: XAudio2 using 'Headset Earphone (ASTRO MixAmp Pro           )' : 2 channels at 48 kHz using 16 bits per sample (channel mask 0x3)
[2017.05.15-06.28.05:613][  0]LogInit: FAudioDevice initialized.
[2017.05.15-06.28.05:638][  0]LogDerivedDataCache: Saved boot cache 0.03s 50MB C:/Users/Jeremy/AppData/Local/UnrealEngine/4.15/DerivedDataCache/Boot.ddc.
[2017.05.15-06.28.05:648][  0]LogInit: Texture streaming: Enabled
[2017.05.15-06.28.05:789][  0]LogEngineSessionManager: EngineSessionManager initialized
[2017.05.15-06.28.05:923][  0]LogInit: Transaction tracking system initialized
[2017.05.15-06.28.06:445][  0]BlueprintLog: New page: Editor Load
[2017.05.15-06.28.07:764][  0]LocalizationService: Info Localization service is disabled
[2017.05.15-06.28.08:786][  0]LogConsoleResponse:Display: 
[2017.05.15-06.28.08:931][  0]LogCook:Display: Max memory allowance for cook 16384mb min free memory 0mb
[2017.05.15-06.28.08:931][  0]LogCook:Display: Mobile HDR setting 1
[2017.05.15-06.28.09:893][  0]LogFileCache: Scanning file cache for directory 'C:/Users/Jeremy/Documents/GitHub/ProjectLonesomeRecovered/Project_lonesome 4.15/Content/' took 0.03s
[2017.05.15-06.28.10:484][  0]SourceControl: Info Source control is disabled
[2017.05.15-06.28.10:485][  0]LightingResults: New page: Lighting Build
[2017.05.15-06.28.10:546][  0]MapCheck: New page: Map Check
[2017.05.15-06.28.10:546][  0]LightingResults: New page: Lighting Build
[2017.05.15-06.28.12:363][  0]LogAIModule: Creating AISystem for world FirstPersonExampleMap
[2017.05.15-06.28.12:390][  0]LogEditorServer: Finished looking for orphan Actors (0.000 secs)
[2017.05.15-06.28.12:391][  0]Cmd: MAP CHECKDEP NOCLEARLOG
[2017.05.15-06.28.12:494][  0]MapCheck: Info Map check complete: 0 Error(s), 0 Warning(s), took 103.258ms to complete.
[2017.05.15-06.28.12:494][  0]LogFileHelpers: Loading map 'FirstPersonExampleMap' took 2.010
[2017.05.15-06.28.12:573][  0]LogWindowsTextInputMethodSystem:Display: IME system now deactivated.
[2017.05.15-06.28.12:715][  0]LogCollectionManager: Loaded 1 collections in 0.002356 seconds
[2017.05.15-06.28.12:826][  0]LogFileCache: Scanning file cache for directory 'C:/Users/Jeremy/Documents/GitHub/ProjectLonesomeRecovered/Project_lonesome 4.15/Saved/Collections/' took 0.01s
[2017.05.15-06.28.12:826][  0]LogFileCache: Scanning file cache for directory 'C:/Users/Jeremy/Documents/GitHub/ProjectLonesomeRecovered/Project_lonesome 4.15/Content/Developers/Jeremy/Collections/' took 0.01s
[2017.05.15-06.28.12:826][  0]LogFileCache: Scanning file cache for directory 'C:/Users/Jeremy/Documents/GitHub/ProjectLonesomeRecovered/Project_lonesome 4.15/Content/Collections/' took 0.01s
[2017.05.15-06.28.12:826][  0]LogCollectionManager: Rebuilt the GUID cache for 1 collections in 0.000004 seconds
[2017.05.15-06.28.12:826][  0]LogCollectionManager: Rebuilt the hierarchy cache for 1 collections in 0.000000 seconds
[2017.05.15-06.28.12:836][  0]LogContentBrowser: Native class hierarchy populated in 0.0096 seconds. Added 2245 classes and 453 folders.
[2017.05.15-06.28.12:839][  0]LogStats: UGameplayTagsManager::ConstructGameplayTagTree: Construct from data asset -  0.000 s
[2017.05.15-06.28.12:839][  0]LogStats: UGameplayTagsManager::ConstructGameplayTagTree: GameplayTagTreeChangedEvent.Broadcast -  0.000 s
[2017.05.15-06.28.12:931][  0]LogContentBrowser: Native class hierarchy updated for 'WidgetCarousel' in 0.0006 seconds. Added 0 classes and 0 folders.
[2017.05.15-06.28.12:992][  0]LogContentBrowser: Native class hierarchy updated for 'AddContentDialog' in 0.0006 seconds. Added 0 classes and 0 folders.
[2017.05.15-06.28.13:056][  0]LogContentBrowser: Native class hierarchy updated for 'SceneOutliner' in 0.0006 seconds. Added 1 classes and 2 folders.
[2017.05.15-06.28.13:116][  0]LogCrashTracker: Crashtracker disabled due to settings.
[2017.05.15-06.28.13:125][  0]LogUObjectGlobals:Warning: Failed to find object 'Class None.'
[2017.05.15-06.28.13:214][  0]LogContentBrowser: Native class hierarchy updated for 'HierarchicalLODOutliner' in 0.0007 seconds. Added 1 classes and 2 folders.
[2017.05.15-06.28.13:214][  0]LogLoad: (Engine Initialization) Total time: 23.53 seconds
[2017.05.15-06.28.13:214][  0]LogLoad: (Engine Initialization) Total Blueprint compile time: 0.79 seconds
[2017.05.15-06.28.13:214][  0]LogExternalProfiler: Found external profiler: VSPerf
[2017.05.15-06.28.13:214][  0]LogExternalProfiler: Using external profiler: VSPerf
[2017.05.15-06.28.13:225][  0]LogOcInput: OculusInput pre-init called
[2017.05.15-06.28.13:246][  0]LogContentStreaming: Texture pool size now 1000 MB
[2017.05.15-06.28.13:247][  0]LogSlate: Took 0.000339 seconds to synchronously load lazily loaded font '../../../Engine/Content/Slate/Fonts/Roboto-Regular.ttf' (155K)
[2017.05.15-06.28.13:251][  0]LogSlate: Took 0.000281 seconds to synchronously load lazily loaded font '../../../Engine/Content/Slate/Fonts/Roboto-Bold.ttf' (160K)
[2017.05.15-06.28.13:257][  0]LogSlate: Took 0.000273 seconds to synchronously load lazily loaded font '../../../Engine/Content/Editor/Slate/Fonts/FontAwesome.ttf' (139K)
[2017.05.15-06.28.13:442][  0]LogRenderer: Reallocating scene render targets to support 1208x580 NumSamples 1 (Frame:2).
[2017.05.15-06.28.13:537][  2]LogAssetRegistry: Asset discovery search completed in 14.0525 seconds
[2017.05.15-06.28.13:538][  2]LogCollectionManager: Rebuilt the object cache for 1 collections in 0.000007 seconds (found 0 objects)
[2017.05.15-06.28.13:538][  2]LogCollectionManager: Fixed up redirectors for 1 collections in 0.000024 seconds (updated 0 objects)
[2017.05.15-06.28.15:952][282]LogTemp: Repeting last play command: New Editor Window (PIE)
[2017.05.15-06.28.15:974][282]LogBlueprintUserMessages: Early PlayInEditor Detection: Level '/Game/FirstPersonBP/Maps/FirstPersonExampleMap.FirstPersonExampleMap:PersistentLevel' has LevelScriptBlueprint '/Game/FirstPersonBP/Maps/FirstPersonExampleMap.FirstPersonExampleMap:PersistentLevel.FirstPersonExampleMap' with GeneratedClass '/Game/FirstPersonBP/Maps/FirstPersonExampleMap.FirstPersonExampleMap_C' with ClassGeneratedBy '/Game/FirstPersonBP/Maps/FirstPersonExampleMap.FirstPersonExampleMap:PersistentLevel.FirstPersonExampleMap'
[2017.05.15-06.28.15:974][282]LogPlayLevel: PlayLevel: No blueprints needed recompiling
[2017.05.15-06.28.15:974][282]PIE: New page: PIE session: FirstPersonExampleMap (May 14, 2017, 4:28:15 PM)
[2017.05.15-06.28.15:975][282]LogPlayLevel: Creating play world package: /Game/FirstPersonBP/Maps/UEDPIE_0_FirstPersonExampleMap
[2017.05.15-06.28.15:977][282]LogPlayLevel: PIE: StaticDuplicateObject took: (0.002022s)
[2017.05.15-06.28.15:978][282]LogAIModule: Creating AISystem for world FirstPersonExampleMap
[2017.05.15-06.28.15:978][282]LogPlayLevel: PIE: World Init took: (0.000894s)
[2017.05.15-06.28.15:978][282]LogPlayLevel: PIE: Created PIE world by copying editor world from /Game/FirstPersonBP/Maps/FirstPersonExampleMap.FirstPersonExampleMap to /Game/FirstPersonBP/Maps/UEDPIE_0_FirstPersonExampleMap.FirstPersonExampleMap (0.003157s)
[2017.05.15-06.28.16:022][282]LogInit: XAudio2 using 'Headset Earphone (ASTRO MixAmp Pro           )' : 2 channels at 48 kHz using 16 bits per sample (channel mask 0x3)
[2017.05.15-06.28.16:030][282]LogInit: FAudioDevice initialized.
[2017.05.15-06.28.16:123][282]LogLoad: Game class is 'FirstPersonGameMode_C'
[2017.05.15-06.28.16:126][282]LogWorld: Bringing World /Game/FirstPersonBP/Maps/UEDPIE_0_FirstPersonExampleMap.FirstPersonExampleMap up for play (max tick rate 0) at 2017.05.14-23.28.16
[2017.05.15-06.28.16:126][282]LogWorld: Bringing up level for play took: 0.001944
[2017.05.15-06.28.16:193][282]LogContentBrowser: Native class hierarchy updated for 'MovieSceneCapture' in 0.0007 seconds. Added 11 classes and 0 folders.
[2017.05.15-06.28.16:193][282]LogGameMode:Display: Match State Changed from EnteringMap to WaitingToStart
[2017.05.15-06.28.16:193][282]LogGameState: Match State Changed from EnteringMap to WaitingToStart
[2017.05.15-06.28.16:193][282]LogGameMode:Display: Match State Changed from WaitingToStart to InProgress
[2017.05.15-06.28.16:196][282]LogGameState: Match State Changed from WaitingToStart to InProgress
[2017.05.15-06.28.16:200][282]PIE: Info Play in editor start time for /Game/FirstPersonBP/Maps/UEDPIE_0_FirstPersonExampleMap 0.531
[2017.05.15-06.28.16:200][282]LogBlueprintUserMessages: Late PlayInEditor Detection: Level '/Game/FirstPersonBP/Maps/FirstPersonExampleMap.FirstPersonExampleMap:PersistentLevel' has LevelScriptBlueprint '/Game/FirstPersonBP/Maps/FirstPersonExampleMap.FirstPersonExampleMap:PersistentLevel.FirstPersonExampleMap' with GeneratedClass '/Game/FirstPersonBP/Maps/FirstPersonExampleMap.FirstPersonExampleMap_C' with ClassGeneratedBy '/Game/FirstPersonBP/Maps/FirstPersonExampleMap.FirstPersonExampleMap:PersistentLevel.FirstPersonExampleMap'
[2017.05.15-06.28.16:244][282]LogRenderer: Reallocating scene render targets to support 1292x756 NumSamples 1 (Frame:276).
[2017.05.15-06.28.17:402][412]LogSlate: Took 0.000194 seconds to synchronously load lazily loaded font '../../../Engine/Content/Slate/Fonts/Roboto-Light.ttf' (159K)
[2017.05.15-06.28.17:515][417]LogRenderer: Reallocating scene render targets to support 1920x1028 NumSamples 1 (Frame:413).
[2017.05.15-06.28.22:226][971]LogGameMode:Display: Match State Changed from InProgress to LeavingMap
[2017.05.15-06.28.22:226][971]LogGameState: Match State Changed from InProgress to LeavingMap
[2017.05.15-06.28.22:227][971]LogNet: Browse: /Game/Levels/Second-Floor
[2017.05.15-06.28.22:227][971]LogLoad: LoadMap: /Game/Levels/Second-Floor
[2017.05.15-06.28.22:242][971]Cmd: MEM
[2017.05.15-06.28.22:251][971]LogMemory: Platform Memory Stats for Windows
[2017.05.15-06.28.22:251][971]LogMemory: Process Physical Memory: 1185.28 MB used, 1257.36 MB peak
[2017.05.15-06.28.22:251][971]LogMemory: Process Virtual Memory: 1508.06 MB used, 1755.55 MB peak
[2017.05.15-06.28.22:251][971]LogMemory: Physical Memory: 6358.05 MB used,  9943.06 MB free, 16301.11 MB total
[2017.05.15-06.28.22:251][971]LogMemory: Virtual Memory: 2422.83 MB used,  9943.06 MB free, 134217728.00 MB total
[2017.05.15-06.28.22:251][971]LogMemory: 
[2017.05.15-06.28.22:251][971]Allocator Stats for TBB: (not implemented)
[2017.05.15-06.28.25:809][971]LogAIModule: Creating AISystem for world Second-Floor
[2017.05.15-06.28.25:810][971]LogLoad: Game class is 'FirstPersonGameMode_C'
[2017.05.15-06.28.25:880][971]LogWorld: Bringing World /Game/Levels/UEDPIE_0_Second-Floor.Second-Floor up for play (max tick rate 0) at 2017.05.14-23.28.25
[2017.05.15-06.28.25:883][971]LogWorld: Bringing up level for play took: 0.072450
[2017.05.15-06.28.25:884][971]LogGameMode: FindPlayerStart: PATHS NOT DEFINED or NO PLAYERSTART with positive rating
[2017.05.15-06.28.25:884][971]LogGameMode:Display: Match State Changed from EnteringMap to WaitingToStart
[2017.05.15-06.28.25:884][971]LogGameState: Match State Changed from EnteringMap to WaitingToStart
[2017.05.15-06.28.25:884][971]LogGameMode:Display: Match State Changed from WaitingToStart to InProgress
[2017.05.15-06.28.25:885][971]LogBlueprintUserMessages: [Second-Floor_C_1] false
[2017.05.15-06.28.25:886][971]LogBlueprintUserMessages: [Second-Floor_C_1] false
[2017.05.15-06.28.25:886][971]LogBlueprintUserMessages: [Second-Floor_C_1] false
[2017.05.15-06.28.25:935][971]LogGameState: Match State Changed from WaitingToStart to InProgress
[2017.05.15-06.28.25:935][971]LogLoad: Took 3.708535 seconds to LoadMap(/Game/Levels/Second-Floor)
[2017.05.15-06.28.30:579][172]LogBlueprintUserMessages: [Second-Floor_C_1] false
[2017.05.15-06.28.30:579][172]LogBlueprintUserMessages: [Second-Floor_C_1] false
[2017.05.15-06.28.30:579][172]LogBlueprintUserMessages: [Second-Floor_C_1] false
[2017.05.15-06.28.37:977][555]LogBlueprintUserMessages: [Second-Floor_C_1] false
[2017.05.15-06.28.37:977][555]LogBlueprintUserMessages: [Second-Floor_C_1] false
[2017.05.15-06.28.37:977][555]LogBlueprintUserMessages: [Second-Floor_C_1] false
[2017.05.15-06.28.42:996][815]LogBlueprintUserMessages: [Second-Floor_C_1] false
[2017.05.15-06.28.42:996][815]LogBlueprintUserMessages: [Second-Floor_C_1] false
[2017.05.15-06.28.42:996][815]LogBlueprintUserMessages: [Second-Floor_C_1] false
[2017.05.15-06.28.48:009][  8]LogBlueprintUserMessages: [Second-Floor_C_1] false
[2017.05.15-06.28.48:009][  8]LogBlueprintUserMessages: [Second-Floor_C_1] false
[2017.05.15-06.28.48:009][  8]LogBlueprintUserMessages: [Second-Floor_C_1] false
[2017.05.15-06.28.53:014][195]LogBlueprintUserMessages: [Second-Floor_C_1] false
[2017.05.15-06.28.53:014][195]LogBlueprintUserMessages: [Second-Floor_C_1] false
[2017.05.15-06.28.53:014][195]LogBlueprintUserMessages: [Second-Floor_C_1] false
[2017.05.15-06.28.58:021][379]LogBlueprintUserMessages: [Second-Floor_C_1] false
[2017.05.15-06.28.58:021][379]LogBlueprintUserMessages: [Second-Floor_C_1] false
[2017.05.15-06.28.58:021][379]LogBlueprintUserMessages: [Second-Floor_C_1] false
[2017.05.15-06.29.03:041][573]LogBlueprintUserMessages: [Second-Floor_C_1] false
[2017.05.15-06.29.03:041][573]LogBlueprintUserMessages: [Second-Floor_C_1] false
[2017.05.15-06.29.03:042][573]LogBlueprintUserMessages: [Second-Floor_C_1] false
[2017.05.15-06.29.08:049][807]LogBlueprintUserMessages: [Second-Floor_C_1] false
[2017.05.15-06.29.08:049][807]LogBlueprintUserMessages: [Second-Floor_C_1] false
[2017.05.15-06.29.08:049][807]LogBlueprintUserMessages: [Second-Floor_C_1] false
[2017.05.15-06.29.13:055][ 59]LogBlueprintUserMessages: [Second-Floor_C_1] false
[2017.05.15-06.29.13:055][ 59]LogBlueprintUserMessages: [Second-Floor_C_1] false
[2017.05.15-06.29.13:055][ 59]LogBlueprintUserMessages: [Second-Floor_C_1] false
[2017.05.15-06.29.18:070][339]LogBlueprintUserMessages: [Second-Floor_C_1] false
[2017.05.15-06.29.18:070][339]LogBlueprintUserMessages: [Second-Floor_C_1] false
[2017.05.15-06.29.18:070][339]LogBlueprintUserMessages: [Second-Floor_C_1] false
[2017.05.15-06.29.18:134][343]LogBlueprintUserMessages: [Second-Floor_C_1] false
[2017.05.15-06.29.18:134][343]LogBlueprintUserMessages: [Second-Floor_C_1] false
[2017.05.15-06.29.18:134][343]LogBlueprintUserMessages: [Second-Floor_C_1] false
[2017.05.15-06.29.21:456][676]LogScript:Warning: Accessed None trying to read property GameHUDReference
	FirstPersonCharacter_C /Game/Levels/UEDPIE_0_Second-Floor.Second-Floor:PersistentLevel.FirstPersonCharacter_C_1
	Function /Game/FirstPersonBP/Blueprints/FirstPersonCharacter.FirstPersonCharacter_C:ExecuteUbergraph_FirstPersonCharacter:03E2
[2017.05.15-06.29.21:456][676]PIE:Error: Error Blueprint Runtime Error: Accessed None trying to read property GameHUDReference from function: 'ExecuteUbergraph_FirstPersonCharacter' from node: Branch in graph: EventGraph in object: FirstPersonCharacter with description: Accessed None trying to read property GameHUDReference
[2017.05.15-06.29.21:456][676]LogScript:Warning: Accessed None
	FirstPersonCharacter_C /Game/Levels/UEDPIE_0_Second-Floor.Second-Floor:PersistentLevel.FirstPersonCharacter_C_1
	Function /Game/FirstPersonBP/Blueprints/FirstPersonCharacter.FirstPersonCharacter_C:ExecuteUbergraph_FirstPersonCharacter:03C3
[2017.05.15-06.29.21:456][676]PIE:Error: Error Blueprint Runtime Error: Accessed None from function: 'ExecuteUbergraph_FirstPersonCharacter' from node: Branch in graph: EventGraph in object: FirstPersonCharacter with description: Accessed None
[2017.05.15-06.29.21:926][724]LogScript:Warning: Accessed None trying to read property GameHUDReference
	FirstPersonCharacter_C /Game/Levels/UEDPIE_0_Second-Floor.Second-Floor:PersistentLevel.FirstPersonCharacter_C_1
	Function /Game/FirstPersonBP/Blueprints/FirstPersonCharacter.FirstPersonCharacter_C:ExecuteUbergraph_FirstPersonCharacter:03E2
[2017.05.15-06.29.21:926][724]PIE:Error: Error Blueprint Runtime Error: Accessed None trying to read property GameHUDReference from function: 'ExecuteUbergraph_FirstPersonCharacter' from node: Branch in graph: EventGraph in object: FirstPersonCharacter with description: Accessed None trying to read property GameHUDReference
[2017.05.15-06.29.21:926][724]LogScript:Warning: Accessed None
	FirstPersonCharacter_C /Game/Levels/UEDPIE_0_Second-Floor.Second-Floor:PersistentLevel.FirstPersonCharacter_C_1
	Function /Game/FirstPersonBP/Blueprints/FirstPersonCharacter.FirstPersonCharacter_C:ExecuteUbergraph_FirstPersonCharacter:03C3
[2017.05.15-06.29.21:926][724]PIE:Error: Error Blueprint Runtime Error: Accessed None from function: 'ExecuteUbergraph_FirstPersonCharacter' from node: Branch in graph: EventGraph in object: FirstPersonCharacter with description: Accessed None
[2017.05.15-06.29.22:915][824]LogScript:Warning: Accessed None trying to read property GameHUDReference
	FirstPersonCharacter_C /Game/Levels/UEDPIE_0_Second-Floor.Second-Floor:PersistentLevel.FirstPersonCharacter_C_1
	Function /Game/FirstPersonBP/Blueprints/FirstPersonCharacter.FirstPersonCharacter_C:ExecuteUbergraph_FirstPersonCharacter:03E2
[2017.05.15-06.29.22:915][824]PIE:Error: Error Blueprint Runtime Error: Accessed None trying to read property GameHUDReference from function: 'ExecuteUbergraph_FirstPersonCharacter' from node: Branch in graph: EventGraph in object: FirstPersonCharacter with description: Accessed None trying to read property GameHUDReference
[2017.05.15-06.29.22:915][824]LogScript:Warning: Accessed None
	FirstPersonCharacter_C /Game/Levels/UEDPIE_0_Second-Floor.Second-Floor:PersistentLevel.FirstPersonCharacter_C_1
	Function /Game/FirstPersonBP/Blueprints/FirstPersonCharacter.FirstPersonCharacter_C:ExecuteUbergraph_FirstPersonCharacter:03C3
[2017.05.15-06.29.22:915][824]PIE:Error: Error Blueprint Runtime Error: Accessed None from function: 'ExecuteUbergraph_FirstPersonCharacter' from node: Branch in graph: EventGraph in object: FirstPersonCharacter with description: Accessed None
[2017.05.15-06.29.23:324][866]LogScript:Warning: Accessed None trying to read property GameHUDReference
	FirstPersonCharacter_C /Game/Levels/UEDPIE_0_Second-Floor.Second-Floor:PersistentLevel.FirstPersonCharacter_C_1
	Function /Game/FirstPersonBP/Blueprints/FirstPersonCharacter.FirstPersonCharacter_C:ExecuteUbergraph_FirstPersonCharacter:03E2
[2017.05.15-06.29.23:324][866]PIE:Error: Error Blueprint Runtime Error: Accessed None trying to read property GameHUDReference from function: 'ExecuteUbergraph_FirstPersonCharacter' from node: Branch in graph: EventGraph in object: FirstPersonCharacter with description: Accessed None trying to read property GameHUDReference
[2017.05.15-06.29.23:324][866]LogScript:Warning: Accessed None
	FirstPersonCharacter_C /Game/Levels/UEDPIE_0_Second-Floor.Second-Floor:PersistentLevel.FirstPersonCharacter_C_1
	Function /Game/FirstPersonBP/Blueprints/FirstPersonCharacter.FirstPersonCharacter_C:ExecuteUbergraph_FirstPersonCharacter:03C3
[2017.05.15-06.29.23:325][866]PIE:Error: Error Blueprint Runtime Error: Accessed None from function: 'ExecuteUbergraph_FirstPersonCharacter' from node: Branch in graph: EventGraph in object: FirstPersonCharacter with description: Accessed None
[2017.05.15-06.29.23:690][903]LogBlueprintUserMessages: [Flashlight_668] true
[2017.05.15-06.29.23:690][903]LogBlueprintUserMessages: [Flashlight_668] deleted yet?
[2017.05.15-06.29.23:925][927]LogScript:Warning: Accessed None trying to read property GameHUDReference
	FirstPersonCharacter_C /Game/Levels/UEDPIE_0_Second-Floor.Second-Floor:PersistentLevel.FirstPersonCharacter_C_1
	Function /Game/FirstPersonBP/Blueprints/FirstPersonCharacter.FirstPersonCharacter_C:ExecuteUbergraph_FirstPersonCharacter:03E2
[2017.05.15-06.29.23:926][927]PIE:Error: Error Blueprint Runtime Error: Accessed None trying to read property GameHUDReference from function: 'ExecuteUbergraph_FirstPersonCharacter' from node: Branch in graph: EventGraph in object: FirstPersonCharacter with description: Accessed None trying to read property GameHUDReference
[2017.05.15-06.29.23:926][927]LogScript:Warning: Accessed None
	FirstPersonCharacter_C /Game/Levels/UEDPIE_0_Second-Floor.Second-Floor:PersistentLevel.FirstPersonCharacter_C_1
	Function /Game/FirstPersonBP/Blueprints/FirstPersonCharacter.FirstPersonCharacter_C:ExecuteUbergraph_FirstPersonCharacter:03C3
[2017.05.15-06.29.23:926][927]PIE:Error: Error Blueprint Runtime Error: Accessed None from function: 'ExecuteUbergraph_FirstPersonCharacter' from node: Branch in graph: EventGraph in object: FirstPersonCharacter with description: Accessed None
[2017.05.15-06.29.27:349][264]LogScript:Warning: Accessed None trying to read property GameHUDReference
	FirstPersonCharacter_C /Game/Levels/UEDPIE_0_Second-Floor.Second-Floor:PersistentLevel.FirstPersonCharacter_C_1
	Function /Game/FirstPersonBP/Blueprints/FirstPersonCharacter.FirstPersonCharacter_C:ExecuteUbergraph_FirstPersonCharacter:03E2
[2017.05.15-06.29.27:350][264]PIE:Error: Error Blueprint Runtime Error: Accessed None trying to read property GameHUDReference from function: 'ExecuteUbergraph_FirstPersonCharacter' from node: Branch in graph: EventGraph in object: FirstPersonCharacter with description: Accessed None trying to read property GameHUDReference
[2017.05.15-06.29.27:350][264]LogScript:Warning: Accessed None
	FirstPersonCharacter_C /Game/Levels/UEDPIE_0_Second-Floor.Second-Floor:PersistentLevel.FirstPersonCharacter_C_1
	Function /Game/FirstPersonBP/Blueprints/FirstPersonCharacter.FirstPersonCharacter_C:ExecuteUbergraph_FirstPersonCharacter:03C3
[2017.05.15-06.29.27:350][264]PIE:Error: Error Blueprint Runtime Error: Accessed None from function: 'ExecuteUbergraph_FirstPersonCharacter' from node: Branch in graph: EventGraph in object: FirstPersonCharacter with description: Accessed None
[2017.05.15-06.29.53:776][896]LogBlueprintUserMessages: [RopeBP_380] true
[2017.05.15-06.29.53:776][896]LogBlueprintUserMessages: [RopeBP_380] deleted yet?
[2017.05.15-06.31.03:550][871]LogScript:Warning: Accessed None trying to read property GameHUDReference
	FirstPersonCharacter_C /Game/Levels/UEDPIE_0_Second-Floor.Second-Floor:PersistentLevel.FirstPersonCharacter_C_1
	Function /Game/FirstPersonBP/Blueprints/FirstPersonCharacter.FirstPersonCharacter_C:ExecuteUbergraph_FirstPersonCharacter:03E2
[2017.05.15-06.31.03:550][871]PIE:Error: Error Blueprint Runtime Error: Accessed None trying to read property GameHUDReference from function: 'ExecuteUbergraph_FirstPersonCharacter' from node: Branch in graph: EventGraph in object: FirstPersonCharacter with description: Accessed None trying to read property GameHUDReference
[2017.05.15-06.31.03:550][871]LogScript:Warning: Accessed None
	FirstPersonCharacter_C /Game/Levels/UEDPIE_0_Second-Floor.Second-Floor:PersistentLevel.FirstPersonCharacter_C_1
	Function /Game/FirstPersonBP/Blueprints/FirstPersonCharacter.FirstPersonCharacter_C:ExecuteUbergraph_FirstPersonCharacter:03C3
[2017.05.15-06.31.03:550][871]PIE:Error: Error Blueprint Runtime Error: Accessed None from function: 'ExecuteUbergraph_FirstPersonCharacter' from node: Branch in graph: EventGraph in object: FirstPersonCharacter with description: Accessed None
[2017.05.15-06.31.50:168][532]LogScript:Warning: Accessed None trying to read property GameHUDReference
	FirstPersonCharacter_C /Game/Levels/UEDPIE_0_Second-Floor.Second-Floor:PersistentLevel.FirstPersonCharacter_C_1
	Function /Game/FirstPersonBP/Blueprints/FirstPersonCharacter.FirstPersonCharacter_C:ExecuteUbergraph_FirstPersonCharacter:03E2
[2017.05.15-06.31.50:168][532]PIE:Error: Error Blueprint Runtime Error: Accessed None trying to read property GameHUDReference from function: 'ExecuteUbergraph_FirstPersonCharacter' from node: Branch in graph: EventGraph in object: FirstPersonCharacter with description: Accessed None trying to read property GameHUDReference
[2017.05.15-06.31.50:168][532]LogScript:Warning: Accessed None
	FirstPersonCharacter_C /Game/Levels/UEDPIE_0_Second-Floor.Second-Floor:PersistentLevel.FirstPersonCharacter_C_1
	Function /Game/FirstPersonBP/Blueprints/FirstPersonCharacter.FirstPersonCharacter_C:ExecuteUbergraph_FirstPersonCharacter:03C3
[2017.05.15-06.31.50:168][532]PIE:Error: Error Blueprint Runtime Error: Accessed None from function: 'ExecuteUbergraph_FirstPersonCharacter' from node: Branch in graph: EventGraph in object: FirstPersonCharacter with description: Accessed None
[2017.05.15-06.31.50:656][582]LogScript:Warning: Accessed None trying to read property GameHUDReference
	FirstPersonCharacter_C /Game/Levels/UEDPIE_0_Second-Floor.Second-Floor:PersistentLevel.FirstPersonCharacter_C_1
	Function /Game/FirstPersonBP/Blueprints/FirstPersonCharacter.FirstPersonCharacter_C:ExecuteUbergraph_FirstPersonCharacter:03E2
[2017.05.15-06.31.50:657][582]PIE:Error: Error Blueprint Runtime Error: Accessed None trying to read property GameHUDReference from function: 'ExecuteUbergraph_FirstPersonCharacter' from node: Branch in graph: EventGraph in object: FirstPersonCharacter with description: Accessed None trying to read property GameHUDReference
[2017.05.15-06.31.50:657][582]PIE:Error: Error Blueprint Runtime Error: Accessed None from function: 'ExecuteUbergraph_FirstPersonCharacter' from node: Branch in graph: EventGraph in object: FirstPersonCharacter with description: Accessed None
[2017.05.15-06.31.57:812][324]LogBlueprintUserMessages: Early EndPlayMap Detection: Level '/Game/FirstPersonBP/Maps/FirstPersonExampleMap.FirstPersonExampleMap:PersistentLevel' has LevelScriptBlueprint '/Game/FirstPersonBP/Maps/FirstPersonExampleMap.FirstPersonExampleMap:PersistentLevel.FirstPersonExampleMap' with GeneratedClass '/Game/FirstPersonBP/Maps/FirstPersonExampleMap.FirstPersonExampleMap_C' with ClassGeneratedBy '/Game/FirstPersonBP/Maps/FirstPersonExampleMap.FirstPersonExampleMap:PersistentLevel.FirstPersonExampleMap'
[2017.05.15-06.31.57:876][324]LogBlueprintUserMessages: Late EndPlayMap Detection: Level '/Game/FirstPersonBP/Maps/FirstPersonExampleMap.FirstPersonExampleMap:PersistentLevel' has LevelScriptBlueprint '/Game/FirstPersonBP/Maps/FirstPersonExampleMap.FirstPersonExampleMap:PersistentLevel.FirstPersonExampleMap' with GeneratedClass '/Game/FirstPersonBP/Maps/FirstPersonExampleMap.FirstPersonExampleMap_C' with ClassGeneratedBy '/Game/FirstPersonBP/Maps/FirstPersonExampleMap.FirstPersonExampleMap:PersistentLevel.FirstPersonExampleMap'
[2017.05.15-06.32.01:161][703]LogSlate: Took 0.000229 seconds to synchronously load lazily loaded font '../../../Engine/Content/Slate/Fonts/Roboto-Light.ttf' (159K)
[2017.05.15-06.32.01:333][703]LogSavePackage: Save=138.81ms
[2017.05.15-06.32.01:333][703]LogSavePackage: Moving '../../../../../../Users/Jeremy/Documents/GitHub/ProjectLonesomeRecovered/Project_lonesome 4.15/Saved/FirstPersonExampleMapC5FE6C874CA40F921602249EA868B0F0.tmp' to '../../../../../../Users/Jeremy/Documents/GitHub/ProjectLonesomeRecovered/Project_lonesome 4.15/Content/FirstPersonBP/Maps/FirstPersonExampleMap.umap'
[2017.05.15-06.32.01:336][703]LogSavePackage:Display: Finished SavePackage ../../../../../../Users/Jeremy/Documents/GitHub/ProjectLonesomeRecovered/Project_lonesome 4.15/Content/FirstPersonBP/Maps/FirstPersonExampleMap.umap
[2017.05.15-06.32.13:814][166]LogTemp: Repeting last play command: New Editor Window (PIE)
[2017.05.15-06.32.13:836][166]LogBlueprintUserMessages: Early PlayInEditor Detection: Level '/Game/FirstPersonBP/Maps/FirstPersonExampleMap.FirstPersonExampleMap:PersistentLevel' has LevelScriptBlueprint '/Game/FirstPersonBP/Maps/FirstPersonExampleMap.FirstPersonExampleMap:PersistentLevel.FirstPersonExampleMap' with GeneratedClass '/Game/FirstPersonBP/Maps/FirstPersonExampleMap.FirstPersonExampleMap_C' with ClassGeneratedBy '/Game/FirstPersonBP/Maps/FirstPersonExampleMap.FirstPersonExampleMap:PersistentLevel.FirstPersonExampleMap'
[2017.05.15-06.32.13:836][166]LogPlayLevel: PlayLevel: No blueprints needed recompiling
[2017.05.15-06.32.13:837][166]PIE: New page: PIE session: FirstPersonExampleMap (May 14, 2017, 4:32:13 PM)
[2017.05.15-06.32.13:838][166]LogPlayLevel: Creating play world package: /Game/FirstPersonBP/Maps/UEDPIE_0_FirstPersonExampleMap
[2017.05.15-06.32.13:840][166]LogPlayLevel: PIE: StaticDuplicateObject took: (0.002142s)
[2017.05.15-06.32.13:841][166]LogAIModule: Creating AISystem for world FirstPersonExampleMap
[2017.05.15-06.32.13:841][166]LogPlayLevel: PIE: World Init took: (0.000888s)
[2017.05.15-06.32.13:842][166]LogPlayLevel: PIE: Created PIE world by copying editor world from /Game/FirstPersonBP/Maps/FirstPersonExampleMap.FirstPersonExampleMap to /Game/FirstPersonBP/Maps/UEDPIE_0_FirstPersonExampleMap.FirstPersonExampleMap (0.003281s)
[2017.05.15-06.32.13:867][166]LogInit: XAudio2 using 'Headset Earphone (ASTRO MixAmp Pro           )' : 2 channels at 48 kHz using 16 bits per sample (channel mask 0x3)
[2017.05.15-06.32.13:874][166]LogInit: FAudioDevice initialized.
[2017.05.15-06.32.13:943][166]LogLoad: Game class is 'FirstPersonGameMode_C'
[2017.05.15-06.32.13:946][166]LogWorld: Bringing World /Game/FirstPersonBP/Maps/UEDPIE_0_FirstPersonExampleMap.FirstPersonExampleMap up for play (max tick rate 0) at 2017.05.14-23.32.13
[2017.05.15-06.32.13:946][166]LogWorld: Bringing up level for play took: 0.001845
[2017.05.15-06.32.13:947][166]LogGameMode:Display: Match State Changed from EnteringMap to WaitingToStart
[2017.05.15-06.32.13:947][166]LogGameState: Match State Changed from EnteringMap to WaitingToStart
[2017.05.15-06.32.13:947][166]LogGameMode:Display: Match State Changed from WaitingToStart to InProgress
[2017.05.15-06.32.13:949][166]LogGameState: Match State Changed from WaitingToStart to InProgress
[2017.05.15-06.32.13:952][166]PIE: Info Play in editor start time for /Game/FirstPersonBP/Maps/UEDPIE_0_FirstPersonExampleMap 0.283
[2017.05.15-06.32.13:953][166]LogBlueprintUserMessages: Late PlayInEditor Detection: Level '/Game/FirstPersonBP/Maps/FirstPersonExampleMap.FirstPersonExampleMap:PersistentLevel' has LevelScriptBlueprint '/Game/FirstPersonBP/Maps/FirstPersonExampleMap.FirstPersonExampleMap:PersistentLevel.FirstPersonExampleMap' with GeneratedClass '/Game/FirstPersonBP/Maps/FirstPersonExampleMap.FirstPersonExampleMap_C' with ClassGeneratedBy '/Game/FirstPersonBP/Maps/FirstPersonExampleMap.FirstPersonExampleMap:PersistentLevel.FirstPersonExampleMap'
[2017.05.15-06.32.15:058][283]LogGameMode:Display: Match State Changed from InProgress to LeavingMap
[2017.05.15-06.32.15:058][283]LogGameState: Match State Changed from InProgress to LeavingMap
[2017.05.15-06.32.15:058][283]LogNet: Browse: /Game/Levels/Second-Floor
[2017.05.15-06.32.15:058][283]LogLoad: LoadMap: /Game/Levels/Second-Floor
[2017.05.15-06.32.15:075][283]Cmd: MEM
[2017.05.15-06.32.15:086][283]LogMemory: Platform Memory Stats for Windows
[2017.05.15-06.32.15:086][283]LogMemory: Process Physical Memory: 1968.68 MB used, 2074.50 MB peak
[2017.05.15-06.32.15:086][283]LogMemory: Process Virtual Memory: 2812.47 MB used, 3329.27 MB peak
[2017.05.15-06.32.15:086][283]LogMemory: Physical Memory: 7118.04 MB used,  9183.07 MB free, 16301.11 MB total
[2017.05.15-06.32.15:086][283]LogMemory: Virtual Memory: 3691.02 MB used,  9183.07 MB free, 134217728.00 MB total
[2017.05.15-06.32.15:086][283]LogMemory: 
[2017.05.15-06.32.15:086][283]Allocator Stats for TBB: (not implemented)
[2017.05.15-06.32.15:990][283]LogAIModule: Creating AISystem for world Second-Floor
[2017.05.15-06.32.15:990][283]LogLoad: Game class is 'FirstPersonGameMode_C'
[2017.05.15-06.32.16:059][283]LogWorld: Bringing World /Game/Levels/UEDPIE_0_Second-Floor.Second-Floor up for play (max tick rate 0) at 2017.05.14-23.32.16
[2017.05.15-06.32.16:062][283]LogWorld: Bringing up level for play took: 0.070183
[2017.05.15-06.32.16:062][283]LogGameMode: FindPlayerStart: PATHS NOT DEFINED or NO PLAYERSTART with positive rating
[2017.05.15-06.32.16:063][283]LogGameMode:Display: Match State Changed from EnteringMap to WaitingToStart
[2017.05.15-06.32.16:063][283]LogGameState: Match State Changed from EnteringMap to WaitingToStart
[2017.05.15-06.32.16:063][283]LogGameMode:Display: Match State Changed from WaitingToStart to InProgress
[2017.05.15-06.32.16:064][283]LogBlueprintUserMessages: [Second-Floor_C_1] false
[2017.05.15-06.32.16:064][283]LogBlueprintUserMessages: [Second-Floor_C_1] false
[2017.05.15-06.32.16:064][283]LogBlueprintUserMessages: [Second-Floor_C_1] false
[2017.05.15-06.32.16:111][283]LogGameState: Match State Changed from WaitingToStart to InProgress
[2017.05.15-06.32.16:111][283]LogLoad: Took 1.052280 seconds to LoadMap(/Game/Levels/Second-Floor)
[2017.05.15-06.32.20:740][556]LogBlueprintUserMessages: [Second-Floor_C_1] false
[2017.05.15-06.32.20:740][556]LogBlueprintUserMessages: [Second-Floor_C_1] false
[2017.05.15-06.32.20:740][556]LogBlueprintUserMessages: [Second-Floor_C_1] false
[2017.05.15-06.32.21:186][583]PIE:Error: Error Blueprint Runtime Error: Accessed None trying to read property GameHUDReference from function: 'ExecuteUbergraph_FirstPersonCharacter' from node: Branch in graph: EventGraph in object: FirstPersonCharacter with description: Accessed None trying to read property GameHUDReference
[2017.05.15-06.32.21:187][583]PIE:Error: Error Blueprint Runtime Error: Accessed None from function: 'ExecuteUbergraph_FirstPersonCharacter' from node: Branch in graph: EventGraph in object: FirstPersonCharacter with description: Accessed None
[2017.05.15-06.32.25:750][900]LogBlueprintUserMessages: [Second-Floor_C_1] false
[2017.05.15-06.32.25:750][900]LogBlueprintUserMessages: [Second-Floor_C_1] false
[2017.05.15-06.32.25:750][900]LogBlueprintUserMessages: [Second-Floor_C_1] false
[2017.05.15-06.32.30:759][323]LogBlueprintUserMessages: [Second-Floor_C_1] false
[2017.05.15-06.32.30:759][323]LogBlueprintUserMessages: [Second-Floor_C_1] false
[2017.05.15-06.32.30:759][323]LogBlueprintUserMessages: [Second-Floor_C_1] false
[2017.05.15-06.32.33:302][555]LogBlueprintUserMessages: [Second-Floor_C_1] false
[2017.05.15-06.32.33:302][555]LogBlueprintUserMessages: [Second-Floor_C_1] false
[2017.05.15-06.32.33:302][555]LogBlueprintUserMessages: [Second-Floor_C_1] false
[2017.05.15-06.32.41:873][391]LogBlueprintUserMessages: [Flashlight_668] true
[2017.05.15-06.32.41:873][391]LogBlueprintUserMessages: [Flashlight_668] deleted yet?
[2017.05.15-06.32.52:657][462]PIE:Error: Error Blueprint Runtime Error: Accessed None trying to read property GameHUDReference from function: 'ExecuteUbergraph_FirstPersonCharacter' from node: Branch in graph: EventGraph in object: FirstPersonCharacter with description: Accessed None trying to read property GameHUDReference
[2017.05.15-06.32.52:657][462]PIE:Error: Error Blueprint Runtime Error: Accessed None from function: 'ExecuteUbergraph_FirstPersonCharacter' from node: Branch in graph: EventGraph in object: FirstPersonCharacter with description: Accessed None
[2017.05.15-06.32.54:724][668]PIE:Error: Error Blueprint Runtime Error: Accessed None trying to read property GameHUDReference from function: 'ExecuteUbergraph_FirstPersonCharacter' from node: Branch in graph: EventGraph in object: FirstPersonCharacter with description: Accessed None trying to read property GameHUDReference
[2017.05.15-06.32.54:724][668]PIE:Error: Error Blueprint Runtime Error: Accessed None from function: 'ExecuteUbergraph_FirstPersonCharacter' from node: Branch in graph: EventGraph in object: FirstPersonCharacter with description: Accessed None
[2017.05.15-06.32.55:715][765]PIE:Error: Error Blueprint Runtime Error: Accessed None trying to read property GameHUDReference from function: 'ExecuteUbergraph_FirstPersonCharacter' from node: Branch in graph: EventGraph in object: FirstPersonCharacter with description: Accessed None trying to read property GameHUDReference
[2017.05.15-06.32.55:715][765]PIE:Error: Error Blueprint Runtime Error: Accessed None from function: 'ExecuteUbergraph_FirstPersonCharacter' from node: Branch in graph: EventGraph in object: FirstPersonCharacter with description: Accessed None
[2017.05.15-06.32.55:920][786]PIE:Error: Error Blueprint Runtime Error: Accessed None trying to read property GameHUDReference from function: 'ExecuteUbergraph_FirstPersonCharacter' from node: Branch in graph: EventGraph in object: FirstPersonCharacter with description: Accessed None trying to read property GameHUDReference
[2017.05.15-06.32.55:920][786]PIE:Error: Error Blueprint Runtime Error: Accessed None from function: 'ExecuteUbergraph_FirstPersonCharacter' from node: Branch in graph: EventGraph in object: FirstPersonCharacter with description: Accessed None
[2017.05.15-06.32.56:125][807]PIE:Error: Error Blueprint Runtime Error: Accessed None trying to read property GameHUDReference from function: 'ExecuteUbergraph_FirstPersonCharacter' from node: Branch in graph: EventGraph in object: FirstPersonCharacter with description: Accessed None trying to read property GameHUDReference
[2017.05.15-06.32.56:125][807]PIE:Error: Error Blueprint Runtime Error: Accessed None from function: 'ExecuteUbergraph_FirstPersonCharacter' from node: Branch in graph: EventGraph in object: FirstPersonCharacter with description: Accessed None
[2017.05.15-06.32.56:470][842]PIE:Error: Error Blueprint Runtime Error: Accessed None trying to read property GameHUDReference from function: 'ExecuteUbergraph_FirstPersonCharacter' from node: Branch in graph: EventGraph in object: FirstPersonCharacter with description: Accessed None trying to read property GameHUDReference
[2017.05.15-06.32.56:471][842]PIE:Error: Error Blueprint Runtime Error: Accessed None from function: 'ExecuteUbergraph_FirstPersonCharacter' from node: Branch in graph: EventGraph in object: FirstPersonCharacter with description: Accessed None
[2017.05.15-06.32.56:708][864]PIE:Error: Error Blueprint Runtime Error: Accessed None trying to read property GameHUDReference from function: 'ExecuteUbergraph_FirstPersonCharacter' from node: Branch in graph: EventGraph in object: FirstPersonCharacter with description: Accessed None trying to read property GameHUDReference
[2017.05.15-06.32.56:708][864]PIE:Error: Error Blueprint Runtime Error: Accessed None from function: 'ExecuteUbergraph_FirstPersonCharacter' from node: Branch in graph: EventGraph in object: FirstPersonCharacter with description: Accessed None
[2017.05.15-06.32.57:021][895]PIE:Error: Error Blueprint Runtime Error: Accessed None trying to read property GameHUDReference from function: 'ExecuteUbergraph_FirstPersonCharacter' from node: Branch in graph: EventGraph in object: FirstPersonCharacter with description: Accessed None trying to read property GameHUDReference
[2017.05.15-06.32.57:021][895]PIE:Error: Error Blueprint Runtime Error: Accessed None from function: 'ExecuteUbergraph_FirstPersonCharacter' from node: Branch in graph: EventGraph in object: FirstPersonCharacter with description: Accessed None
[2017.05.15-06.32.57:217][914]PIE:Error: Error Blueprint Runtime Error: Accessed None trying to read property GameHUDReference from function: 'ExecuteUbergraph_FirstPersonCharacter' from node: Branch in graph: EventGraph in object: FirstPersonCharacter with description: Accessed None trying to read property GameHUDReference
[2017.05.15-06.32.57:217][914]PIE:Error: Error Blueprint Runtime Error: Accessed None from function: 'ExecuteUbergraph_FirstPersonCharacter' from node: Branch in graph: EventGraph in object: FirstPersonCharacter with description: Accessed None
[2017.05.15-06.32.57:432][934]PIE:Error: Error Blueprint Runtime Error: Accessed None trying to read property GameHUDReference from function: 'ExecuteUbergraph_FirstPersonCharacter' from node: Branch in graph: EventGraph in object: FirstPersonCharacter with description: Accessed None trying to read property GameHUDReference
[2017.05.15-06.32.57:432][934]PIE:Error: Error Blueprint Runtime Error: Accessed None from function: 'ExecuteUbergraph_FirstPersonCharacter' from node: Branch in graph: EventGraph in object: FirstPersonCharacter with description: Accessed None
[2017.05.15-06.32.57:623][952]PIE:Error: Error Blueprint Runtime Error: Accessed None trying to read property GameHUDReference from function: 'ExecuteUbergraph_FirstPersonCharacter' from node: Branch in graph: EventGraph in object: FirstPersonCharacter with description: Accessed None trying to read property GameHUDReference
[2017.05.15-06.32.57:623][952]PIE:Error: Error Blueprint Runtime Error: Accessed None from function: 'ExecuteUbergraph_FirstPersonCharacter' from node: Branch in graph: EventGraph in object: FirstPersonCharacter with description: Accessed None
[2017.05.15-06.33.00:436][233]PIE:Error: Error Blueprint Runtime Error: Accessed None trying to read property GameHUDReference from function: 'ExecuteUbergraph_FirstPersonCharacter' from node: Branch in graph: EventGraph in object: FirstPersonCharacter with description: Accessed None trying to read property GameHUDReference
[2017.05.15-06.33.00:436][233]PIE:Error: Error Blueprint Runtime Error: Accessed None from function: 'ExecuteUbergraph_FirstPersonCharacter' from node: Branch in graph: EventGraph in object: FirstPersonCharacter with description: Accessed None
[2017.05.15-06.33.00:654][254]PIE:Error: Error Blueprint Runtime Error: Accessed None trying to read property GameHUDReference from function: 'ExecuteUbergraph_FirstPersonCharacter' from node: Branch in graph: EventGraph in object: FirstPersonCharacter with description: Accessed None trying to read property GameHUDReference
[2017.05.15-06.33.00:654][254]PIE:Error: Error Blueprint Runtime Error: Accessed None from function: 'ExecuteUbergraph_FirstPersonCharacter' from node: Branch in graph: EventGraph in object: FirstPersonCharacter with description: Accessed None
[2017.05.15-06.33.00:871][272]PIE:Error: Error Blueprint Runtime Error: Accessed None trying to read property GameHUDReference from function: 'ExecuteUbergraph_FirstPersonCharacter' from node: Branch in graph: EventGraph in object: FirstPersonCharacter with description: Accessed None trying to read property GameHUDReference
[2017.05.15-06.33.00:871][272]PIE:Error: Error Blueprint Runtime Error: Accessed None from function: 'ExecuteUbergraph_FirstPersonCharacter' from node: Branch in graph: EventGraph in object: FirstPersonCharacter with description: Accessed None
[2017.05.15-06.33.09:836][157]PIE:Error: Error Blueprint Runtime Error: Accessed None trying to read property GameHUDReference from function: 'ExecuteUbergraph_FirstPersonCharacter' from node: Branch in graph: EventGraph in object: FirstPersonCharacter with description: Accessed None trying to read property GameHUDReference
[2017.05.15-06.33.09:836][157]PIE:Error: Error Blueprint Runtime Error: Accessed None from function: 'ExecuteUbergraph_FirstPersonCharacter' from node: Branch in graph: EventGraph in object: FirstPersonCharacter with description: Accessed None
[2017.05.15-06.33.10:115][184]PIE:Error: Error Blueprint Runtime Error: Accessed None trying to read property GameHUDReference from function: 'ExecuteUbergraph_FirstPersonCharacter' from node: Branch in graph: EventGraph in object: FirstPersonCharacter with description: Accessed None trying to read property GameHUDReference
[2017.05.15-06.33.10:115][184]PIE:Error: Error Blueprint Runtime Error: Accessed None from function: 'ExecuteUbergraph_FirstPersonCharacter' from node: Branch in graph: EventGraph in object: FirstPersonCharacter with description: Accessed None
[2017.05.15-06.33.21:819][301]LogBlueprintUserMessages: [RopeBP_380] true
[2017.05.15-06.33.21:819][301]LogBlueprintUserMessages: [RopeBP_380] deleted yet?
[2017.05.15-06.34.06:832][ 85]LogEditorViewport: Clicking Background
[2017.05.15-06.34.31:538][445]LogBlueprintUserMessages: Early EndPlayMap Detection: Level '/Game/FirstPersonBP/Maps/FirstPersonExampleMap.FirstPersonExampleMap:PersistentLevel' has LevelScriptBlueprint '/Game/FirstPersonBP/Maps/FirstPersonExampleMap.FirstPersonExampleMap:PersistentLevel.FirstPersonExampleMap' with GeneratedClass '/Game/FirstPersonBP/Maps/FirstPersonExampleMap.FirstPersonExampleMap_C' with ClassGeneratedBy '/Game/FirstPersonBP/Maps/FirstPersonExampleMap.FirstPersonExampleMap:PersistentLevel.FirstPersonExampleMap'
[2017.05.15-06.34.31:602][445]LogBlueprintUserMessages: Late EndPlayMap Detection: Level '/Game/FirstPersonBP/Maps/FirstPersonExampleMap.FirstPersonExampleMap:PersistentLevel' has LevelScriptBlueprint '/Game/FirstPersonBP/Maps/FirstPersonExampleMap.FirstPersonExampleMap:PersistentLevel.FirstPersonExampleMap' with GeneratedClass '/Game/FirstPersonBP/Maps/FirstPersonExampleMap.FirstPersonExampleMap_C' with ClassGeneratedBy '/Game/FirstPersonBP/Maps/FirstPersonExampleMap.FirstPersonExampleMap:PersistentLevel.FirstPersonExampleMap'
[2017.05.15-06.34.54:486][770]LogTemp: Repeting last play command: New Editor Window (PIE)
[2017.05.15-06.34.54:510][770]LogBlueprintUserMessages: Early PlayInEditor Detection: Level '/Game/FirstPersonBP/Maps/FirstPersonExampleMap.FirstPersonExampleMap:PersistentLevel' has LevelScriptBlueprint '/Game/FirstPersonBP/Maps/FirstPersonExampleMap.FirstPersonExampleMap:PersistentLevel.FirstPersonExampleMap' with GeneratedClass '/Game/FirstPersonBP/Maps/FirstPersonExampleMap.FirstPersonExampleMap_C' with ClassGeneratedBy '/Game/FirstPersonBP/Maps/FirstPersonExampleMap.FirstPersonExampleMap:PersistentLevel.FirstPersonExampleMap'
[2017.05.15-06.34.54:510][770]LogPlayLevel: PlayLevel: No blueprints needed recompiling
[2017.05.15-06.34.54:510][770]PIE: New page: PIE session: FirstPersonExampleMap (May 14, 2017, 4:34:54 PM)
[2017.05.15-06.34.54:512][770]LogPlayLevel: Creating play world package: /Game/FirstPersonBP/Maps/UEDPIE_0_FirstPersonExampleMap
[2017.05.15-06.34.54:514][770]LogPlayLevel: PIE: StaticDuplicateObject took: (0.002569s)
[2017.05.15-06.34.54:515][770]LogAIModule: Creating AISystem for world FirstPersonExampleMap
[2017.05.15-06.34.54:515][770]LogPlayLevel: PIE: World Init took: (0.000790s)
[2017.05.15-06.34.54:515][770]LogPlayLevel: PIE: Created PIE world by copying editor world from /Game/FirstPersonBP/Maps/FirstPersonExampleMap.FirstPersonExampleMap to /Game/FirstPersonBP/Maps/UEDPIE_0_FirstPersonExampleMap.FirstPersonExampleMap (0.003595s)
[2017.05.15-06.34.54:542][770]LogInit: XAudio2 using 'Headset Earphone (ASTRO MixAmp Pro           )' : 2 channels at 48 kHz using 16 bits per sample (channel mask 0x3)
[2017.05.15-06.34.54:550][770]LogInit: FAudioDevice initialized.
[2017.05.15-06.34.54:624][770]LogLoad: Game class is 'FirstPersonGameMode_C'
[2017.05.15-06.34.54:627][770]LogWorld: Bringing World /Game/FirstPersonBP/Maps/UEDPIE_0_FirstPersonExampleMap.FirstPersonExampleMap up for play (max tick rate 0) at 2017.05.14-23.34.54
[2017.05.15-06.34.54:627][770]LogWorld: Bringing up level for play took: 0.001809
[2017.05.15-06.34.54:628][770]LogGameMode:Display: Match State Changed from EnteringMap to WaitingToStart
[2017.05.15-06.34.54:628][770]LogGameState: Match State Changed from EnteringMap to WaitingToStart
[2017.05.15-06.34.54:628][770]LogGameMode:Display: Match State Changed from WaitingToStart to InProgress
[2017.05.15-06.34.54:630][770]LogGameState: Match State Changed from WaitingToStart to InProgress
[2017.05.15-06.34.54:634][770]PIE: Info Play in editor start time for /Game/FirstPersonBP/Maps/UEDPIE_0_FirstPersonExampleMap 0.964
[2017.05.15-06.34.54:634][770]LogBlueprintUserMessages: Late PlayInEditor Detection: Level '/Game/FirstPersonBP/Maps/FirstPersonExampleMap.FirstPersonExampleMap:PersistentLevel' has LevelScriptBlueprint '/Game/FirstPersonBP/Maps/FirstPersonExampleMap.FirstPersonExampleMap:PersistentLevel.FirstPersonExampleMap' with GeneratedClass '/Game/FirstPersonBP/Maps/FirstPersonExampleMap.FirstPersonExampleMap_C' with ClassGeneratedBy '/Game/FirstPersonBP/Maps/FirstPersonExampleMap.FirstPersonExampleMap:PersistentLevel.FirstPersonExampleMap'
[2017.05.15-06.34.55:347][847]LogGameMode:Display: Match State Changed from InProgress to LeavingMap
[2017.05.15-06.34.55:347][847]LogGameState: Match State Changed from InProgress to LeavingMap
[2017.05.15-06.34.55:347][847]LogNet: Browse: /Game/Levels/Second-Floor
[2017.05.15-06.34.55:347][847]LogLoad: LoadMap: /Game/Levels/Second-Floor
[2017.05.15-06.34.55:361][847]Cmd: MEM
[2017.05.15-06.34.55:374][847]LogMemory: Platform Memory Stats for Windows
[2017.05.15-06.34.55:374][847]LogMemory: Process Physical Memory: 1651.32 MB used, 2160.35 MB peak
[2017.05.15-06.34.55:374][847]LogMemory: Process Virtual Memory: 2900.89 MB used, 3464.38 MB peak
[2017.05.15-06.34.55:374][847]LogMemory: Physical Memory: 7275.43 MB used,  9025.69 MB free, 16301.11 MB total
[2017.05.15-06.34.55:374][847]LogMemory: Virtual Memory: 3836.01 MB used,  9025.69 MB free, 134217728.00 MB total
[2017.05.15-06.34.55:374][847]LogMemory: 
[2017.05.15-06.34.55:374][847]Allocator Stats for TBB: (not implemented)
[2017.05.15-06.34.56:256][847]LogAIModule: Creating AISystem for world Second-Floor
[2017.05.15-06.34.56:256][847]LogLoad: Game class is 'FirstPersonGameMode_C'
[2017.05.15-06.34.56:323][847]LogWorld: Bringing World /Game/Levels/UEDPIE_0_Second-Floor.Second-Floor up for play (max tick rate 0) at 2017.05.14-23.34.56
[2017.05.15-06.34.56:327][847]LogWorld: Bringing up level for play took: 0.069661
[2017.05.15-06.34.56:327][847]LogGameMode: FindPlayerStart: PATHS NOT DEFINED or NO PLAYERSTART with positive rating
[2017.05.15-06.34.56:327][847]LogGameMode:Display: Match State Changed from EnteringMap to WaitingToStart
[2017.05.15-06.34.56:327][847]LogGameState: Match State Changed from EnteringMap to WaitingToStart
[2017.05.15-06.34.56:327][847]LogGameMode:Display: Match State Changed from WaitingToStart to InProgress
[2017.05.15-06.34.56:329][847]LogBlueprintUserMessages: [Second-Floor_C_1] false
[2017.05.15-06.34.56:329][847]LogBlueprintUserMessages: [Second-Floor_C_1] false
[2017.05.15-06.34.56:329][847]LogBlueprintUserMessages: [Second-Floor_C_1] false
[2017.05.15-06.34.56:375][847]LogGameState: Match State Changed from WaitingToStart to InProgress
[2017.05.15-06.34.56:376][847]LogLoad: Took 1.028314 seconds to LoadMap(/Game/Levels/Second-Floor)
[2017.05.15-06.35.02:060][201]LogBlueprintUserMessages: [Second-Floor_C_1] false
[2017.05.15-06.35.02:060][201]LogBlueprintUserMessages: [Second-Floor_C_1] false
[2017.05.15-06.35.02:060][201]LogBlueprintUserMessages: [Second-Floor_C_1] false
[2017.05.15-06.35.07:466][677]LogBlueprintUserMessages: [Second-Floor_C_1] false
[2017.05.15-06.35.07:466][677]LogBlueprintUserMessages: [Second-Floor_C_1] false
[2017.05.15-06.35.07:466][677]LogBlueprintUserMessages: [Second-Floor_C_1] false
[2017.05.15-06.35.10:259][941]LogBlueprintUserMessages: [Second-Floor_C_1] false
[2017.05.15-06.35.10:259][941]LogBlueprintUserMessages: [Second-Floor_C_1] false
[2017.05.15-06.35.10:259][941]LogBlueprintUserMessages: [Second-Floor_C_1] false
[2017.05.15-06.35.14:664][387]PIE:Error: Error Blueprint Runtime Error: Accessed None trying to read property GameHUDReference from function: 'ExecuteUbergraph_FirstPersonCharacter' from node: Branch in graph: EventGraph in object: FirstPersonCharacter with description: Accessed None trying to read property GameHUDReference
[2017.05.15-06.35.14:664][387]PIE:Error: Error Blueprint Runtime Error: Accessed None from function: 'ExecuteUbergraph_FirstPersonCharacter' from node: Branch in graph: EventGraph in object: FirstPersonCharacter with description: Accessed None
[2017.05.15-06.35.15:588][479]PIE:Error: Error Blueprint Runtime Error: Accessed None trying to read property GameHUDReference from function: 'ExecuteUbergraph_FirstPersonCharacter' from node: Branch in graph: EventGraph in object: FirstPersonCharacter with description: Accessed None trying to read property GameHUDReference
[2017.05.15-06.35.15:588][479]PIE:Error: Error Blueprint Runtime Error: Accessed None from function: 'ExecuteUbergraph_FirstPersonCharacter' from node: Branch in graph: EventGraph in object: FirstPersonCharacter with description: Accessed None
[2017.05.15-06.35.16:027][522]PIE:Error: Error Blueprint Runtime Error: Accessed None trying to read property GameHUDReference from function: 'ExecuteUbergraph_FirstPersonCharacter' from node: Branch in graph: EventGraph in object: FirstPersonCharacter with description: Accessed None trying to read property GameHUDReference
[2017.05.15-06.35.16:027][522]PIE:Error: Error Blueprint Runtime Error: Accessed None from function: 'ExecuteUbergraph_FirstPersonCharacter' from node: Branch in graph: EventGraph in object: FirstPersonCharacter with description: Accessed None
[2017.05.15-06.35.16:439][563]PIE:Error: Error Blueprint Runtime Error: Accessed None trying to read property GameHUDReference from function: 'ExecuteUbergraph_FirstPersonCharacter' from node: Branch in graph: EventGraph in object: FirstPersonCharacter with description: Accessed None trying to read property GameHUDReference
[2017.05.15-06.35.16:439][563]PIE:Error: Error Blueprint Runtime Error: Accessed None from function: 'ExecuteUbergraph_FirstPersonCharacter' from node: Branch in graph: EventGraph in object: FirstPersonCharacter with description: Accessed None
[2017.05.15-06.35.17:025][620]PIE:Error: Error Blueprint Runtime Error: Accessed None trying to read property GameHUDReference from function: 'ExecuteUbergraph_FirstPersonCharacter' from node: Branch in graph: EventGraph in object: FirstPersonCharacter with description: Accessed None trying to read property GameHUDReference
[2017.05.15-06.35.17:025][620]PIE:Error: Error Blueprint Runtime Error: Accessed None from function: 'ExecuteUbergraph_FirstPersonCharacter' from node: Branch in graph: EventGraph in object: FirstPersonCharacter with description: Accessed None
[2017.05.15-06.35.17:498][667]LogBlueprintUserMessages: [Flashlight_668] true
[2017.05.15-06.35.17:498][667]LogBlueprintUserMessages: [Flashlight_668] deleted yet?
[2017.05.15-06.35.20:626][976]LogBlueprintUserMessages: Early EndPlayMap Detection: Level '/Game/FirstPersonBP/Maps/FirstPersonExampleMap.FirstPersonExampleMap:PersistentLevel' has LevelScriptBlueprint '/Game/FirstPersonBP/Maps/FirstPersonExampleMap.FirstPersonExampleMap:PersistentLevel.FirstPersonExampleMap' with GeneratedClass '/Game/FirstPersonBP/Maps/FirstPersonExampleMap.FirstPersonExampleMap_C' with ClassGeneratedBy '/Game/FirstPersonBP/Maps/FirstPersonExampleMap.FirstPersonExampleMap:PersistentLevel.FirstPersonExampleMap'
[2017.05.15-06.35.20:690][976]LogBlueprintUserMessages: Late EndPlayMap Detection: Level '/Game/FirstPersonBP/Maps/FirstPersonExampleMap.FirstPersonExampleMap:PersistentLevel' has LevelScriptBlueprint '/Game/FirstPersonBP/Maps/FirstPersonExampleMap.FirstPersonExampleMap:PersistentLevel.FirstPersonExampleMap' with GeneratedClass '/Game/FirstPersonBP/Maps/FirstPersonExampleMap.FirstPersonExampleMap_C' with ClassGeneratedBy '/Game/FirstPersonBP/Maps/FirstPersonExampleMap.FirstPersonExampleMap:PersistentLevel.FirstPersonExampleMap'
[2017.05.15-06.35.25:961][573]LogSavePackage: Save=144.73ms
[2017.05.15-06.35.25:961][573]LogSavePackage: Moving '../../../../../../Users/Jeremy/Documents/GitHub/ProjectLonesomeRecovered/Project_lonesome 4.15/Saved/FirstPersonExampleMapA64B205E4BD303F0958F13923774E26D.tmp' to '../../../../../../Users/Jeremy/Documents/GitHub/ProjectLonesomeRecovered/Project_lonesome 4.15/Content/FirstPersonBP/Maps/FirstPersonExampleMap.umap'
[2017.05.15-06.35.25:964][573]LogSavePackage:Display: Finished SavePackage ../../../../../../Users/Jeremy/Documents/GitHub/ProjectLonesomeRecovered/Project_lonesome 4.15/Content/FirstPersonBP/Maps/FirstPersonExampleMap.umap
[2017.05.15-06.35.27:056][682]LogWindowsTextInputMethodSystem:Display: IME system now deactivated.
[2017.05.15-06.35.27:246][683]Cmd: QUIT_EDITOR
[2017.05.15-06.35.28:131][683]LogExit: Preparing to exit.
[2017.05.15-06.35.29:251][683]LogDirectoryWatcher: A directory notification for 'C:/Users/Jeremy/Documents/GitHub/ProjectLonesomeRecovered/Project_lonesome 4.15/Content/' was aborted.
[2017.05.15-06.35.29:289][683]LogExit: Editor shut down
[2017.05.15-06.35.29:289][683]LogExit: Transaction tracking system shut down
[2017.05.15-06.35.29:506][683]LogObj: Freed 0b from 0 cluster array pools.
[2017.05.15-06.35.29:506][683]LogExit: Object subsystem successfully closed.
[2017.05.15-06.35.29:526][683]LogD3D11RHI: Shutdown
[2017.05.15-06.35.29:526][683]LogD3D11RHI: CleanupD3DDevice
[2017.05.15-06.35.29:589][683]LogD3D11RHI: ~FD3D11DynamicRHI
[2017.05.15-06.35.29:641][683]LogModuleManager: Shutting down and abandoning module MovieSceneCapture (500)
[2017.05.15-06.35.29:641][683]LogModuleManager: Shutting down and abandoning module HierarchicalLODOutliner (498)
[2017.05.15-06.35.29:641][683]LogModuleManager: Shutting down and abandoning module CrashTracker (496)
[2017.05.15-06.35.29:641][683]LogModuleManager: Shutting down and abandoning module SceneOutliner (494)
[2017.05.15-06.35.29:641][683]LogModuleManager: Shutting down and abandoning module AddContentDialog (492)
[2017.05.15-06.35.29:641][683]LogDirectoryWatcher: A directory notification for 'C:/Program Files/Epic Games/UE_4.15/FeaturePacks/' was aborted.
[2017.05.15-06.35.29:643][683]LogModuleManager: Shutting down and abandoning module WidgetCarousel (491)
[2017.05.15-06.35.29:643][683]LogModuleManager: Shutting down and abandoning module EditorWidgets (488)
[2017.05.15-06.35.29:643][683]LogModuleManager: Shutting down and abandoning module CollectionManager (486)
[2017.05.15-06.35.29:643][683]LogDirectoryWatcher: A directory notification for 'C:/Users/Jeremy/Documents/GitHub/ProjectLonesomeRecovered/Project_lonesome 4.15/Content/Collections/' was aborted.
[2017.05.15-06.35.29:643][683]LogDirectoryWatcher: A directory notification for 'C:/Users/Jeremy/Documents/GitHub/ProjectLonesomeRecovered/Project_lonesome 4.15/Content/Developers/Jeremy/Collections/' was aborted.
[2017.05.15-06.35.29:643][683]LogDirectoryWatcher: A directory notification for 'C:/Users/Jeremy/Documents/GitHub/ProjectLonesomeRecovered/Project_lonesome 4.15/Saved/Collections/' was aborted.
[2017.05.15-06.35.29:643][683]LogModuleManager: Shutting down and abandoning module StatsViewer (484)
[2017.05.15-06.35.29:643][683]LogModuleManager: Shutting down and abandoning module FoliageEdit (482)
[2017.05.15-06.35.29:644][683]LogModuleManager: Shutting down and abandoning module LandscapeEditor (480)
[2017.05.15-06.35.29:644][683]LogModuleManager: Shutting down and abandoning module SceneDepthPickerMode (478)
[2017.05.15-06.35.29:644][683]LogModuleManager: Shutting down and abandoning module ActorPickerMode (476)
[2017.05.15-06.35.29:644][683]LogModuleManager: Shutting down and abandoning module GeometryMode (474)
[2017.05.15-06.35.29:644][683]LogModuleManager: Shutting down and abandoning module TextureAlignMode (472)
[2017.05.15-06.35.29:644][683]LogModuleManager: Shutting down and abandoning module BspMode (470)
[2017.05.15-06.35.29:644][683]LogModuleManager: Shutting down and abandoning module HardwareSurvey (468)
[2017.05.15-06.35.29:644][683]LogModuleManager: Shutting down and abandoning module SequenceRecorderSections (466)
[2017.05.15-06.35.29:644][683]LogModuleManager: Shutting down and abandoning module AutomationWorker (464)
[2017.05.15-06.35.29:644][683]LogModuleManager: Shutting down and abandoning module MatineeToLevelSequence (462)
[2017.05.15-06.35.29:644][683]LogModuleManager: Shutting down and abandoning module LevelSequenceEditor (460)
[2017.05.15-06.35.29:644][683]LogModuleManager: Shutting down and abandoning module PlacementMode (459)
[2017.05.15-06.35.29:644][683]LogModuleManager: Shutting down and abandoning module WmfMediaFactory (456)
[2017.05.15-06.35.29:644][683]LogModuleManager: Shutting down and abandoning module WmfMediaEditor (454)
[2017.05.15-06.35.29:644][683]LogModuleManager: Shutting down and abandoning module MfMediaFactory (452)
[2017.05.15-06.35.29:644][683]LogModuleManager: Shutting down and abandoning module MfMediaEditor (450)
[2017.05.15-06.35.29:644][683]LogModuleManager: Shutting down and abandoning module AvfMediaFactory (448)
[2017.05.15-06.35.29:644][683]LogModuleManager: Shutting down and abandoning module AvfMediaEditor (446)
[2017.05.15-06.35.29:644][683]LogModuleManager: Shutting down and abandoning module AndroidMediaFactory (444)
[2017.05.15-06.35.29:644][683]LogModuleManager: Shutting down and abandoning module Media (443)
[2017.05.15-06.35.29:644][683]LogModuleManager: Shutting down and abandoning module AndroidMediaEditor (440)
[2017.05.15-06.35.29:644][683]LogModuleManager: Shutting down and abandoning module CharacterAI (438)
[2017.05.15-06.35.29:644][683]LogModuleManager: Shutting down and abandoning module AudioCapture (436)
[2017.05.15-06.35.29:644][683]LogModuleManager: Shutting down and abandoning module SequenceRecorder (435)
[2017.05.15-06.35.29:644][683]LogModuleManager: Shutting down and abandoning module SmartSnapping (432)
[2017.05.15-06.35.29:644][683]LogModuleManager: Shutting down and abandoning module SessionServices (430)
[2017.05.15-06.35.29:644][683]LogModuleManager: Shutting down and abandoning module ViewportSnapping (428)
[2017.05.15-06.35.29:644][683]LogModuleManager: Shutting down and abandoning module ViewportInteraction (426)
[2017.05.15-06.35.29:644][683]LogModuleManager: Shutting down and abandoning module LogVisualizer (424)
[2017.05.15-06.35.29:645][683]LogModuleManager: Shutting down and abandoning module IntroTutorials (422)
[2017.05.15-06.35.29:645][683]LogModuleManager: Shutting down and abandoning module GameProjectGeneration (421)
[2017.05.15-06.35.29:645][683]LogModuleManager: Shutting down and abandoning module EditorLiveStreaming (418)
[2017.05.15-06.35.29:645][683]LogModuleManager: Shutting down and abandoning module IOSPlatformEditor (416)
[2017.05.15-06.35.29:645][683]LogModuleManager: Shutting down and abandoning module HTML5PlatformEditor (414)
[2017.05.15-06.35.29:645][683]LogModuleManager: Shutting down and abandoning module AndroidPlatformEditor (412)
[2017.05.15-06.35.29:645][683]LogModuleManager: Shutting down and abandoning module AndroidDeviceDetection (411)
[2017.05.15-06.35.30:460][683]LogModuleManager: Shutting down and abandoning module IOSRuntimeSettings (408)
[2017.05.15-06.35.30:460][683]LogModuleManager: Shutting down and abandoning module AndroidRuntimeSettings (406)
[2017.05.15-06.35.30:460][683]LogModuleManager: Shutting down and abandoning module InputBindingEditor (404)
[2017.05.15-06.35.30:460][683]LogModuleManager: Shutting down and abandoning module NiagaraEditor (402)
[2017.05.15-06.35.30:460][683]LogModuleManager: Shutting down and abandoning module MergeActors (400)
[2017.05.15-06.35.30:460][683]LogModuleManager: Shutting down and abandoning module SizeMap (398)
[2017.05.15-06.35.30:460][683]LogModuleManager: Shutting down and abandoning module TreeMap (396)
[2017.05.15-06.35.30:460][683]LogModuleManager: Shutting down and abandoning module ReferenceViewer (394)
[2017.05.15-06.35.30:460][683]LogModuleManager: Shutting down and abandoning module LocalizationDashboard (392)
[2017.05.15-06.35.30:460][683]LogModuleManager: Shutting down and abandoning module LocalizationService (391)
[2017.05.15-06.35.30:460][683]LogModuleManager: Shutting down and abandoning module HardwareTargeting (388)
[2017.05.15-06.35.30:460][683]LogModuleManager: Shutting down and abandoning module DeviceProfileEditor (386)
[2017.05.15-06.35.30:460][683]LogModuleManager: Shutting down and abandoning module UndoHistory (384)
[2017.05.15-06.35.30:460][683]LogModuleManager: Shutting down and abandoning module UserFeedback (382)
[2017.05.15-06.35.30:460][683]LogModuleManager: Shutting down and abandoning module XmlParser (380)
[2017.05.15-06.35.30:460][683]LogModuleManager: Shutting down and abandoning module Blutility (378)
[2017.05.15-06.35.30:460][683]LogModuleManager: Shutting down and abandoning module ProjectSettingsViewer (376)
[2017.05.15-06.35.30:460][683]LogModuleManager: Shutting down and abandoning module ProjectTargetPlatformEditor (375)
[2017.05.15-06.35.30:461][683]LogModuleManager: Shutting down and abandoning module EditorSettingsViewer (372)
[2017.05.15-06.35.30:461][683]LogModuleManager: Shutting down and abandoning module SettingsEditor (370)
[2017.05.15-06.35.30:461][683]LogModuleManager: Shutting down and abandoning module ProjectLauncher (368)
[2017.05.15-06.35.30:461][683]LogModuleManager: Shutting down and abandoning module SessionFrontend (366)
[2017.05.15-06.35.30:461][683]LogModuleManager: Shutting down and abandoning module ProfilerClient (364)
[2017.05.15-06.35.30:461][683]LogModuleManager: Shutting down and abandoning module DeviceManager (362)
[2017.05.15-06.35.30:461][683]LogModuleManager: Shutting down and abandoning module TargetDeviceServices (361)
[2017.05.15-06.35.30:514][683]LogModuleManager: Shutting down and abandoning module AutomationController (358)
[2017.05.15-06.35.30:514][683]LogModuleManager: Shutting down and abandoning module AutomationWindow (356)
[2017.05.15-06.35.30:514][683]LogModuleManager: Shutting down and abandoning module Layers (354)
[2017.05.15-06.35.30:514][683]LogModuleManager: Shutting down and abandoning module ComponentVisualizers (352)
[2017.05.15-06.35.30:514][683]LogModuleManager: Shutting down and abandoning module DetailCustomizations (350)
[2017.05.15-06.35.30:514][683]LogModuleManager: Shutting down and abandoning module PackagesDialog (348)
[2017.05.15-06.35.30:514][683]LogModuleManager: Shutting down and abandoning module Persona (346)
[2017.05.15-06.35.30:514][683]LogModuleManager: Shutting down and abandoning module AnimGraph (345)
[2017.05.15-06.35.30:514][683]LogModuleManager: Shutting down and abandoning module Kismet (342)
[2017.05.15-06.35.30:518][683]LogModuleManager: Shutting down and abandoning module GraphEditor (340)
[2017.05.15-06.35.30:518][683]LogModuleManager: Shutting down and abandoning module ClassViewer (338)
[2017.05.15-06.35.30:518][683]LogModuleManager: Shutting down and abandoning module Toolbox (336)
[2017.05.15-06.35.30:518][683]LogModuleManager: Shutting down and abandoning module ModuleUI (334)
[2017.05.15-06.35.30:518][683]LogModuleManager: Shutting down and abandoning module MovieSceneTools (332)
[2017.05.15-06.35.30:518][683]LogModuleManager: Shutting down and abandoning module OutputLog (330)
[2017.05.15-06.35.30:518][683]LogModuleManager: Shutting down and abandoning module GammaUI (328)
[2017.05.15-06.35.30:518][683]LogModuleManager: Shutting down and abandoning module Documentation (326)
[2017.05.15-06.35.30:518][683]LogModuleManager: Shutting down and abandoning module Niagara (324)
[2017.05.15-06.35.30:518][683]LogModuleManager: Shutting down and abandoning module StreamingPauseRendering (322)
[2017.05.15-06.35.30:518][683]LogModuleManager: Shutting down and abandoning module AnalyticsET (320)
[2017.05.15-06.35.30:518][683]LogModuleManager: Shutting down and abandoning module PortalServices (318)
[2017.05.15-06.35.30:518][683]LogModuleManager: Shutting down and abandoning module PortalRpc (316)
[2017.05.15-06.35.30:518][683]LogModuleManager: Shutting down and abandoning module MessagingRpc (314)
[2017.05.15-06.35.30:518][683]LogModuleManager: Shutting down and abandoning module AIModule (312)
[2017.05.15-06.35.30:518][683]LogModuleManager: Shutting down and abandoning module GameplayDebugger (311)
[2017.05.15-06.35.30:518][683]LogModuleManager: Shutting down and abandoning module AITestSuite (309)
[2017.05.15-06.35.30:518][683]LogModuleManager: Shutting down and abandoning module ProfilerService (306)
[2017.05.15-06.35.30:711][683]LogModuleManager: Shutting down and abandoning module TaskGraph (304)
[2017.05.15-06.35.30:711][683]LogModuleManager: Shutting down and abandoning module SteamVRController (302)
[2017.05.15-06.35.30:711][683]LogModuleManager: Shutting down and abandoning module SteamVR (300)
[2017.05.15-06.35.30:711][683]LogModuleManager: Shutting down and abandoning module ProceduralMeshComponentEditor (298)
[2017.05.15-06.35.30:711][683]LogModuleManager: Shutting down and abandoning module ProceduralMeshComponent (296)
[2017.05.15-06.35.30:711][683]LogModuleManager: Shutting down and abandoning module OculusLibrary (294)
[2017.05.15-06.35.30:711][683]LogModuleManager: Shutting down and abandoning module OculusInput (292)
[2017.05.15-06.35.30:711][683]LogModuleManager: Shutting down and abandoning module MobilePatchingUtils (290)
[2017.05.15-06.35.30:711][683]LogModuleManager: Shutting down and abandoning module CustomMeshComponent (288)
[2017.05.15-06.35.30:711][683]LogModuleManager: Shutting down and abandoning module CableComponent (286)
[2017.05.15-06.35.30:711][683]LogModuleManager: Shutting down and abandoning module ArchVisCharacter (284)
[2017.05.15-06.35.30:711][683]LogModuleManager: Shutting down and abandoning module MediaPlayerEditor (280)
[2017.05.15-06.35.30:711][683]LogModuleManager: Shutting down and abandoning module HTML5Networking (278)
[2017.05.15-06.35.30:711][683]LogModuleManager: Shutting down and abandoning module AlembicImporter (276)
[2017.05.15-06.35.30:711][683]LogModuleManager: Shutting down and abandoning module AlembicLibrary (275)
[2017.05.15-06.35.30:711][683]LogModuleManager: Shutting down and abandoning module GeometryCache (274)
[2017.05.15-06.35.30:711][683]LogModuleManager: Shutting down and abandoning module GeometryCacheEd (273)
[2017.05.15-06.35.30:711][683]LogModuleManager: Shutting down and abandoning module SuperSearchEditor (268)
[2017.05.15-06.35.30:711][683]LogModuleManager: Shutting down and abandoning module SuperSearch (267)
[2017.05.15-06.35.30:711][683]LogModuleManager: Shutting down and abandoning module SpeedTreeImporter (264)
[2017.05.15-06.35.30:711][683]LogModuleManager: Shutting down and abandoning module PluginBrowser (262)
[2017.05.15-06.35.30:711][683]LogModuleManager: Shutting down and abandoning module MobileLauncherProfileWizard (260)
[2017.05.15-06.35.30:711][683]LogModuleManager: Shutting down and abandoning module EpicSurvey (258)
[2017.05.15-06.35.30:711][683]LogModuleManager: Shutting down and abandoning module VisualStudioSourceCodeAccess (256)
[2017.05.15-06.35.30:711][683]LogModuleManager: Shutting down and abandoning module DesktopPlatform (255)
[2017.05.15-06.35.30:711][683]LogModuleManager: Shutting down and abandoning module UObjectPlugin (252)
[2017.05.15-06.35.30:711][683]LogModuleManager: Shutting down and abandoning module SubversionSourceControl (250)
[2017.05.15-06.35.30:711][683]LogModuleManager: Shutting down and abandoning module PerforceSourceControl (248)
[2017.05.15-06.35.30:711][683]LogModuleManager: Shutting down and abandoning module GitSourceControl (246)
[2017.05.15-06.35.30:712][683]LogModuleManager: Shutting down and abandoning module SourceControl (245)
[2017.05.15-06.35.30:712][683]LogModuleManager: Shutting down and abandoning module LightPropagationVolumeEditor (242)
[2017.05.15-06.35.30:712][683]LogModuleManager: Shutting down and abandoning module PaperTiledImporter (240)
[2017.05.15-06.35.30:712][683]LogModuleManager: Shutting down and abandoning module PaperSpriteSheetImporter (238)
[2017.05.15-06.35.30:712][683]LogModuleManager: Shutting down and abandoning module Paper2DEditor (236)
[2017.05.15-06.35.30:712][683]LogModuleManager: Shutting down and abandoning module MeshPaint (235)
[2017.05.15-06.35.30:712][683]LogModuleManager: Shutting down and abandoning module LevelEditor (233)
[2017.05.15-06.35.30:712][683]LogModuleManager: Shutting down and abandoning module PixelInspectorModule (232)
[2017.05.15-06.35.30:712][683]LogModuleManager: Shutting down and abandoning module MainFrame (230)
[2017.05.15-06.35.30:712][683]LogModuleManager: Shutting down and abandoning module HotReload (229)
[2017.05.15-06.35.30:713][683]LogModuleManager: Shutting down and abandoning module ContentBrowser (225)
[2017.05.15-06.35.30:713][683]LogModuleManager: Shutting down and abandoning module PhysXVehiclesEditor (222)
[2017.05.15-06.35.30:714][683]LogModuleManager: Shutting down and abandoning module PhysXVehicles (220)
[2017.05.15-06.35.30:714][683]LogModuleManager: Shutting down and abandoning module LocationServicesBPLibrary (218)
[2017.05.15-06.35.30:714][683]LogModuleManager: Shutting down and abandoning module UdpMessaging (216)
[2017.05.15-06.35.30:815][683]LogModuleManager: Shutting down and abandoning module TcpMessaging (214)
[2017.05.15-06.35.30:916][683]LogModuleManager: Shutting down and abandoning module GameplayTagsEditor (212)
[2017.05.15-06.35.30:916][683]LogModuleManager: Shutting down and abandoning module FacialAnimationEditor (210)
[2017.05.15-06.35.30:916][683]LogModuleManager: Shutting down and abandoning module FacialAnimation (208)
[2017.05.15-06.35.30:916][683]LogModuleManager: Shutting down and abandoning module LightPropagationVolumeRuntime (206)
[2017.05.15-06.35.30:916][683]LogModuleManager: Shutting down and abandoning module Paper2D (204)
[2017.05.15-06.35.30:916][683]LogModuleManager: Shutting down and abandoning module WindowsMoviePlayer (202)
[2017.05.15-06.35.30:916][683]LogModuleManager: Shutting down and abandoning module WmfMedia (200)
[2017.05.15-06.35.30:916][683]LogModuleManager: Shutting down and abandoning module MfMedia (198)
[2017.05.15-06.35.30:916][683]LogModuleManager: Shutting down and abandoning module MediaAssets (196)
[2017.05.15-06.35.30:916][683]LogModuleManager: Shutting down and abandoning module GameLiveStreaming (194)
[2017.05.15-06.35.30:916][683]LogModuleManager: Shutting down and abandoning module VREditor (192)
[2017.05.15-06.35.30:916][683]LogModuleManager: Shutting down and abandoning module GameplayTasksEditor (190)
[2017.05.15-06.35.30:916][683]LogModuleManager: Shutting down and abandoning module BehaviorTreeEditor (188)
[2017.05.15-06.35.30:916][683]LogModuleManager: Shutting down and abandoning module FunctionalTesting (186)
[2017.05.15-06.35.30:916][683]LogModuleManager: Shutting down and abandoning module CollisionAnalyzer (184)
[2017.05.15-06.35.30:916][683]LogModuleManager: Shutting down and abandoning module UMG (182)
[2017.05.15-06.35.30:916][683]LogModuleManager: Shutting down and abandoning module UMGEditor (181)
[2017.05.15-06.35.30:916][683]LogModuleManager: Shutting down and abandoning module Sequencer (180)
[2017.05.15-06.35.30:916][683]LogModuleManager: Shutting down and abandoning module AssetTools (178)
[2017.05.15-06.35.30:916][683]LogModuleManager: Shutting down and abandoning module MessageLog (177)
[2017.05.15-06.35.30:916][683]LogModuleManager: Shutting down and abandoning module WorkspaceMenuStructure (176)
[2017.05.15-06.35.30:916][683]LogModuleManager: Shutting down and abandoning module SlateReflector (170)
[2017.05.15-06.35.30:916][683]LogModuleManager: Shutting down and abandoning module Slate (168)
[2017.05.15-06.35.30:916][683]LogModuleManager: Shutting down and abandoning module EditorStyle (166)
[2017.05.15-06.35.30:919][683]LogModuleManager: Shutting down and abandoning module SourceCodeAccess (164)
[2017.05.15-06.35.30:919][683]LogModuleManager: Shutting down and abandoning module HeadMountedDisplay (162)
[2017.05.15-06.35.30:919][683]LogModuleManager: Shutting down and abandoning module XAudio2 (160)
[2017.05.15-06.35.30:920][683]LogModuleManager: Shutting down and abandoning module Networking (158)
[2017.05.15-06.35.30:920][683]LogModuleManager: Shutting down and abandoning module Core (154)
[2017.05.15-06.35.30:920][683]LogModuleManager: Shutting down and abandoning module AssetRegistry (152)
[2017.05.15-06.35.31:043][683]LogDirectoryWatcher: A directory notification for '../../../Engine/Content/' was aborted.
[2017.05.15-06.35.31:043][683]LogDirectoryWatcher: A directory notification for '../../../../../../Users/Jeremy/Documents/GitHub/ProjectLonesomeRecovered/Project_lonesome 4.15/Content/' was aborted.
[2017.05.15-06.35.31:043][683]LogDirectoryWatcher: A directory notification for '../../../Engine/Plugins/2D/Paper2D/Content/' was aborted.
[2017.05.15-06.35.31:044][683]LogModuleManager: Shutting down and abandoning module DirectoryWatcher (151)
[2017.05.15-06.35.31:044][683]LogModuleManager: Shutting down and abandoning module KismetCompiler (148)
[2017.05.15-06.35.31:044][683]LogModuleManager: Shutting down and abandoning module PhysXFormats (146)
[2017.05.15-06.35.31:044][683]LogModuleManager: Shutting down and abandoning module MeshUtilities (144)
[2017.05.15-06.35.31:044][683]LogModuleManager: Shutting down and abandoning module SimplygonSwarm (143)
[2017.05.15-06.35.31:044][683]LogModuleManager: Shutting down and abandoning module SimplygonMeshReduction (141)
[2017.05.15-06.35.31:044][683]LogModuleManager: Shutting down and abandoning module QuadricMeshReduction (139)
[2017.05.15-06.35.31:044][683]LogModuleManager: Shutting down and abandoning module PropertyEditor (137)
[2017.05.15-06.35.31:044][683]LogModuleManager: Shutting down and abandoning module DerivedDataCache (134)
[2017.05.15-06.35.31:067][683]LogDerivedDataCache: Shutdown
[2017.05.15-06.35.31:067][683]LogModuleManager: Shutting down and abandoning module TargetPlatform (132)
[2017.05.15-06.35.31:067][683]LogModuleManager: Shutting down and abandoning module VulkanShaderFormat (131)
[2017.05.15-06.35.31:067][683]LogModuleManager: Shutting down and abandoning module ShaderFormatOpenGL (129)
[2017.05.15-06.35.31:067][683]LogModuleManager: Shutting down and abandoning module ShaderFormatD3D (127)
[2017.05.15-06.35.31:067][683]LogModuleManager: Shutting down and abandoning module MetalShaderFormat (125)
[2017.05.15-06.35.31:067][683]LogModuleManager: Shutting down and abandoning module TextureFormatUncompressed (123)
[2017.05.15-06.35.31:067][683]LogModuleManager: Shutting down and abandoning module TextureFormatPVR (121)
[2017.05.15-06.35.31:067][683]LogModuleManager: Shutting down and abandoning module TextureFormatDXT (119)
[2017.05.15-06.35.31:067][683]LogModuleManager: Shutting down and abandoning module TextureFormatIntelISPCTexComp (117)
[2017.05.15-06.35.31:067][683]LogModuleManager: Shutting down and abandoning module TextureFormatASTC (115)
[2017.05.15-06.35.31:067][683]LogModuleManager: Shutting down and abandoning module ImageWrapper (114)
[2017.05.15-06.35.31:067][683]LogModuleManager: Shutting down and abandoning module TextureFormatAndroid (111)
[2017.05.15-06.35.31:067][683]LogModuleManager: Shutting down and abandoning module AudioFormatOpus (109)
[2017.05.15-06.35.31:067][683]LogModuleManager: Shutting down and abandoning module AudioFormatOgg (107)
[2017.05.15-06.35.31:067][683]LogModuleManager: Shutting down and abandoning module AudioFormatADPCM (105)
[2017.05.15-06.35.31:067][683]LogModuleManager: Shutting down and abandoning module LinuxTargetPlatform (103)
[2017.05.15-06.35.31:067][683]LogModuleManager: Shutting down and abandoning module LinuxServerTargetPlatform (101)
[2017.05.15-06.35.31:067][683]LogModuleManager: Shutting down and abandoning module LinuxNoEditorTargetPlatform (99)
[2017.05.15-06.35.31:067][683]LogModuleManager: Shutting down and abandoning module LinuxClientTargetPlatform (97)
[2017.05.15-06.35.31:068][683]LogModuleManager: Shutting down and abandoning module TVOSTargetPlatform (95)
[2017.05.15-06.35.31:068][683]LogModuleManager: Shutting down and abandoning module Messaging (93)
[2017.05.15-06.35.31:068][683]LogModuleManager: Shutting down and abandoning module IOSTargetPlatform (91)
[2017.05.15-06.35.31:068][683]LogModuleManager: Shutting down and abandoning module HTML5TargetPlatform (89)
[2017.05.15-06.35.31:068][683]LogModuleManager: Shutting down and abandoning module Android_PVRTCTargetPlatform (87)
[2017.05.15-06.35.31:068][683]LogModuleManager: Shutting down and abandoning module Android_MultiTargetPlatform (85)
[2017.05.15-06.35.31:068][683]LogModuleManager: Shutting down and abandoning module Android_ETC2TargetPlatform (83)
[2017.05.15-06.35.31:068][683]LogModuleManager: Shutting down and abandoning module Android_ETC1TargetPlatform (81)
[2017.05.15-06.35.31:068][683]LogModuleManager: Shutting down and abandoning module Android_DXTTargetPlatform (79)
[2017.05.15-06.35.31:068][683]LogModuleManager: Shutting down and abandoning module Android_ATCTargetPlatform (77)
[2017.05.15-06.35.31:068][683]LogModuleManager: Shutting down and abandoning module Android_ASTCTargetPlatform (75)
[2017.05.15-06.35.31:068][683]LogModuleManager: Shutting down and abandoning module AndroidTargetPlatform (73)
[2017.05.15-06.35.31:068][683]LogModuleManager: Shutting down and abandoning module WindowsTargetPlatform (71)
[2017.05.15-06.35.31:068][683]LogModuleManager: Shutting down and abandoning module WindowsServerTargetPlatform (69)
[2017.05.15-06.35.31:068][683]LogModuleManager: Shutting down and abandoning module WindowsNoEditorTargetPlatform (67)
[2017.05.15-06.35.31:068][683]LogModuleManager: Shutting down and abandoning module WindowsClientTargetPlatform (65)
[2017.05.15-06.35.31:068][683]LogModuleManager: Shutting down and abandoning module MacTargetPlatform (63)
[2017.05.15-06.35.31:068][683]LogModuleManager: Shutting down and abandoning module MacServerTargetPlatform (61)
[2017.05.15-06.35.31:068][683]LogModuleManager: Shutting down and abandoning module MacNoEditorTargetPlatform (59)
[2017.05.15-06.35.31:068][683]LogModuleManager: Shutting down and abandoning module MacClientTargetPlatform (57)
[2017.05.15-06.35.31:068][683]LogModuleManager: Shutting down and abandoning module AllDesktopTargetPlatform (55)
[2017.05.15-06.35.31:068][683]LogModuleManager: Shutting down and abandoning module InputCore (52)
[2017.05.15-06.35.31:068][683]LogModuleManager: Shutting down and abandoning module Settings (50)
[2017.05.15-06.35.31:068][683]LogModuleManager: Shutting down and abandoning module OculusRift (48)
[2017.05.15-06.35.31:068][683]LogModuleManager: Shutting down and abandoning module GearVR (46)
[2017.05.15-06.35.31:068][683]LogModuleManager: Shutting down and abandoning module ExampleDeviceProfileSelector (44)
[2017.05.15-06.35.31:068][683]LogModuleManager: Shutting down and abandoning module OnlineBlueprintSupport (42)
[2017.05.15-06.35.31:068][683]LogModuleManager: Shutting down and abandoning module OnlineSubsystem (38)
[2017.05.15-06.35.31:068][683]LogOnline:Display: Unloading online subsystem: NULL
[2017.05.15-06.35.31:068][683]LogModuleManager: Shutting down and abandoning module XMPP (37)
[2017.05.15-06.35.31:068][683]LogModuleManager: Shutting down and abandoning module HTTP (35)
[2017.05.15-06.35.31:068][683]LogHttp:Display: Http module shutting down, but needs to wait on 1 outstanding Http requests:
[2017.05.15-06.35.31:068][683]LogHttp:Display: 	verb=[POST] url=[https://datarouter.ol.epicgames.com/datarouter/api/v1/public/data?SessionID=%7B72A118B3-4AFB-3576-5448-76A58996DD71%7D&AppID=UEEditor.Rocket.Release&AppVersion=4.15.1-3348071%2B%2B%2BUE4%2BRelease-4.15&UserID=c44897874c53e68159c833aad6b4a091%7Ca2f4d8b11bd94ef99664b9abb109ceb7%7C2b738531-6d61-486b-930d-189a825896e7&AppEnvironment=datacollector-binary&UploadType=eteventstream] status=Processing
[2017.05.15-06.35.31:089][683]LogModuleManager: Shutting down and abandoning module SSL (34)
[2017.05.15-06.35.31:091][683]LogModuleManager: Shutting down and abandoning module AudioEditor (30)
[2017.05.15-06.35.31:091][683]LogModuleManager: Shutting down and abandoning module TextureCompressor (28)
[2017.05.15-06.35.31:091][683]LogModuleManager: Shutting down and abandoning module ShaderCore (26)
[2017.05.15-06.35.31:091][683]LogModuleManager: Shutting down and abandoning module Landscape (24)
[2017.05.15-06.35.31:091][683]LogModuleManager: Shutting down and abandoning module SlateRHIRenderer (22)
[2017.05.15-06.35.31:092][683]LogModuleManager: Shutting down and abandoning module OpenGLDrv (20)
[2017.05.15-06.35.31:092][683]LogModuleManager: Shutting down and abandoning module D3D11RHI (18)
[2017.05.15-06.35.31:092][683]LogModuleManager: Shutting down and abandoning module AnimGraphRuntime (16)
[2017.05.15-06.35.31:092][683]LogModuleManager: Shutting down and abandoning module Renderer (14)
[2017.05.15-06.35.31:092][683]LogModuleManager: Shutting down and abandoning module Engine (12)
[2017.05.15-06.35.31:092][683]LogModuleManager: Shutting down and abandoning module CoreUObject (10)
[2017.05.15-06.35.31:092][683]LogModuleManager: Shutting down and abandoning module NetworkFile (8)
[2017.05.15-06.35.31:092][683]LogModuleManager: Shutting down and abandoning module StreamingFile (6)
[2017.05.15-06.35.31:092][683]LogModuleManager: Shutting down and abandoning module SandboxFile (4)
[2017.05.15-06.35.31:092][683]LogModuleManager: Shutting down and abandoning module PakFile (2)
[2017.05.15-06.35.31:094][683]LogExit: Exiting.
[2017.05.15-06.35.31:116][683]Log file closed, 05/14/17 23:35:31
