Log file open, 06/06/17 19:14:45
LogInit:Display: Running engine for game: Project_lonesome
LogPlatformFile: Not using cached read wrapper
LogInit:Display: RandInit(1459162967) SRandInit(1459162967).
LogTaskGraph: Started task graph with 5 named threads and 8 total threads with 1 sets of task threads.
LogStats: Stats thread started at 0.078172
LogInit: Using libcurl 7.47.1
LogInit:  - built for x86_64-pc-win32
LogInit:  - supports SSL with OpenSSL/1.0.2g
LogInit:  - supports HTTP deflate (compression) using libz 1.2.8
LogInit:  - other features:
LogInit:      CURL_VERSION_SSL
LogInit:      CURL_VERSION_LIBZ
LogInit:      CURL_VERSION_IPV6
LogInit:      CURL_VERSION_ASYNCHDNS
LogInit:      CURL_VERSION_LARGEFILE
LogInit:      CURL_VERSION_IDN
LogInit:  CurlRequestOptions (configurable via config and command line):
LogInit:  - bVerifyPeer = false  - Libcurl will NOT verify peer certificate
LogInit:  - bUseHttpProxy = false  - Libcurl will NOT use HTTP proxy
LogInit:  - bDontReuseConnections = false  - Libcurl will reuse connections
LogInit:  - CertBundlePath = nullptr  - Libcurl will use whatever was configured at build time.
LogInit: Build: ++UE4+Release-4.15-CL-3348071
LogInit: Engine Version: 4.15.1-3348071+++UE4+Release-4.15
LogInit: Compatible Engine Version: 4.15.0-3299760+++UE4+Release-4.15
LogInit: Net CL: 3299760
LogDevObjectVersion: Number of dev versions registered: 14
LogDevObjectVersion:   Dev-Blueprints (B0D832E4-1F89-4F0D-ACCF-7EB736FD4AA2): 8
LogDevObjectVersion:   Dev-Build (E1C64328-A22C-4D53-A36C-8E866417BD8C): 0
LogDevObjectVersion:   Dev-Core (375EC13C-06E4-48FB-B500-84F0262A717E): 2
LogDevObjectVersion:   Dev-Editor (E4B068ED-F494-42E9-A231-DA0B2E46BB41): 14
LogDevObjectVersion:   Dev-Framework (CFFC743F-43B0-4480-9391-14DF171D2073): 22
LogDevObjectVersion:   Dev-Mobile (B02B49B5-BB20-44E9-A304-32B752E40360): 0
LogDevObjectVersion:   Dev-Networking (A4E4105C-59A1-49B5-A7C5-40C4547EDFEE): 0
LogDevObjectVersion:   Dev-Online (39C831C9-5AE6-47DC-9A44-9C173E1C8E7C): 0
LogDevObjectVersion:   Dev-Physics (78F01B33-EBEA-4F98-B9B4-84EACCB95AA2): 0
LogDevObjectVersion:   Dev-Platform (6631380F-2D4D-43E0-8009-CF276956A95A): 0
LogDevObjectVersion:   Dev-Rendering (12F88B9F-8875-4AFC-A67C-D90C383ABD29): 12
LogDevObjectVersion:   Dev-Sequencer (7B5AE74C-D270-4C10-A958-57980B212A5A): 3
LogDevObjectVersion:   Dev-VR (D7296918-1DD6-4BDD-9DE2-64A83CC13884): 0
LogDevObjectVersion:   Dev-LoadTimes (C2A15278-BFE7-4AFE-6C17-90FF531DF755): 1
LogInit: Compiled (64-bit): Mar 15 2017 16:52:47
LogInit: Compiled with Visual C++: 19.00.23026.00
LogInit: Build Configuration: Development
LogInit: Branch Name: ++UE4+Release-4.15
LogInit: Command line: -EpicPortal 
LogInit: Base directory: H:/Program Files/Epic Games/UE_4.15/Engine/Binaries/Win64/
LogInit: Installed Engine Build: 1
LogInit: Presizing for max 8388607 objects, including 0 objects not considered by GC, pre-allocating 0 bytes for permanent pool.
LogInit: Object subsystem initialized
[2017.06.07-02.14.45:962][  0]LogInit: Selected Device Profile: [Windows]
[2017.06.07-02.14.45:962][  0]LogInit: Applying CVar settings loaded from the selected device profile: [Windows]
[2017.06.07-02.14.45:987][  0]LogInit: Computer: DESKTOP-969FG03
[2017.06.07-02.14.45:987][  0]LogInit: User: elmen
[2017.06.07-02.14.45:987][  0]LogInit: CPU Page size=65536, Cores=4
[2017.06.07-02.14.45:987][  0]LogInit: High frequency timer resolution =3.312799 MHz
[2017.06.07-02.14.45:987][  0]LogMemory: Memory total: Physical=16.0GB (16GB approx)
[2017.06.07-02.14.45:987][  0]LogMemory: Platform Memory Stats for Windows
[2017.06.07-02.14.45:987][  0]LogMemory: Process Physical Memory: 265.55 MB used, 265.55 MB peak
[2017.06.07-02.14.45:987][  0]LogMemory: Process Virtual Memory: 262.75 MB used, 262.75 MB peak
[2017.06.07-02.14.45:987][  0]LogMemory: Physical Memory: 5479.25 MB used,  10865.70 MB free, 16344.95 MB total
[2017.06.07-02.14.45:987][  0]LogMemory: Virtual Memory: 630.96 MB used,  10865.70 MB free, 134217728.00 MB total
[2017.06.07-02.14.46:073][  0]LogTextLocalizationManager: No specific translations for ('en-US') exist, so ('en') translations will be used.
[2017.06.07-02.14.46:715][  0]LogD3D11RHI: D3D11 adapters:
[2017.06.07-02.14.47:201][  0]LogD3D11RHI:    0. 'NVIDIA GeForce GTX 1050' (Feature Level 11_0)
[2017.06.07-02.14.47:201][  0]LogD3D11RHI:       2006/0/8172 MB DedicatedVideo/DedicatedSystem/SharedSystem, Outputs:1, VendorId:0x10de
[2017.06.07-02.14.47:202][  0]LogD3D11RHI:    1. 'Microsoft Basic Render Driver' (Feature Level 11_0)
[2017.06.07-02.14.47:202][  0]LogD3D11RHI:       0/0/8172 MB DedicatedVideo/DedicatedSystem/SharedSystem, Outputs:0, VendorId:0x1414
[2017.06.07-02.14.47:202][  0]LogD3D11RHI: Chosen D3D11 Adapter: 0
[2017.06.07-02.14.47:207][  0]LogD3D11RHI: Creating new Direct3DDevice
[2017.06.07-02.14.47:207][  0]LogD3D11RHI:     GPU DeviceId: 0x1c81 (for the marketing name, search the web for "GPU Device Id")
[2017.06.07-02.14.47:207][  0]LogWindows: EnumDisplayDevices:
[2017.06.07-02.14.47:207][  0]LogWindows:    0. 'NVIDIA GeForce GTX 1050' (P:1 D:1)
[2017.06.07-02.14.47:208][  0]LogWindows:    1. 'NVIDIA GeForce GTX 1050' (P:0 D:0)
[2017.06.07-02.14.47:208][  0]LogWindows:    2. 'NVIDIA GeForce GTX 1050' (P:0 D:0)
[2017.06.07-02.14.47:208][  0]LogWindows:    3. 'NVIDIA GeForce GTX 1050' (P:0 D:0)
[2017.06.07-02.14.47:209][  0]LogWindows: DebugString: FoundDriverCount:4 
[2017.06.07-02.14.47:209][  0]LogD3D11RHI:     Adapter Name: NVIDIA GeForce GTX 1050
[2017.06.07-02.14.47:209][  0]LogD3D11RHI:   Driver Version: 378.92 (internal:21.21.13.7892, unified:378.92)
[2017.06.07-02.14.47:209][  0]LogD3D11RHI:      Driver Date: 3-16-2017
[2017.06.07-02.14.47:209][  0]LogRHI: Texture pool is 1361 MB (70% of 1945 MB)
[2017.06.07-02.14.47:642][  0]LogD3D11RHI: Async texture creation enabled
[2017.06.07-02.14.47:675][  0]LogD3D11RHI: GPU Timing Frequency: 1000.000000 (Debug: 2 1)
[2017.06.07-02.14.47:726][  0]LogShaderCompilers: Guid format shader working directory is -36 characters bigger than the processId version (../../../../../../Documents/GitHub/ProjectLonesomeRecovered/Project_lonesome 4.15/Intermediate/Shaders/WorkingDirectory/26156/).
[2017.06.07-02.14.47:726][  0]LogShaderCompilers: Cleaned the shader compiler working directory 'C:/Users/elmen/AppData/Local/Temp/UnrealShaderWorkingDir/62AFEECC47CEDAA400B2C68071B2EF77/'.
[2017.06.07-02.14.47:726][  0]LogShaderCompilers:Display: Using Local Shader Compiler.
[2017.06.07-02.14.48:788][  0]LogTemp:Display: Loaded TP AllDesktopTargetPlatform
[2017.06.07-02.14.48:841][  0]LogTemp:Display: Loaded TP MacClientTargetPlatform
[2017.06.07-02.14.48:894][  0]LogTemp:Display: Loaded TP MacNoEditorTargetPlatform
[2017.06.07-02.14.48:947][  0]LogTemp:Display: Loaded TP MacServerTargetPlatform
[2017.06.07-02.14.49:001][  0]LogTemp:Display: Loaded TP MacTargetPlatform
[2017.06.07-02.14.49:054][  0]LogTemp:Display: Loaded TP WindowsClientTargetPlatform
[2017.06.07-02.14.49:107][  0]LogTemp:Display: Loaded TP WindowsNoEditorTargetPlatform
[2017.06.07-02.14.49:159][  0]LogTemp:Display: Loaded TP WindowsServerTargetPlatform
[2017.06.07-02.14.49:201][  0]LogTemp:Display: Loaded TP WindowsTargetPlatform
[2017.06.07-02.14.49:254][  0]LogTemp:Display: Loaded TP AndroidTargetPlatform
[2017.06.07-02.14.49:306][  0]LogTemp:Display: Loaded TP Android_ASTCTargetPlatform
[2017.06.07-02.14.49:358][  0]LogTemp:Display: Loaded TP Android_ATCTargetPlatform
[2017.06.07-02.14.49:410][  0]LogTemp:Display: Loaded TP Android_DXTTargetPlatform
[2017.06.07-02.14.49:464][  0]LogTemp:Display: Loaded TP Android_ETC1TargetPlatform
[2017.06.07-02.14.49:517][  0]LogTemp:Display: Loaded TP Android_ETC2TargetPlatform
[2017.06.07-02.14.49:620][  0]LogTemp:Display: Loaded TP Android_MultiTargetPlatform
[2017.06.07-02.14.49:620][  0]LogTemp:Display: Loaded TP Android_PVRTCTargetPlatform
[2017.06.07-02.14.49:654][  0]LogTemp:Display: Loaded TP HTML5TargetPlatform
[2017.06.07-02.14.49:747][  0]LogTemp:Display: Loaded TP IOSTargetPlatform
[2017.06.07-02.14.49:799][  0]LogTemp:Display: Loaded TP TVOSTargetPlatform
[2017.06.07-02.14.49:851][  0]LogTemp:Display: Loaded TP LinuxClientTargetPlatform
[2017.06.07-02.14.49:904][  0]LogTemp:Display: Loaded TP LinuxNoEditorTargetPlatform
[2017.06.07-02.14.49:956][  0]LogTemp:Display: Loaded TP LinuxServerTargetPlatform
[2017.06.07-02.14.50:008][  0]LogTemp:Display: Loaded TP LinuxTargetPlatform
[2017.06.07-02.14.50:008][  0]LogTargetPlatformManager:Display: Building Assets For Windows
[2017.06.07-02.14.50:394][  0]LogDerivedDataCache:Display: Max Cache Size: 512 MB
[2017.06.07-02.14.50:441][  0]LogDerivedDataCache: Loaded boot cache 0.05s 50MB C:/Users/elmen/AppData/Local/UnrealEngine/4.15/DerivedDataCache/Boot.ddc.
[2017.06.07-02.14.50:441][  0]LogDerivedDataCache:Display: Loaded Boot cache: C:/Users/elmen/AppData/Local/UnrealEngine/4.15/DerivedDataCache/Boot.ddc
[2017.06.07-02.14.50:441][  0]LogDerivedDataCache: FDerivedDataBackendGraph:  Pak pak cache file ../../../../../../Documents/GitHub/ProjectLonesomeRecovered/Project_lonesome 4.15/DerivedDataCache/DDC.ddp not found, will not use a pak cache.
[2017.06.07-02.14.50:441][  0]LogDerivedDataCache: Unable to find inner node Pak for hierarchical cache Hierarchy.
[2017.06.07-02.14.50:441][  0]LogDerivedDataCache: FDerivedDataBackendGraph:  CompressedPak pak cache file ../../../../../../Documents/GitHub/ProjectLonesomeRecovered/Project_lonesome 4.15/DerivedDataCache/Compressed.ddp not found, will not use a pak cache.
[2017.06.07-02.14.50:441][  0]LogDerivedDataCache: Unable to find inner node CompressedPak for hierarchical cache Hierarchy.
[2017.06.07-02.14.50:458][  0]LogDerivedDataCache:Display: Pak cache opened for reading ../../../Engine/DerivedDataCache/Compressed.ddp.
[2017.06.07-02.14.50:472][  0]LogDerivedDataCache: Using Local data cache path C:/Users/elmen/AppData/Local/UnrealEngine/Common/DerivedDataCache: Writable
[2017.06.07-02.14.50:481][  0]LogSlate: Using Freetype 2.6.0
[2017.06.07-02.14.50:482][  0]LogSlate: SlateFontCache - WITH_FREETYPE: 1, WITH_HARFBUZZ: 1
[2017.06.07-02.14.50:482][  0]LogSlate: SlateFontCache - WITH_FREETYPE: 1, WITH_HARFBUZZ: 1
[2017.06.07-02.14.50:813][  0]LogInit: Selected Device Profile: [Windows]
[2017.06.07-02.14.50:816][  0]LogContentStreaming: Texture pool size is 0.00 MB
[2017.06.07-02.14.51:012][  0]LogMeshUtilities: Using QuadricMeshReduction for automatic static mesh reduction
[2017.06.07-02.14.51:051][  0]LogSimplygon: Simplygon DLL not present - disabling.
[2017.06.07-02.14.51:097][  0]LogMeshUtilities: Using SimplygonSwarm for distributed automatic mesh merging
[2017.06.07-02.14.51:097][  0]LogMeshUtilities: No automatic skeletal mesh reduction module available
[2017.06.07-02.14.51:097][  0]LogMeshUtilities: No automatic mesh merging module available
[2017.06.07-02.14.51:639][  0]LogNetVersion: GetLocalNetworkVersion: CL: 3299760, ProjectName: project_lonesome, ProjectVersion: , EngineNetworkVersion: 2, GameNetworkVersion: 0, NetworkChecksum: 3824462427
[2017.06.07-02.14.51:681][  0]LogAssetRegistry: FAssetRegistry took 0.0216 seconds to start up
[2017.06.07-02.14.51:727][  0]LogPackageLocalizationCache: Processed 3 localized package path(s) for 2 prioritized culture(s) in 0.027887 seconds
[2017.06.07-02.14.51:732][  0]LogUObjectArray: 32494 objects as part of root set at end of initial load.
[2017.06.07-02.14.51:732][  0]LogUObjectAllocator: 7077248 out of 0 bytes used by permanent object pool.
[2017.06.07-02.14.51:732][  0]LogUObjectArray: CloseDisregardForGC: 0/0 objects in disregard for GC pool
[2017.06.07-02.14.51:784][  0]LogInit: WinSock: version 1.1 (2.2), MaxSocks=32767, MaxUdp=65467
[2017.06.07-02.14.53:407][  0]LogTcpMessaging: Initializing TcpMessaging bridge
[2017.06.07-02.14.53:445][  0]LogUdpMessaging: Initializing bridge on interface 0.0.0.0:0 to multicast group 230.0.0.1:6666.
[2017.06.07-02.14.53:893][  0]LogMaterial: Uniform references updated for custom material expression Custom.
[2017.06.07-02.14.54:249][  0]SourceControl: Info Source control is disabled
[2017.06.07-02.14.54:315][  0]SourceControl: Info Source control is disabled
[2017.06.07-02.14.54:362][  0]SourceControl: Info Source control is disabled
[2017.06.07-02.14.54:406][  0]SourceControl: Info Source control is disabled
[2017.06.07-02.14.55:582][  0]LogEngine: Initializing Engine...
[2017.06.07-02.14.55:583][  0]LogHMD: Failed to initialize OpenVR with code 110
[2017.06.07-02.14.55:809][  0]LogAIModule: Creating AISystem for world Untitled
[2017.06.07-02.14.55:821][  0]LogInit: XAudio2 using 'Speakers / Headphones (Realtek High Definition Audio)' : 2 channels at 48 kHz using 32 bits per sample (channel mask 0x3)
[2017.06.07-02.14.55:977][  0]LogInit: FAudioDevice initialized.
[2017.06.07-02.14.56:008][  0]LogDerivedDataCache: Saved boot cache 0.03s 50MB C:/Users/elmen/AppData/Local/UnrealEngine/4.15/DerivedDataCache/Boot.ddc.
[2017.06.07-02.14.56:011][  0]LogInit: Texture streaming: Enabled
[2017.06.07-02.14.56:092][  0]LogEngineSessionManager: EngineSessionManager initialized
[2017.06.07-02.14.56:192][  0]LogInit: Transaction tracking system initialized
[2017.06.07-02.14.56:526][  0]BlueprintLog: New page: Editor Load
[2017.06.07-02.14.57:332][  0]LocalizationService: Info Localization service is disabled
[2017.06.07-02.14.58:002][  0]LogConsoleResponse:Display: 
[2017.06.07-02.14.58:148][  0]LogCook:Display: Max memory allowance for cook 16384mb min free memory 0mb
[2017.06.07-02.14.58:148][  0]LogCook:Display: Mobile HDR setting 1
[2017.06.07-02.14.59:119][  0]LogFileCache: Scanning file cache for directory 'H:/Documents/GitHub/ProjectLonesomeRecovered/Project_lonesome 4.15/Content/' took 0.02s
[2017.06.07-02.14.59:119][  0]SourceControl: Info Source control is disabled
[2017.06.07-02.14.59:119][  0]Cmd: MAP LOAD FILE="../../../../../../Documents/GitHub/ProjectLonesomeRecovered/Project_lonesome 4.15/Content/FirstPersonBP/Maps/FirstPersonExampleMap.umap" TEMPLATE=0 SHOWPROGRESS=1 FEATURELEVEL=3
[2017.06.07-02.14.59:144][  0]LightingResults: New page: Lighting Build
[2017.06.07-02.14.59:181][  0]MapCheck: New page: Map Check
[2017.06.07-02.14.59:181][  0]LightingResults: New page: Lighting Build
[2017.06.07-02.15.02:912][  0]LogAIModule: Creating AISystem for world FirstPersonExampleMap
[2017.06.07-02.15.02:954][  0]LogEditorServer: Finished looking for orphan Actors (0.000 secs)
[2017.06.07-02.15.02:955][  0]Cmd: MAP CHECKDEP NOCLEARLOG
[2017.06.07-02.15.03:020][  0]MapCheck: Info Map check complete: 0 Error(s), 0 Warning(s), took 64.951ms to complete.
[2017.06.07-02.15.03:020][  0]LogFileHelpers: Loading map 'FirstPersonExampleMap' took 3.901
[2017.06.07-02.15.03:078][  0]LogWindowsTextInputMethodSystem:Display: IME system now deactivated.
[2017.06.07-02.15.03:478][  0]LogCollectionManager: Loaded 1 collections in 0.020831 seconds
[2017.06.07-02.15.03:610][  0]LogFileCache: Scanning file cache for directory 'H:/Documents/GitHub/ProjectLonesomeRecovered/Project_lonesome 4.15/Saved/Collections/' took 0.01s
[2017.06.07-02.15.03:610][  0]LogFileCache: Scanning file cache for directory 'H:/Documents/GitHub/ProjectLonesomeRecovered/Project_lonesome 4.15/Content/Developers/elmen/Collections/' took 0.01s
[2017.06.07-02.15.03:610][  0]LogFileCache: Scanning file cache for directory 'H:/Documents/GitHub/ProjectLonesomeRecovered/Project_lonesome 4.15/Content/Collections/' took 0.01s
[2017.06.07-02.15.03:610][  0]LogCollectionManager: Rebuilt the GUID cache for 1 collections in 0.000011 seconds
[2017.06.07-02.15.03:610][  0]LogCollectionManager: Rebuilt the hierarchy cache for 1 collections in 0.000002 seconds
[2017.06.07-02.15.03:634][  0]LogContentBrowser: Native class hierarchy populated in 0.0218 seconds. Added 2245 classes and 453 folders.
[2017.06.07-02.15.03:649][  0]LogStats: UGameplayTagsManager::ConstructGameplayTagTree: Construct from data asset -  0.000 s
[2017.06.07-02.15.03:670][  0]LogStats: UGameplayTagsManager::ConstructGameplayTagTree: GameplayTagTreeChangedEvent.Broadcast -  0.021 s
[2017.06.07-02.15.03:740][  0]LogContentBrowser: Native class hierarchy updated for 'WidgetCarousel' in 0.0005 seconds. Added 0 classes and 0 folders.
[2017.06.07-02.15.04:820][  0]LogContentBrowser: Native class hierarchy updated for 'AddContentDialog' in 0.0013 seconds. Added 0 classes and 0 folders.
[2017.06.07-02.15.04:932][  0]LogContentBrowser: Native class hierarchy updated for 'SceneOutliner' in 0.0006 seconds. Added 1 classes and 2 folders.
[2017.06.07-02.15.05:109][  0]LogCrashTracker: Crashtracker disabled due to settings.
[2017.06.07-02.15.05:148][  0]LogUObjectGlobals:Warning: Failed to find object 'Class None.'
[2017.06.07-02.15.05:232][  0]LogContentBrowser: Native class hierarchy updated for 'HierarchicalLODOutliner' in 0.0006 seconds. Added 1 classes and 2 folders.
[2017.06.07-02.15.05:232][  0]LogLoad: (Engine Initialization) Total time: 21.54 seconds
[2017.06.07-02.15.05:232][  0]LogLoad: (Engine Initialization) Total Blueprint compile time: 0.74 seconds
[2017.06.07-02.15.05:233][  0]LogExternalProfiler: Found external profiler: VSPerf
[2017.06.07-02.15.05:233][  0]LogExternalProfiler: Using external profiler: VSPerf
[2017.06.07-02.15.05:241][  0]LogOcInput: OculusInput pre-init called
[2017.06.07-02.15.05:281][  0]LogContentStreaming: Texture pool size now 1000 MB
[2017.06.07-02.15.05:282][  0]LogSlate: Took 0.000293 seconds to synchronously load lazily loaded font '../../../Engine/Content/Slate/Fonts/Roboto-Regular.ttf' (155K)
[2017.06.07-02.15.05:286][  0]LogSlate: Took 0.000293 seconds to synchronously load lazily loaded font '../../../Engine/Content/Slate/Fonts/Roboto-Bold.ttf' (160K)
[2017.06.07-02.15.05:303][  0]LogSlate: Took 0.010734 seconds to synchronously load lazily loaded font '../../../Engine/Content/Editor/Slate/Fonts/FontAwesome.ttf' (139K)
[2017.06.07-02.15.05:473][  0]LogSlate: Took 0.019893 seconds to synchronously load lazily loaded font '../../../Engine/Content/Slate/Fonts/Roboto-Light.ttf' (159K)
[2017.06.07-02.15.05:507][  0]LogRenderer: Reallocating scene render targets to support 1208x576 NumSamples 1 (Frame:2).
[2017.06.07-02.15.05:788][  3]LogAssetRegistry: Asset discovery search completed in 14.1287 seconds
[2017.06.07-02.15.05:789][  3]LogCollectionManager: Rebuilt the object cache for 1 collections in 0.000012 seconds (found 0 objects)
[2017.06.07-02.15.05:789][  3]LogCollectionManager: Fixed up redirectors for 1 collections in 0.000037 seconds (updated 0 objects)
[2017.06.07-02.24.54:853][657]LogTemp: Repeting last play command: New Editor Window (PIE)
[2017.06.07-02.24.54:877][657]LogBlueprintUserMessages: Early PlayInEditor Detection: Level '/Game/FirstPersonBP/Maps/FirstPersonExampleMap.FirstPersonExampleMap:PersistentLevel' has LevelScriptBlueprint '/Game/FirstPersonBP/Maps/FirstPersonExampleMap.FirstPersonExampleMap:PersistentLevel.FirstPersonExampleMap' with GeneratedClass '/Game/FirstPersonBP/Maps/FirstPersonExampleMap.FirstPersonExampleMap_C' with ClassGeneratedBy '/Game/FirstPersonBP/Maps/FirstPersonExampleMap.FirstPersonExampleMap:PersistentLevel.FirstPersonExampleMap'
[2017.06.07-02.24.54:877][657]LogPlayLevel: PlayLevel: No blueprints needed recompiling
[2017.06.07-02.24.54:878][657]PIE: New page: PIE session: FirstPersonExampleMap (Jun 6, 2017, 12:24:54 PM)
[2017.06.07-02.24.54:878][657]LogPlayLevel: Creating play world package: /Game/FirstPersonBP/Maps/UEDPIE_0_FirstPersonExampleMap
[2017.06.07-02.24.54:881][657]LogPlayLevel: PIE: StaticDuplicateObject took: (0.002392s)
[2017.06.07-02.24.54:881][657]LogAIModule: Creating AISystem for world FirstPersonExampleMap
[2017.06.07-02.24.54:882][657]LogPlayLevel: PIE: World Init took: (0.000775s)
[2017.06.07-02.24.54:882][657]LogPlayLevel: PIE: Created PIE world by copying editor world from /Game/FirstPersonBP/Maps/FirstPersonExampleMap.FirstPersonExampleMap to /Game/FirstPersonBP/Maps/UEDPIE_0_FirstPersonExampleMap.FirstPersonExampleMap (0.003597s)
[2017.06.07-02.24.54:924][657]LogInit: XAudio2 using 'Speakers / Headphones (Realtek High Definition Audio)' : 2 channels at 48 kHz using 32 bits per sample (channel mask 0x3)
[2017.06.07-02.24.54:940][657]LogInit: FAudioDevice initialized.
[2017.06.07-02.24.54:994][657]LogLoad: Game class is 'FirstPersonGameMode_C'
[2017.06.07-02.24.54:997][657]LogWorld: Bringing World /Game/FirstPersonBP/Maps/UEDPIE_0_FirstPersonExampleMap.FirstPersonExampleMap up for play (max tick rate 0) at 2017.06.06-19.24.54
[2017.06.07-02.24.54:997][657]LogWorld: Bringing up level for play took: 0.002076
[2017.06.07-02.24.55:036][657]LogContentBrowser: Native class hierarchy updated for 'MovieSceneCapture' in 0.0006 seconds. Added 11 classes and 0 folders.
[2017.06.07-02.24.55:036][657]LogGameMode:Display: Match State Changed from EnteringMap to WaitingToStart
[2017.06.07-02.24.55:036][657]LogGameState: Match State Changed from EnteringMap to WaitingToStart
[2017.06.07-02.24.55:036][657]LogGameMode:Display: Match State Changed from WaitingToStart to InProgress
[2017.06.07-02.24.55:039][657]PIE:Warning: Warning The widget 'BasementLayout_C' was already added to the screen.
[2017.06.07-02.24.55:039][657]PIE:Warning: Warning The widget 'MainFloorLayout_C' was already added to the screen.
[2017.06.07-02.24.55:039][657]PIE:Warning: Warning The widget '2ndfloorlaylout_C' was already added to the screen.
[2017.06.07-02.24.55:040][657]PIE:Warning: Warning The widget '3rdFloorLayout_C' was already added to the screen.
[2017.06.07-02.24.55:040][657]LogGameState: Match State Changed from WaitingToStart to InProgress
[2017.06.07-02.24.55:044][657]PIE: Info Play in editor start time for /Game/FirstPersonBP/Maps/UEDPIE_0_FirstPersonExampleMap -0.434
[2017.06.07-02.24.55:045][657]LogBlueprintUserMessages: Late PlayInEditor Detection: Level '/Game/FirstPersonBP/Maps/FirstPersonExampleMap.FirstPersonExampleMap:PersistentLevel' has LevelScriptBlueprint '/Game/FirstPersonBP/Maps/FirstPersonExampleMap.FirstPersonExampleMap:PersistentLevel.FirstPersonExampleMap' with GeneratedClass '/Game/FirstPersonBP/Maps/FirstPersonExampleMap.FirstPersonExampleMap_C' with ClassGeneratedBy '/Game/FirstPersonBP/Maps/FirstPersonExampleMap.FirstPersonExampleMap:PersistentLevel.FirstPersonExampleMap'
[2017.06.07-02.24.55:088][657]LogRenderer: Reallocating scene render targets to support 1292x756 NumSamples 1 (Frame:70647).
[2017.06.07-02.24.55:790][728]LogGameMode:Display: Match State Changed from InProgress to LeavingMap
[2017.06.07-02.24.55:790][728]LogGameState: Match State Changed from InProgress to LeavingMap
[2017.06.07-02.24.55:790][728]LogNet: Browse: /Game/Levels/Second-Floor
[2017.06.07-02.24.55:790][728]LogLoad: LoadMap: /Game/Levels/Second-Floor
[2017.06.07-02.24.55:803][728]Cmd: MEM
[2017.06.07-02.24.55:814][728]LogMemory: Platform Memory Stats for Windows
[2017.06.07-02.24.55:814][728]LogMemory: Process Physical Memory: 852.70 MB used, 1109.33 MB peak
[2017.06.07-02.24.55:814][728]LogMemory: Process Virtual Memory: 1487.45 MB used, 1495.21 MB peak
[2017.06.07-02.24.55:814][728]LogMemory: Physical Memory: 5184.70 MB used,  11160.25 MB free, 16344.95 MB total
[2017.06.07-02.24.55:814][728]LogMemory: Virtual Memory: 2210.66 MB used,  11160.25 MB free, 134217728.00 MB total
[2017.06.07-02.24.55:814][728]LogMemory: 
[2017.06.07-02.24.55:814][728]Allocator Stats for TBB: (not implemented)
[2017.06.07-02.25.26:887][728]LogAIModule: Creating AISystem for world Second-Floor
[2017.06.07-02.25.26:888][728]LogLoad: Game class is 'FirstPersonGameMode_C'
[2017.06.07-02.25.26:981][728]LogWorld: Bringing World /Game/Levels/UEDPIE_0_Second-Floor.Second-Floor up for play (max tick rate 0) at 2017.06.06-19.25.26
[2017.06.07-02.25.26:986][728]LogWorld: Bringing up level for play took: 0.096475
[2017.06.07-02.25.26:986][728]LogGameMode: FindPlayerStart: PATHS NOT DEFINED or NO PLAYERSTART with positive rating
[2017.06.07-02.25.26:986][728]LogGameMode:Display: Match State Changed from EnteringMap to WaitingToStart
[2017.06.07-02.25.26:986][728]LogGameState: Match State Changed from EnteringMap to WaitingToStart
[2017.06.07-02.25.26:986][728]LogGameMode:Display: Match State Changed from WaitingToStart to InProgress
[2017.06.07-02.25.26:989][728]PIE:Warning: Warning The widget 'BasementLayout_C' was already added to the screen.
[2017.06.07-02.25.26:989][728]PIE:Warning: Warning The widget 'MainFloorLayout_C' was already added to the screen.
[2017.06.07-02.25.26:989][728]PIE:Warning: Warning The widget '2ndfloorlaylout_C' was already added to the screen.
[2017.06.07-02.25.26:989][728]PIE:Warning: Warning The widget '3rdFloorLayout_C' was already added to the screen.
[2017.06.07-02.25.27:035][728]LogGameState: Match State Changed from WaitingToStart to InProgress
[2017.06.07-02.25.27:051][728]LogLoad: Took 31.260689 seconds to LoadMap(/Game/Levels/Second-Floor)
[2017.06.07-02.25.31:149][915]LogBlueprintUserMessages: Early EndPlayMap Detection: Level '/Game/FirstPersonBP/Maps/FirstPersonExampleMap.FirstPersonExampleMap:PersistentLevel' has LevelScriptBlueprint '/Game/FirstPersonBP/Maps/FirstPersonExampleMap.FirstPersonExampleMap:PersistentLevel.FirstPersonExampleMap' with GeneratedClass '/Game/FirstPersonBP/Maps/FirstPersonExampleMap.FirstPersonExampleMap_C' with ClassGeneratedBy '/Game/FirstPersonBP/Maps/FirstPersonExampleMap.FirstPersonExampleMap:PersistentLevel.FirstPersonExampleMap'
[2017.06.07-02.25.32:117][915]LogBlueprintUserMessages: Late EndPlayMap Detection: Level '/Game/FirstPersonBP/Maps/FirstPersonExampleMap.FirstPersonExampleMap:PersistentLevel' has LevelScriptBlueprint '/Game/FirstPersonBP/Maps/FirstPersonExampleMap.FirstPersonExampleMap:PersistentLevel.FirstPersonExampleMap' with GeneratedClass '/Game/FirstPersonBP/Maps/FirstPersonExampleMap.FirstPersonExampleMap_C' with ClassGeneratedBy '/Game/FirstPersonBP/Maps/FirstPersonExampleMap.FirstPersonExampleMap:PersistentLevel.FirstPersonExampleMap'
[2017.06.07-02.46.49:803][898]LogTemp: Repeting last play command: New Editor Window (PIE)
[2017.06.07-02.46.49:827][898]LogBlueprintUserMessages: Early PlayInEditor Detection: Level '/Game/FirstPersonBP/Maps/FirstPersonExampleMap.FirstPersonExampleMap:PersistentLevel' has LevelScriptBlueprint '/Game/FirstPersonBP/Maps/FirstPersonExampleMap.FirstPersonExampleMap:PersistentLevel.FirstPersonExampleMap' with GeneratedClass '/Game/FirstPersonBP/Maps/FirstPersonExampleMap.FirstPersonExampleMap_C' with ClassGeneratedBy '/Game/FirstPersonBP/Maps/FirstPersonExampleMap.FirstPersonExampleMap:PersistentLevel.FirstPersonExampleMap'
[2017.06.07-02.46.49:827][898]LogPlayLevel: PlayLevel: No blueprints needed recompiling
[2017.06.07-02.46.49:827][898]PIE: New page: PIE session: FirstPersonExampleMap (Jun 6, 2017, 12:46:49 PM)
[2017.06.07-02.46.49:829][898]LogPlayLevel: Creating play world package: /Game/FirstPersonBP/Maps/UEDPIE_0_FirstPersonExampleMap
[2017.06.07-02.46.49:831][898]LogPlayLevel: PIE: StaticDuplicateObject took: (0.002167s)
[2017.06.07-02.46.49:831][898]LogAIModule: Creating AISystem for world FirstPersonExampleMap
[2017.06.07-02.46.49:832][898]LogPlayLevel: PIE: World Init took: (0.000852s)
[2017.06.07-02.46.49:832][898]LogPlayLevel: PIE: Created PIE world by copying editor world from /Game/FirstPersonBP/Maps/FirstPersonExampleMap.FirstPersonExampleMap to /Game/FirstPersonBP/Maps/UEDPIE_0_FirstPersonExampleMap.FirstPersonExampleMap (0.003384s)
[2017.06.07-02.46.49:858][898]LogInit: XAudio2 using 'HDMI To VGA-8 (2- NVIDIA High Definition Audio)' : 2 channels at 48 kHz using 16 bits per sample (channel mask 0x3)
[2017.06.07-02.46.49:876][898]LogInit: FAudioDevice initialized.
[2017.06.07-02.46.49:929][898]LogLoad: Game class is 'FirstPersonGameMode_C'
[2017.06.07-02.46.49:932][898]LogWorld: Bringing World /Game/FirstPersonBP/Maps/UEDPIE_0_FirstPersonExampleMap.FirstPersonExampleMap up for play (max tick rate 0) at 2017.06.06-19.46.49
[2017.06.07-02.46.49:932][898]LogWorld: Bringing up level for play took: 0.001913
[2017.06.07-02.46.49:933][898]LogGameMode:Display: Match State Changed from EnteringMap to WaitingToStart
[2017.06.07-02.46.49:933][898]LogGameState: Match State Changed from EnteringMap to WaitingToStart
[2017.06.07-02.46.49:933][898]LogGameMode:Display: Match State Changed from WaitingToStart to InProgress
[2017.06.07-02.46.49:935][898]PIE:Warning: Warning The widget 'BasementLayout_C' was already added to the screen.
[2017.06.07-02.46.49:936][898]PIE:Warning: Warning The widget 'MainFloorLayout_C' was already added to the screen.
[2017.06.07-02.46.49:936][898]PIE:Warning: Warning The widget '2ndfloorlaylout_C' was already added to the screen.
[2017.06.07-02.46.49:936][898]PIE:Warning: Warning The widget '3rdFloorLayout_C' was already added to the screen.
[2017.06.07-02.46.49:937][898]LogGameState: Match State Changed from WaitingToStart to InProgress
[2017.06.07-02.46.49:940][898]PIE: Info Play in editor start time for /Game/FirstPersonBP/Maps/UEDPIE_0_FirstPersonExampleMap 0.462
[2017.06.07-02.46.49:941][898]LogBlueprintUserMessages: Late PlayInEditor Detection: Level '/Game/FirstPersonBP/Maps/FirstPersonExampleMap.FirstPersonExampleMap:PersistentLevel' has LevelScriptBlueprint '/Game/FirstPersonBP/Maps/FirstPersonExampleMap.FirstPersonExampleMap:PersistentLevel.FirstPersonExampleMap' with GeneratedClass '/Game/FirstPersonBP/Maps/FirstPersonExampleMap.FirstPersonExampleMap_C' with ClassGeneratedBy '/Game/FirstPersonBP/Maps/FirstPersonExampleMap.FirstPersonExampleMap:PersistentLevel.FirstPersonExampleMap'
[2017.06.07-02.47.20:838][624]LogAudio:Warning: Current Audio Device with ID {0.0.0.00000000}.{e442b9a9-3498-4cf4-97b4-96ecbe653e41} was removed. Shutting down audio device.
[2017.06.07-02.47.20:838][624]LogAudio:Warning: Current Audio Device with ID {0.0.0.00000000}.{e442b9a9-3498-4cf4-97b4-96ecbe653e41} was removed. Shutting down audio device.
