Log file open, 05/14/17 20:20:38
LogInit:Display: Running engine for game: Project_lonesome
LogPlatformFile: Not using cached read wrapper
LogInit:Display: RandInit(667797518) SRandInit(667797518).
LogTaskGraph: Started task graph with 5 named threads and 8 total threads with 1 sets of task threads.
LogStats: Stats thread started at 0.094810
LogInit: Using libcurl 7.47.1
LogInit:  - built for x86_64-pc-win32
LogInit:  - supports SSL with OpenSSL/1.0.2g
LogInit:  - supports HTTP deflate (compression) using libz 1.2.8
LogInit:  - other features:
LogInit:      CURL_VERSION_SSL
LogInit:      CURL_VERSION_LIBZ
LogInit:      CURL_VERSION_IPV6
LogInit:      CURL_VERSION_ASYNCHDNS
LogInit:      CURL_VERSION_LARGEFILE
LogInit:      CURL_VERSION_IDN
LogInit:  CurlRequestOptions (configurable via config and command line):
LogInit:  - bVerifyPeer = false  - Libcurl will NOT verify peer certificate
LogInit:  - bUseHttpProxy = false  - Libcurl will NOT use HTTP proxy
LogInit:  - bDontReuseConnections = false  - Libcurl will reuse connections
LogInit:  - CertBundlePath = nullptr  - Libcurl will use whatever was configured at build time.
LogInit: Build: ++UE4+Release-4.15-CL-3348071
LogInit: Engine Version: 4.15.1-3348071+++UE4+Release-4.15
LogInit: Compatible Engine Version: 4.15.0-3299760+++UE4+Release-4.15
LogInit: Net CL: 3299760
LogDevObjectVersion: Number of dev versions registered: 14
LogDevObjectVersion:   Dev-Blueprints (B0D832E4-1F89-4F0D-ACCF-7EB736FD4AA2): 8
LogDevObjectVersion:   Dev-Build (E1C64328-A22C-4D53-A36C-8E866417BD8C): 0
LogDevObjectVersion:   Dev-Core (375EC13C-06E4-48FB-B500-84F0262A717E): 2
LogDevObjectVersion:   Dev-Editor (E4B068ED-F494-42E9-A231-DA0B2E46BB41): 14
LogDevObjectVersion:   Dev-Framework (CFFC743F-43B0-4480-9391-14DF171D2073): 22
LogDevObjectVersion:   Dev-Mobile (B02B49B5-BB20-44E9-A304-32B752E40360): 0
LogDevObjectVersion:   Dev-Networking (A4E4105C-59A1-49B5-A7C5-40C4547EDFEE): 0
LogDevObjectVersion:   Dev-Online (39C831C9-5AE6-47DC-9A44-9C173E1C8E7C): 0
LogDevObjectVersion:   Dev-Physics (78F01B33-EBEA-4F98-B9B4-84EACCB95AA2): 0
LogDevObjectVersion:   Dev-Platform (6631380F-2D4D-43E0-8009-CF276956A95A): 0
LogDevObjectVersion:   Dev-Rendering (12F88B9F-8875-4AFC-A67C-D90C383ABD29): 12
LogDevObjectVersion:   Dev-Sequencer (7B5AE74C-D270-4C10-A958-57980B212A5A): 3
LogDevObjectVersion:   Dev-VR (D7296918-1DD6-4BDD-9DE2-64A83CC13884): 0
LogDevObjectVersion:   Dev-LoadTimes (C2A15278-BFE7-4AFE-6C17-90FF531DF755): 1
LogInit: Compiled (64-bit): Mar 15 2017 16:52:47
LogInit: Compiled with Visual C++: 19.00.23026.00
LogInit: Build Configuration: Development
LogInit: Branch Name: ++UE4+Release-4.15
LogInit: Command line: -EpicPortal 
LogInit: Base directory: C:/Program Files/Epic Games/UE_4.15/Engine/Binaries/Win64/
LogInit: Installed Engine Build: 1
LogInit: Presizing for max 8388607 objects, including 0 objects not considered by GC, pre-allocating 0 bytes for permanent pool.
LogInit: Object subsystem initialized
[2017.05.15-03.20.40:124][  0]LogInit: Selected Device Profile: [Windows]
[2017.05.15-03.20.40:124][  0]LogInit: Applying CVar settings loaded from the selected device profile: [Windows]
[2017.05.15-03.20.40:135][  0]LogInit: Computer: JEREMY-PC
[2017.05.15-03.20.40:135][  0]LogInit: User: Jeremy
[2017.05.15-03.20.40:135][  0]LogInit: CPU Page size=65536, Cores=4
[2017.05.15-03.20.40:135][  0]LogInit: High frequency timer resolution =3.312791 MHz
[2017.05.15-03.20.40:135][  0]LogMemory: Memory total: Physical=15.9GB (16GB approx)
[2017.05.15-03.20.40:135][  0]LogMemory: Platform Memory Stats for Windows
[2017.05.15-03.20.40:135][  0]LogMemory: Process Physical Memory: 264.70 MB used, 264.70 MB peak
[2017.05.15-03.20.40:135][  0]LogMemory: Process Virtual Memory: 262.48 MB used, 262.48 MB peak
[2017.05.15-03.20.40:135][  0]LogMemory: Physical Memory: 6504.55 MB used,  9796.57 MB free, 16301.11 MB total
[2017.05.15-03.20.40:135][  0]LogMemory: Virtual Memory: 631.00 MB used,  9796.57 MB free, 134217728.00 MB total
[2017.05.15-03.20.40:249][  0]LogTextLocalizationManager: No specific translations for ('en-US') exist, so ('en') translations will be used.
[2017.05.15-03.20.41:013][  0]LogD3D11RHI: D3D11 adapters:
[2017.05.15-03.20.41:523][  0]LogD3D11RHI:    0. 'NVIDIA GeForce GTX 1070' (Feature Level 11_0)
[2017.05.15-03.20.41:523][  0]LogD3D11RHI:       8145/0/8150 MB DedicatedVideo/DedicatedSystem/SharedSystem, Outputs:2, VendorId:0x10de
[2017.05.15-03.20.41:526][  0]LogD3D11RHI:    1. 'Intel(R) HD Graphics 3000' (Feature Level 10_0)
[2017.05.15-03.20.41:526][  0]LogD3D11RHI:       32/0/1632 MB DedicatedVideo/DedicatedSystem/SharedSystem, Outputs:0, VendorId:0x8086
[2017.05.15-03.20.41:528][  0]LogD3D11RHI:    2. 'Microsoft Basic Render Driver' (Feature Level 11_0)
[2017.05.15-03.20.41:528][  0]LogD3D11RHI:       0/0/8150 MB DedicatedVideo/DedicatedSystem/SharedSystem, Outputs:0, VendorId:0x1414
[2017.05.15-03.20.41:528][  0]LogD3D11RHI: Chosen D3D11 Adapter: 0
[2017.05.15-03.20.41:533][  0]LogD3D11RHI: Creating new Direct3DDevice
[2017.05.15-03.20.41:533][  0]LogD3D11RHI:     GPU DeviceId: 0x1b81 (for the marketing name, search the web for "GPU Device Id")
[2017.05.15-03.20.41:533][  0]LogWindows: EnumDisplayDevices:
[2017.05.15-03.20.41:533][  0]LogWindows:    0. 'NVIDIA GeForce GTX 1070' (P:0 D:1)
[2017.05.15-03.20.41:533][  0]LogWindows:    1. 'NVIDIA GeForce GTX 1070' (P:1 D:1)
[2017.05.15-03.20.41:533][  0]LogWindows:    2. 'NVIDIA GeForce GTX 1070' (P:0 D:0)
[2017.05.15-03.20.41:533][  0]LogWindows:    3. 'NVIDIA GeForce GTX 1070' (P:0 D:0)
[2017.05.15-03.20.41:534][  0]LogWindows:    4. 'Intel(R) HD Graphics 3000' (P:0 D:0)
[2017.05.15-03.20.41:534][  0]LogWindows:    5. 'Intel(R) HD Graphics 3000' (P:0 D:0)
[2017.05.15-03.20.41:534][  0]LogWindows: DebugString: PrimaryIsNotTheChoosenAdapter PrimaryIsNotTheChoosenAdapter FoundDriverCount:4 
[2017.05.15-03.20.41:534][  0]LogD3D11RHI:     Adapter Name: NVIDIA GeForce GTX 1070
[2017.05.15-03.20.41:534][  0]LogD3D11RHI:   Driver Version: 376.53 (internal:21.21.13.7653, unified:376.53)
[2017.05.15-03.20.41:534][  0]LogD3D11RHI:      Driver Date: 12-29-2016
[2017.05.15-03.20.41:534][  0]LogRHI: Texture pool is 1361 MB (70% of 1945 MB)
[2017.05.15-03.20.42:014][  0]LogD3D11RHI: Async texture creation enabled
[2017.05.15-03.20.42:047][  0]LogD3D11RHI: GPU Timing Frequency: 1000.000000 (Debug: 2 1)
[2017.05.15-03.20.42:142][  0]LogShaderCompilers: Guid format shader working directory is -47 characters bigger than the processId version (../../../../../../Users/Jeremy/Documents/GitHub/ProjectLonesomeRecovered/Project_lonesome 4.15/Intermediate/Shaders/WorkingDirectory/6792/).
[2017.05.15-03.20.42:142][  0]LogShaderCompilers: Cleaned the shader compiler working directory 'C:/Users/Jeremy/AppData/Local/Temp/UnrealShaderWorkingDir/F29BDB274354D13B32A930AEE3F13E8B/'.
[2017.05.15-03.20.42:142][  0]LogShaderCompilers:Display: Using Local Shader Compiler.
[2017.05.15-03.20.43:471][  0]LogTemp:Display: Loaded TP AllDesktopTargetPlatform
[2017.05.15-03.20.43:551][  0]LogTemp:Display: Loaded TP MacClientTargetPlatform
[2017.05.15-03.20.43:645][  0]LogTemp:Display: Loaded TP MacNoEditorTargetPlatform
[2017.05.15-03.20.43:728][  0]LogTemp:Display: Loaded TP MacServerTargetPlatform
[2017.05.15-03.20.43:808][  0]LogTemp:Display: Loaded TP MacTargetPlatform
[2017.05.15-03.20.43:894][  0]LogTemp:Display: Loaded TP WindowsClientTargetPlatform
[2017.05.15-03.20.43:982][  0]LogTemp:Display: Loaded TP WindowsNoEditorTargetPlatform
[2017.05.15-03.20.44:062][  0]LogTemp:Display: Loaded TP WindowsServerTargetPlatform
[2017.05.15-03.20.44:134][  0]LogTemp:Display: Loaded TP WindowsTargetPlatform
[2017.05.15-03.20.44:212][  0]LogTemp:Display: Loaded TP AndroidTargetPlatform
[2017.05.15-03.20.44:290][  0]LogTemp:Display: Loaded TP Android_ASTCTargetPlatform
[2017.05.15-03.20.44:368][  0]LogTemp:Display: Loaded TP Android_ATCTargetPlatform
[2017.05.15-03.20.44:445][  0]LogTemp:Display: Loaded TP Android_DXTTargetPlatform
[2017.05.15-03.20.44:522][  0]LogTemp:Display: Loaded TP Android_ETC1TargetPlatform
[2017.05.15-03.20.44:601][  0]LogTemp:Display: Loaded TP Android_ETC2TargetPlatform
[2017.05.15-03.20.44:762][  0]LogTemp:Display: Loaded TP Android_MultiTargetPlatform
[2017.05.15-03.20.44:762][  0]LogTemp:Display: Loaded TP Android_PVRTCTargetPlatform
[2017.05.15-03.20.44:827][  0]LogTemp:Display: Loaded TP HTML5TargetPlatform
[2017.05.15-03.20.44:961][  0]LogTemp:Display: Loaded TP IOSTargetPlatform
[2017.05.15-03.20.45:008][  0]LogTemp:Display: Loaded TP TVOSTargetPlatform
[2017.05.15-03.20.45:085][  0]LogTemp:Display: Loaded TP LinuxClientTargetPlatform
[2017.05.15-03.20.45:161][  0]LogTemp:Display: Loaded TP LinuxNoEditorTargetPlatform
[2017.05.15-03.20.45:238][  0]LogTemp:Display: Loaded TP LinuxServerTargetPlatform
[2017.05.15-03.20.45:316][  0]LogTemp:Display: Loaded TP LinuxTargetPlatform
[2017.05.15-03.20.45:316][  0]LogTargetPlatformManager:Display: Building Assets For Windows
[2017.05.15-03.20.45:946][  0]LogDerivedDataCache:Display: Max Cache Size: 512 MB
[2017.05.15-03.20.46:000][  0]LogDerivedDataCache: Loaded boot cache 0.05s 50MB C:/Users/Jeremy/AppData/Local/UnrealEngine/4.15/DerivedDataCache/Boot.ddc.
[2017.05.15-03.20.46:000][  0]LogDerivedDataCache:Display: Loaded Boot cache: C:/Users/Jeremy/AppData/Local/UnrealEngine/4.15/DerivedDataCache/Boot.ddc
[2017.05.15-03.20.46:000][  0]LogDerivedDataCache: FDerivedDataBackendGraph:  Pak pak cache file ../../../../../../Users/Jeremy/Documents/GitHub/ProjectLonesomeRecovered/Project_lonesome 4.15/DerivedDataCache/DDC.ddp not found, will not use a pak cache.
[2017.05.15-03.20.46:000][  0]LogDerivedDataCache: Unable to find inner node Pak for hierarchical cache Hierarchy.
[2017.05.15-03.20.46:000][  0]LogDerivedDataCache: FDerivedDataBackendGraph:  CompressedPak pak cache file ../../../../../../Users/Jeremy/Documents/GitHub/ProjectLonesomeRecovered/Project_lonesome 4.15/DerivedDataCache/Compressed.ddp not found, will not use a pak cache.
[2017.05.15-03.20.46:000][  0]LogDerivedDataCache: Unable to find inner node CompressedPak for hierarchical cache Hierarchy.
[2017.05.15-03.20.46:018][  0]LogDerivedDataCache:Display: Pak cache opened for reading ../../../Engine/DerivedDataCache/Compressed.ddp.
[2017.05.15-03.20.46:031][  0]LogDerivedDataCache: Using Local data cache path C:/Users/Jeremy/AppData/Local/UnrealEngine/Common/DerivedDataCache: Writable
[2017.05.15-03.20.46:041][  0]LogSlate: Using Freetype 2.6.0
[2017.05.15-03.20.46:042][  0]LogSlate: SlateFontCache - WITH_FREETYPE: 1, WITH_HARFBUZZ: 1
[2017.05.15-03.20.46:042][  0]LogSlate: SlateFontCache - WITH_FREETYPE: 1, WITH_HARFBUZZ: 1
[2017.05.15-03.20.46:410][  0]LogInit: Selected Device Profile: [Windows]
[2017.05.15-03.20.46:411][  0]LogContentStreaming: Texture pool size is 0.00 MB
[2017.05.15-03.20.46:693][  0]LogMeshUtilities: Using QuadricMeshReduction for automatic static mesh reduction
[2017.05.15-03.20.46:760][  0]LogSimplygon: Simplygon DLL not present - disabling.
[2017.05.15-03.20.46:834][  0]LogMeshUtilities: Using SimplygonSwarm for distributed automatic mesh merging
[2017.05.15-03.20.46:834][  0]LogMeshUtilities: No automatic skeletal mesh reduction module available
[2017.05.15-03.20.46:834][  0]LogMeshUtilities: No automatic mesh merging module available
[2017.05.15-03.20.47:478][  0]LogNetVersion: GetLocalNetworkVersion: CL: 3299760, ProjectName: project_lonesome, ProjectVersion: , EngineNetworkVersion: 2, GameNetworkVersion: 0, NetworkChecksum: 3824462427
[2017.05.15-03.20.47:533][  0]LogAssetRegistry: FAssetRegistry took 0.0217 seconds to start up
[2017.05.15-03.20.47:596][  0]LogPackageLocalizationCache: Processed 3 localized package path(s) for 2 prioritized culture(s) in 0.033215 seconds
[2017.05.15-03.20.47:602][  0]LogUObjectArray: 32493 objects as part of root set at end of initial load.
[2017.05.15-03.20.47:602][  0]LogUObjectAllocator: 7077024 out of 0 bytes used by permanent object pool.
[2017.05.15-03.20.47:602][  0]LogUObjectArray: CloseDisregardForGC: 0/0 objects in disregard for GC pool
[2017.05.15-03.20.47:694][  0]LogInit: WinSock: version 1.1 (2.2), MaxSocks=32767, MaxUdp=65467
[2017.05.15-03.20.49:966][  0]LogTcpMessaging: Initializing TcpMessaging bridge
[2017.05.15-03.20.50:019][  0]LogUdpMessaging: Initializing bridge on interface 0.0.0.0:0 to multicast group 230.0.0.1:6666.
[2017.05.15-03.20.50:676][  0]LogMaterial: Uniform references updated for custom material expression Custom.
[2017.05.15-03.20.51:231][  0]SourceControl: Info Source control is disabled
[2017.05.15-03.20.51:232][  0]SourceControl: Info Source control is disabled
[2017.05.15-03.20.51:305][  0]SourceControl: Info Source control is disabled
[2017.05.15-03.20.51:376][  0]SourceControl: Info Source control is disabled
[2017.05.15-03.20.53:248][  0]LogEngine: Initializing Engine...
[2017.05.15-03.20.53:249][  0]LogHMD: Failed to initialize OpenVR with code 110
[2017.05.15-03.20.53:557][  0]LogAIModule: Creating AISystem for world Untitled
[2017.05.15-03.20.53:576][  0]LogInit: XAudio2 using 'Headset Earphone (ASTRO MixAmp Pro           )' : 2 channels at 48 kHz using 16 bits per sample (channel mask 0x3)
[2017.05.15-03.20.53:610][  0]LogInit: FAudioDevice initialized.
[2017.05.15-03.20.53:635][  0]LogDerivedDataCache: Saved boot cache 0.03s 50MB C:/Users/Jeremy/AppData/Local/UnrealEngine/4.15/DerivedDataCache/Boot.ddc.
[2017.05.15-03.20.53:644][  0]LogInit: Texture streaming: Enabled
[2017.05.15-03.20.53:777][  0]LogEngineSessionManager: EngineSessionManager initialized
[2017.05.15-03.20.53:910][  0]LogInit: Transaction tracking system initialized
[2017.05.15-03.20.54:438][  0]BlueprintLog: New page: Editor Load
[2017.05.15-03.20.55:802][  0]LocalizationService: Info Localization service is disabled
[2017.05.15-03.20.56:819][  0]LogConsoleResponse:Display: 
[2017.05.15-03.20.56:965][  0]LogCook:Display: Max memory allowance for cook 16384mb min free memory 0mb
[2017.05.15-03.20.56:965][  0]LogCook:Display: Mobile HDR setting 1
[2017.05.15-03.20.57:917][  0]LogFileCache: Scanning file cache for directory 'C:/Users/Jeremy/Documents/GitHub/ProjectLonesomeRecovered/Project_lonesome 4.15/Content/' took 0.03s
[2017.05.15-03.20.58:564][  0]SourceControl: Info Source control is disabled
[2017.05.15-03.20.58:565][  0]LightingResults: New page: Lighting Build
[2017.05.15-03.20.58:637][  0]MapCheck: New page: Map Check
[2017.05.15-03.20.58:637][  0]LightingResults: New page: Lighting Build
[2017.05.15-03.21.00:536][  0]LogAIModule: Creating AISystem for world FirstPersonExampleMap
[2017.05.15-03.21.00:568][  0]LogEditorServer: Finished looking for orphan Actors (0.000 secs)
[2017.05.15-03.21.00:568][  0]Cmd: MAP CHECKDEP NOCLEARLOG
[2017.05.15-03.21.00:683][  0]MapCheck: Info Map check complete: 0 Error(s), 0 Warning(s), took 114.47ms to complete.
[2017.05.15-03.21.00:683][  0]LogFileHelpers: Loading map 'FirstPersonExampleMap' took 2.118
[2017.05.15-03.21.00:765][  0]LogWindowsTextInputMethodSystem:Display: IME system now deactivated.
[2017.05.15-03.21.00:912][  0]LogCollectionManager: Loaded 1 collections in 0.002432 seconds
[2017.05.15-03.21.01:024][  0]LogFileCache: Scanning file cache for directory 'C:/Users/Jeremy/Documents/GitHub/ProjectLonesomeRecovered/Project_lonesome 4.15/Saved/Collections/' took 0.01s
[2017.05.15-03.21.01:025][  0]LogFileCache: Scanning file cache for directory 'C:/Users/Jeremy/Documents/GitHub/ProjectLonesomeRecovered/Project_lonesome 4.15/Content/Developers/Jeremy/Collections/' took 0.01s
[2017.05.15-03.21.01:025][  0]LogFileCache: Scanning file cache for directory 'C:/Users/Jeremy/Documents/GitHub/ProjectLonesomeRecovered/Project_lonesome 4.15/Content/Collections/' took 0.01s
[2017.05.15-03.21.01:025][  0]LogCollectionManager: Rebuilt the GUID cache for 1 collections in 0.000004 seconds
[2017.05.15-03.21.01:025][  0]LogCollectionManager: Rebuilt the hierarchy cache for 1 collections in 0.000000 seconds
[2017.05.15-03.21.01:035][  0]LogContentBrowser: Native class hierarchy populated in 0.0103 seconds. Added 2245 classes and 453 folders.
[2017.05.15-03.21.01:039][  0]LogStats: UGameplayTagsManager::ConstructGameplayTagTree: Construct from data asset -  0.000 s
[2017.05.15-03.21.01:039][  0]LogStats: UGameplayTagsManager::ConstructGameplayTagTree: GameplayTagTreeChangedEvent.Broadcast -  0.000 s
[2017.05.15-03.21.01:136][  0]LogContentBrowser: Native class hierarchy updated for 'WidgetCarousel' in 0.0005 seconds. Added 0 classes and 0 folders.
[2017.05.15-03.21.01:195][  0]LogContentBrowser: Native class hierarchy updated for 'AddContentDialog' in 0.0006 seconds. Added 0 classes and 0 folders.
[2017.05.15-03.21.01:261][  0]LogContentBrowser: Native class hierarchy updated for 'SceneOutliner' in 0.0006 seconds. Added 1 classes and 2 folders.
[2017.05.15-03.21.01:325][  0]LogCrashTracker: Crashtracker disabled due to settings.
[2017.05.15-03.21.01:333][  0]LogUObjectGlobals:Warning: Failed to find object 'Class None.'
[2017.05.15-03.21.01:429][  0]LogContentBrowser: Native class hierarchy updated for 'HierarchicalLODOutliner' in 0.0007 seconds. Added 1 classes and 2 folders.
[2017.05.15-03.21.01:429][  0]LogLoad: (Engine Initialization) Total time: 24.07 seconds
[2017.05.15-03.21.01:429][  0]LogLoad: (Engine Initialization) Total Blueprint compile time: 0.83 seconds
[2017.05.15-03.21.01:429][  0]LogExternalProfiler: Found external profiler: VSPerf
[2017.05.15-03.21.01:429][  0]LogExternalProfiler: Using external profiler: VSPerf
[2017.05.15-03.21.01:440][  0]LogOcInput: OculusInput pre-init called
[2017.05.15-03.21.01:461][  0]LogContentStreaming: Texture pool size now 1000 MB
[2017.05.15-03.21.01:462][  0]LogSlate: Took 0.000315 seconds to synchronously load lazily loaded font '../../../Engine/Content/Slate/Fonts/Roboto-Regular.ttf' (155K)
[2017.05.15-03.21.01:466][  0]LogSlate: Took 0.000268 seconds to synchronously load lazily loaded font '../../../Engine/Content/Slate/Fonts/Roboto-Bold.ttf' (160K)
[2017.05.15-03.21.01:472][  0]LogSlate: Took 0.000258 seconds to synchronously load lazily loaded font '../../../Engine/Content/Editor/Slate/Fonts/FontAwesome.ttf' (139K)
[2017.05.15-03.21.01:654][  0]LogRenderer: Reallocating scene render targets to support 1208x580 NumSamples 1 (Frame:2).
[2017.05.15-03.21.01:752][  2]LogAssetRegistry: Asset discovery search completed in 14.2403 seconds
[2017.05.15-03.21.01:752][  2]LogCollectionManager: Rebuilt the object cache for 1 collections in 0.000007 seconds (found 0 objects)
[2017.05.15-03.21.01:752][  2]LogCollectionManager: Fixed up redirectors for 1 collections in 0.000023 seconds (updated 0 objects)
[2017.05.15-03.21.05:613][461]LogSlate: Took 0.000196 seconds to synchronously load lazily loaded font '../../../Engine/Content/Slate/Fonts/Roboto-Light.ttf' (159K)
[2017.05.15-03.21.47:793][502]LogSlate: Took 0.000221 seconds to synchronously load lazily loaded font '../../../Engine/Content/Slate/Fonts/Roboto-Light.ttf' (159K)
[2017.05.15-03.21.48:670][502]LogSlate: Took 0.000305 seconds to synchronously load lazily loaded font '../../../Engine/Content/Slate/Fonts/Roboto-Regular.ttf' (155K)
[2017.05.15-03.21.50:626][502]LogAIModule: Creating AISystem for world Second-Floor
[2017.05.15-03.21.50:757][502]Cmd: MAP LOAD FILE="../../../../../../Users/Jeremy/Documents/GitHub/ProjectLonesomeRecovered/Project_lonesome 4.15/Content/Levels/Second-Floor.umap" TEMPLATE=0 SHOWPROGRESS=1 FEATURELEVEL=3
[2017.05.15-03.21.50:757][502]LightingResults: New page: Lighting Build
[2017.05.15-03.21.50:758][502]LoadErrors: New page: Loading map: Second-Floor.umap
[2017.05.15-03.21.50:759][502]MapCheck: New page: Map Check
[2017.05.15-03.21.50:759][502]LightingResults: New page: Lighting Build
[2017.05.15-03.21.50:856][502]LogEditorServer: Finished looking for orphan Actors (0.000 secs)
[2017.05.15-03.21.50:900][502]Cmd: MAP CHECKDEP NOCLEARLOG
[2017.05.15-03.21.51:076][502]MapCheck: Info Map check complete: 0 Error(s), 0 Warning(s), took 176.187ms to complete.
[2017.05.15-03.21.51:076][502]LogFileHelpers: Loading map 'Second-Floor' took 0.321
[2017.05.15-03.21.53:217][681]LogEditorViewport: Clicking on Actor (LMB): Door_Blueprint_C (Door_ArtRoom)
[2017.05.15-03.22.48:270][993]LogSlate: Took 0.000296 seconds to synchronously load lazily loaded font '../../../Engine/Content/Editor/Slate/Fonts/Roboto-Italic.ttf' (157K)
[2017.05.15-03.23.03:583][225]LogEditorViewport: Clicking on Actor (context menu): BP_Sky_Sphere_C (BP_Sky_Sphere)
[2017.05.15-03.23.04:997][352]LogEditorViewport: Clicking on Actor (LMB): StaticMeshActor (Floor)
[2017.05.15-03.23.08:439][666]LogEditorViewport: Clicking on Actor (LMB): BP_Sky_Sphere_C (BP_Sky_Sphere)
[2017.05.15-03.23.14:297][ 91]LogEditorViewport: Clicking on Actor (LMB): Door_Blueprint_C (Door_Room???)
[2017.05.15-03.23.24:489][733]LogEditorViewport: Clicking on Actor (LMB): Door_Blueprint_C (Door_Room201)
[2017.05.15-03.25.53:667][850]LogEditorViewport: Clicking on Actor (LMB): Door_Blueprint_C (Door_Room204)
[2017.05.15-03.25.55:399][965]LogEditorViewport: Clicking on Actor (LMB): Door_Blueprint_C (Door_Room214)
[2017.05.15-03.26.06:495][638]LogEditorViewport: Clicking on Actor (LMB): StaticMeshActor (Cube84)
[2017.05.15-03.26.08:543][770]LogEditorViewport: Clicking on Actor (LMB): StaticMeshActor (Cube84)
[2017.05.15-03.26.09:094][807]LogEditorViewport: Clicking on Actor (LMB): StaticMeshActor (Cube84)
[2017.05.15-03.26.12:763][ 47]LogEditorViewport: Clicking on Actor (LMB): Door_Blueprint_C (Door_Room212)
[2017.05.15-03.26.14:981][208]LogEditorViewport: Clicking on Actor (LMB): Door_Blueprint_C (Door_Room211)
[2017.05.15-03.26.17:991][405]LogEditorViewport: Clicking on Actor (LMB): Door_Blueprint_C (Door_Room213)
[2017.05.15-03.26.19:029][477]LogEditorViewport: Clicking on Actor (LMB): Door_Blueprint_C (Door_Room214)
[2017.05.15-03.27.37:497][375]LogEditorViewport: Clicking on Actor (LMB): Door_Blueprint_C (Door_Room205)
[2017.05.15-03.27.39:427][495]LogEditorViewport: Clicking on Actor (LMB): Door_Blueprint_C (Door_Room206)
[2017.05.15-03.28.11:453][853]LogEditorViewport: Clicking on Actor (LMB): Door_Blueprint_C (Door_Room215)
[2017.05.15-03.32.48:520][ 49]LogEditorViewport: Clicking on Actor (LMB): Door_Blueprint_C (Door_StorageLarge)
[2017.05.15-03.32.54:652][384]LogEditorViewport: Clicking on Actor (LMB): ElevatorDoorBP_C (ElevatorDoorBP2)
[2017.05.15-03.32.58:136][564]LogEditorViewport: Clicking on Actor (LMB): DownstairsDoorBP_C (DownstairsDoorBP)
[2017.05.15-03.33.01:604][730]LogEditorViewport: Clicking on Actor (LMB): Door_Blueprint_C (StairDoorUp)
[2017.05.15-03.33.07:680][ 37]LogEditorViewport: Clicking on Actor (LMB): ElevatorDoorBP_C (ElevatorDoorBP)
[2017.05.15-03.33.09:800][148]LogEditorViewport: Clicking on Actor (LMB): DownstairsDoorBP_C (DownstairsDoorBP)
[2017.05.15-03.33.11:131][217]LogEditorViewport: Clicking on Actor (LMB): ElevatorDoorBP_C (ElevatorDoorBP)
[2017.05.15-03.33.12:371][281]LogEditorViewport: Clicking on Actor (LMB): ElevatorDoorBP_C (ElevatorDoorBP)
[2017.05.15-03.33.12:482][283]LogEditorViewport: Clicking on Component (LMB): StaticMeshComponent (StaticMesh)
[2017.05.15-03.33.15:889][431]LogContentBrowser: Native class hierarchy updated for 'BlueprintGraph' in 0.0010 seconds. Added 112 classes and 0 folders.
[2017.05.15-03.33.16:796][431]LogSlate: Took 0.000338 seconds to synchronously load lazily loaded font '../../../Engine/Content/Editor/Slate/Fonts/Roboto-BoldCondensed.ttf' (158K)
[2017.05.15-03.33.27:876][ 44]LogEditorViewport: Clicking on Actor (LMB): DownstairsDoorBP_C (DownstairsDoorBP)
[2017.05.15-03.33.36:683][532]LogEditorViewport: Clicking on Actor (LMB): Door_Blueprint_C (Door_StorageLarge)
[2017.05.15-03.33.48:998][308]LogEditorViewport: Clicking on Actor (LMB): StaticMeshActor (Floor)
[2017.05.15-03.33.49:764][355]LogEditorViewport: Clicking on Actor (LMB): Door_Blueprint_C (Door_Restaurant)
[2017.05.15-03.33.52:599][539]LogEditorViewport: Clicking on Actor (LMB): Door_Blueprint_C (Door_Kitchen)
[2017.05.15-03.33.54:110][646]LogEditorViewport: Clicking on Actor (LMB): StaticMeshActor (Cube260)
[2017.05.15-03.34.33:022][629]LogEditorViewport: Clicking on Actor (LMB): Door_Blueprint_C (Door_Restaurant)
[2017.05.15-03.38.42:305][ 15]LogEditorViewport: Clicking on Actor (LMB): Door_Blueprint_C (Door_ArtRoom)
[2017.05.15-03.38.44:647][192]LogEditorViewport: Clicking on Actor (LMB): Door_Blueprint_C (Door_JanitorRoom)
[2017.05.15-03.39.18:949][925]LogEditorViewport: Clicking on Actor (LMB): Door_Blueprint_C (Door_CorpsesRoom)
[2017.05.15-03.39.23:261][221]LogEditorViewport: Clicking on Actor (LMB): Door_Blueprint_C (Door_ChairRoom)
[2017.05.15-03.41.13:596][ 53]LogContentBrowser: Native class hierarchy updated for 'TextureEditor' in 0.0007 seconds. Added 1 classes and 2 folders.
[2017.05.15-03.41.36:203][580]LogEditorFactories: Performing atomic reimport of [D:/School Stuff/Spring Term 2017/Junior Project/2nd floor - final.png]
[2017.05.15-03.41.36:205][580]LogFactory: FactoryCreateFile: Texture2D with ReimportTextureFactory (0 0 D:/School Stuff/Spring Term 2017/Junior Project/2nd floor - final.png)
[2017.05.15-03.41.36:300][580]LogTexture:Display: Building textures: 2nd_floor_-_final (AutoDXT, 1600X1200) - 211 MB total VRAM
[2017.05.15-03.41.36:859][580]LogEditorFactories: -- imported successfully
[2017.05.15-03.41.36:901][580]LogSlate: Took 0.000285 seconds to synchronously load lazily loaded font '../../../Engine/Content/Slate/Fonts/Roboto-Light.ttf' (159K)
[2017.05.15-03.41.46:919][611]LogEditorFactories: Performing atomic reimport of [D:/School Stuff/Spring Term 2017/Junior Project/2nd floor - final.png]
[2017.05.15-03.41.46:922][611]LogFactory: FactoryCreateFile: Texture2D with ReimportTextureFactory (0 0 D:/School Stuff/Spring Term 2017/Junior Project/2nd floor - final.png)
[2017.05.15-03.41.47:007][611]LogTexture:Display: Building textures: 2nd_floor_-_final (AutoDXT, 1600X1200) - 211 MB total VRAM
[2017.05.15-03.41.47:551][611]LogEditorFactories: -- imported successfully
[2017.05.15-03.41.53:612][912]LogTemp: Repeting last play command: New Editor Window (PIE)
[2017.05.15-03.41.53:640][912]LogBlueprintUserMessages: Early PlayInEditor Detection: Level '/Game/Levels/Second-Floor.Second-Floor:PersistentLevel' has LevelScriptBlueprint '/Game/Levels/Second-Floor.Second-Floor:PersistentLevel.Second-Floor' with GeneratedClass '/Game/Levels/Second-Floor.Second-Floor_C' with ClassGeneratedBy '/Game/Levels/Second-Floor.Second-Floor:PersistentLevel.Second-Floor'
[2017.05.15-03.41.53:640][912]LogPlayLevel: PlayLevel: No blueprints needed recompiling
[2017.05.15-03.41.53:640][912]PIE: New page: PIE session: Second-Floor (May 14, 2017, 1:41:53 PM)
[2017.05.15-03.41.53:641][912]LogPlayLevel: Creating play world package: /Game/Levels/UEDPIE_0_Second-Floor
[2017.05.15-03.41.53:707][912]LogPlayLevel: PIE: StaticDuplicateObject took: (0.066249s)
[2017.05.15-03.41.53:708][912]LogAIModule: Creating AISystem for world Second-Floor
[2017.05.15-03.41.53:708][912]LogPlayLevel: PIE: World Init took: (0.000939s)
[2017.05.15-03.41.53:708][912]LogPlayLevel: PIE: Created PIE world by copying editor world from /Game/Levels/Second-Floor.Second-Floor to /Game/Levels/UEDPIE_0_Second-Floor.Second-Floor (0.067633s)
[2017.05.15-03.41.53:743][912]LogInit: XAudio2 using 'Headset Earphone (ASTRO MixAmp Pro           )' : 2 channels at 48 kHz using 16 bits per sample (channel mask 0x3)
[2017.05.15-03.41.53:752][912]LogInit: FAudioDevice initialized.
[2017.05.15-03.41.53:858][912]LogLoad: Game class is 'FirstPersonGameMode_C'
[2017.05.15-03.41.53:881][912]LogWorld: Bringing World /Game/Levels/UEDPIE_0_Second-Floor.Second-Floor up for play (max tick rate 0) at 2017.05.14-20.41.53
[2017.05.15-03.41.53:885][912]LogWorld: Bringing up level for play took: 0.025568
[2017.05.15-03.41.53:950][912]LogContentBrowser: Native class hierarchy updated for 'MovieSceneCapture' in 0.0007 seconds. Added 11 classes and 0 folders.
[2017.05.15-03.41.53:950][912]LogGameMode:Display: Match State Changed from EnteringMap to WaitingToStart
[2017.05.15-03.41.53:950][912]LogGameState: Match State Changed from EnteringMap to WaitingToStart
[2017.05.15-03.41.53:950][912]LogGameMode:Display: Match State Changed from WaitingToStart to InProgress
[2017.05.15-03.41.53:952][912]LogBlueprintUserMessages: [Second-Floor_C_1] false
[2017.05.15-03.41.53:952][912]LogBlueprintUserMessages: [Second-Floor_C_1] false
[2017.05.15-03.41.53:952][912]LogBlueprintUserMessages: [Second-Floor_C_1] false
[2017.05.15-03.41.53:998][912]LogGameState: Match State Changed from WaitingToStart to InProgress
[2017.05.15-03.41.54:003][912]PIE: Info Play in editor start time for /Game/Levels/UEDPIE_0_Second-Floor 0.333
[2017.05.15-03.41.54:004][912]LogBlueprintUserMessages: Late PlayInEditor Detection: Level '/Game/Levels/Second-Floor.Second-Floor:PersistentLevel' has LevelScriptBlueprint '/Game/Levels/Second-Floor.Second-Floor:PersistentLevel.Second-Floor' with GeneratedClass '/Game/Levels/Second-Floor.Second-Floor_C' with ClassGeneratedBy '/Game/Levels/Second-Floor.Second-Floor:PersistentLevel.Second-Floor'
[2017.05.15-03.41.54:068][912]LogRenderer: Reallocating scene render targets to support 1292x756 NumSamples 1 (Frame:25227).
[2017.05.15-03.42.08:483][830]LogBlueprintUserMessages: Early EndPlayMap Detection: Level '/Game/Levels/Second-Floor.Second-Floor:PersistentLevel' has LevelScriptBlueprint '/Game/Levels/Second-Floor.Second-Floor:PersistentLevel.Second-Floor' with GeneratedClass '/Game/Levels/Second-Floor.Second-Floor_C' with ClassGeneratedBy '/Game/Levels/Second-Floor.Second-Floor:PersistentLevel.Second-Floor'
[2017.05.15-03.42.08:583][830]LogBlueprintUserMessages: Late EndPlayMap Detection: Level '/Game/Levels/Second-Floor.Second-Floor:PersistentLevel' has LevelScriptBlueprint '/Game/Levels/Second-Floor.Second-Floor:PersistentLevel.Second-Floor' with GeneratedClass '/Game/Levels/Second-Floor.Second-Floor_C' with ClassGeneratedBy '/Game/Levels/Second-Floor.Second-Floor:PersistentLevel.Second-Floor'
[2017.05.15-03.43.10:680][773]LogFileHelpers: Editor autosave (incl. sublevels) for '/Game/Levels/Second-Floor' took 0.024
[2017.05.15-03.43.10:682][773]OBJ SavePackage: Generating thumbnails for [1] asset(s) in package [/Game/UI/Level_Maps/2nd_floor_-_final] ([1] browsable assets)...
[2017.05.15-03.43.10:691][773]OBJ SavePackage:     Rendered thumbnail for [Texture2D /Game/UI/Level_Maps/2nd_floor_-_final.2nd_floor_-_final]
[2017.05.15-03.43.10:691][773]OBJ SavePackage: Finished generating thumbnails for package [/Game/UI/Level_Maps/2nd_floor_-_final]
[2017.05.15-03.43.10:709][773]LogSavePackage: Save=9.26ms
[2017.05.15-03.43.10:709][773]LogSavePackage: Moving '../../../../../../Users/Jeremy/Documents/GitHub/ProjectLonesomeRecovered/Project_lonesome 4.15/Saved/2nd_floor_-_final_Auto1F31F988649B1FB53099B00964455C34A.tmp' to '../../../../../../Users/Jeremy/Documents/GitHub/ProjectLonesomeRecovered/Project_lonesome 4.15/Saved/Autosaves/Game/UI/Level_Maps/2nd_floor_-_final_Auto1.uasset'
[2017.05.15-03.43.10:711][773]LogSavePackage:Display: Finished SavePackage ../../../../../../Users/Jeremy/Documents/GitHub/ProjectLonesomeRecovered/Project_lonesome 4.15/Saved/Autosaves/Game/UI/Level_Maps/2nd_floor_-_final_Auto1.uasset
[2017.05.15-03.43.10:711][773]LogFileHelpers: Auto-saving content packages took 0.030
[2017.05.15-03.46.45:963][573]LogTemp: Repeting last play command: New Editor Window (PIE)
[2017.05.15-03.46.45:989][573]LogBlueprintUserMessages: Early PlayInEditor Detection: Level '/Game/Levels/Second-Floor.Second-Floor:PersistentLevel' has LevelScriptBlueprint '/Game/Levels/Second-Floor.Second-Floor:PersistentLevel.Second-Floor' with GeneratedClass '/Game/Levels/Second-Floor.Second-Floor_C' with ClassGeneratedBy '/Game/Levels/Second-Floor.Second-Floor:PersistentLevel.Second-Floor'
[2017.05.15-03.46.45:989][573]LogPlayLevel: PlayLevel: No blueprints needed recompiling
[2017.05.15-03.46.45:989][573]PIE: New page: PIE session: Second-Floor (May 14, 2017, 1:46:45 PM)
[2017.05.15-03.46.45:990][573]LogPlayLevel: Creating play world package: /Game/Levels/UEDPIE_0_Second-Floor
[2017.05.15-03.46.46:060][573]LogPlayLevel: PIE: StaticDuplicateObject took: (0.070206s)
[2017.05.15-03.46.46:061][573]LogAIModule: Creating AISystem for world Second-Floor
[2017.05.15-03.46.46:061][573]LogPlayLevel: PIE: World Init took: (0.001286s)
[2017.05.15-03.46.46:062][573]LogPlayLevel: PIE: Created PIE world by copying editor world from /Game/Levels/Second-Floor.Second-Floor to /Game/Levels/UEDPIE_0_Second-Floor.Second-Floor (0.071917s)
[2017.05.15-03.46.46:095][573]LogInit: XAudio2 using 'Headset Earphone (ASTRO MixAmp Pro           )' : 2 channels at 48 kHz using 16 bits per sample (channel mask 0x3)
[2017.05.15-03.46.46:103][573]LogInit: FAudioDevice initialized.
[2017.05.15-03.46.46:190][573]LogLoad: Game class is 'FirstPersonGameMode_C'
[2017.05.15-03.46.46:213][573]LogWorld: Bringing World /Game/Levels/UEDPIE_0_Second-Floor.Second-Floor up for play (max tick rate 0) at 2017.05.14-20.46.46
[2017.05.15-03.46.46:217][573]LogWorld: Bringing up level for play took: 0.026201
[2017.05.15-03.46.46:218][573]LogGameMode:Display: Match State Changed from EnteringMap to WaitingToStart
[2017.05.15-03.46.46:218][573]LogGameState: Match State Changed from EnteringMap to WaitingToStart
[2017.05.15-03.46.46:218][573]LogGameMode:Display: Match State Changed from WaitingToStart to InProgress
[2017.05.15-03.46.46:220][573]LogBlueprintUserMessages: [Second-Floor_C_1] false
[2017.05.15-03.46.46:220][573]LogBlueprintUserMessages: [Second-Floor_C_1] false
[2017.05.15-03.46.46:220][573]LogBlueprintUserMessages: [Second-Floor_C_1] false
[2017.05.15-03.46.46:269][573]LogGameState: Match State Changed from WaitingToStart to InProgress
[2017.05.15-03.46.46:276][573]PIE: Info Play in editor start time for /Game/Levels/UEDPIE_0_Second-Floor 0.606
[2017.05.15-03.46.46:276][573]LogBlueprintUserMessages: Late PlayInEditor Detection: Level '/Game/Levels/Second-Floor.Second-Floor:PersistentLevel' has LevelScriptBlueprint '/Game/Levels/Second-Floor.Second-Floor:PersistentLevel.Second-Floor' with GeneratedClass '/Game/Levels/Second-Floor.Second-Floor_C' with ClassGeneratedBy '/Game/Levels/Second-Floor.Second-Floor:PersistentLevel.Second-Floor'
[2017.05.15-03.47.00:534][490]LogBlueprintUserMessages: Early EndPlayMap Detection: Level '/Game/Levels/Second-Floor.Second-Floor:PersistentLevel' has LevelScriptBlueprint '/Game/Levels/Second-Floor.Second-Floor:PersistentLevel.Second-Floor' with GeneratedClass '/Game/Levels/Second-Floor.Second-Floor_C' with ClassGeneratedBy '/Game/Levels/Second-Floor.Second-Floor:PersistentLevel.Second-Floor'
[2017.05.15-03.47.00:639][490]LogBlueprintUserMessages: Late EndPlayMap Detection: Level '/Game/Levels/Second-Floor.Second-Floor:PersistentLevel' has LevelScriptBlueprint '/Game/Levels/Second-Floor.Second-Floor:PersistentLevel.Second-Floor' with GeneratedClass '/Game/Levels/Second-Floor.Second-Floor_C' with ClassGeneratedBy '/Game/Levels/Second-Floor.Second-Floor:PersistentLevel.Second-Floor'
[2017.05.15-03.47.05:176][911]LogBlueprintUserMessages: Early PlayInEditor Detection: Level '/Game/Levels/Second-Floor.Second-Floor:PersistentLevel' has LevelScriptBlueprint '/Game/Levels/Second-Floor.Second-Floor:PersistentLevel.Second-Floor' with GeneratedClass '/Game/Levels/Second-Floor.Second-Floor_C' with ClassGeneratedBy '/Game/Levels/Second-Floor.Second-Floor:PersistentLevel.Second-Floor'
[2017.05.15-03.47.05:176][911]LogPlayLevel: PlayLevel: No blueprints needed recompiling
[2017.05.15-03.47.05:176][911]PIE: New page: PIE session: Second-Floor (May 14, 2017, 1:47:05 PM)
[2017.05.15-03.47.05:177][911]LogPlayLevel: Creating play world package: /Game/Levels/UEDPIE_0_Second-Floor
[2017.05.15-03.47.05:240][911]LogPlayLevel: PIE: StaticDuplicateObject took: (0.063009s)
[2017.05.15-03.47.05:241][911]LogAIModule: Creating AISystem for world Second-Floor
[2017.05.15-03.47.05:241][911]LogPlayLevel: PIE: World Init took: (0.001372s)
[2017.05.15-03.47.05:242][911]LogPlayLevel: PIE: Created PIE world by copying editor world from /Game/Levels/Second-Floor.Second-Floor to /Game/Levels/UEDPIE_0_Second-Floor.Second-Floor (0.064903s)
[2017.05.15-03.47.05:272][911]LogInit: XAudio2 using 'Headset Earphone (ASTRO MixAmp Pro           )' : 2 channels at 48 kHz using 16 bits per sample (channel mask 0x3)
[2017.05.15-03.47.05:280][911]LogInit: FAudioDevice initialized.
[2017.05.15-03.47.05:356][911]LogLoad: Game class is 'FirstPersonGameMode_C'
[2017.05.15-03.47.05:378][911]LogWorld: Bringing World /Game/Levels/UEDPIE_0_Second-Floor.Second-Floor up for play (max tick rate 0) at 2017.05.14-20.47.05
[2017.05.15-03.47.05:382][911]LogWorld: Bringing up level for play took: 0.024896
[2017.05.15-03.47.05:382][911]LogGameMode:Display: Match State Changed from EnteringMap to WaitingToStart
[2017.05.15-03.47.05:382][911]LogGameState: Match State Changed from EnteringMap to WaitingToStart
[2017.05.15-03.47.05:382][911]LogGameMode:Display: Match State Changed from WaitingToStart to InProgress
[2017.05.15-03.47.05:384][911]LogBlueprintUserMessages: [Second-Floor_C_1] false
[2017.05.15-03.47.05:384][911]LogBlueprintUserMessages: [Second-Floor_C_1] false
[2017.05.15-03.47.05:384][911]LogBlueprintUserMessages: [Second-Floor_C_1] false
[2017.05.15-03.47.05:435][911]LogGameState: Match State Changed from WaitingToStart to InProgress
[2017.05.15-03.47.05:441][911]PIE: Info Play in editor start time for /Game/Levels/UEDPIE_0_Second-Floor -0.228
[2017.05.15-03.47.05:442][911]LogBlueprintUserMessages: Late PlayInEditor Detection: Level '/Game/Levels/Second-Floor.Second-Floor:PersistentLevel' has LevelScriptBlueprint '/Game/Levels/Second-Floor.Second-Floor:PersistentLevel.Second-Floor' with GeneratedClass '/Game/Levels/Second-Floor.Second-Floor_C' with ClassGeneratedBy '/Game/Levels/Second-Floor.Second-Floor:PersistentLevel.Second-Floor'
[2017.05.15-03.47.06:444][960]LogRenderer: Reallocating scene render targets to support 1920x1028 NumSamples 1 (Frame:29126).
[2017.05.15-03.47.30:638][132]LogBlueprintUserMessages: Early EndPlayMap Detection: Level '/Game/Levels/Second-Floor.Second-Floor:PersistentLevel' has LevelScriptBlueprint '/Game/Levels/Second-Floor.Second-Floor:PersistentLevel.Second-Floor' with GeneratedClass '/Game/Levels/Second-Floor.Second-Floor_C' with ClassGeneratedBy '/Game/Levels/Second-Floor.Second-Floor:PersistentLevel.Second-Floor'
[2017.05.15-03.47.30:746][132]LogBlueprintUserMessages: Late EndPlayMap Detection: Level '/Game/Levels/Second-Floor.Second-Floor:PersistentLevel' has LevelScriptBlueprint '/Game/Levels/Second-Floor.Second-Floor:PersistentLevel.Second-Floor' with GeneratedClass '/Game/Levels/Second-Floor.Second-Floor_C' with ClassGeneratedBy '/Game/Levels/Second-Floor.Second-Floor:PersistentLevel.Second-Floor'
[2017.05.15-04.02.11:135][682]LogEditorFactories: Performing atomic reimport of [D:/School Stuff/Spring Term 2017/Junior Project/2nd floor - final.png]
[2017.05.15-04.02.11:138][682]LogFactory: FactoryCreateFile: Texture2D with ReimportTextureFactory (0 0 D:/School Stuff/Spring Term 2017/Junior Project/2nd floor - final.png)
[2017.05.15-04.02.11:223][682]LogTexture:Display: Building textures: 2nd_floor_-_final (AutoDXT, 1600X1200) - 213 MB total VRAM
[2017.05.15-04.02.11:804][682]LogEditorFactories: -- imported successfully
[2017.05.15-04.02.17:660][941]LogTemp: Repeting last play command: New Editor Window (PIE)
[2017.05.15-04.02.17:684][941]LogBlueprintUserMessages: Early PlayInEditor Detection: Level '/Game/Levels/Second-Floor.Second-Floor:PersistentLevel' has LevelScriptBlueprint '/Game/Levels/Second-Floor.Second-Floor:PersistentLevel.Second-Floor' with GeneratedClass '/Game/Levels/Second-Floor.Second-Floor_C' with ClassGeneratedBy '/Game/Levels/Second-Floor.Second-Floor:PersistentLevel.Second-Floor'
[2017.05.15-04.02.17:684][941]LogPlayLevel: PlayLevel: No blueprints needed recompiling
[2017.05.15-04.02.17:684][941]PIE: New page: PIE session: Second-Floor (May 14, 2017, 2:02:17 PM)
[2017.05.15-04.02.17:685][941]LogPlayLevel: Creating play world package: /Game/Levels/UEDPIE_0_Second-Floor
[2017.05.15-04.02.17:746][941]LogPlayLevel: PIE: StaticDuplicateObject took: (0.061316s)
[2017.05.15-04.02.17:747][941]LogAIModule: Creating AISystem for world Second-Floor
[2017.05.15-04.02.17:747][941]LogPlayLevel: PIE: World Init took: (0.001053s)
[2017.05.15-04.02.17:748][941]LogPlayLevel: PIE: Created PIE world by copying editor world from /Game/Levels/Second-Floor.Second-Floor to /Game/Levels/UEDPIE_0_Second-Floor.Second-Floor (0.062888s)
[2017.05.15-04.02.17:791][941]LogInit: XAudio2 using 'Headset Earphone (ASTRO MixAmp Pro           )' : 2 channels at 48 kHz using 16 bits per sample (channel mask 0x3)
[2017.05.15-04.02.17:799][941]LogInit: FAudioDevice initialized.
[2017.05.15-04.02.17:873][941]LogLoad: Game class is 'FirstPersonGameMode_C'
[2017.05.15-04.02.17:895][941]LogWorld: Bringing World /Game/Levels/UEDPIE_0_Second-Floor.Second-Floor up for play (max tick rate 0) at 2017.05.14-21.02.17
[2017.05.15-04.02.17:898][941]LogWorld: Bringing up level for play took: 0.024171
[2017.05.15-04.02.17:899][941]LogGameMode:Display: Match State Changed from EnteringMap to WaitingToStart
[2017.05.15-04.02.17:899][941]LogGameState: Match State Changed from EnteringMap to WaitingToStart
[2017.05.15-04.02.17:899][941]LogGameMode:Display: Match State Changed from WaitingToStart to InProgress
[2017.05.15-04.02.17:901][941]LogBlueprintUserMessages: [Second-Floor_C_1] false
[2017.05.15-04.02.17:901][941]LogBlueprintUserMessages: [Second-Floor_C_1] false
[2017.05.15-04.02.17:901][941]LogBlueprintUserMessages: [Second-Floor_C_1] false
[2017.05.15-04.02.17:952][941]LogGameState: Match State Changed from WaitingToStart to InProgress
[2017.05.15-04.02.17:957][941]PIE: Info Play in editor start time for /Game/Levels/UEDPIE_0_Second-Floor 0.287
[2017.05.15-04.02.17:957][941]LogBlueprintUserMessages: Late PlayInEditor Detection: Level '/Game/Levels/Second-Floor.Second-Floor:PersistentLevel' has LevelScriptBlueprint '/Game/Levels/Second-Floor.Second-Floor:PersistentLevel.Second-Floor' with GeneratedClass '/Game/Levels/Second-Floor.Second-Floor_C' with ClassGeneratedBy '/Game/Levels/Second-Floor.Second-Floor:PersistentLevel.Second-Floor'
[2017.05.15-04.02.25:217][366]LogBlueprintUserMessages: Early EndPlayMap Detection: Level '/Game/Levels/Second-Floor.Second-Floor:PersistentLevel' has LevelScriptBlueprint '/Game/Levels/Second-Floor.Second-Floor:PersistentLevel.Second-Floor' with GeneratedClass '/Game/Levels/Second-Floor.Second-Floor_C' with ClassGeneratedBy '/Game/Levels/Second-Floor.Second-Floor:PersistentLevel.Second-Floor'
[2017.05.15-04.02.25:316][366]LogBlueprintUserMessages: Late EndPlayMap Detection: Level '/Game/Levels/Second-Floor.Second-Floor:PersistentLevel' has LevelScriptBlueprint '/Game/Levels/Second-Floor.Second-Floor:PersistentLevel.Second-Floor' with GeneratedClass '/Game/Levels/Second-Floor.Second-Floor_C' with ClassGeneratedBy '/Game/Levels/Second-Floor.Second-Floor:PersistentLevel.Second-Floor'
[2017.05.15-04.02.26:274][427]LogTemp: Repeting last play command: New Editor Window (PIE)
[2017.05.15-04.02.26:296][427]LogBlueprintUserMessages: Early PlayInEditor Detection: Level '/Game/Levels/Second-Floor.Second-Floor:PersistentLevel' has LevelScriptBlueprint '/Game/Levels/Second-Floor.Second-Floor:PersistentLevel.Second-Floor' with GeneratedClass '/Game/Levels/Second-Floor.Second-Floor_C' with ClassGeneratedBy '/Game/Levels/Second-Floor.Second-Floor:PersistentLevel.Second-Floor'
[2017.05.15-04.02.26:296][427]LogPlayLevel: PlayLevel: No blueprints needed recompiling
[2017.05.15-04.02.26:297][427]PIE: New page: PIE session: Second-Floor (May 14, 2017, 2:02:26 PM)
[2017.05.15-04.02.26:297][427]LogPlayLevel: Creating play world package: /Game/Levels/UEDPIE_0_Second-Floor
[2017.05.15-04.02.26:369][427]LogPlayLevel: PIE: StaticDuplicateObject took: (0.072182s)
[2017.05.15-04.02.26:370][427]LogAIModule: Creating AISystem for world Second-Floor
[2017.05.15-04.02.26:370][427]LogPlayLevel: PIE: World Init took: (0.000878s)
[2017.05.15-04.02.26:371][427]LogPlayLevel: PIE: Created PIE world by copying editor world from /Game/Levels/Second-Floor.Second-Floor to /Game/Levels/UEDPIE_0_Second-Floor.Second-Floor (0.073431s)
[2017.05.15-04.02.26:403][427]LogInit: XAudio2 using 'Headset Earphone (ASTRO MixAmp Pro           )' : 2 channels at 48 kHz using 16 bits per sample (channel mask 0x3)
[2017.05.15-04.02.26:410][427]LogInit: FAudioDevice initialized.
[2017.05.15-04.02.26:485][427]LogLoad: Game class is 'FirstPersonGameMode_C'
[2017.05.15-04.02.26:507][427]LogWorld: Bringing World /Game/Levels/UEDPIE_0_Second-Floor.Second-Floor up for play (max tick rate 0) at 2017.05.14-21.02.26
[2017.05.15-04.02.26:511][427]LogWorld: Bringing up level for play took: 0.024761
[2017.05.15-04.02.26:511][427]LogGameMode:Display: Match State Changed from EnteringMap to WaitingToStart
[2017.05.15-04.02.26:511][427]LogGameState: Match State Changed from EnteringMap to WaitingToStart
[2017.05.15-04.02.26:511][427]LogGameMode:Display: Match State Changed from WaitingToStart to InProgress
[2017.05.15-04.02.26:513][427]LogBlueprintUserMessages: [Second-Floor_C_1] false
[2017.05.15-04.02.26:513][427]LogBlueprintUserMessages: [Second-Floor_C_1] false
[2017.05.15-04.02.26:513][427]LogBlueprintUserMessages: [Second-Floor_C_1] false
[2017.05.15-04.02.26:563][427]LogGameState: Match State Changed from WaitingToStart to InProgress
[2017.05.15-04.02.26:568][427]PIE: Info Play in editor start time for /Game/Levels/UEDPIE_0_Second-Floor 0.899
[2017.05.15-04.02.26:569][427]LogBlueprintUserMessages: Late PlayInEditor Detection: Level '/Game/Levels/Second-Floor.Second-Floor:PersistentLevel' has LevelScriptBlueprint '/Game/Levels/Second-Floor.Second-Floor:PersistentLevel.Second-Floor' with GeneratedClass '/Game/Levels/Second-Floor.Second-Floor_C' with ClassGeneratedBy '/Game/Levels/Second-Floor.Second-Floor:PersistentLevel.Second-Floor'
[2017.05.15-04.02.38:016][931]LogBlueprintUserMessages: [Second-Floor_C_1] false
[2017.05.15-04.02.38:016][931]LogBlueprintUserMessages: [Second-Floor_C_1] false
[2017.05.15-04.02.38:016][931]LogBlueprintUserMessages: [Second-Floor_C_1] false
[2017.05.15-04.02.42:229][113]LogBlueprintUserMessages: Early EndPlayMap Detection: Level '/Game/Levels/Second-Floor.Second-Floor:PersistentLevel' has LevelScriptBlueprint '/Game/Levels/Second-Floor.Second-Floor:PersistentLevel.Second-Floor' with GeneratedClass '/Game/Levels/Second-Floor.Second-Floor_C' with ClassGeneratedBy '/Game/Levels/Second-Floor.Second-Floor:PersistentLevel.Second-Floor'
[2017.05.15-04.02.42:342][113]LogBlueprintUserMessages: Late EndPlayMap Detection: Level '/Game/Levels/Second-Floor.Second-Floor:PersistentLevel' has LevelScriptBlueprint '/Game/Levels/Second-Floor.Second-Floor:PersistentLevel.Second-Floor' with GeneratedClass '/Game/Levels/Second-Floor.Second-Floor_C' with ClassGeneratedBy '/Game/Levels/Second-Floor.Second-Floor:PersistentLevel.Second-Floor'
[2017.05.15-04.02.47:024][356]LogSavePackage: Save=1042.59ms
[2017.05.15-04.02.47:024][356]LogSavePackage: Moving '../../../../../../Users/Jeremy/Documents/GitHub/ProjectLonesomeRecovered/Project_lonesome 4.15/Saved/Second-FloorECCF450A4DB4FEC3AECE9B8EFA6A4F89.tmp' to '../../../../../../Users/Jeremy/Documents/GitHub/ProjectLonesomeRecovered/Project_lonesome 4.15/Content/Levels/Second-Floor.umap'
[2017.05.15-04.02.47:029][356]LogSavePackage:Display: Finished SavePackage ../../../../../../Users/Jeremy/Documents/GitHub/ProjectLonesomeRecovered/Project_lonesome 4.15/Content/Levels/Second-Floor.umap
[2017.05.15-04.02.47:644][356]LogSavePackage: Save=529.10ms
[2017.05.15-04.02.47:644][356]LogSavePackage: Moving '../../../../../../Users/Jeremy/Documents/GitHub/ProjectLonesomeRecovered/Project_lonesome 4.15/Saved/Second-Floor_BuiltData0AEABDD04C1555EA91834F88DC40A282.tmp' to '../../../../../../Users/Jeremy/Documents/GitHub/ProjectLonesomeRecovered/Project_lonesome 4.15/Content/Levels/Second-Floor_BuiltData.uasset'
[2017.05.15-04.02.47:648][356]LogSavePackage:Display: Finished SavePackage ../../../../../../Users/Jeremy/Documents/GitHub/ProjectLonesomeRecovered/Project_lonesome 4.15/Content/Levels/Second-Floor_BuiltData.uasset
[2017.05.15-04.02.49:605][415]LogSavePackage: Save=967.64ms
[2017.05.15-04.02.49:605][415]LogSavePackage: Moving '../../../../../../Users/Jeremy/Documents/GitHub/ProjectLonesomeRecovered/Project_lonesome 4.15/Saved/Second-Floor0D8619A84DFC664F0540A8BDB68D4588.tmp' to '../../../../../../Users/Jeremy/Documents/GitHub/ProjectLonesomeRecovered/Project_lonesome 4.15/Content/Levels/Second-Floor.umap'
[2017.05.15-04.02.49:609][415]LogSavePackage:Display: Finished SavePackage ../../../../../../Users/Jeremy/Documents/GitHub/ProjectLonesomeRecovered/Project_lonesome 4.15/Content/Levels/Second-Floor.umap
[2017.05.15-04.02.50:062][415]LogSavePackage: Save=396.43ms
[2017.05.15-04.02.50:062][415]LogSavePackage: Moving '../../../../../../Users/Jeremy/Documents/GitHub/ProjectLonesomeRecovered/Project_lonesome 4.15/Saved/Second-Floor_BuiltData62E67B854C9B5CB64AAF2EAEAF1027B6.tmp' to '../../../../../../Users/Jeremy/Documents/GitHub/ProjectLonesomeRecovered/Project_lonesome 4.15/Content/Levels/Second-Floor_BuiltData.uasset'
[2017.05.15-04.02.50:065][415]LogSavePackage:Display: Finished SavePackage ../../../../../../Users/Jeremy/Documents/GitHub/ProjectLonesomeRecovered/Project_lonesome 4.15/Content/Levels/Second-Floor_BuiltData.uasset
[2017.05.15-04.02.54:586][567]LogSavePackage: Save=164.62ms
[2017.05.15-04.02.54:586][567]LogSavePackage: Moving '../../../../../../Users/Jeremy/Documents/GitHub/ProjectLonesomeRecovered/Project_lonesome 4.15/Saved/2nd_floor_-_final6C2E964F4D12E4B01E5DAE9D07E6CAB1.tmp' to '../../../../../../Users/Jeremy/Documents/GitHub/ProjectLonesomeRecovered/Project_lonesome 4.15/Content/UI/Level_Maps/2nd_floor_-_final.uasset'
[2017.05.15-04.02.54:591][567]LogSavePackage:Display: Finished SavePackage ../../../../../../Users/Jeremy/Documents/GitHub/ProjectLonesomeRecovered/Project_lonesome 4.15/Content/UI/Level_Maps/2nd_floor_-_final.uasset
[2017.05.15-04.02.54:703][567]LogWindowsTextInputMethodSystem:Display: IME system now deactivated.
[2017.05.15-04.02.54:897][568]Cmd: QUIT_EDITOR
[2017.05.15-04.02.55:667][568]LogExit: Preparing to exit.
[2017.05.15-04.02.55:965][568]LogDirectoryWatcher: A directory notification for 'C:/Users/Jeremy/Documents/GitHub/ProjectLonesomeRecovered/Project_lonesome 4.15/Content/' was aborted.
[2017.05.15-04.02.56:030][568]LogExit: Editor shut down
[2017.05.15-04.02.56:030][568]LogExit: Transaction tracking system shut down
[2017.05.15-04.02.56:180][568]LogObj: Freed 0b from 0 cluster array pools.
[2017.05.15-04.02.56:180][568]LogExit: Object subsystem successfully closed.
[2017.05.15-04.02.56:198][568]LogD3D11RHI: Shutdown
[2017.05.15-04.02.56:198][568]LogD3D11RHI: CleanupD3DDevice
[2017.05.15-04.02.56:283][568]LogD3D11RHI: ~FD3D11DynamicRHI
[2017.05.15-04.02.56:319][568]LogModuleManager: Shutting down and abandoning module SequencerWidgets (508)
[2017.05.15-04.02.56:319][568]LogModuleManager: Shutting down and abandoning module MovieSceneCapture (506)
[2017.05.15-04.02.56:319][568]LogModuleManager: Shutting down and abandoning module TextureEditor (504)
[2017.05.15-04.02.56:319][568]LogModuleManager: Shutting down and abandoning module BlueprintGraph (502)
[2017.05.15-04.02.56:319][568]LogModuleManager: Shutting down and abandoning module BlueprintProfiler (500)
[2017.05.15-04.02.56:319][568]LogModuleManager: Shutting down and abandoning module HierarchicalLODOutliner (498)
[2017.05.15-04.02.56:319][568]LogModuleManager: Shutting down and abandoning module CrashTracker (496)
[2017.05.15-04.02.56:319][568]LogModuleManager: Shutting down and abandoning module SceneOutliner (494)
[2017.05.15-04.02.56:319][568]LogModuleManager: Shutting down and abandoning module AddContentDialog (492)
[2017.05.15-04.02.56:319][568]LogDirectoryWatcher: A directory notification for 'C:/Program Files/Epic Games/UE_4.15/FeaturePacks/' was aborted.
[2017.05.15-04.02.56:320][568]LogModuleManager: Shutting down and abandoning module WidgetCarousel (491)
[2017.05.15-04.02.56:320][568]LogModuleManager: Shutting down and abandoning module EditorWidgets (488)
[2017.05.15-04.02.56:320][568]LogModuleManager: Shutting down and abandoning module CollectionManager (486)
[2017.05.15-04.02.56:320][568]LogDirectoryWatcher: A directory notification for 'C:/Users/Jeremy/Documents/GitHub/ProjectLonesomeRecovered/Project_lonesome 4.15/Content/Collections/' was aborted.
[2017.05.15-04.02.56:320][568]LogDirectoryWatcher: A directory notification for 'C:/Users/Jeremy/Documents/GitHub/ProjectLonesomeRecovered/Project_lonesome 4.15/Content/Developers/Jeremy/Collections/' was aborted.
[2017.05.15-04.02.56:320][568]LogDirectoryWatcher: A directory notification for 'C:/Users/Jeremy/Documents/GitHub/ProjectLonesomeRecovered/Project_lonesome 4.15/Saved/Collections/' was aborted.
[2017.05.15-04.02.56:320][568]LogModuleManager: Shutting down and abandoning module StatsViewer (484)
[2017.05.15-04.02.56:320][568]LogModuleManager: Shutting down and abandoning module FoliageEdit (482)
[2017.05.15-04.02.56:320][568]LogModuleManager: Shutting down and abandoning module LandscapeEditor (480)
[2017.05.15-04.02.56:321][568]LogModuleManager: Shutting down and abandoning module SceneDepthPickerMode (478)
[2017.05.15-04.02.56:321][568]LogModuleManager: Shutting down and abandoning module ActorPickerMode (476)
[2017.05.15-04.02.56:321][568]LogModuleManager: Shutting down and abandoning module GeometryMode (474)
[2017.05.15-04.02.56:321][568]LogModuleManager: Shutting down and abandoning module TextureAlignMode (472)
[2017.05.15-04.02.56:321][568]LogModuleManager: Shutting down and abandoning module BspMode (470)
[2017.05.15-04.02.56:321][568]LogModuleManager: Shutting down and abandoning module HardwareSurvey (468)
[2017.05.15-04.02.56:321][568]LogModuleManager: Shutting down and abandoning module SequenceRecorderSections (466)
[2017.05.15-04.02.56:321][568]LogModuleManager: Shutting down and abandoning module AutomationWorker (464)
[2017.05.15-04.02.56:321][568]LogModuleManager: Shutting down and abandoning module MatineeToLevelSequence (462)
[2017.05.15-04.02.56:321][568]LogModuleManager: Shutting down and abandoning module LevelSequenceEditor (460)
[2017.05.15-04.02.56:321][568]LogModuleManager: Shutting down and abandoning module PlacementMode (459)
[2017.05.15-04.02.56:321][568]LogModuleManager: Shutting down and abandoning module WmfMediaFactory (456)
[2017.05.15-04.02.56:321][568]LogModuleManager: Shutting down and abandoning module WmfMediaEditor (454)
[2017.05.15-04.02.56:321][568]LogModuleManager: Shutting down and abandoning module MfMediaFactory (452)
[2017.05.15-04.02.56:321][568]LogModuleManager: Shutting down and abandoning module MfMediaEditor (450)
[2017.05.15-04.02.56:321][568]LogModuleManager: Shutting down and abandoning module AvfMediaFactory (448)
[2017.05.15-04.02.56:321][568]LogModuleManager: Shutting down and abandoning module AvfMediaEditor (446)
[2017.05.15-04.02.56:321][568]LogModuleManager: Shutting down and abandoning module AndroidMediaFactory (444)
[2017.05.15-04.02.56:321][568]LogModuleManager: Shutting down and abandoning module Media (443)
[2017.05.15-04.02.56:321][568]LogModuleManager: Shutting down and abandoning module AndroidMediaEditor (440)
[2017.05.15-04.02.56:321][568]LogModuleManager: Shutting down and abandoning module CharacterAI (438)
[2017.05.15-04.02.56:321][568]LogModuleManager: Shutting down and abandoning module AudioCapture (436)
[2017.05.15-04.02.56:321][568]LogModuleManager: Shutting down and abandoning module SequenceRecorder (435)
[2017.05.15-04.02.56:321][568]LogModuleManager: Shutting down and abandoning module SmartSnapping (432)
[2017.05.15-04.02.56:321][568]LogModuleManager: Shutting down and abandoning module SessionServices (430)
[2017.05.15-04.02.56:321][568]LogModuleManager: Shutting down and abandoning module ViewportSnapping (428)
[2017.05.15-04.02.56:321][568]LogModuleManager: Shutting down and abandoning module ViewportInteraction (426)
[2017.05.15-04.02.56:321][568]LogModuleManager: Shutting down and abandoning module LogVisualizer (424)
[2017.05.15-04.02.56:321][568]LogModuleManager: Shutting down and abandoning module IntroTutorials (422)
[2017.05.15-04.02.56:321][568]LogModuleManager: Shutting down and abandoning module GameProjectGeneration (421)
[2017.05.15-04.02.56:321][568]LogModuleManager: Shutting down and abandoning module EditorLiveStreaming (418)
[2017.05.15-04.02.56:321][568]LogModuleManager: Shutting down and abandoning module IOSPlatformEditor (416)
[2017.05.15-04.02.56:321][568]LogModuleManager: Shutting down and abandoning module HTML5PlatformEditor (414)
[2017.05.15-04.02.56:321][568]LogModuleManager: Shutting down and abandoning module AndroidPlatformEditor (412)
[2017.05.15-04.02.56:321][568]LogModuleManager: Shutting down and abandoning module AndroidDeviceDetection (411)
[2017.05.15-04.02.57:216][568]LogModuleManager: Shutting down and abandoning module IOSRuntimeSettings (408)
[2017.05.15-04.02.57:216][568]LogModuleManager: Shutting down and abandoning module AndroidRuntimeSettings (406)
[2017.05.15-04.02.57:216][568]LogModuleManager: Shutting down and abandoning module InputBindingEditor (404)
[2017.05.15-04.02.57:216][568]LogModuleManager: Shutting down and abandoning module NiagaraEditor (402)
[2017.05.15-04.02.57:216][568]LogModuleManager: Shutting down and abandoning module MergeActors (400)
[2017.05.15-04.02.57:216][568]LogModuleManager: Shutting down and abandoning module SizeMap (398)
[2017.05.15-04.02.57:216][568]LogModuleManager: Shutting down and abandoning module TreeMap (396)
[2017.05.15-04.02.57:216][568]LogModuleManager: Shutting down and abandoning module ReferenceViewer (394)
[2017.05.15-04.02.57:216][568]LogModuleManager: Shutting down and abandoning module LocalizationDashboard (392)
[2017.05.15-04.02.57:216][568]LogModuleManager: Shutting down and abandoning module LocalizationService (391)
[2017.05.15-04.02.57:216][568]LogModuleManager: Shutting down and abandoning module HardwareTargeting (388)
[2017.05.15-04.02.57:216][568]LogModuleManager: Shutting down and abandoning module DeviceProfileEditor (386)
[2017.05.15-04.02.57:216][568]LogModuleManager: Shutting down and abandoning module UndoHistory (384)
[2017.05.15-04.02.57:216][568]LogModuleManager: Shutting down and abandoning module UserFeedback (382)
[2017.05.15-04.02.57:216][568]LogModuleManager: Shutting down and abandoning module XmlParser (380)
[2017.05.15-04.02.57:216][568]LogModuleManager: Shutting down and abandoning module Blutility (378)
[2017.05.15-04.02.57:216][568]LogModuleManager: Shutting down and abandoning module ProjectSettingsViewer (376)
[2017.05.15-04.02.57:217][568]LogModuleManager: Shutting down and abandoning module ProjectTargetPlatformEditor (375)
[2017.05.15-04.02.57:217][568]LogModuleManager: Shutting down and abandoning module EditorSettingsViewer (372)
[2017.05.15-04.02.57:217][568]LogModuleManager: Shutting down and abandoning module SettingsEditor (370)
[2017.05.15-04.02.57:217][568]LogModuleManager: Shutting down and abandoning module ProjectLauncher (368)
[2017.05.15-04.02.57:217][568]LogModuleManager: Shutting down and abandoning module SessionFrontend (366)
[2017.05.15-04.02.57:217][568]LogModuleManager: Shutting down and abandoning module ProfilerClient (364)
[2017.05.15-04.02.57:217][568]LogModuleManager: Shutting down and abandoning module DeviceManager (362)
[2017.05.15-04.02.57:217][568]LogModuleManager: Shutting down and abandoning module TargetDeviceServices (361)
[2017.05.15-04.02.57:270][568]LogModuleManager: Shutting down and abandoning module AutomationController (358)
[2017.05.15-04.02.57:270][568]LogModuleManager: Shutting down and abandoning module AutomationWindow (356)
[2017.05.15-04.02.57:270][568]LogModuleManager: Shutting down and abandoning module Layers (354)
[2017.05.15-04.02.57:270][568]LogModuleManager: Shutting down and abandoning module ComponentVisualizers (352)
[2017.05.15-04.02.57:270][568]LogModuleManager: Shutting down and abandoning module DetailCustomizations (350)
[2017.05.15-04.02.57:270][568]LogModuleManager: Shutting down and abandoning module PackagesDialog (348)
[2017.05.15-04.02.57:270][568]LogModuleManager: Shutting down and abandoning module Persona (346)
[2017.05.15-04.02.57:270][568]LogModuleManager: Shutting down and abandoning module AnimGraph (345)
[2017.05.15-04.02.57:270][568]LogModuleManager: Shutting down and abandoning module Kismet (342)
[2017.05.15-04.02.57:279][568]LogModuleManager: Shutting down and abandoning module GraphEditor (340)
[2017.05.15-04.02.57:279][568]LogModuleManager: Shutting down and abandoning module ClassViewer (338)
[2017.05.15-04.02.57:279][568]LogModuleManager: Shutting down and abandoning module Toolbox (336)
[2017.05.15-04.02.57:279][568]LogModuleManager: Shutting down and abandoning module ModuleUI (334)
[2017.05.15-04.02.57:279][568]LogModuleManager: Shutting down and abandoning module MovieSceneTools (332)
[2017.05.15-04.02.57:279][568]LogModuleManager: Shutting down and abandoning module OutputLog (330)
[2017.05.15-04.02.57:279][568]LogModuleManager: Shutting down and abandoning module GammaUI (328)
[2017.05.15-04.02.57:279][568]LogModuleManager: Shutting down and abandoning module Documentation (326)
[2017.05.15-04.02.57:279][568]LogModuleManager: Shutting down and abandoning module Niagara (324)
[2017.05.15-04.02.57:279][568]LogModuleManager: Shutting down and abandoning module StreamingPauseRendering (322)
[2017.05.15-04.02.57:279][568]LogModuleManager: Shutting down and abandoning module AnalyticsET (320)
[2017.05.15-04.02.57:279][568]LogModuleManager: Shutting down and abandoning module PortalServices (318)
[2017.05.15-04.02.57:279][568]LogModuleManager: Shutting down and abandoning module PortalRpc (316)
[2017.05.15-04.02.57:280][568]LogModuleManager: Shutting down and abandoning module MessagingRpc (314)
[2017.05.15-04.02.57:280][568]LogModuleManager: Shutting down and abandoning module AIModule (312)
[2017.05.15-04.02.57:280][568]LogModuleManager: Shutting down and abandoning module GameplayDebugger (311)
[2017.05.15-04.02.57:280][568]LogModuleManager: Shutting down and abandoning module AITestSuite (309)
[2017.05.15-04.02.57:280][568]LogModuleManager: Shutting down and abandoning module ProfilerService (306)
[2017.05.15-04.02.57:386][568]LogModuleManager: Shutting down and abandoning module TaskGraph (304)
[2017.05.15-04.02.57:386][568]LogModuleManager: Shutting down and abandoning module SteamVRController (302)
[2017.05.15-04.02.57:386][568]LogModuleManager: Shutting down and abandoning module SteamVR (300)
[2017.05.15-04.02.57:386][568]LogModuleManager: Shutting down and abandoning module ProceduralMeshComponentEditor (298)
[2017.05.15-04.02.57:386][568]LogModuleManager: Shutting down and abandoning module ProceduralMeshComponent (296)
[2017.05.15-04.02.57:386][568]LogModuleManager: Shutting down and abandoning module OculusLibrary (294)
[2017.05.15-04.02.57:386][568]LogModuleManager: Shutting down and abandoning module OculusInput (292)
[2017.05.15-04.02.57:386][568]LogModuleManager: Shutting down and abandoning module MobilePatchingUtils (290)
[2017.05.15-04.02.57:386][568]LogModuleManager: Shutting down and abandoning module CustomMeshComponent (288)
[2017.05.15-04.02.57:386][568]LogModuleManager: Shutting down and abandoning module CableComponent (286)
[2017.05.15-04.02.57:386][568]LogModuleManager: Shutting down and abandoning module ArchVisCharacter (284)
[2017.05.15-04.02.57:386][568]LogModuleManager: Shutting down and abandoning module MediaPlayerEditor (280)
[2017.05.15-04.02.57:386][568]LogModuleManager: Shutting down and abandoning module HTML5Networking (278)
[2017.05.15-04.02.57:386][568]LogModuleManager: Shutting down and abandoning module AlembicImporter (276)
[2017.05.15-04.02.57:386][568]LogModuleManager: Shutting down and abandoning module AlembicLibrary (275)
[2017.05.15-04.02.57:386][568]LogModuleManager: Shutting down and abandoning module GeometryCache (274)
[2017.05.15-04.02.57:386][568]LogModuleManager: Shutting down and abandoning module GeometryCacheEd (273)
[2017.05.15-04.02.57:386][568]LogModuleManager: Shutting down and abandoning module SuperSearchEditor (268)
[2017.05.15-04.02.57:386][568]LogModuleManager: Shutting down and abandoning module SuperSearch (267)
[2017.05.15-04.02.57:386][568]LogModuleManager: Shutting down and abandoning module SpeedTreeImporter (264)
[2017.05.15-04.02.57:386][568]LogModuleManager: Shutting down and abandoning module PluginBrowser (262)
[2017.05.15-04.02.57:386][568]LogModuleManager: Shutting down and abandoning module MobileLauncherProfileWizard (260)
[2017.05.15-04.02.57:386][568]LogModuleManager: Shutting down and abandoning module EpicSurvey (258)
[2017.05.15-04.02.57:386][568]LogModuleManager: Shutting down and abandoning module VisualStudioSourceCodeAccess (256)
[2017.05.15-04.02.57:386][568]LogModuleManager: Shutting down and abandoning module DesktopPlatform (255)
[2017.05.15-04.02.57:386][568]LogModuleManager: Shutting down and abandoning module UObjectPlugin (252)
[2017.05.15-04.02.57:386][568]LogModuleManager: Shutting down and abandoning module SubversionSourceControl (250)
[2017.05.15-04.02.57:386][568]LogModuleManager: Shutting down and abandoning module PerforceSourceControl (248)
[2017.05.15-04.02.57:387][568]LogModuleManager: Shutting down and abandoning module GitSourceControl (246)
[2017.05.15-04.02.57:387][568]LogModuleManager: Shutting down and abandoning module SourceControl (245)
[2017.05.15-04.02.57:387][568]LogModuleManager: Shutting down and abandoning module LightPropagationVolumeEditor (242)
[2017.05.15-04.02.57:387][568]LogModuleManager: Shutting down and abandoning module PaperTiledImporter (240)
[2017.05.15-04.02.57:387][568]LogModuleManager: Shutting down and abandoning module PaperSpriteSheetImporter (238)
[2017.05.15-04.02.57:387][568]LogModuleManager: Shutting down and abandoning module Paper2DEditor (236)
[2017.05.15-04.02.57:387][568]LogModuleManager: Shutting down and abandoning module MeshPaint (235)
[2017.05.15-04.02.57:387][568]LogModuleManager: Shutting down and abandoning module LevelEditor (233)
[2017.05.15-04.02.57:387][568]LogModuleManager: Shutting down and abandoning module PixelInspectorModule (232)
[2017.05.15-04.02.57:387][568]LogModuleManager: Shutting down and abandoning module MainFrame (230)
[2017.05.15-04.02.57:387][568]LogModuleManager: Shutting down and abandoning module HotReload (229)
[2017.05.15-04.02.57:388][568]LogModuleManager: Shutting down and abandoning module ContentBrowser (225)
[2017.05.15-04.02.57:389][568]LogModuleManager: Shutting down and abandoning module PhysXVehiclesEditor (222)
[2017.05.15-04.02.57:389][568]LogModuleManager: Shutting down and abandoning module PhysXVehicles (220)
[2017.05.15-04.02.57:389][568]LogModuleManager: Shutting down and abandoning module LocationServicesBPLibrary (218)
[2017.05.15-04.02.57:389][568]LogModuleManager: Shutting down and abandoning module UdpMessaging (216)
[2017.05.15-04.02.57:489][568]LogModuleManager: Shutting down and abandoning module TcpMessaging (214)
[2017.05.15-04.02.57:590][568]LogModuleManager: Shutting down and abandoning module GameplayTagsEditor (212)
[2017.05.15-04.02.57:590][568]LogModuleManager: Shutting down and abandoning module FacialAnimationEditor (210)
[2017.05.15-04.02.57:590][568]LogModuleManager: Shutting down and abandoning module FacialAnimation (208)
[2017.05.15-04.02.57:590][568]LogModuleManager: Shutting down and abandoning module LightPropagationVolumeRuntime (206)
[2017.05.15-04.02.57:590][568]LogModuleManager: Shutting down and abandoning module Paper2D (204)
[2017.05.15-04.02.57:590][568]LogModuleManager: Shutting down and abandoning module WindowsMoviePlayer (202)
[2017.05.15-04.02.57:590][568]LogModuleManager: Shutting down and abandoning module WmfMedia (200)
[2017.05.15-04.02.57:590][568]LogModuleManager: Shutting down and abandoning module MfMedia (198)
[2017.05.15-04.02.57:590][568]LogModuleManager: Shutting down and abandoning module MediaAssets (196)
[2017.05.15-04.02.57:590][568]LogModuleManager: Shutting down and abandoning module GameLiveStreaming (194)
[2017.05.15-04.02.57:590][568]LogModuleManager: Shutting down and abandoning module VREditor (192)
[2017.05.15-04.02.57:590][568]LogModuleManager: Shutting down and abandoning module GameplayTasksEditor (190)
[2017.05.15-04.02.57:590][568]LogModuleManager: Shutting down and abandoning module BehaviorTreeEditor (188)
[2017.05.15-04.02.57:590][568]LogModuleManager: Shutting down and abandoning module FunctionalTesting (186)
[2017.05.15-04.02.57:590][568]LogModuleManager: Shutting down and abandoning module CollisionAnalyzer (184)
[2017.05.15-04.02.57:590][568]LogModuleManager: Shutting down and abandoning module UMG (182)
[2017.05.15-04.02.57:590][568]LogModuleManager: Shutting down and abandoning module UMGEditor (181)
[2017.05.15-04.02.57:590][568]LogModuleManager: Shutting down and abandoning module Sequencer (180)
[2017.05.15-04.02.57:590][568]LogModuleManager: Shutting down and abandoning module AssetTools (178)
[2017.05.15-04.02.57:590][568]LogModuleManager: Shutting down and abandoning module MessageLog (177)
[2017.05.15-04.02.57:590][568]LogModuleManager: Shutting down and abandoning module WorkspaceMenuStructure (176)
[2017.05.15-04.02.57:590][568]LogModuleManager: Shutting down and abandoning module SlateReflector (170)
[2017.05.15-04.02.57:590][568]LogModuleManager: Shutting down and abandoning module Slate (168)
[2017.05.15-04.02.57:590][568]LogModuleManager: Shutting down and abandoning module EditorStyle (166)
[2017.05.15-04.02.57:595][568]LogModuleManager: Shutting down and abandoning module SourceCodeAccess (164)
[2017.05.15-04.02.57:595][568]LogModuleManager: Shutting down and abandoning module HeadMountedDisplay (162)
[2017.05.15-04.02.57:595][568]LogModuleManager: Shutting down and abandoning module XAudio2 (160)
[2017.05.15-04.02.57:595][568]LogModuleManager: Shutting down and abandoning module Networking (158)
[2017.05.15-04.02.57:595][568]LogModuleManager: Shutting down and abandoning module Core (154)
[2017.05.15-04.02.57:595][568]LogModuleManager: Shutting down and abandoning module AssetRegistry (152)
[2017.05.15-04.02.57:697][568]LogDirectoryWatcher: A directory notification for '../../../Engine/Content/' was aborted.
[2017.05.15-04.02.57:698][568]LogDirectoryWatcher: A directory notification for '../../../../../../Users/Jeremy/Documents/GitHub/ProjectLonesomeRecovered/Project_lonesome 4.15/Content/' was aborted.
[2017.05.15-04.02.57:698][568]LogDirectoryWatcher: A directory notification for '../../../Engine/Plugins/2D/Paper2D/Content/' was aborted.
[2017.05.15-04.02.57:698][568]LogModuleManager: Shutting down and abandoning module DirectoryWatcher (151)
[2017.05.15-04.02.57:698][568]LogModuleManager: Shutting down and abandoning module KismetCompiler (148)
[2017.05.15-04.02.57:698][568]LogModuleManager: Shutting down and abandoning module PhysXFormats (146)
[2017.05.15-04.02.57:698][568]LogModuleManager: Shutting down and abandoning module MeshUtilities (144)
[2017.05.15-04.02.57:698][568]LogModuleManager: Shutting down and abandoning module SimplygonSwarm (143)
[2017.05.15-04.02.57:698][568]LogModuleManager: Shutting down and abandoning module SimplygonMeshReduction (141)
[2017.05.15-04.02.57:698][568]LogModuleManager: Shutting down and abandoning module QuadricMeshReduction (139)
[2017.05.15-04.02.57:699][568]LogModuleManager: Shutting down and abandoning module PropertyEditor (137)
[2017.05.15-04.02.57:699][568]LogModuleManager: Shutting down and abandoning module DerivedDataCache (134)
[2017.05.15-04.02.57:753][568]LogDerivedDataCache: Shutdown
[2017.05.15-04.02.57:753][568]LogModuleManager: Shutting down and abandoning module TargetPlatform (132)
[2017.05.15-04.02.57:753][568]LogModuleManager: Shutting down and abandoning module VulkanShaderFormat (131)
[2017.05.15-04.02.57:753][568]LogModuleManager: Shutting down and abandoning module ShaderFormatOpenGL (129)
[2017.05.15-04.02.57:753][568]LogModuleManager: Shutting down and abandoning module ShaderFormatD3D (127)
[2017.05.15-04.02.57:753][568]LogModuleManager: Shutting down and abandoning module MetalShaderFormat (125)
[2017.05.15-04.02.57:753][568]LogModuleManager: Shutting down and abandoning module TextureFormatUncompressed (123)
[2017.05.15-04.02.57:753][568]LogModuleManager: Shutting down and abandoning module TextureFormatPVR (121)
[2017.05.15-04.02.57:753][568]LogModuleManager: Shutting down and abandoning module TextureFormatDXT (119)
[2017.05.15-04.02.57:753][568]LogModuleManager: Shutting down and abandoning module TextureFormatIntelISPCTexComp (117)
[2017.05.15-04.02.57:753][568]LogModuleManager: Shutting down and abandoning module TextureFormatASTC (115)
[2017.05.15-04.02.57:753][568]LogModuleManager: Shutting down and abandoning module ImageWrapper (114)
[2017.05.15-04.02.57:753][568]LogModuleManager: Shutting down and abandoning module TextureFormatAndroid (111)
[2017.05.15-04.02.57:753][568]LogModuleManager: Shutting down and abandoning module AudioFormatOpus (109)
[2017.05.15-04.02.57:753][568]LogModuleManager: Shutting down and abandoning module AudioFormatOgg (107)
[2017.05.15-04.02.57:753][568]LogModuleManager: Shutting down and abandoning module AudioFormatADPCM (105)
[2017.05.15-04.02.57:753][568]LogModuleManager: Shutting down and abandoning module LinuxTargetPlatform (103)
[2017.05.15-04.02.57:753][568]LogModuleManager: Shutting down and abandoning module LinuxServerTargetPlatform (101)
[2017.05.15-04.02.57:753][568]LogModuleManager: Shutting down and abandoning module LinuxNoEditorTargetPlatform (99)
[2017.05.15-04.02.57:754][568]LogModuleManager: Shutting down and abandoning module LinuxClientTargetPlatform (97)
[2017.05.15-04.02.57:754][568]LogModuleManager: Shutting down and abandoning module TVOSTargetPlatform (95)
[2017.05.15-04.02.57:754][568]LogModuleManager: Shutting down and abandoning module Messaging (93)
[2017.05.15-04.02.57:754][568]LogModuleManager: Shutting down and abandoning module IOSTargetPlatform (91)
[2017.05.15-04.02.57:754][568]LogModuleManager: Shutting down and abandoning module HTML5TargetPlatform (89)
[2017.05.15-04.02.57:754][568]LogModuleManager: Shutting down and abandoning module Android_PVRTCTargetPlatform (87)
[2017.05.15-04.02.57:754][568]LogModuleManager: Shutting down and abandoning module Android_MultiTargetPlatform (85)
[2017.05.15-04.02.57:754][568]LogModuleManager: Shutting down and abandoning module Android_ETC2TargetPlatform (83)
[2017.05.15-04.02.57:754][568]LogModuleManager: Shutting down and abandoning module Android_ETC1TargetPlatform (81)
[2017.05.15-04.02.57:754][568]LogModuleManager: Shutting down and abandoning module Android_DXTTargetPlatform (79)
[2017.05.15-04.02.57:754][568]LogModuleManager: Shutting down and abandoning module Android_ATCTargetPlatform (77)
[2017.05.15-04.02.57:754][568]LogModuleManager: Shutting down and abandoning module Android_ASTCTargetPlatform (75)
[2017.05.15-04.02.57:754][568]LogModuleManager: Shutting down and abandoning module AndroidTargetPlatform (73)
[2017.05.15-04.02.57:754][568]LogModuleManager: Shutting down and abandoning module WindowsTargetPlatform (71)
[2017.05.15-04.02.57:754][568]LogModuleManager: Shutting down and abandoning module WindowsServerTargetPlatform (69)
[2017.05.15-04.02.57:754][568]LogModuleManager: Shutting down and abandoning module WindowsNoEditorTargetPlatform (67)
[2017.05.15-04.02.57:754][568]LogModuleManager: Shutting down and abandoning module WindowsClientTargetPlatform (65)
[2017.05.15-04.02.57:754][568]LogModuleManager: Shutting down and abandoning module MacTargetPlatform (63)
[2017.05.15-04.02.57:754][568]LogModuleManager: Shutting down and abandoning module MacServerTargetPlatform (61)
[2017.05.15-04.02.57:754][568]LogModuleManager: Shutting down and abandoning module MacNoEditorTargetPlatform (59)
[2017.05.15-04.02.57:754][568]LogModuleManager: Shutting down and abandoning module MacClientTargetPlatform (57)
[2017.05.15-04.02.57:754][568]LogModuleManager: Shutting down and abandoning module AllDesktopTargetPlatform (55)
[2017.05.15-04.02.57:754][568]LogModuleManager: Shutting down and abandoning module InputCore (52)
[2017.05.15-04.02.57:754][568]LogModuleManager: Shutting down and abandoning module Settings (50)
[2017.05.15-04.02.57:754][568]LogModuleManager: Shutting down and abandoning module OculusRift (48)
[2017.05.15-04.02.57:754][568]LogModuleManager: Shutting down and abandoning module GearVR (46)
[2017.05.15-04.02.57:754][568]LogModuleManager: Shutting down and abandoning module ExampleDeviceProfileSelector (44)
[2017.05.15-04.02.57:754][568]LogModuleManager: Shutting down and abandoning module OnlineBlueprintSupport (42)
[2017.05.15-04.02.57:754][568]LogModuleManager: Shutting down and abandoning module OnlineSubsystem (38)
[2017.05.15-04.02.57:754][568]LogOnline:Display: Unloading online subsystem: NULL
[2017.05.15-04.02.57:754][568]LogModuleManager: Shutting down and abandoning module XMPP (37)
[2017.05.15-04.02.57:754][568]LogModuleManager: Shutting down and abandoning module HTTP (35)
[2017.05.15-04.02.57:754][568]LogHttp:Display: Http module shutting down, but needs to wait on 1 outstanding Http requests:
[2017.05.15-04.02.57:754][568]LogHttp:Display: 	verb=[POST] url=[https://datarouter.ol.epicgames.com/datarouter/api/v1/public/data?SessionID=%7BA6745B8A-4154-4BFA-FDE8-B2A211597693%7D&AppID=UEEditor.Rocket.Release&AppVersion=4.15.1-3348071%2B%2B%2BUE4%2BRelease-4.15&UserID=c44897874c53e68159c833aad6b4a091%7Ca2f4d8b11bd94ef99664b9abb109ceb7%7C2b738531-6d61-486b-930d-189a825896e7&AppEnvironment=datacollector-binary&UploadType=eteventstream] status=Processing
[2017.05.15-04.02.57:767][568]LogModuleManager: Shutting down and abandoning module SSL (34)
[2017.05.15-04.02.57:768][568]LogModuleManager: Shutting down and abandoning module AudioEditor (30)
[2017.05.15-04.02.57:768][568]LogModuleManager: Shutting down and abandoning module TextureCompressor (28)
[2017.05.15-04.02.57:768][568]LogModuleManager: Shutting down and abandoning module ShaderCore (26)
[2017.05.15-04.02.57:768][568]LogModuleManager: Shutting down and abandoning module Landscape (24)
[2017.05.15-04.02.57:768][568]LogModuleManager: Shutting down and abandoning module SlateRHIRenderer (22)
[2017.05.15-04.02.57:770][568]LogModuleManager: Shutting down and abandoning module OpenGLDrv (20)
[2017.05.15-04.02.57:770][568]LogModuleManager: Shutting down and abandoning module D3D11RHI (18)
[2017.05.15-04.02.57:770][568]LogModuleManager: Shutting down and abandoning module AnimGraphRuntime (16)
[2017.05.15-04.02.57:770][568]LogModuleManager: Shutting down and abandoning module Renderer (14)
[2017.05.15-04.02.57:770][568]LogModuleManager: Shutting down and abandoning module Engine (12)
[2017.05.15-04.02.57:770][568]LogModuleManager: Shutting down and abandoning module CoreUObject (10)
[2017.05.15-04.02.57:770][568]LogModuleManager: Shutting down and abandoning module NetworkFile (8)
[2017.05.15-04.02.57:770][568]LogModuleManager: Shutting down and abandoning module StreamingFile (6)
[2017.05.15-04.02.57:770][568]LogModuleManager: Shutting down and abandoning module SandboxFile (4)
[2017.05.15-04.02.57:770][568]LogModuleManager: Shutting down and abandoning module PakFile (2)
[2017.05.15-04.02.57:772][568]LogExit: Exiting.
[2017.05.15-04.02.57:774][568]Log file closed, 05/14/17 21:02:57
