Log file open, 04/29/17 17:07:34
LogInit:Display: Running engine for game: Project_lonesome
LogPlatformFile: Not using cached read wrapper
LogInit:Display: RandInit(-1764754069) SRandInit(-1764754069).
LogTaskGraph: Started task graph with 5 named threads and 8 total threads with 1 sets of task threads.
LogStats: Stats thread started at 0.078571
LogInit: Using libcurl 7.47.1
LogInit:  - built for x86_64-pc-win32
LogInit:  - supports SSL with OpenSSL/1.0.2g
LogInit:  - supports HTTP deflate (compression) using libz 1.2.8
LogInit:  - other features:
LogInit:      CURL_VERSION_SSL
LogInit:      CURL_VERSION_LIBZ
LogInit:      CURL_VERSION_IPV6
LogInit:      CURL_VERSION_ASYNCHDNS
LogInit:      CURL_VERSION_LARGEFILE
LogInit:      CURL_VERSION_IDN
LogInit:  CurlRequestOptions (configurable via config and command line):
LogInit:  - bVerifyPeer = false  - Libcurl will NOT verify peer certificate
LogInit:  - bUseHttpProxy = false  - Libcurl will NOT use HTTP proxy
LogInit:  - bDontReuseConnections = false  - Libcurl will reuse connections
LogInit:  - CertBundlePath = nullptr  - Libcurl will use whatever was configured at build time.
LogInit: Build: ++UE4+Release-4.15-CL-3348071
LogInit: Engine Version: 4.15.1-3348071+++UE4+Release-4.15
LogInit: Compatible Engine Version: 4.15.0-3299760+++UE4+Release-4.15
LogInit: Net CL: 3299760
LogDevObjectVersion: Number of dev versions registered: 14
LogDevObjectVersion:   Dev-Blueprints (B0D832E4-1F89-4F0D-ACCF-7EB736FD4AA2): 8
LogDevObjectVersion:   Dev-Build (E1C64328-A22C-4D53-A36C-8E866417BD8C): 0
LogDevObjectVersion:   Dev-Core (375EC13C-06E4-48FB-B500-84F0262A717E): 2
LogDevObjectVersion:   Dev-Editor (E4B068ED-F494-42E9-A231-DA0B2E46BB41): 14
LogDevObjectVersion:   Dev-Framework (CFFC743F-43B0-4480-9391-14DF171D2073): 22
LogDevObjectVersion:   Dev-Mobile (B02B49B5-BB20-44E9-A304-32B752E40360): 0
LogDevObjectVersion:   Dev-Networking (A4E4105C-59A1-49B5-A7C5-40C4547EDFEE): 0
LogDevObjectVersion:   Dev-Online (39C831C9-5AE6-47DC-9A44-9C173E1C8E7C): 0
LogDevObjectVersion:   Dev-Physics (78F01B33-EBEA-4F98-B9B4-84EACCB95AA2): 0
LogDevObjectVersion:   Dev-Platform (6631380F-2D4D-43E0-8009-CF276956A95A): 0
LogDevObjectVersion:   Dev-Rendering (12F88B9F-8875-4AFC-A67C-D90C383ABD29): 12
LogDevObjectVersion:   Dev-Sequencer (7B5AE74C-D270-4C10-A958-57980B212A5A): 3
LogDevObjectVersion:   Dev-VR (D7296918-1DD6-4BDD-9DE2-64A83CC13884): 0
LogDevObjectVersion:   Dev-LoadTimes (C2A15278-BFE7-4AFE-6C17-90FF531DF755): 1
LogInit: Compiled (64-bit): Mar 15 2017 16:52:47
LogInit: Compiled with Visual C++: 19.00.23026.00
LogInit: Build Configuration: Development
LogInit: Branch Name: ++UE4+Release-4.15
LogInit: Command line: -EpicPortal 
LogInit: Base directory: H:/Program Files/Epic Games/UE_4.15/Engine/Binaries/Win64/
LogInit: Installed Engine Build: 1
LogInit: Presizing for max 8388607 objects, including 0 objects not considered by GC, pre-allocating 0 bytes for permanent pool.
LogInit: Object subsystem initialized
[2017.04.30-00.07.35:921][  0]LogInit: Selected Device Profile: [Windows]
[2017.04.30-00.07.35:921][  0]LogInit: Applying CVar settings loaded from the selected device profile: [Windows]
[2017.04.30-00.07.35:984][  0]LogInit: Computer: DESKTOP-969FG03
[2017.04.30-00.07.35:984][  0]LogInit: User: elmen
[2017.04.30-00.07.35:984][  0]LogInit: CPU Page size=65536, Cores=4
[2017.04.30-00.07.35:984][  0]LogInit: High frequency timer resolution =3.312794 MHz
[2017.04.30-00.07.35:984][  0]LogMemory: Memory total: Physical=16.0GB (16GB approx)
[2017.04.30-00.07.35:984][  0]LogMemory: Platform Memory Stats for Windows
[2017.04.30-00.07.35:985][  0]LogMemory: Process Physical Memory: 264.52 MB used, 264.52 MB peak
[2017.04.30-00.07.35:985][  0]LogMemory: Process Virtual Memory: 262.82 MB used, 262.82 MB peak
[2017.04.30-00.07.35:985][  0]LogMemory: Physical Memory: 9877.93 MB used,  6467.02 MB free, 16344.95 MB total
[2017.04.30-00.07.35:985][  0]LogMemory: Virtual Memory: 630.96 MB used,  6467.02 MB free, 134217728.00 MB total
[2017.04.30-00.07.36:160][  0]LogTextLocalizationManager: No specific translations for ('en-US') exist, so ('en') translations will be used.
[2017.04.30-00.07.37:757][  0]LogD3D11RHI: D3D11 adapters:
[2017.04.30-00.07.38:284][  0]LogD3D11RHI:    0. 'NVIDIA GeForce GTX 1050' (Feature Level 11_0)
[2017.04.30-00.07.38:284][  0]LogD3D11RHI:       2006/0/8172 MB DedicatedVideo/DedicatedSystem/SharedSystem, Outputs:1, VendorId:0x10de
[2017.04.30-00.07.38:286][  0]LogD3D11RHI:    1. 'Microsoft Basic Render Driver' (Feature Level 11_0)
[2017.04.30-00.07.38:286][  0]LogD3D11RHI:       0/0/8172 MB DedicatedVideo/DedicatedSystem/SharedSystem, Outputs:0, VendorId:0x1414
[2017.04.30-00.07.38:286][  0]LogD3D11RHI: Chosen D3D11 Adapter: 0
[2017.04.30-00.07.38:291][  0]LogD3D11RHI: Creating new Direct3DDevice
[2017.04.30-00.07.38:291][  0]LogD3D11RHI:     GPU DeviceId: 0x1c81 (for the marketing name, search the web for "GPU Device Id")
[2017.04.30-00.07.38:291][  0]LogWindows: EnumDisplayDevices:
[2017.04.30-00.07.38:291][  0]LogWindows:    0. 'NVIDIA GeForce GTX 1050' (P:1 D:1)
[2017.04.30-00.07.38:291][  0]LogWindows:    1. 'NVIDIA GeForce GTX 1050' (P:0 D:0)
[2017.04.30-00.07.38:292][  0]LogWindows:    2. 'NVIDIA GeForce GTX 1050' (P:0 D:0)
[2017.04.30-00.07.38:292][  0]LogWindows:    3. 'NVIDIA GeForce GTX 1050' (P:0 D:0)
[2017.04.30-00.07.38:292][  0]LogWindows: DebugString: FoundDriverCount:4 
[2017.04.30-00.07.38:292][  0]LogD3D11RHI:     Adapter Name: NVIDIA GeForce GTX 1050
[2017.04.30-00.07.38:292][  0]LogD3D11RHI:   Driver Version: 378.92 (internal:21.21.13.7892, unified:378.92)
[2017.04.30-00.07.38:292][  0]LogD3D11RHI:      Driver Date: 3-16-2017
[2017.04.30-00.07.38:292][  0]LogRHI: Texture pool is 1361 MB (70% of 1945 MB)
[2017.04.30-00.07.38:770][  0]LogD3D11RHI: Async texture creation enabled
[2017.04.30-00.07.38:832][  0]LogD3D11RHI: GPU Timing Frequency: 1000.000000 (Debug: 2 3)
[2017.04.30-00.07.38:883][  0]LogShaderCompilers: Guid format shader working directory is -36 characters bigger than the processId version (../../../../../../Documents/GitHub/ProjectLonesomeRecovered/Project_lonesome 4.15/Intermediate/Shaders/WorkingDirectory/10348/).
[2017.04.30-00.07.38:884][  0]LogShaderCompilers: Cleaned the shader compiler working directory 'C:/Users/elmen/AppData/Local/Temp/UnrealShaderWorkingDir/04B821DA4568CF7B67C3A4A0BEA0A760/'.
[2017.04.30-00.07.38:884][  0]LogShaderCompilers:Display: Using Local Shader Compiler.
[2017.04.30-00.07.41:100][  0]LogTemp:Display: Loaded TP AllDesktopTargetPlatform
[2017.04.30-00.07.41:171][  0]LogTemp:Display: Loaded TP MacClientTargetPlatform
[2017.04.30-00.07.41:239][  0]LogTemp:Display: Loaded TP MacNoEditorTargetPlatform
[2017.04.30-00.07.41:299][  0]LogTemp:Display: Loaded TP MacServerTargetPlatform
[2017.04.30-00.07.41:372][  0]LogTemp:Display: Loaded TP MacTargetPlatform
[2017.04.30-00.07.41:436][  0]LogTemp:Display: Loaded TP WindowsClientTargetPlatform
[2017.04.30-00.07.41:503][  0]LogTemp:Display: Loaded TP WindowsNoEditorTargetPlatform
[2017.04.30-00.07.41:573][  0]LogTemp:Display: Loaded TP WindowsServerTargetPlatform
[2017.04.30-00.07.41:635][  0]LogTemp:Display: Loaded TP WindowsTargetPlatform
[2017.04.30-00.07.41:711][  0]LogTemp:Display: Loaded TP AndroidTargetPlatform
[2017.04.30-00.07.41:775][  0]LogTemp:Display: Loaded TP Android_ASTCTargetPlatform
[2017.04.30-00.07.41:837][  0]LogTemp:Display: Loaded TP Android_ATCTargetPlatform
[2017.04.30-00.07.41:896][  0]LogTemp:Display: Loaded TP Android_DXTTargetPlatform
[2017.04.30-00.07.41:959][  0]LogTemp:Display: Loaded TP Android_ETC1TargetPlatform
[2017.04.30-00.07.42:017][  0]LogTemp:Display: Loaded TP Android_ETC2TargetPlatform
[2017.04.30-00.07.42:139][  0]LogTemp:Display: Loaded TP Android_MultiTargetPlatform
[2017.04.30-00.07.42:139][  0]LogTemp:Display: Loaded TP Android_PVRTCTargetPlatform
[2017.04.30-00.07.42:184][  0]LogTemp:Display: Loaded TP HTML5TargetPlatform
[2017.04.30-00.07.42:327][  0]LogTemp:Display: Loaded TP IOSTargetPlatform
[2017.04.30-00.07.42:367][  0]LogTemp:Display: Loaded TP TVOSTargetPlatform
[2017.04.30-00.07.42:429][  0]LogTemp:Display: Loaded TP LinuxClientTargetPlatform
[2017.04.30-00.07.42:487][  0]LogTemp:Display: Loaded TP LinuxNoEditorTargetPlatform
[2017.04.30-00.07.42:546][  0]LogTemp:Display: Loaded TP LinuxServerTargetPlatform
[2017.04.30-00.07.42:624][  0]LogTemp:Display: Loaded TP LinuxTargetPlatform
[2017.04.30-00.07.42:625][  0]LogTargetPlatformManager:Display: Building Assets For Windows
[2017.04.30-00.07.43:279][  0]LogDerivedDataCache:Display: Max Cache Size: 512 MB
[2017.04.30-00.07.43:809][  0]LogDerivedDataCache: Loaded boot cache 0.53s 50MB C:/Users/elmen/AppData/Local/UnrealEngine/4.15/DerivedDataCache/Boot.ddc.
[2017.04.30-00.07.43:809][  0]LogDerivedDataCache:Display: Loaded Boot cache: C:/Users/elmen/AppData/Local/UnrealEngine/4.15/DerivedDataCache/Boot.ddc
[2017.04.30-00.07.43:809][  0]LogDerivedDataCache: FDerivedDataBackendGraph:  Pak pak cache file ../../../../../../Documents/GitHub/ProjectLonesomeRecovered/Project_lonesome 4.15/DerivedDataCache/DDC.ddp not found, will not use a pak cache.
[2017.04.30-00.07.43:809][  0]LogDerivedDataCache: Unable to find inner node Pak for hierarchical cache Hierarchy.
[2017.04.30-00.07.43:809][  0]LogDerivedDataCache: FDerivedDataBackendGraph:  CompressedPak pak cache file ../../../../../../Documents/GitHub/ProjectLonesomeRecovered/Project_lonesome 4.15/DerivedDataCache/Compressed.ddp not found, will not use a pak cache.
[2017.04.30-00.07.43:809][  0]LogDerivedDataCache: Unable to find inner node CompressedPak for hierarchical cache Hierarchy.
[2017.04.30-00.07.43:830][  0]LogDerivedDataCache:Display: Pak cache opened for reading ../../../Engine/DerivedDataCache/Compressed.ddp.
[2017.04.30-00.07.43:842][  0]LogDerivedDataCache: Using Local data cache path C:/Users/elmen/AppData/Local/UnrealEngine/Common/DerivedDataCache: Writable
[2017.04.30-00.07.43:854][  0]LogSlate: Using Freetype 2.6.0
[2017.04.30-00.07.43:872][  0]LogSlate: SlateFontCache - WITH_FREETYPE: 1, WITH_HARFBUZZ: 1
[2017.04.30-00.07.43:872][  0]LogSlate: SlateFontCache - WITH_FREETYPE: 1, WITH_HARFBUZZ: 1
[2017.04.30-00.07.45:953][  0]LogInit: Selected Device Profile: [Windows]
[2017.04.30-00.07.45:956][  0]LogContentStreaming: Texture pool size is 0.00 MB
[2017.04.30-00.07.46:248][  0]LogMeshUtilities: Using QuadricMeshReduction for automatic static mesh reduction
[2017.04.30-00.07.46:300][  0]LogSimplygon: Simplygon DLL not present - disabling.
[2017.04.30-00.07.46:358][  0]LogMeshUtilities: Using SimplygonSwarm for distributed automatic mesh merging
[2017.04.30-00.07.46:358][  0]LogMeshUtilities: No automatic skeletal mesh reduction module available
[2017.04.30-00.07.46:358][  0]LogMeshUtilities: No automatic mesh merging module available
[2017.04.30-00.07.46:837][  0]LogExec:Warning: Cannot perform text import on property 'EnvironmentCubeMap' here: EnvironmentCubeMap=TextureCube'/Engine/EditorMaterials/AssetViewer/EpicQuadPanorama_CC+EV1.EpicQuadPanorama_CC+EV1',PostProcessingSettings=(bOverride_WhiteTemp=True,bOverride_WhiteTint=False,bOverride_ColorSaturation=True,bOverride_ColorContrast=True,bOverride_ColorGamma=True,bOverride_ColorGain=True,bOverride_ColorOffset=True,bOverride_FilmWhitePoint=False,bOverride_FilmSaturation=False,bOverride_FilmChannelMixerRed=False,bOverride_FilmChannelMixerGreen=False,bOverride_FilmChannelMixerBlue=False,bOverride_FilmContrast=False,bOverride_FilmDynamicRange=False,bOverride_FilmHealAmount=False,bOverride_FilmToeAmount=False,bOverride_FilmShadowTint=False,bOverride_FilmShadowTintBlend=False,bOverride_FilmShadowTintAmount=False,bOverride_FilmSlope=True,bOverride_FilmToe=True,bOverride_FilmShoulder=True,bOverride_FilmBlackClip=True,bOverride_FilmWhiteClip=True,bOverride_SceneColorTint=False,bOverride_SceneFringeIntensity=False,bOverride_AmbientCubemapTint=False,bOverride_AmbientCubemapIntensity=False,bOverride_BloomIntensity=True,bOverride_BloomThreshold=False,bOverride_Bloom1Tint=False,bOverride_Bloom1Size=False,bOverride_Bloom2Size=False,bOverride_Bloom2Tint=False,bOverride_Bloom3Tint=False,bOverride_Bloom3Size=False,bOverride_Bloom4Tint=False,bOverride_Bloom4Size=False,bOverride_Bloom5Tint=False,bOverride_Bloom5Size=False,bOverride_Bloom6Tint=False,bOverride_Bloom6Size=False,bOverride_BloomSizeScale=False,bOverride_BloomDirtMaskIntensity=False,bOverride_BloomDirtMaskTint=False,bOverride_BloomDirtMask=False,bOverride_AutoExposureMethod=True,bOverride_AutoExposureLowPercent=False,bOverride_AutoExposureHighPercent=False,bOverride_AutoExposureMinBrightness=True,bOverride_AutoExposureMaxBrightness=True,bOverride_AutoExposureSpeedUp=False,bOverride_AutoExposureSpeedDown=False,bOverride_AutoExposureBias=True,bOverride_HistogramLogMin=True,bOverride_HistogramLogMax=True,bOverride_LensFlareIntensity=False,bOverride_LensFlareTint=False,bOverride_LensFlareTints=False,bOverride_LensFlareBokehSize=False,bOverride_LensFlareBokehShape=False,bOverride_LensFlareThreshold=False,bOverride_VignetteIntensity=True,bOverride_GrainIntensity=False,bOverride_GrainJitter=False,bOverride_AmbientOcclusionIntensity=True,bOverride_AmbientOcclusionStaticFraction=True,bOverride_AmbientOcclusionRadius=True,bOverride_AmbientOcclusionFadeDistance=False,bOverride_AmbientOcclusionFadeRadius=False,bOverride_AmbientOcclusionDistance=False,bOverride_AmbientOcclusionRadiusInWS=False,bOverride_AmbientOcclusionPower=True,bOverride_AmbientOcclusionBias=True,bOverride_AmbientOcclusionQuality=True,bOverride_AmbientOcclusionMipBlend=True,bOverride_AmbientOcclusionMipScale=True,bOverride_AmbientOcclusionMipThreshold=True,bOverride_LPVIntensity=False,bOverride_LPVDirectionalOcclusionIntensity=False,bOverride_LPVDirectionalOcclusionRadius=False,bOverride_LPVDiffuseOcclusionExponent=False,bOverride_LPVSpecularOcclusionExponent=False,bOverride_LPVDiffuseOcclusionIntensity=False,bOverride_LPVSpecularOcclusionIntensity=False,bOverride_LPVSize=False,bOverride_LPVSecondaryOcclusionIntensity=False,bOverride_LPVSecondaryBounceIntensity=False,bOverride_LPVGeometryVolumeBias=False,bOverride_LPVVplInjectionBias=False,bOverride_LPVEmissiveInjectionIntensity=False,bOverride_IndirectLightingColor=False,bOverride_IndirectLightingIntensity=False,bOverride_ColorGradingIntensity=True,bOverride_ColorGradingLUT=True,bOverride_DepthOfFieldFocalDistance=False,bOverride_DepthOfFieldFstop=False,bOverride_DepthOfFieldSensorWidth=False,bOverride_DepthOfFieldDepthBlurRadius=False,bOverride_DepthOfFieldDepthBlurAmount=False,bOverride_DepthOfFieldFocalRegion=False,bOverride_DepthOfFieldNearTransitionRegion=False,bOverride_DepthOfFieldFarTransitionRegion=False,bOverride_DepthOfFieldScale=True,bOverride_DepthOfFieldMaxBokehSize=False,bOverride_DepthOfFieldNearBlurSize=False,bOverride_DepthOfFieldFarBlurSize=False,bOverride_DepthOfFieldMethod=True,bOverride_MobileHQGaussian=False,bOverride_DepthOfFieldBokehShape=False,bOverride_DepthOfFieldOcclusion=False,bOverride_DepthOfFieldColorThreshold=False,bOverride_DepthOfFieldSizeThreshold=False,bOverride_DepthOfFieldSkyFocusDistance=False,bOverride_DepthOfFieldVignetteSize=False,bOverride_MotionBlurAmount=False,bOverride_MotionBlurMax=False,bOverride_MotionBlurPerObjectSize=False,bOverride_ScreenPercentage=False,bOverride_AntiAliasingMethod=False,bOverride_ScreenSpaceReflectionIntensity=True,bOverride_ScreenSpaceReflectionQuality=True,bOverride_ScreenSpaceReflectionMaxRoughness=True,bOverride_ScreenSpaceReflectionRoughnessScale=False,WhiteTemp=6700.000000,WhiteTint=0.000000,ColorSaturation=(X=1.000000,Y=1.000000,Z=1.000000),ColorContrast=(X=1.000000,Y=1.000000,Z=1.000000),ColorGamma=(X=1.000000,Y=1.000000,Z=1.000000),ColorGain=(X=1.000000,Y=1.000000,Z=1.000000),ColorOffset=(X=0.005000,Y=0.005000,Z=0.005000),FilmWhitePoint=(R=1.000000,G=1.000000,B=1.000000,A=1.000000),FilmShadowTint=(R=1.000000,G=1.000000,B=1.000000,A=1.000000),FilmShadowTintBlend=0.500000,FilmShadowTintAmount=0.000000,FilmSaturation=1.000000,FilmChannelMixerRed=(R=1.000000,G=0.000000,B=0.000000,A=1.000000),FilmChannelMixerGreen=(R=0.000000,G=1.000000,B=0.000000,A=1.000000),FilmChannelMixerBlue=(R=0.000000,G=0.000000,B=1.000000,A=1.000000),FilmContrast=0.030000,FilmToeAmount=1.000000,FilmHealAmount=0.180000,FilmDynamicRange=4.000000,FilmSlope=0.880000,FilmToe=0.550000,FilmShoulder=0.260000,FilmBlackClip=0.000000,FilmWhiteClip=0.040000,SceneColorTint=(R=1.000000,G=1.000000,B=1.000000,A=1.000000),SceneFringeIntensity=0.000000,BloomIntensity=1.000000,BloomThreshold=1.000000,BloomSizeScale=4.000000,Bloom1Size=1.000000,Bloom2Size=4.000000,Bloom3Size=16.000000,Bloom4Size=32.000000,Bloom5Size=64.000000,Bloom6Size=64.000000,Bloom1Tint=(R=0.500000,G=0.500000,B=0.500000,A=1.000000),Bloom2Tint=(R=0.500000,G=0.500000,B=0.500000,A=1.000000),Bloom3Tint=(R=0.500000,G=0.500000,B=0.500000,A=1.000000),Bloom4Tint=(R=0.500000,G=0.500000,B=0.500000,A=1.000000),Bloom5Tint=(R=0.500000,G=0.500000,B=0.500000,A=1.000000),Bloom6Tint=(R=0.500000,G=0.500000,B=0.500000,A=1.000000),BloomDirtMaskIntensity=1.000000,BloomDirtMaskTint=(R=0.500000,G=0.500000,B=0.500000,A=1.000000),BloomDirtMask=None,LPVIntensity=1.000000,LPVVplInjectionBias=0.640000,LPVSize=5312.000000,LPVSecondaryOcclusionIntensity=0.000000,LPVSecondaryBounceIntensity=0.000000,LPVGeometryVolumeBias=0.384000,LPVEmissiveInjectionIntensity=1.000000,LPVDirectionalOcclusionIntensity=0.000000,LPVDirectionalOcclusionRadius=8.000000,LPVDiffuseOcclusionExponent=1.000000,LPVSpecularOcclusionExponent=7.000000,LPVDiffuseOcclusionIntensity=1.000000,LPVSpecularOcclusionIntensity=1.000000,AmbientCubemapTint=(R=1.000000,G=1.000000,B=1.000000,A=1.000000),AmbientCubemapIntensity=1.000000,AmbientCubemap=None,AutoExposureMethod=AEM_Histogram,AutoExposureLowPercent=80.000000,AutoExposureHighPercent=98.300003,AutoExposureMinBrightness=1.000000,AutoExposureMaxBrightness=1.000000,AutoExposureSpeedUp=3.000000,AutoExposureSpeedDown=1.000000,AutoExposureBias=0.330000,HistogramLogMin=-8.000000,HistogramLogMax=4.000000,LensFlareIntensity=1.000000,LensFlareTint=(R=1.000000,G=1.000000,B=1.000000,A=1.000000),LensFlareBokehSize=3.000000,LensFlareThreshold=8.000000,LensFlareBokehShape=None,LensFlareTints[0]=(R=1.000000,G=0.800000,B=0.400000,A=0.600000),LensFlareTints[1]=(R=1.000000,G=1.000000,B=0.600000,A=0.530000),LensFlareTints[2]=(R=0.800000,G=0.800000,B=1.000000,A=0.460000),LensFlareTints[3]=(R=0.500000,G=1.000000,B=0.400000,A=0.390000),LensFlareTints[4]=(R=0.500000,G=0.800000,B=1.000000,A=0.310000),LensFlareTints[5]=(R=0.900000,G=1.000000,B=0.800000,A=0.270000),LensFlareTints[6]=(R=1.000000,G=0.800000,B=0.400000,A=0.220000),LensFlareTints[7]=(R=0.900000,G=0.700000,B=0.700000,A=0.150000),VignetteIntensity=0.161468,GrainJitter=0.000000,GrainIntensity=0.000000,AmbientOcclusionIntensity=1.000000,AmbientOcclusionStaticFraction=1.000000,AmbientOcclusionRadius=73.477997,AmbientOcclusionRadiusInWS=False,AmbientOcclusionFadeDistance=8000.000000,AmbientOcclusionFadeRadius=5000.000000,AmbientOcclusionDistance=80.000000,AmbientOcclusionPower=1.200000,AmbientOcclusionBias=3.000000,AmbientOcclusionQuality=100.000000,AmbientOcclusionMipBlend=0.600000,AmbientOcclusionMipScale=1.700000,AmbientOcclusionMipThreshold=0.010000,IndirectLightingColor=(R=1.000000,G=1.000000,B=1.000000,A=1.000000),IndirectLightingIntensity=1.000000,ColorGradingIntensity=0.000000,ColorGradingLUT=Texture2D'/Engine/EditorResources/RGBTable16x1_AssetViewer.RGBTable16x1_AssetViewer',DepthOfFieldMethod=DOFM_BokehDOF,bMobileHQGaussian=False,DepthOfFieldFstop=4.000000,DepthOfFieldSensorWidth=24.576000,DepthOfFieldFocalDistance=1000.000000,DepthOfFieldDepthBlurAmount=1.000000,DepthOfFieldDepthBlurRadius=0.000000,DepthOfFieldFocalRegion=0.000000,DepthOfFieldNearTransitionRegion=300.000000,DepthOfFieldFarTransitionRegion=500.000000,DepthOfFieldScale=0.000000,DepthOfFieldMaxBokehSize=15.000000,DepthOfFieldNearBlurSize=15.000000,DepthOfFieldFarBlurSize=15.000000,DepthOfFieldBokehShape=None,DepthOfFieldOcclusion=0.400000,DepthOfFieldColorThreshold=1.000000,DepthOfFieldSizeThreshold=0.080000,DepthOfFieldSkyFocusDistance=0.000000,DepthOfFieldVignetteSize=200.000000,MotionBlurAmount=0.500000,MotionBlurMax=5.000000,MotionBlurPerObjectSize=0.500000,ScreenPercentage=100.000000,AntiAliasingMethod=AAM_TemporalAA,ScreenSpaceReflectionIntensity=100.000000,ScreenSpaceReflectionQuality=100.000000,ScreenSpaceReflectionMaxRoughness=1.000000,WeightedBlendables=(Array=),Blendables=),bPostProcessingEnabled=True,LightingRigRotation=109.389069,RotationSpeed=2.000000,DirectionalLightRotation=(Pitch=-39.999985,Yaw=-67.500015,Roll=0.000000))
[2017.04.30-00.07.47:573][  0]LogNetVersion: GetLocalNetworkVersion: CL: 3299760, ProjectName: project_lonesome, ProjectVersion: , EngineNetworkVersion: 2, GameNetworkVersion: 0, NetworkChecksum: 3824462427
[2017.04.30-00.07.47:618][  0]LogAssetRegistry: FAssetRegistry took 0.0215 seconds to start up
[2017.04.30-00.07.47:728][  0]LogPackageLocalizationCache: Processed 3 localized package path(s) for 2 prioritized culture(s) in 0.085271 seconds
[2017.04.30-00.07.47:733][  0]LogUObjectArray: 32494 objects as part of root set at end of initial load.
[2017.04.30-00.07.47:733][  0]LogUObjectAllocator: 7077256 out of 0 bytes used by permanent object pool.
[2017.04.30-00.07.47:733][  0]LogUObjectArray: CloseDisregardForGC: 0/0 objects in disregard for GC pool
[2017.04.30-00.07.47:794][  0]LogInit: WinSock: version 1.1 (2.2), MaxSocks=32767, MaxUdp=65467
[2017.04.30-00.07.59:566][  0]LogTcpMessaging: Initializing TcpMessaging bridge
[2017.04.30-00.07.59:609][  0]LogUdpMessaging: Initializing bridge on interface 0.0.0.0:0 to multicast group 230.0.0.1:6666.
[2017.04.30-00.08.00:516][  0]LogMaterial: Uniform references updated for custom material expression Custom.
[2017.04.30-00.08.01:026][  0]SourceControl: Info Source control is disabled
[2017.04.30-00.08.01:173][  0]SourceControl: Info Source control is disabled
[2017.04.30-00.08.01:229][  0]SourceControl: Info Source control is disabled
[2017.04.30-00.08.01:283][  0]SourceControl: Info Source control is disabled
[2017.04.30-00.08.02:919][  0]LogEngine: Initializing Engine...
[2017.04.30-00.08.02:920][  0]LogHMD: Failed to initialize OpenVR with code 110
[2017.04.30-00.08.03:417][  0]LogAIModule: Creating AISystem for world Untitled
[2017.04.30-00.08.03:433][  0]LogInit: XAudio2 using 'Speakers / Headphones (Realtek High Definition Audio)' : 2 channels at 48 kHz using 32 bits per sample (channel mask 0x3)
[2017.04.30-00.08.03:453][  0]LogInit: FAudioDevice initialized.
[2017.04.30-00.08.03:479][  0]LogDerivedDataCache: Saved boot cache 0.03s 50MB C:/Users/elmen/AppData/Local/UnrealEngine/4.15/DerivedDataCache/Boot.ddc.
[2017.04.30-00.08.03:482][  0]LogInit: Texture streaming: Enabled
[2017.04.30-00.08.03:576][  0]LogEngineSessionManager: EngineSessionManager initialized
[2017.04.30-00.08.03:698][  0]LogInit: Transaction tracking system initialized
[2017.04.30-00.08.04:073][  0]BlueprintLog: New page: Editor Load
[2017.04.30-00.08.05:062][  0]LocalizationService: Info Localization service is disabled
[2017.04.30-00.08.05:859][  0]LogConsoleResponse:Display: 
[2017.04.30-00.08.06:227][  0]LogCook:Display: Max memory allowance for cook 16384mb min free memory 0mb
[2017.04.30-00.08.06:228][  0]LogCook:Display: Mobile HDR setting 1
[2017.04.30-00.08.07:329][  0]LogFileCache: Scanning file cache for directory 'H:/Documents/GitHub/ProjectLonesomeRecovered/Project_lonesome 4.15/Content/' took 0.02s
[2017.04.30-00.08.07:386][  0]SourceControl: Info Source control is disabled
[2017.04.30-00.08.07:387][  0]Cmd: MAP LOAD FILE="../../../../../../Documents/GitHub/ProjectLonesomeRecovered/Project_lonesome 4.15/Content/FirstPersonBP/Maps/FirstPersonExampleMap.umap" TEMPLATE=0 SHOWPROGRESS=1 FEATURELEVEL=3
[2017.04.30-00.08.07:421][  0]LightingResults: New page: Lighting Build
[2017.04.30-00.08.07:470][  0]MapCheck: New page: Map Check
[2017.04.30-00.08.07:470][  0]LightingResults: New page: Lighting Build
[2017.04.30-00.08.12:262][  0]LogAIModule: Creating AISystem for world FirstPersonExampleMap
[2017.04.30-00.08.12:443][  0]LogEditorServer: Finished looking for orphan Actors (0.000 secs)
[2017.04.30-00.08.12:482][  0]Cmd: MAP CHECKDEP NOCLEARLOG
[2017.04.30-00.08.12:559][  0]MapCheck: Info Map check complete: 0 Error(s), 0 Warning(s), took 76.624ms to complete.
[2017.04.30-00.08.12:559][  0]LogFileHelpers: Loading map 'FirstPersonExampleMap' took 5.172
[2017.04.30-00.08.13:354][  0]LogCollectionManager: Loaded 1 collections in 0.013544 seconds
[2017.04.30-00.08.13:506][  0]LogFileCache: Scanning file cache for directory 'H:/Documents/GitHub/ProjectLonesomeRecovered/Project_lonesome 4.15/Saved/Collections/' took 0.01s
[2017.04.30-00.08.13:506][  0]LogFileCache: Scanning file cache for directory 'H:/Documents/GitHub/ProjectLonesomeRecovered/Project_lonesome 4.15/Content/Developers/elmen/Collections/' took 0.01s
[2017.04.30-00.08.13:506][  0]LogFileCache: Scanning file cache for directory 'H:/Documents/GitHub/ProjectLonesomeRecovered/Project_lonesome 4.15/Content/Collections/' took 0.01s
[2017.04.30-00.08.13:506][  0]LogCollectionManager: Rebuilt the GUID cache for 1 collections in 0.000010 seconds
[2017.04.30-00.08.13:506][  0]LogCollectionManager: Rebuilt the hierarchy cache for 1 collections in 0.000001 seconds
[2017.04.30-00.08.13:518][  0]LogContentBrowser: Native class hierarchy populated in 0.0105 seconds. Added 2245 classes and 453 folders.
[2017.04.30-00.08.13:539][  0]LogStats: UGameplayTagsManager::ConstructGameplayTagTree: Construct from data asset -  0.000 s
[2017.04.30-00.08.13:539][  0]LogStats: UGameplayTagsManager::ConstructGameplayTagTree: GameplayTagTreeChangedEvent.Broadcast -  0.000 s
[2017.04.30-00.08.13:605][  0]LogContentBrowser: Native class hierarchy updated for 'WidgetCarousel' in 0.0005 seconds. Added 0 classes and 0 folders.
[2017.04.30-00.08.14:659][  0]LogContentBrowser: Native class hierarchy updated for 'AddContentDialog' in 0.0008 seconds. Added 0 classes and 0 folders.
[2017.04.30-00.08.14:834][  0]LogContentBrowser: Native class hierarchy updated for 'SceneOutliner' in 0.0006 seconds. Added 1 classes and 2 folders.
[2017.04.30-00.08.15:154][  0]LogCrashTracker: Crashtracker disabled due to settings.
[2017.04.30-00.08.15:206][  0]LogUObjectGlobals:Warning: Failed to find object 'Class None.'
[2017.04.30-00.08.15:284][  0]LogContentBrowser: Native class hierarchy updated for 'HierarchicalLODOutliner' in 0.0006 seconds. Added 1 classes and 2 folders.
[2017.04.30-00.08.15:285][  0]LogLoad: (Engine Initialization) Total time: 43.73 seconds
[2017.04.30-00.08.15:285][  0]LogLoad: (Engine Initialization) Total Blueprint compile time: 1.00 seconds
[2017.04.30-00.08.15:285][  0]LogExternalProfiler: Found external profiler: VSPerf
[2017.04.30-00.08.15:285][  0]LogExternalProfiler: Using external profiler: VSPerf
[2017.04.30-00.08.15:625][  0]LogOcInput: OculusInput pre-init called
[2017.04.30-00.08.15:714][  0]LogContentStreaming: Texture pool size now 1000 MB
[2017.04.30-00.08.15:716][  0]LogSlate: Took 0.000311 seconds to synchronously load lazily loaded font '../../../Engine/Content/Slate/Fonts/Roboto-Regular.ttf' (155K)
[2017.04.30-00.08.15:719][  0]LogSlate: Took 0.000277 seconds to synchronously load lazily loaded font '../../../Engine/Content/Slate/Fonts/Roboto-Bold.ttf' (160K)
[2017.04.30-00.08.15:779][  0]LogSlate: Took 0.011072 seconds to synchronously load lazily loaded font '../../../Engine/Content/Editor/Slate/Fonts/FontAwesome.ttf' (139K)
[2017.04.30-00.08.16:472][  0]LogRenderer: Reallocating scene render targets to support 1208x576 NumSamples 1 (Frame:2).
[2017.04.30-00.08.17:170][  2]LogSlate: Took 0.016156 seconds to synchronously load lazily loaded font '../../../Engine/Content/Slate/Fonts/Roboto-Light.ttf' (159K)
[2017.04.30-00.08.17:445][  3]LogAssetRegistry: Asset discovery search completed in 29.8487 seconds
[2017.04.30-00.08.17:445][  3]LogCollectionManager: Rebuilt the object cache for 1 collections in 0.000015 seconds (found 0 objects)
[2017.04.30-00.08.17:445][  3]LogCollectionManager: Fixed up redirectors for 1 collections in 0.000039 seconds (updated 0 objects)
[2017.04.30-00.09.06:766][847]LogEditorViewport: Clicking on Actor (context menu): StaticMeshActor (Cube2)
[2017.04.30-00.09.08:414][884]LogEditorViewport: Clicking Background
[2017.04.30-00.09.18:016][672]LogTexture:Display: Building textures: young_lightskinned_female_diffuse (AutoDXT, 2048X2048) - 82 MB total VRAM
[2017.04.30-00.09.19:384][672]LogMaterial: Missing cached shader map for material Young_caucasian_female, compiling. 
[2017.04.30-00.09.19:412][672]LogTemp:Display: Added material ShaderMap 0x0000018486022080 with Material 0x00000184AA526B00 to ShaderMapsBeingCompiled
[2017.04.30-00.09.19:469][672]LogTemp:Display: Kicking off shader compilation for Young_caucasian_female, GameThreadShaderMap 0x0000018486022080
[2017.04.30-00.09.19:499][672]LogTexture:Display: Building textures: Black_trans (AutoDXT, 1024X1024) - 82 MB total VRAM
[2017.04.30-00.09.20:221][672]LogMaterial: Missing cached shader map for material Stocking_01, compiling. 
[2017.04.30-00.09.20:222][672]LogTemp:Display: Added material ShaderMap 0x00000184AB3A2E80 with Material 0x00000184F678C880 to ShaderMapsBeingCompiled
[2017.04.30-00.09.20:275][672]LogTemp:Display: Kicking off shader compilation for Stocking_01, GameThreadShaderMap 0x00000184AB3A2E80
[2017.04.30-00.09.20:513][672]LogTexture:Display: Building textures: long_alpha8 (AutoDXT, 2048X2048) - 82 MB total VRAM
[2017.04.30-00.09.23:018][672]LogMaterial: Missing cached shader map for material Long_alpha7, compiling. 
[2017.04.30-00.09.23:019][672]LogTemp:Display: Added material ShaderMap 0x00000184AD086080 with Material 0x00000184F678E080 to ShaderMapsBeingCompiled
[2017.04.30-00.09.23:073][672]LogTemp:Display: Kicking off shader compilation for Long_alpha7, GameThreadShaderMap 0x00000184AD086080
[2017.04.30-00.09.24:014][672]LogTexture:Display: Building textures: F_Dress_01_NRM (BC5, 4096X4096) - 82 MB total VRAM
[2017.04.30-00.09.26:360][672]LogAnimationCompression: Building Anim DDC data for AnimSequence /Game/Characters/Crying_woman/Animations/crying_woman_crying.crying_woman_crying
[2017.04.30-00.09.26:443][672]LogMaterial: Missing cached shader map for material F_dress_01, compiling. 
[2017.04.30-00.09.26:445][672]LogTemp:Display: Added material ShaderMap 0x00000184AE32FC80 with Material 0x00000184F678FE80 to ShaderMapsBeingCompiled
[2017.04.30-00.09.26:494][672]LogTemp:Display: Kicking off shader compilation for F_dress_01, GameThreadShaderMap 0x00000184AE32FC80
[2017.04.30-00.09.26:498][672]LogTexture:Display: Building textures: eyebrow002 (AutoDXT, 512X512) - 82 MB total VRAM
[2017.04.30-00.09.26:639][672]LogMaterial: Missing cached shader map for material Eyebrow001, compiling. 
[2017.04.30-00.09.26:640][672]LogTemp:Display: Added material ShaderMap 0x00000184B030A780 with Material 0x0000018499D58E80 to ShaderMapsBeingCompiled
[2017.04.30-00.09.26:692][672]LogTemp:Display: Kicking off shader compilation for Eyebrow001, GameThreadShaderMap 0x00000184B030A780
[2017.04.30-00.09.26:747][672]LogTexture:Display: Building textures: brown_eye (AutoDXT, 1024X1024) - 82 MB total VRAM
[2017.04.30-00.09.27:292][672]LogMaterial: Missing cached shader map for material Eye_brown, compiling. 
[2017.04.30-00.09.27:293][672]LogTemp:Display: Added material ShaderMap 0x00000184AFA9C480 with Material 0x0000018499D5AC80 to ShaderMapsBeingCompiled
[2017.04.30-00.09.27:345][672]LogTemp:Display: Kicking off shader compilation for Eye_brown, GameThreadShaderMap 0x00000184AFA9C480
[2017.04.30-00.09.27:358][672]LogTexture:Display: Building textures: eyelashes01 (AutoDXT, 512X512) - 82 MB total VRAM
[2017.04.30-00.09.27:531][672]LogMaterial: Missing cached shader map for material Bodymaterial, compiling. 
[2017.04.30-00.09.27:532][672]LogTemp:Display: Added material ShaderMap 0x00000184B4E13580 with Material 0x000001849A468B80 to ShaderMapsBeingCompiled
[2017.04.30-00.09.27:581][672]LogTemp:Display: Kicking off shader compilation for Bodymaterial, GameThreadShaderMap 0x00000184B4E13580
[2017.04.30-00.09.27:670][672]LogSlate: Took 0.000465 seconds to synchronously load lazily loaded font '../../../Engine/Content/Slate/Fonts/Roboto-Light.ttf' (159K)
[2017.04.30-00.09.28:545][672]LogSlate: Took 0.000362 seconds to synchronously load lazily loaded font '../../../Engine/Content/Slate/Fonts/Roboto-Regular.ttf' (155K)
[2017.04.30-00.09.29:194][672]LogContentBrowser: Native class hierarchy updated for 'BlueprintGraph' in 0.0017 seconds. Added 112 classes and 0 folders.
[2017.04.30-00.09.31:169][672]LogTemp:Display: Finished compile of shader map 0x0000018486022080
[2017.04.30-00.09.31:169][672]LogTemp:Display: Shader map Young_caucasian_female complete, GameThreadShaderMap 0x0000018486022080, marking material Young_caucasian_female as finished
[2017.04.30-00.09.31:169][672]LogTemp:Display: Marking material as finished 0x00000184AA526B00
[2017.04.30-00.09.31:178][672]LogTemp:Display: Finished compile of shader map 0x00000184AB3A2E80
[2017.04.30-00.09.31:178][672]LogTemp:Display: Shader map Stocking_01 complete, GameThreadShaderMap 0x00000184AB3A2E80, marking material Stocking_01 as finished
[2017.04.30-00.09.31:178][672]LogTemp:Display: Marking material as finished 0x00000184F678C880
[2017.04.30-00.09.33:810][679]LogTemp:Display: Finished compile of shader map 0x00000184AD086080
[2017.04.30-00.09.33:810][679]LogTemp:Display: Shader map Long_alpha7 complete, GameThreadShaderMap 0x00000184AD086080, marking material Long_alpha7 as finished
[2017.04.30-00.09.33:810][679]LogTemp:Display: Marking material as finished 0x00000184F678E080
[2017.04.30-00.09.37:919][827]LogTemp:Display: Finished compile of shader map 0x00000184AE32FC80
[2017.04.30-00.09.37:919][827]LogTemp:Display: Shader map F_dress_01 complete, GameThreadShaderMap 0x00000184AE32FC80, marking material F_dress_01 as finished
[2017.04.30-00.09.37:919][827]LogTemp:Display: Marking material as finished 0x00000184F678FE80
[2017.04.30-00.09.41:244][957]LogTemp:Display: Finished compile of shader map 0x00000184B030A780
[2017.04.30-00.09.41:244][957]LogTemp:Display: Shader map Eyebrow001 complete, GameThreadShaderMap 0x00000184B030A780, marking material Eyebrow001 as finished
[2017.04.30-00.09.41:244][957]LogTemp:Display: Marking material as finished 0x0000018499D58E80
[2017.04.30-00.09.43:111][ 44]LogContentBrowser: Native class hierarchy updated for 'SkeletonEditor' in 0.0008 seconds. Added 1 classes and 2 folders.
[2017.04.30-00.09.43:618][ 44]LogActorComponent: RegisterComponentWithWorld: (/Engine/Transient.World_6:PersistentLevel.Actor_0.DebugSkelMeshComponent_0) Already registered. Aborting.
[2017.04.30-00.09.43:930][ 44]LogSkeletalMesh: USkeletalMeshComponent::InitArticulated : Bodies already created (/Engine/Transient.World_6:PersistentLevel.Actor_0.DebugSkelMeshComponent_0) - call TermArticulated first.
[2017.04.30-00.09.44:059][ 44]LogTemp:Display: Finished compile of shader map 0x00000184AFA9C480
[2017.04.30-00.09.44:059][ 44]LogTemp:Display: Shader map Eye_brown complete, GameThreadShaderMap 0x00000184AFA9C480, marking material Eye_brown as finished
[2017.04.30-00.09.44:059][ 44]LogTemp:Display: Marking material as finished 0x0000018499D5AC80
[2017.04.30-00.09.44:470][ 45]LogRenderer: Reallocating scene render targets to support 1208x728 NumSamples 1 (Frame:2375).
[2017.04.30-00.09.47:723][144]LogTemp:Display: Finished compile of shader map 0x00000184B4E13580
[2017.04.30-00.09.47:723][144]LogTemp:Display: Shader map Bodymaterial complete, GameThreadShaderMap 0x00000184B4E13580, marking material Bodymaterial as finished
[2017.04.30-00.09.47:723][144]LogTemp:Display: Marking material as finished 0x000001849A468B80
[2017.04.30-00.10.00:825][278]LogTexture:Display: Building textures: brown_eye (AutoDXT, 1024X1024) - 137 MB total VRAM
[2017.04.30-00.10.01:253][278]LogMaterial: Missing cached shader map for material Eye_brown, compiling. 
[2017.04.30-00.10.01:254][278]LogTemp:Display: Added material ShaderMap 0x00000184BE355D00 with Material 0x00000184AABCE200 to ShaderMapsBeingCompiled
[2017.04.30-00.10.01:284][278]LogTemp:Display: Kicking off shader compilation for Eye_brown, GameThreadShaderMap 0x00000184BE355D00
[2017.04.30-00.10.01:456][278]LogTexture:Display: Building textures: braid01_diffuse (AutoDXT, 2048X2048) - 137 MB total VRAM
[2017.04.30-00.10.03:360][278]LogMaterial: Missing cached shader map for material Braid01, compiling. 
[2017.04.30-00.10.03:362][278]LogTemp:Display: Added material ShaderMap 0x00000184B5EE4800 with Material 0x00000184B526F280 to ShaderMapsBeingCompiled
[2017.04.30-00.10.03:414][278]LogTemp:Display: Kicking off shader compilation for Braid01, GameThreadShaderMap 0x00000184B5EE4800
[2017.04.30-00.10.03:419][278]LogTexture:Display: Building textures: eyelashes01 (AutoDXT, 512X512) - 137 MB total VRAM
[2017.04.30-00.10.03:581][278]LogMaterial: Missing cached shader map for material Bodymaterial, compiling. 
[2017.04.30-00.10.03:582][278]LogTemp:Display: Added material ShaderMap 0x000001851EB12E80 with Material 0x00000184AF7D3700 to ShaderMapsBeingCompiled
[2017.04.30-00.10.03:634][278]LogTemp:Display: Kicking off shader compilation for Bodymaterial, GameThreadShaderMap 0x000001851EB12E80
[2017.04.30-00.10.05:066][278]LogTexture:Display: Building textures: F_Dress_04 (AutoDXT, 8192X8192) - 137 MB total VRAM
[2017.04.30-00.10.21:922][278]LogTexture:Display: Building textures: F_Dress_03_NRM (BC5, 4096X4096) - 137 MB total VRAM
[2017.04.30-00.10.23:727][278]LogMaterial: Missing cached shader map for material F_dress_03, compiling. 
[2017.04.30-00.10.23:728][278]LogTemp:Display: Added material ShaderMap 0x000001851E868F00 with Material 0x00000184AABD2800 to ShaderMapsBeingCompiled
[2017.04.30-00.10.23:783][278]LogTemp:Display: Kicking off shader compilation for F_dress_03, GameThreadShaderMap 0x000001851E868F00
[2017.04.30-00.10.23:785][278]LogTexture:Display: Building textures: eyebrow012 (AutoDXT, 512X512) - 137 MB total VRAM
[2017.04.30-00.10.23:838][278]LogMaterial: Missing cached shader map for material Eyebrow011, compiling. 
[2017.04.30-00.10.23:840][278]LogTemp:Display: Added material ShaderMap 0x0000018521E7BC80 with Material 0x00000184AABCC880 to ShaderMapsBeingCompiled
[2017.04.30-00.10.23:887][278]LogTemp:Display: Kicking off shader compilation for Eyebrow011, GameThreadShaderMap 0x0000018521E7BC80
[2017.04.30-00.10.24:152][278]LogTexture:Display: Building textures: young_lightskinned_female_diffuse (AutoDXT, 2048X2048) - 137 MB total VRAM
[2017.04.30-00.10.25:784][278]LogMaterial: Missing cached shader map for material Young_caucasian_female, compiling. 
[2017.04.30-00.10.25:785][278]LogTemp:Display: Added material ShaderMap 0x0000018521BB2780 with Material 0x00000184B9FE1000 to ShaderMapsBeingCompiled
[2017.04.30-00.10.25:841][278]LogTemp:Display: Kicking off shader compilation for Young_caucasian_female, GameThreadShaderMap 0x0000018521BB2780
[2017.04.30-00.10.25:873][278]LogTexture:Display: Building textures: sport_briefs02 (AutoDXT, 1024X1024) - 137 MB total VRAM
[2017.04.30-00.10.26:636][278]LogMaterial: Missing cached shader map for material Sport_briefs01, compiling. 
[2017.04.30-00.10.26:637][278]LogTemp:Display: Added material ShaderMap 0x0000018521808800 with Material 0x00000184B9FE2E00 to ShaderMapsBeingCompiled
[2017.04.30-00.10.26:687][278]LogTemp:Display: Kicking off shader compilation for Sport_briefs01, GameThreadShaderMap 0x0000018521808800
[2017.04.30-00.10.26:695][278]LogTexture:Display: Building textures: sock (AutoDXT, 1024X1024) - 137 MB total VRAM
[2017.04.30-00.10.26:948][278]LogMaterial: Missing cached shader map for material Harvey_socks1, compiling. 
[2017.04.30-00.10.26:949][278]LogTemp:Display: Added material ShaderMap 0x000001850DB76E80 with Material 0x00000184BE90CE80 to ShaderMapsBeingCompiled
[2017.04.30-00.10.26:999][278]LogTemp:Display: Kicking off shader compilation for Harvey_socks1, GameThreadShaderMap 0x000001850DB76E80
[2017.04.30-00.10.27:026][278]LogTexture:Display: Building textures: shoes03w_diffuse (AutoDXT, 1024X1024) - 137 MB total VRAM
[2017.04.30-00.10.27:326][278]LogMaterial: Missing cached shader map for material Harvey_shoesaddle1, compiling. 
[2017.04.30-00.10.27:327][278]LogTemp:Display: Added material ShaderMap 0x0000018525BB9980 with Material 0x00000184BE90EC80 to ShaderMapsBeingCompiled
[2017.04.30-00.10.27:379][278]LogTemp:Display: Kicking off shader compilation for Harvey_shoesaddle1, GameThreadShaderMap 0x0000018525BB9980
[2017.04.30-00.10.27:383][278]LogMaterial: Missing cached shader map for material Harvey_bow1, compiling. 
[2017.04.30-00.10.27:384][278]LogTemp:Display: Added material ShaderMap 0x00000185262E0480 with Material 0x00000184AABD0D00 to ShaderMapsBeingCompiled
[2017.04.30-00.10.27:442][278]LogTemp:Display: Kicking off shader compilation for Harvey_bow1, GameThreadShaderMap 0x00000185262E0480
[2017.04.30-00.10.27:570][278]LogActorComponent: RegisterComponentWithWorld: (/Engine/Transient.World_8:PersistentLevel.Actor_1.DebugSkelMeshComponent_1) Already registered. Aborting.
[2017.04.30-00.10.27:725][278]LogSkeletalMesh: USkeletalMeshComponent::InitArticulated : Bodies already created (/Engine/Transient.World_8:PersistentLevel.Actor_1.DebugSkelMeshComponent_1) - call TermArticulated first.
[2017.04.30-00.10.27:805][278]LogTemp:Display: Finished compile of shader map 0x00000184B5EE4800
[2017.04.30-00.10.27:805][278]LogTemp:Display: Shader map Braid01 complete, GameThreadShaderMap 0x00000184B5EE4800, marking material Braid01 as finished
[2017.04.30-00.10.27:805][278]LogTemp:Display: Marking material as finished 0x00000184B526F280
[2017.04.30-00.10.27:814][278]LogTemp:Display: Finished compile of shader map 0x000001851EB12E80
[2017.04.30-00.10.27:814][278]LogTemp:Display: Shader map Bodymaterial complete, GameThreadShaderMap 0x000001851EB12E80, marking material Bodymaterial as finished
[2017.04.30-00.10.27:814][278]LogTemp:Display: Marking material as finished 0x00000184AF7D3700
[2017.04.30-00.10.27:824][278]LogTemp:Display: Finished compile of shader map 0x00000184BE355D00
[2017.04.30-00.10.27:824][278]LogTemp:Display: Shader map Eye_brown complete, GameThreadShaderMap 0x00000184BE355D00, marking material Eye_brown as finished
[2017.04.30-00.10.27:824][278]LogTemp:Display: Marking material as finished 0x00000184AABCE200
[2017.04.30-00.10.30:194][287]LogTemp:Display: Finished compile of shader map 0x000001851E868F00
[2017.04.30-00.10.30:194][287]LogTemp:Display: Shader map F_dress_03 complete, GameThreadShaderMap 0x000001851E868F00, marking material F_dress_03 as finished
[2017.04.30-00.10.30:194][287]LogTemp:Display: Marking material as finished 0x00000184AABD2800
[2017.04.30-00.10.34:414][452]LogTemp:Display: Finished compile of shader map 0x0000018521E7BC80
[2017.04.30-00.10.34:414][452]LogTemp:Display: Shader map Eyebrow011 complete, GameThreadShaderMap 0x0000018521E7BC80, marking material Eyebrow011 as finished
[2017.04.30-00.10.34:414][452]LogTemp:Display: Marking material as finished 0x00000184AABCC880
[2017.04.30-00.10.38:374][629]LogTemp:Display: Finished compile of shader map 0x0000018521BB2780
[2017.04.30-00.10.38:374][629]LogTemp:Display: Shader map Young_caucasian_female complete, GameThreadShaderMap 0x0000018521BB2780, marking material Young_caucasian_female as finished
[2017.04.30-00.10.38:374][629]LogTemp:Display: Marking material as finished 0x00000184B9FE1000
[2017.04.30-00.10.42:862][828]LogTemp:Display: Finished compile of shader map 0x0000018521808800
[2017.04.30-00.10.42:862][828]LogTemp:Display: Shader map Sport_briefs01 complete, GameThreadShaderMap 0x0000018521808800, marking material Sport_briefs01 as finished
[2017.04.30-00.10.42:862][828]LogTemp:Display: Marking material as finished 0x00000184B9FE2E00
[2017.04.30-00.10.46:876][989]LogTemp:Display: Finished compile of shader map 0x000001850DB76E80
[2017.04.30-00.10.46:876][989]LogTemp:Display: Shader map Harvey_socks1 complete, GameThreadShaderMap 0x000001850DB76E80, marking material Harvey_socks1 as finished
[2017.04.30-00.10.46:876][989]LogTemp:Display: Marking material as finished 0x00000184BE90CE80
[2017.04.30-00.10.49:543][997]LogTemp:Display: Finished compile of shader map 0x0000018525BB9980
[2017.04.30-00.10.49:543][997]LogTemp:Display: Shader map Harvey_shoesaddle1 complete, GameThreadShaderMap 0x0000018525BB9980, marking material Harvey_shoesaddle1 as finished
[2017.04.30-00.10.49:543][997]LogTemp:Display: Marking material as finished 0x00000184BE90EC80
[2017.04.30-00.10.51:829][ 25]LogTemp:Display: Finished compile of shader map 0x00000185262E0480
[2017.04.30-00.10.51:829][ 25]LogTemp:Display: Shader map Harvey_bow1 complete, GameThreadShaderMap 0x00000185262E0480, marking material Harvey_bow1 as finished
[2017.04.30-00.10.51:829][ 25]LogTemp:Display: Marking material as finished 0x00000184AABD0D00
[2017.04.30-00.12.55:160][191]LogAIModule: Creating AISystem for world Second-Floor
[2017.04.30-00.12.55:599][191]Cmd: MAP LOAD FILE="../../../../../../Documents/GitHub/ProjectLonesomeRecovered/Project_lonesome 4.15/Content/Levels/Second-Floor.umap" TEMPLATE=0 SHOWPROGRESS=1 FEATURELEVEL=3
[2017.04.30-00.12.55:599][191]LightingResults: New page: Lighting Build
[2017.04.30-00.12.55:602][191]LoadErrors: New page: Loading map: Second-Floor.umap
[2017.04.30-00.12.55:603][191]MapCheck: New page: Map Check
[2017.04.30-00.12.55:603][191]LightingResults: New page: Lighting Build
[2017.04.30-00.12.55:811][191]LogEditorServer: Finished looking for orphan Actors (0.000 secs)
[2017.04.30-00.12.55:946][191]Cmd: MAP CHECKDEP NOCLEARLOG
[2017.04.30-00.12.56:071][191]MapCheck: Info Map check complete: 0 Error(s), 0 Warning(s), took 124.825ms to complete.
[2017.04.30-00.12.56:071][191]LogFileHelpers: Loading map 'Second-Floor' took 0.480
[2017.04.30-20.06.06:030][803]LogD3D11RHI: Timed out while waiting for GPU to catch up. (0.5 s)
[2017.04.30-20.06.07:025][804]LogD3D11RHI: Timed out while waiting for GPU to catch up. (0.5 s)
[2017.04.30-20.06.08:561][805]LogD3D11RHI: Timed out while waiting for GPU to catch up. (0.5 s)
[2017.04.30-20.06.09:061][806]LogD3D11RHI: Timed out while waiting for GPU to catch up. (500 ms)
[2017.04.30-20.06.14:118][806]LogD3D11RHI: Timed out while waiting for GPU to catch up. (2.0 s)
[2017.04.30-20.06.38:633][840]LogWindowsTextInputMethodSystem:Display: IME system now deactivated.
[2017.04.30-20.06.45:465][841]Cmd: QUIT_EDITOR
[2017.04.30-20.06.48:686][841]LogExit: Preparing to exit.
[2017.04.30-20.06.57:978][841]LogDirectoryWatcher: A directory notification for 'H:/Documents/GitHub/ProjectLonesomeRecovered/Project_lonesome 4.15/Content/' was aborted.
[2017.04.30-20.07.14:926][841]LogExit: Editor shut down
[2017.04.30-20.07.15:028][841]LogExit: Transaction tracking system shut down
[2017.04.30-20.07.47:483][841]LogObj: Freed 0b from 0 cluster array pools.
[2017.04.30-20.07.47:484][841]LogExit: Object subsystem successfully closed.
[2017.04.30-20.07.49:216][841]LogD3D11RHI: Shutdown
[2017.04.30-20.07.49:216][841]LogD3D11RHI: CleanupD3DDevice
[2017.04.30-20.07.51:557][841]LogD3D11RHI: ~FD3D11DynamicRHI
[2017.04.30-20.07.52:945][841]LogModuleManager: Shutting down and abandoning module SkeletonEditor (506)
[2017.04.30-20.07.52:945][841]LogModuleManager: Shutting down and abandoning module SkeletalMeshEditor (504)
[2017.04.30-20.07.52:945][841]LogModuleManager: Shutting down and abandoning module BlueprintGraph (502)
[2017.04.30-20.07.52:945][841]LogModuleManager: Shutting down and abandoning module BlueprintProfiler (500)
[2017.04.30-20.07.53:006][841]LogModuleManager: Shutting down and abandoning module HierarchicalLODOutliner (498)
[2017.04.30-20.07.53:021][841]LogModuleManager: Shutting down and abandoning module CrashTracker (496)
[2017.04.30-20.07.53:021][841]LogModuleManager: Shutting down and abandoning module SceneOutliner (494)
[2017.04.30-20.07.53:021][841]LogModuleManager: Shutting down and abandoning module AddContentDialog (492)
[2017.04.30-20.07.53:094][841]LogDirectoryWatcher: A directory notification for 'H:/Program Files/Epic Games/UE_4.15/FeaturePacks/' was aborted.
[2017.04.30-20.07.53:887][841]LogModuleManager: Shutting down and abandoning module WidgetCarousel (491)
[2017.04.30-20.07.53:887][841]LogModuleManager: Shutting down and abandoning module EditorWidgets (488)
[2017.04.30-20.07.53:887][841]LogModuleManager: Shutting down and abandoning module CollectionManager (486)
[2017.04.30-20.07.53:901][841]LogDirectoryWatcher: A directory notification for 'H:/Documents/GitHub/ProjectLonesomeRecovered/Project_lonesome 4.15/Content/Collections/' was aborted.
[2017.04.30-20.07.53:901][841]LogDirectoryWatcher: A directory notification for 'H:/Documents/GitHub/ProjectLonesomeRecovered/Project_lonesome 4.15/Content/Developers/elmen/Collections/' was aborted.
[2017.04.30-20.07.53:901][841]LogDirectoryWatcher: A directory notification for 'H:/Documents/GitHub/ProjectLonesomeRecovered/Project_lonesome 4.15/Saved/Collections/' was aborted.
[2017.04.30-20.07.53:901][841]LogModuleManager: Shutting down and abandoning module StatsViewer (484)
[2017.04.30-20.07.53:902][841]LogModuleManager: Shutting down and abandoning module FoliageEdit (482)
[2017.04.30-20.07.53:903][841]LogModuleManager: Shutting down and abandoning module LandscapeEditor (480)
[2017.04.30-20.07.53:982][841]LogModuleManager: Shutting down and abandoning module SceneDepthPickerMode (478)
[2017.04.30-20.07.53:982][841]LogModuleManager: Shutting down and abandoning module ActorPickerMode (476)
[2017.04.30-20.07.53:982][841]LogModuleManager: Shutting down and abandoning module GeometryMode (474)
[2017.04.30-20.07.53:996][841]LogModuleManager: Shutting down and abandoning module TextureAlignMode (472)
[2017.04.30-20.07.53:996][841]LogModuleManager: Shutting down and abandoning module BspMode (470)
[2017.04.30-20.07.54:006][841]LogModuleManager: Shutting down and abandoning module HardwareSurvey (468)
[2017.04.30-20.07.54:020][841]LogModuleManager: Shutting down and abandoning module SequenceRecorderSections (466)
[2017.04.30-20.07.54:023][841]LogModuleManager: Shutting down and abandoning module AutomationWorker (464)
[2017.04.30-20.07.54:033][841]LogModuleManager: Shutting down and abandoning module MatineeToLevelSequence (462)
[2017.04.30-20.07.54:040][841]LogModuleManager: Shutting down and abandoning module LevelSequenceEditor (460)
[2017.04.30-20.07.54:193][841]LogModuleManager: Shutting down and abandoning module PlacementMode (459)
[2017.04.30-20.07.54:194][841]LogModuleManager: Shutting down and abandoning module WmfMediaFactory (456)
[2017.04.30-20.07.54:194][841]LogModuleManager: Shutting down and abandoning module WmfMediaEditor (454)
[2017.04.30-20.07.54:194][841]LogModuleManager: Shutting down and abandoning module MfMediaFactory (452)
[2017.04.30-20.07.54:194][841]LogModuleManager: Shutting down and abandoning module MfMediaEditor (450)
[2017.04.30-20.07.54:194][841]LogModuleManager: Shutting down and abandoning module AvfMediaFactory (448)
[2017.04.30-20.07.54:194][841]LogModuleManager: Shutting down and abandoning module AvfMediaEditor (446)
[2017.04.30-20.07.54:194][841]LogModuleManager: Shutting down and abandoning module AndroidMediaFactory (444)
[2017.04.30-20.07.54:194][841]LogModuleManager: Shutting down and abandoning module Media (443)
[2017.04.30-20.07.54:194][841]LogModuleManager: Shutting down and abandoning module AndroidMediaEditor (440)
[2017.04.30-20.07.54:194][841]LogModuleManager: Shutting down and abandoning module CharacterAI (438)
[2017.04.30-20.07.54:194][841]LogModuleManager: Shutting down and abandoning module AudioCapture (436)
[2017.04.30-20.07.54:206][841]LogModuleManager: Shutting down and abandoning module SequenceRecorder (435)
[2017.04.30-20.07.54:233][841]LogModuleManager: Shutting down and abandoning module SmartSnapping (432)
[2017.04.30-20.07.54:233][841]LogModuleManager: Shutting down and abandoning module SessionServices (430)
[2017.04.30-20.07.54:233][841]LogModuleManager: Shutting down and abandoning module ViewportSnapping (428)
[2017.04.30-20.07.54:233][841]LogModuleManager: Shutting down and abandoning module ViewportInteraction (426)
[2017.04.30-20.07.54:233][841]LogModuleManager: Shutting down and abandoning module LogVisualizer (424)
[2017.04.30-20.07.54:319][841]LogModuleManager: Shutting down and abandoning module IntroTutorials (422)
[2017.04.30-20.07.54:321][841]LogModuleManager: Shutting down and abandoning module GameProjectGeneration (421)
[2017.04.30-20.07.54:342][841]LogModuleManager: Shutting down and abandoning module EditorLiveStreaming (418)
[2017.04.30-20.07.54:356][841]LogModuleManager: Shutting down and abandoning module IOSPlatformEditor (416)
[2017.04.30-20.07.54:356][841]LogModuleManager: Shutting down and abandoning module HTML5PlatformEditor (414)
[2017.04.30-20.07.54:356][841]LogModuleManager: Shutting down and abandoning module AndroidPlatformEditor (412)
[2017.04.30-20.07.54:375][841]LogModuleManager: Shutting down and abandoning module AndroidDeviceDetection (411)
[2017.04.30-20.07.54:999][841]LogModuleManager: Shutting down and abandoning module IOSRuntimeSettings (408)
[2017.04.30-20.07.54:999][841]LogModuleManager: Shutting down and abandoning module AndroidRuntimeSettings (406)
[2017.04.30-20.07.54:999][841]LogModuleManager: Shutting down and abandoning module InputBindingEditor (404)
[2017.04.30-20.07.55:017][841]LogModuleManager: Shutting down and abandoning module NiagaraEditor (402)
[2017.04.30-20.07.55:059][841]LogModuleManager: Shutting down and abandoning module MergeActors (400)
[2017.04.30-20.07.55:077][841]LogModuleManager: Shutting down and abandoning module SizeMap (398)
[2017.04.30-20.07.55:089][841]LogModuleManager: Shutting down and abandoning module TreeMap (396)
[2017.04.30-20.07.55:118][841]LogModuleManager: Shutting down and abandoning module ReferenceViewer (394)
[2017.04.30-20.07.55:118][841]LogModuleManager: Shutting down and abandoning module LocalizationDashboard (392)
[2017.04.30-20.07.55:138][841]LogModuleManager: Shutting down and abandoning module LocalizationService (391)
[2017.04.30-20.07.55:164][841]LogModuleManager: Shutting down and abandoning module HardwareTargeting (388)
[2017.04.30-20.07.55:167][841]LogModuleManager: Shutting down and abandoning module DeviceProfileEditor (386)
[2017.04.30-20.07.55:183][841]LogModuleManager: Shutting down and abandoning module UndoHistory (384)
[2017.04.30-20.07.55:200][841]LogModuleManager: Shutting down and abandoning module UserFeedback (382)
[2017.04.30-20.07.55:200][841]LogModuleManager: Shutting down and abandoning module XmlParser (380)
[2017.04.30-20.07.55:219][841]LogModuleManager: Shutting down and abandoning module Blutility (378)
[2017.04.30-20.07.55:232][841]LogModuleManager: Shutting down and abandoning module ProjectSettingsViewer (376)
[2017.04.30-20.07.55:253][841]LogModuleManager: Shutting down and abandoning module ProjectTargetPlatformEditor (375)
[2017.04.30-20.07.55:254][841]LogModuleManager: Shutting down and abandoning module EditorSettingsViewer (372)
[2017.04.30-20.07.55:254][841]LogModuleManager: Shutting down and abandoning module SettingsEditor (370)
[2017.04.30-20.07.55:292][841]LogModuleManager: Shutting down and abandoning module ProjectLauncher (368)
[2017.04.30-20.07.55:297][841]LogModuleManager: Shutting down and abandoning module SessionFrontend (366)
[2017.04.30-20.07.55:322][841]LogModuleManager: Shutting down and abandoning module ProfilerClient (364)
[2017.04.30-20.07.55:360][841]LogModuleManager: Shutting down and abandoning module DeviceManager (362)
[2017.04.30-20.07.55:378][841]LogModuleManager: Shutting down and abandoning module TargetDeviceServices (361)
[2017.04.30-20.07.55:540][841]LogModuleManager: Shutting down and abandoning module AutomationController (358)
[2017.04.30-20.07.55:596][841]LogModuleManager: Shutting down and abandoning module AutomationWindow (356)
[2017.04.30-20.07.55:619][841]LogModuleManager: Shutting down and abandoning module Layers (354)
[2017.04.30-20.07.55:640][841]LogModuleManager: Shutting down and abandoning module ComponentVisualizers (352)
[2017.04.30-20.07.55:640][841]LogModuleManager: Shutting down and abandoning module DetailCustomizations (350)
[2017.04.30-20.07.55:667][841]LogModuleManager: Shutting down and abandoning module PackagesDialog (348)
[2017.04.30-20.07.55:702][841]LogModuleManager: Shutting down and abandoning module Persona (346)
[2017.04.30-20.07.55:703][841]LogModuleManager: Shutting down and abandoning module AnimGraph (345)
[2017.04.30-20.07.55:703][841]LogModuleManager: Shutting down and abandoning module Kismet (342)
[2017.04.30-20.07.55:833][841]LogModuleManager: Shutting down and abandoning module GraphEditor (340)
[2017.04.30-20.07.55:849][841]LogModuleManager: Shutting down and abandoning module ClassViewer (338)
[2017.04.30-20.07.55:867][841]LogModuleManager: Shutting down and abandoning module Toolbox (336)
[2017.04.30-20.07.55:894][841]LogModuleManager: Shutting down and abandoning module ModuleUI (334)
[2017.04.30-20.07.55:932][841]LogModuleManager: Shutting down and abandoning module MovieSceneTools (332)
[2017.04.30-20.07.55:949][841]LogModuleManager: Shutting down and abandoning module OutputLog (330)
[2017.04.30-20.07.55:949][841]LogModuleManager: Shutting down and abandoning module GammaUI (328)
[2017.04.30-20.07.55:962][841]LogModuleManager: Shutting down and abandoning module Documentation (326)
[2017.04.30-20.07.55:962][841]LogModuleManager: Shutting down and abandoning module Niagara (324)
[2017.04.30-20.07.55:962][841]LogModuleManager: Shutting down and abandoning module StreamingPauseRendering (322)
[2017.04.30-20.07.55:963][841]LogModuleManager: Shutting down and abandoning module AnalyticsET (320)
[2017.04.30-20.07.55:963][841]LogModuleManager: Shutting down and abandoning module PortalServices (318)
[2017.04.30-20.07.55:963][841]LogModuleManager: Shutting down and abandoning module PortalRpc (316)
[2017.04.30-20.07.55:963][841]LogModuleManager: Shutting down and abandoning module MessagingRpc (314)
[2017.04.30-20.07.55:963][841]LogModuleManager: Shutting down and abandoning module AIModule (312)
[2017.04.30-20.07.55:974][841]LogModuleManager: Shutting down and abandoning module GameplayDebugger (311)
[2017.04.30-20.07.56:001][841]LogModuleManager: Shutting down and abandoning module AITestSuite (309)
[2017.04.30-20.07.56:001][841]LogModuleManager: Shutting down and abandoning module ProfilerService (306)
[2017.04.30-20.07.56:161][841]LogModuleManager: Shutting down and abandoning module TaskGraph (304)
[2017.04.30-20.07.56:170][841]LogModuleManager: Shutting down and abandoning module SteamVRController (302)
[2017.04.30-20.07.56:170][841]LogModuleManager: Shutting down and abandoning module SteamVR (300)
[2017.04.30-20.07.56:170][841]LogModuleManager: Shutting down and abandoning module ProceduralMeshComponentEditor (298)
[2017.04.30-20.07.56:170][841]LogModuleManager: Shutting down and abandoning module ProceduralMeshComponent (296)
[2017.04.30-20.07.56:179][841]LogModuleManager: Shutting down and abandoning module OculusLibrary (294)
[2017.04.30-20.07.56:179][841]LogModuleManager: Shutting down and abandoning module OculusInput (292)
[2017.04.30-20.07.56:179][841]LogModuleManager: Shutting down and abandoning module MobilePatchingUtils (290)
[2017.04.30-20.07.56:179][841]LogModuleManager: Shutting down and abandoning module CustomMeshComponent (288)
[2017.04.30-20.07.56:179][841]LogModuleManager: Shutting down and abandoning module CableComponent (286)
[2017.04.30-20.07.56:179][841]LogModuleManager: Shutting down and abandoning module ArchVisCharacter (284)
[2017.04.30-20.07.56:179][841]LogModuleManager: Shutting down and abandoning module MediaPlayerEditor (280)
[2017.04.30-20.07.56:243][841]LogModuleManager: Shutting down and abandoning module HTML5Networking (278)
[2017.04.30-20.07.56:243][841]LogModuleManager: Shutting down and abandoning module AlembicImporter (276)
[2017.04.30-20.07.56:281][841]LogModuleManager: Shutting down and abandoning module AlembicLibrary (275)
[2017.04.30-20.07.56:309][841]LogModuleManager: Shutting down and abandoning module GeometryCache (274)
[2017.04.30-20.07.56:319][841]LogModuleManager: Shutting down and abandoning module GeometryCacheEd (273)
[2017.04.30-20.07.56:319][841]LogModuleManager: Shutting down and abandoning module SuperSearchEditor (268)
[2017.04.30-20.07.56:319][841]LogModuleManager: Shutting down and abandoning module SuperSearch (267)
[2017.04.30-20.07.56:319][841]LogModuleManager: Shutting down and abandoning module SpeedTreeImporter (264)
[2017.04.30-20.07.56:326][841]LogModuleManager: Shutting down and abandoning module PluginBrowser (262)
[2017.04.30-20.07.56:349][841]LogModuleManager: Shutting down and abandoning module MobileLauncherProfileWizard (260)
[2017.04.30-20.07.56:374][841]LogModuleManager: Shutting down and abandoning module EpicSurvey (258)
[2017.04.30-20.07.56:375][841]LogModuleManager: Shutting down and abandoning module VisualStudioSourceCodeAccess (256)
[2017.04.30-20.07.56:375][841]LogModuleManager: Shutting down and abandoning module DesktopPlatform (255)
[2017.04.30-20.07.56:375][841]LogModuleManager: Shutting down and abandoning module UObjectPlugin (252)
[2017.04.30-20.07.56:375][841]LogModuleManager: Shutting down and abandoning module SubversionSourceControl (250)
[2017.04.30-20.07.56:396][841]LogModuleManager: Shutting down and abandoning module PerforceSourceControl (248)
[2017.04.30-20.07.56:416][841]LogModuleManager: Shutting down and abandoning module GitSourceControl (246)
[2017.04.30-20.07.56:435][841]LogModuleManager: Shutting down and abandoning module SourceControl (245)
[2017.04.30-20.07.56:446][841]LogModuleManager: Shutting down and abandoning module LightPropagationVolumeEditor (242)
[2017.04.30-20.07.56:446][841]LogModuleManager: Shutting down and abandoning module PaperTiledImporter (240)
[2017.04.30-20.07.56:446][841]LogModuleManager: Shutting down and abandoning module PaperSpriteSheetImporter (238)
[2017.04.30-20.07.56:446][841]LogModuleManager: Shutting down and abandoning module Paper2DEditor (236)
[2017.04.30-20.07.56:469][841]LogModuleManager: Shutting down and abandoning module MeshPaint (235)
[2017.04.30-20.07.56:482][841]LogModuleManager: Shutting down and abandoning module LevelEditor (233)
[2017.04.30-20.07.56:510][841]LogModuleManager: Shutting down and abandoning module PixelInspectorModule (232)
[2017.04.30-20.07.56:528][841]LogModuleManager: Shutting down and abandoning module MainFrame (230)
[2017.04.30-20.07.56:528][841]LogModuleManager: Shutting down and abandoning module HotReload (229)
[2017.04.30-20.07.56:566][841]LogModuleManager: Shutting down and abandoning module ContentBrowser (225)
[2017.04.30-20.07.56:601][841]LogModuleManager: Shutting down and abandoning module PhysXVehiclesEditor (222)
[2017.04.30-20.07.56:624][841]LogModuleManager: Shutting down and abandoning module PhysXVehicles (220)
[2017.04.30-20.07.56:624][841]LogModuleManager: Shutting down and abandoning module LocationServicesBPLibrary (218)
[2017.04.30-20.07.56:624][841]LogModuleManager: Shutting down and abandoning module UdpMessaging (216)
[2017.04.30-20.07.56:725][841]LogModuleManager: Shutting down and abandoning module TcpMessaging (214)
[2017.04.30-20.07.56:830][841]LogModuleManager: Shutting down and abandoning module GameplayTagsEditor (212)
[2017.04.30-20.07.56:850][841]LogModuleManager: Shutting down and abandoning module FacialAnimationEditor (210)
[2017.04.30-20.07.56:851][841]LogModuleManager: Shutting down and abandoning module FacialAnimation (208)
[2017.04.30-20.07.56:851][841]LogModuleManager: Shutting down and abandoning module LightPropagationVolumeRuntime (206)
[2017.04.30-20.07.56:851][841]LogModuleManager: Shutting down and abandoning module Paper2D (204)
[2017.04.30-20.07.56:860][841]LogModuleManager: Shutting down and abandoning module WindowsMoviePlayer (202)
[2017.04.30-20.07.56:884][841]LogModuleManager: Shutting down and abandoning module WmfMedia (200)
[2017.04.30-20.07.56:920][841]LogModuleManager: Shutting down and abandoning module MfMedia (198)
[2017.04.30-20.07.56:920][841]LogModuleManager: Shutting down and abandoning module MediaAssets (196)
[2017.04.30-20.07.56:920][841]LogModuleManager: Shutting down and abandoning module GameLiveStreaming (194)
[2017.04.30-20.07.56:930][841]LogModuleManager: Shutting down and abandoning module VREditor (192)
[2017.04.30-20.07.56:945][841]LogModuleManager: Shutting down and abandoning module GameplayTasksEditor (190)
[2017.04.30-20.07.56:945][841]LogModuleManager: Shutting down and abandoning module BehaviorTreeEditor (188)
[2017.04.30-20.07.56:973][841]LogModuleManager: Shutting down and abandoning module FunctionalTesting (186)
[2017.04.30-20.07.56:981][841]LogModuleManager: Shutting down and abandoning module CollisionAnalyzer (184)
[2017.04.30-20.07.56:997][841]LogModuleManager: Shutting down and abandoning module UMG (182)
[2017.04.30-20.07.57:027][841]LogModuleManager: Shutting down and abandoning module UMGEditor (181)
[2017.04.30-20.07.57:075][841]LogModuleManager: Shutting down and abandoning module Sequencer (180)
[2017.04.30-20.07.57:134][841]LogModuleManager: Shutting down and abandoning module AssetTools (178)
[2017.04.30-20.07.57:160][841]LogModuleManager: Shutting down and abandoning module MessageLog (177)
[2017.04.30-20.07.57:160][841]LogModuleManager: Shutting down and abandoning module WorkspaceMenuStructure (176)
[2017.04.30-20.07.57:160][841]LogModuleManager: Shutting down and abandoning module SlateReflector (170)
[2017.04.30-20.07.57:193][841]LogModuleManager: Shutting down and abandoning module Slate (168)
[2017.04.30-20.07.57:193][841]LogModuleManager: Shutting down and abandoning module EditorStyle (166)
[2017.04.30-20.07.57:241][841]LogModuleManager: Shutting down and abandoning module SourceCodeAccess (164)
[2017.04.30-20.07.57:246][841]LogModuleManager: Shutting down and abandoning module HeadMountedDisplay (162)
[2017.04.30-20.07.57:246][841]LogModuleManager: Shutting down and abandoning module XAudio2 (160)
[2017.04.30-20.07.57:246][841]LogModuleManager: Shutting down and abandoning module Networking (158)
[2017.04.30-20.07.57:246][841]LogModuleManager: Shutting down and abandoning module Core (154)
[2017.04.30-20.07.57:247][841]LogModuleManager: Shutting down and abandoning module AssetRegistry (152)
[2017.04.30-20.07.58:425][841]LogDirectoryWatcher: A directory notification for '../../../Engine/Content/' was aborted.
[2017.04.30-20.07.58:425][841]LogDirectoryWatcher: A directory notification for '../../../../../../Documents/GitHub/ProjectLonesomeRecovered/Project_lonesome 4.15/Content/' was aborted.
[2017.04.30-20.07.58:425][841]LogDirectoryWatcher: A directory notification for '../../../Engine/Plugins/2D/Paper2D/Content/' was aborted.
[2017.04.30-20.07.58:442][841]LogModuleManager: Shutting down and abandoning module DirectoryWatcher (151)
[2017.04.30-20.07.58:447][841]LogModuleManager: Shutting down and abandoning module KismetCompiler (148)
[2017.04.30-20.07.58:447][841]LogModuleManager: Shutting down and abandoning module PhysXFormats (146)
[2017.04.30-20.07.58:447][841]LogModuleManager: Shutting down and abandoning module MeshUtilities (144)
[2017.04.30-20.07.58:458][841]LogModuleManager: Shutting down and abandoning module SimplygonSwarm (143)
[2017.04.30-20.07.58:489][841]LogModuleManager: Shutting down and abandoning module SimplygonMeshReduction (141)
[2017.04.30-20.07.58:489][841]LogModuleManager: Shutting down and abandoning module QuadricMeshReduction (139)
[2017.04.30-20.07.58:496][841]LogModuleManager: Shutting down and abandoning module PropertyEditor (137)
[2017.04.30-20.07.58:497][841]LogModuleManager: Shutting down and abandoning module DerivedDataCache (134)
[2017.04.30-20.07.58:596][841]LogDerivedDataCache: Shutdown
[2017.04.30-20.07.58:596][841]LogModuleManager: Shutting down and abandoning module TargetPlatform (132)
[2017.04.30-20.07.58:643][841]LogModuleManager: Shutting down and abandoning module VulkanShaderFormat (131)
[2017.04.30-20.07.58:669][841]LogModuleManager: Shutting down and abandoning module ShaderFormatOpenGL (129)
[2017.04.30-20.07.58:728][841]LogModuleManager: Shutting down and abandoning module ShaderFormatD3D (127)
[2017.04.30-20.07.58:736][841]LogModuleManager: Shutting down and abandoning module MetalShaderFormat (125)
[2017.04.30-20.07.58:749][841]LogModuleManager: Shutting down and abandoning module TextureFormatUncompressed (123)
[2017.04.30-20.07.58:749][841]LogModuleManager: Shutting down and abandoning module TextureFormatPVR (121)
[2017.04.30-20.07.58:750][841]LogModuleManager: Shutting down and abandoning module TextureFormatDXT (119)
[2017.04.30-20.07.58:750][841]LogModuleManager: Shutting down and abandoning module TextureFormatIntelISPCTexComp (117)
[2017.04.30-20.07.58:775][841]LogModuleManager: Shutting down and abandoning module TextureFormatASTC (115)
[2017.04.30-20.07.58:776][841]LogModuleManager: Shutting down and abandoning module ImageWrapper (114)
[2017.04.30-20.07.58:776][841]LogModuleManager: Shutting down and abandoning module TextureFormatAndroid (111)
[2017.04.30-20.07.58:776][841]LogModuleManager: Shutting down and abandoning module AudioFormatOpus (109)
[2017.04.30-20.07.58:801][841]LogModuleManager: Shutting down and abandoning module AudioFormatOgg (107)
[2017.04.30-20.07.58:801][841]LogModuleManager: Shutting down and abandoning module AudioFormatADPCM (105)
[2017.04.30-20.07.58:801][841]LogModuleManager: Shutting down and abandoning module LinuxTargetPlatform (103)
[2017.04.30-20.07.58:832][841]LogModuleManager: Shutting down and abandoning module LinuxServerTargetPlatform (101)
[2017.04.30-20.07.58:832][841]LogModuleManager: Shutting down and abandoning module LinuxNoEditorTargetPlatform (99)
[2017.04.30-20.07.58:877][841]LogModuleManager: Shutting down and abandoning module LinuxClientTargetPlatform (97)
[2017.04.30-20.07.58:877][841]LogModuleManager: Shutting down and abandoning module TVOSTargetPlatform (95)
[2017.04.30-20.07.58:877][841]LogModuleManager: Shutting down and abandoning module Messaging (93)
[2017.04.30-20.07.58:877][841]LogModuleManager: Shutting down and abandoning module IOSTargetPlatform (91)
[2017.04.30-20.07.58:877][841]LogModuleManager: Shutting down and abandoning module HTML5TargetPlatform (89)
[2017.04.30-20.07.58:877][841]LogModuleManager: Shutting down and abandoning module Android_PVRTCTargetPlatform (87)
[2017.04.30-20.07.58:877][841]LogModuleManager: Shutting down and abandoning module Android_MultiTargetPlatform (85)
[2017.04.30-20.07.58:877][841]LogModuleManager: Shutting down and abandoning module Android_ETC2TargetPlatform (83)
[2017.04.30-20.07.58:877][841]LogModuleManager: Shutting down and abandoning module Android_ETC1TargetPlatform (81)
[2017.04.30-20.07.58:877][841]LogModuleManager: Shutting down and abandoning module Android_DXTTargetPlatform (79)
[2017.04.30-20.07.58:877][841]LogModuleManager: Shutting down and abandoning module Android_ATCTargetPlatform (77)
[2017.04.30-20.07.58:877][841]LogModuleManager: Shutting down and abandoning module Android_ASTCTargetPlatform (75)
[2017.04.30-20.07.58:877][841]LogModuleManager: Shutting down and abandoning module AndroidTargetPlatform (73)
[2017.04.30-20.07.58:877][841]LogModuleManager: Shutting down and abandoning module WindowsTargetPlatform (71)
[2017.04.30-20.07.58:883][841]LogModuleManager: Shutting down and abandoning module WindowsServerTargetPlatform (69)
[2017.04.30-20.07.58:883][841]LogModuleManager: Shutting down and abandoning module WindowsNoEditorTargetPlatform (67)
[2017.04.30-20.07.58:895][841]LogModuleManager: Shutting down and abandoning module WindowsClientTargetPlatform (65)
[2017.04.30-20.07.58:896][841]LogModuleManager: Shutting down and abandoning module MacTargetPlatform (63)
[2017.04.30-20.07.58:907][841]LogModuleManager: Shutting down and abandoning module MacServerTargetPlatform (61)
[2017.04.30-20.07.58:907][841]LogModuleManager: Shutting down and abandoning module MacNoEditorTargetPlatform (59)
[2017.04.30-20.07.58:907][841]LogModuleManager: Shutting down and abandoning module MacClientTargetPlatform (57)
[2017.04.30-20.07.58:907][841]LogModuleManager: Shutting down and abandoning module AllDesktopTargetPlatform (55)
[2017.04.30-20.07.58:916][841]LogModuleManager: Shutting down and abandoning module InputCore (52)
[2017.04.30-20.07.58:916][841]LogModuleManager: Shutting down and abandoning module Settings (50)
[2017.04.30-20.07.58:916][841]LogModuleManager: Shutting down and abandoning module OculusRift (48)
[2017.04.30-20.07.58:934][841]LogModuleManager: Shutting down and abandoning module GearVR (46)
[2017.04.30-20.07.58:934][841]LogModuleManager: Shutting down and abandoning module ExampleDeviceProfileSelector (44)
[2017.04.30-20.07.58:934][841]LogModuleManager: Shutting down and abandoning module OnlineBlueprintSupport (42)
[2017.04.30-20.07.58:934][841]LogModuleManager: Shutting down and abandoning module OnlineSubsystem (38)
[2017.04.30-20.07.58:934][841]LogOnline:Display: Unloading online subsystem: NULL
[2017.04.30-20.07.58:967][841]LogModuleManager: Shutting down and abandoning module XMPP (37)
[2017.04.30-20.07.58:989][841]LogModuleManager: Shutting down and abandoning module HTTP (35)
[2017.04.30-20.07.59:004][841]LogHttp:Display: Http module shutting down, but needs to wait on 1 outstanding Http requests:
[2017.04.30-20.07.59:004][841]LogHttp:Display: 	verb=[POST] url=[https://datarouter.ol.epicgames.com/datarouter/api/v1/public/data?SessionID=%7B5BA87232-447C-5EE9-C472-9BB9BF57D248%7D&AppID=UEEditor.Rocket.Release&AppVersion=4.15.1-3348071%2B%2B%2BUE4%2BRelease-4.15&UserID=9363d7fd4e3e0adcf29a7c9bb0f96409%7Ccdbbf98d3d754678b70ab58708a0b131%7C50db7265-1a42-4a2a-99c2-71b2d571add2&AppEnvironment=datacollector-binary&UploadType=eteventstream] status=Processing
[2017.04.30-20.07.59:026][841]LogModuleManager: Shutting down and abandoning module SSL (34)
[2017.04.30-20.07.59:043][841]LogModuleManager: Shutting down and abandoning module AudioEditor (30)
[2017.04.30-20.07.59:044][841]LogModuleManager: Shutting down and abandoning module TextureCompressor (28)
[2017.04.30-20.07.59:044][841]LogModuleManager: Shutting down and abandoning module ShaderCore (26)
[2017.04.30-20.07.59:044][841]LogModuleManager: Shutting down and abandoning module Landscape (24)
[2017.04.30-20.07.59:044][841]LogModuleManager: Shutting down and abandoning module SlateRHIRenderer (22)
[2017.04.30-20.07.59:309][841]LogModuleManager: Shutting down and abandoning module OpenGLDrv (20)
[2017.04.30-20.07.59:342][841]LogModuleManager: Shutting down and abandoning module D3D11RHI (18)
[2017.04.30-20.07.59:342][841]LogModuleManager: Shutting down and abandoning module AnimGraphRuntime (16)
[2017.04.30-20.07.59:366][841]LogModuleManager: Shutting down and abandoning module Renderer (14)
[2017.04.30-20.07.59:366][841]LogModuleManager: Shutting down and abandoning module Engine (12)
[2017.04.30-20.07.59:366][841]LogModuleManager: Shutting down and abandoning module CoreUObject (10)
[2017.04.30-20.07.59:366][841]LogModuleManager: Shutting down and abandoning module NetworkFile (8)
[2017.04.30-20.07.59:397][841]LogModuleManager: Shutting down and abandoning module StreamingFile (6)
[2017.04.30-20.07.59:406][841]LogModuleManager: Shutting down and abandoning module SandboxFile (4)
[2017.04.30-20.07.59:406][841]LogModuleManager: Shutting down and abandoning module PakFile (2)
[2017.04.30-20.07.59:475][841]LogExit: Exiting.
[2017.04.30-20.07.59:899][841]Log file closed, 04/30/17 13:07:59
