Log file open, 02/27/17 16:52:56
LogInit:Display: Running engine for game: Project_lonesome
LogPlatformFile: Not using cached read wrapper
LogInit:Display: RandInit(1758640437) SRandInit(1758640437).
LogTaskGraph: Started task graph with 5 named threads and 8 total threads with 1 sets of task threads.
LogStats: Stats thread started at 0.082429
LogPluginManager: Loaded Plugin Paper2D, From C:/Program Files (x86)/Epic Games/4.13/Engine/Plugins/2D/Paper2D/Paper2D.uplugin
LogPluginManager: Loaded Plugin LightPropagationVolume, From C:/Program Files (x86)/Epic Games/4.13/Engine/Plugins/Blendables/LightPropagationVolume/LightPropagationVolume.uplugin
LogPluginManager: Loaded Plugin BlankPlugin, From C:/Program Files (x86)/Epic Games/4.13/Engine/Plugins/Developer/BlankPlugin/BlankPlugin.uplugin
LogPluginManager: Loaded Plugin CodeLiteSourceCodeAccess, From C:/Program Files (x86)/Epic Games/4.13/Engine/Plugins/Developer/CodeLiteSourceCodeAccess/CodeLiteSourceCodeAccess.uplugin
LogPluginManager: Loaded Plugin GitSourceControl, From C:/Program Files (x86)/Epic Games/4.13/Engine/Plugins/Developer/GitSourceControl/GitSourceControl.uplugin
LogPluginManager: Loaded Plugin KDevelopSourceCodeAccess, From C:/Program Files (x86)/Epic Games/4.13/Engine/Plugins/Developer/KDevelopSourceCodeAccess/KDevelopSourceCodeAccess.uplugin
LogPluginManager: Loaded Plugin NullSourceCodeAccess, From C:/Program Files (x86)/Epic Games/4.13/Engine/Plugins/Developer/NullSourceCodeAccess/NullSourceCodeAccess.uplugin
LogPluginManager: Loaded Plugin OneSkyLocalizationService, From C:/Program Files (x86)/Epic Games/4.13/Engine/Plugins/Developer/OneSkyLocalizationService/OneSkyLocalizationService.uplugin
LogPluginManager: Loaded Plugin PerforceSourceControl, From C:/Program Files (x86)/Epic Games/4.13/Engine/Plugins/Developer/PerforceSourceControl/PerforceSourceControl.uplugin
LogPluginManager: Loaded Plugin SubversionSourceControl, From C:/Program Files (x86)/Epic Games/4.13/Engine/Plugins/Developer/SubversionSourceControl/SubversionSourceControl.uplugin
LogPluginManager: Loaded Plugin UObjectPlugin, From C:/Program Files (x86)/Epic Games/4.13/Engine/Plugins/Developer/UObjectPlugin/UObjectPlugin.uplugin
LogPluginManager: Loaded Plugin VisualStudioSourceCodeAccess, From C:/Program Files (x86)/Epic Games/4.13/Engine/Plugins/Developer/VisualStudioSourceCodeAccess/VisualStudioSourceCodeAccess.uplugin
LogPluginManager: Loaded Plugin XCodeSourceCodeAccess, From C:/Program Files (x86)/Epic Games/4.13/Engine/Plugins/Developer/XCodeSourceCodeAccess/XCodeSourceCodeAccess.uplugin
LogPluginManager: Loaded Plugin EpicSurvey, From C:/Program Files (x86)/Epic Games/4.13/Engine/Plugins/Editor/EpicSurvey/EpicSurvey.uplugin
LogPluginManager: Loaded Plugin MacGraphicsSwitching, From C:/Program Files (x86)/Epic Games/4.13/Engine/Plugins/Editor/MacGraphicsSwitching/MacGraphicsSwitching.uplugin
LogPluginManager: Loaded Plugin MobileLauncherProfileWizard, From C:/Program Files (x86)/Epic Games/4.13/Engine/Plugins/Editor/MobileLauncherProfileWizard/MobileLauncherProfileWizard.uplugin
LogPluginManager: Loaded Plugin PluginBrowser, From C:/Program Files (x86)/Epic Games/4.13/Engine/Plugins/Editor/PluginBrowser/PluginBrowser.uplugin
LogPluginManager: Loaded Plugin SpeedTreeImporter, From C:/Program Files (x86)/Epic Games/4.13/Engine/Plugins/Editor/SpeedTreeImporter/SpeedTreeImporter.uplugin
LogPluginManager: Loaded Plugin SuperSearchEditor, From C:/Program Files (x86)/Epic Games/4.13/Engine/Plugins/Editor/SuperSearchEditor/SuperSearchEditor.uplugin
LogPluginManager: Loaded Plugin AlembicImporter, From C:/Program Files (x86)/Epic Games/4.13/Engine/Plugins/Experimental/AlembicImporter/AlembicImporter.uplugin
LogPluginManager: Loaded Plugin BlueprintStats, From C:/Program Files (x86)/Epic Games/4.13/Engine/Plugins/Experimental/BlueprintStats/BlueprintStats.uplugin
LogPluginManager: Loaded Plugin CharacterAI, From C:/Program Files (x86)/Epic Games/4.13/Engine/Plugins/Experimental/CharacterAI/CharacterAI.uplugin
LogPluginManager: Loaded Plugin CodeEditor, From C:/Program Files (x86)/Epic Games/4.13/Engine/Plugins/Experimental/CodeEditor/CodeEditor.uplugin
LogPluginManager: Loaded Plugin CodeView, From C:/Program Files (x86)/Epic Games/4.13/Engine/Plugins/Experimental/CodeView/CodeView.uplugin
LogPluginManager: Loaded Plugin HTML5Networking, From C:/Program Files (x86)/Epic Games/4.13/Engine/Plugins/Experimental/HTML5Networking/HTML5Networking.uplugin
LogPluginManager: Loaded Plugin LiveEditor, From C:/Program Files (x86)/Epic Games/4.13/Engine/Plugins/Experimental/LiveEditor/LiveEditor.uplugin
LogPluginManager: Loaded Plugin OSVR, From C:/Program Files (x86)/Epic Games/4.13/Engine/Plugins/Experimental/OSVR/OSVR.uplugin
LogPluginManager: Loaded Plugin Phya, From C:/Program Files (x86)/Epic Games/4.13/Engine/Plugins/Experimental/Phya/Phya.uplugin
LogPluginManager: Loaded Plugin SignificanceManager, From C:/Program Files (x86)/Epic Games/4.13/Engine/Plugins/Experimental/SignificanceManager/SignificanceManager.uplugin
LogPluginManager: Loaded Plugin SimpleHMD, From C:/Program Files (x86)/Epic Games/4.13/Engine/Plugins/Experimental/SimpleHMD/SimpleHMD.uplugin
LogPluginManager: Loaded Plugin StereoPanorama, From C:/Program Files (x86)/Epic Games/4.13/Engine/Plugins/Experimental/StereoPanorama/StereoPanorama.uplugin
LogPluginManager: Loaded Plugin StructBox, From C:/Program Files (x86)/Epic Games/4.13/Engine/Plugins/Experimental/StructBox/StructBox.uplugin
LogPluginManager: Loaded Plugin AndroidMedia, From C:/Program Files (x86)/Epic Games/4.13/Engine/Plugins/Media/AndroidMedia/AndroidMedia.uplugin
LogPluginManager: Loaded Plugin AvfMedia, From C:/Program Files (x86)/Epic Games/4.13/Engine/Plugins/Media/AvfMedia/AvfMedia.uplugin
LogPluginManager: Loaded Plugin MediaPlayerEditor, From C:/Program Files (x86)/Epic Games/4.13/Engine/Plugins/Media/MediaPlayerEditor/MediaPlayerEditor.uplugin
LogPluginManager: Loaded Plugin WmfMedia, From C:/Program Files (x86)/Epic Games/4.13/Engine/Plugins/Media/WmfMedia/WmfMedia.uplugin
LogPluginManager: Loaded Plugin MessagingDebugger, From C:/Program Files (x86)/Epic Games/4.13/Engine/Plugins/Messaging/MessagingDebugger/MessagingDebugger.uplugin
LogPluginManager: Loaded Plugin TcpMessaging, From C:/Program Files (x86)/Epic Games/4.13/Engine/Plugins/Messaging/TcpMessaging/TcpMessaging.uplugin
LogPluginManager: Loaded Plugin UdpMessaging, From C:/Program Files (x86)/Epic Games/4.13/Engine/Plugins/Messaging/UdpMessaging/UdpMessaging.uplugin
LogPluginManager: Loaded Plugin LevelSequenceEditor, From C:/Program Files (x86)/Epic Games/4.13/Engine/Plugins/MovieScene/LevelSequenceEditor/LevelSequenceEditor.uplugin
LogPluginManager: Loaded Plugin MatineeToLevelSequence, From C:/Program Files (x86)/Epic Games/4.13/Engine/Plugins/MovieScene/MatineeToLevelSequence/MatineeToLevelSequence.uplugin
LogPluginManager: Loaded Plugin NetcodeUnitTest, From C:/Program Files (x86)/Epic Games/4.13/Engine/Plugins/NetcodeUnitTest/NetcodeUnitTest/NetcodeUnitTest.uplugin
LogPluginManager: Loaded Plugin NUTUnrealEngine4, From C:/Program Files (x86)/Epic Games/4.13/Engine/Plugins/NetcodeUnitTest/NUTUnrealEngine4/NUTUnrealEngine4.uplugin
LogPluginManager: Loaded Plugin OnlineSubsystemGooglePlay, From C:/Program Files (x86)/Epic Games/4.13/Engine/Plugins/Online/Android/OnlineSubsystemGooglePlay/OnlineSubsystemGooglePlay.uplugin
LogPluginManager: Loaded Plugin OnlineSubsystemIOS, From C:/Program Files (x86)/Epic Games/4.13/Engine/Plugins/Online/IOS/OnlineSubsystemIOS/OnlineSubsystemIOS.uplugin
LogPluginManager: Loaded Plugin OnlineFramework, From C:/Program Files (x86)/Epic Games/4.13/Engine/Plugins/Online/OnlineFramework/OnlineFramework.uplugin
LogPluginManager: Loaded Plugin OnlineSubsystem, From C:/Program Files (x86)/Epic Games/4.13/Engine/Plugins/Online/OnlineSubsystem/OnlineSubsystem.uplugin
LogPluginManager: Loaded Plugin OnlineSubsystemAmazon, From C:/Program Files (x86)/Epic Games/4.13/Engine/Plugins/Online/OnlineSubsystemAmazon/OnlineSubsystemAmazon.uplugin
LogPluginManager: Loaded Plugin OnlineSubsystemFacebook, From C:/Program Files (x86)/Epic Games/4.13/Engine/Plugins/Online/OnlineSubsystemFacebook/OnlineSubsystemFacebook.uplugin
LogPluginManager: Loaded Plugin OnlineSubsystemNull, From C:/Program Files (x86)/Epic Games/4.13/Engine/Plugins/Online/OnlineSubsystemNull/OnlineSubsystemNull.uplugin
LogPluginManager: Loaded Plugin OnlineSubsystemOculus, From C:/Program Files (x86)/Epic Games/4.13/Engine/Plugins/Online/OnlineSubsystemOculus/OnlineSubsystemOculus.uplugin
LogPluginManager: Loaded Plugin OnlineSubsystemSteam, From C:/Program Files (x86)/Epic Games/4.13/Engine/Plugins/Online/OnlineSubsystemSteam/OnlineSubsystemSteam.uplugin
LogPluginManager: Loaded Plugin OnlineSubsystemUtils, From C:/Program Files (x86)/Epic Games/4.13/Engine/Plugins/Online/OnlineSubsystemUtils/OnlineSubsystemUtils.uplugin
LogPluginManager: Loaded Plugin IOSTapJoy, From C:/Program Files (x86)/Epic Games/4.13/Engine/Plugins/Runtime/Advertising/IOSTapJoy/IOSTapJoy.uplugin
LogPluginManager: Loaded Plugin AnalyticsBlueprintLibrary, From C:/Program Files (x86)/Epic Games/4.13/Engine/Plugins/Runtime/Analytics/AnalyticsBlueprintLibrary/AnalyticsBlueprintLibrary.uplugin
LogPluginManager: Loaded Plugin AnalyticsMulticast, From C:/Program Files (x86)/Epic Games/4.13/Engine/Plugins/Runtime/Analytics/AnalyticsMulticast/AnalyticsMulticast.uplugin
LogPluginManager: Loaded Plugin Apsalar, From C:/Program Files (x86)/Epic Games/4.13/Engine/Plugins/Runtime/Analytics/Apsalar/Apsalar.uplugin
LogPluginManager: Loaded Plugin FileLogging, From C:/Program Files (x86)/Epic Games/4.13/Engine/Plugins/Runtime/Analytics/FileLogging/FileLogging.uplugin
LogPluginManager: Loaded Plugin Flurry, From C:/Program Files (x86)/Epic Games/4.13/Engine/Plugins/Runtime/Analytics/Flurry/Flurry.uplugin
LogPluginManager: Loaded Plugin AndroidDeviceProfileSelector, From C:/Program Files (x86)/Epic Games/4.13/Engine/Plugins/Runtime/AndroidDeviceProfileSelector/AndroidDeviceProfileSelector.uplugin
LogPluginManager: Loaded Plugin AndroidMoviePlayer, From C:/Program Files (x86)/Epic Games/4.13/Engine/Plugins/Runtime/AndroidMoviePlayer/AndroidMoviePlayer.uplugin
LogPluginManager: Loaded Plugin AppleMoviePlayer, From C:/Program Files (x86)/Epic Games/4.13/Engine/Plugins/Runtime/AppleMoviePlayer/AppleMoviePlayer.uplugin
LogPluginManager: Loaded Plugin ArchVisCharacter, From C:/Program Files (x86)/Epic Games/4.13/Engine/Plugins/Runtime/ArchVisCharacter/ArchVisCharacter.uplugin
LogPluginManager: Loaded Plugin CableComponent, From C:/Program Files (x86)/Epic Games/4.13/Engine/Plugins/Runtime/CableComponent/CableComponent.uplugin
LogPluginManager: Loaded Plugin CustomMeshComponent, From C:/Program Files (x86)/Epic Games/4.13/Engine/Plugins/Runtime/CustomMeshComponent/CustomMeshComponent.uplugin
LogPluginManager: Loaded Plugin ExampleDeviceProfileSelector, From C:/Program Files (x86)/Epic Games/4.13/Engine/Plugins/Runtime/ExampleDeviceProfileSelector/ExampleDeviceProfileSelector.uplugin
LogPluginManager: Loaded Plugin GearVR, From C:/Program Files (x86)/Epic Games/4.13/Engine/Plugins/Runtime/GearVR/GearVR.uplugin
LogPluginManager: Loaded Plugin GoogleVRController, From C:/Program Files (x86)/Epic Games/4.13/Engine/Plugins/Runtime/GoogleVR/GoogleVRController/GoogleVRController.uplugin
LogPluginManager: Loaded Plugin GoogleVRHMD, From C:/Program Files (x86)/Epic Games/4.13/Engine/Plugins/Runtime/GoogleVR/GoogleVRHMD/GoogleVRHMD.uplugin
LogPluginManager: Loaded Plugin IOSDeviceProfileSelector, From C:/Program Files (x86)/Epic Games/4.13/Engine/Plugins/Runtime/IOSDeviceProfileSelector/IOSDeviceProfileSelector.uplugin
LogPluginManager: Loaded Plugin LeapMotion, From C:/Program Files (x86)/Epic Games/4.13/Engine/Plugins/Runtime/LeapMotion/LeapMotion.uplugin
LogPluginManager: Loaded Plugin LinuxDeviceProfileSelector, From C:/Program Files (x86)/Epic Games/4.13/Engine/Plugins/Runtime/LinuxDeviceProfileSelector/LinuxDeviceProfileSelector.uplugin
LogPluginManager: Loaded Plugin LiveEditorListenServer, From C:/Program Files (x86)/Epic Games/4.13/Engine/Plugins/Runtime/LiveEditorListenServer/LiveEditorListenServer.uplugin
LogPluginManager: Loaded Plugin OculusAudio, From C:/Program Files (x86)/Epic Games/4.13/Engine/Plugins/Runtime/OculusAudio/OculusAudio.uplugin
LogPluginManager: Loaded Plugin OculusInput, From C:/Program Files (x86)/Epic Games/4.13/Engine/Plugins/Runtime/OculusInput/OculusInput.uplugin
LogPluginManager: Loaded Plugin OculusLibrary, From C:/Program Files (x86)/Epic Games/4.13/Engine/Plugins/Runtime/OculusLibrary/OculusLibrary.uplugin
LogPluginManager: Loaded Plugin OculusRift, From C:/Program Files (x86)/Epic Games/4.13/Engine/Plugins/Runtime/OculusRift/OculusRift.uplugin
LogPluginManager: Loaded Plugin Oodle, From C:/Program Files (x86)/Epic Games/4.13/Engine/Plugins/Runtime/PacketHandlers/CompressionComponents/Oodle/Oodle.uplugin
LogPluginManager: Loaded Plugin ProceduralMeshComponent, From C:/Program Files (x86)/Epic Games/4.13/Engine/Plugins/Runtime/ProceduralMeshComponent/ProceduralMeshComponent.uplugin
LogPluginManager: Loaded Plugin SoundMod, From C:/Program Files (x86)/Epic Games/4.13/Engine/Plugins/Runtime/SoundMod/SoundMod.uplugin
LogPluginManager: Loaded Plugin SoundVisualizations, From C:/Program Files (x86)/Epic Games/4.13/Engine/Plugins/Runtime/SoundVisualizations/SoundVisualizations.uplugin
LogPluginManager: Loaded Plugin SteamController, From C:/Program Files (x86)/Epic Games/4.13/Engine/Plugins/Runtime/Steam/SteamController/SteamController.uplugin
LogPluginManager: Loaded Plugin SteamVR, From C:/Program Files (x86)/Epic Games/4.13/Engine/Plugins/Runtime/Steam/SteamVR/SteamVR.uplugin
LogPluginManager: Loaded Plugin WebBrowserWidget, From C:/Program Files (x86)/Epic Games/4.13/Engine/Plugins/Runtime/WebBrowserWidget/WebBrowserWidget.uplugin
LogPluginManager: Loaded Plugin WindowsDeviceProfileSelector, From C:/Program Files (x86)/Epic Games/4.13/Engine/Plugins/Runtime/WindowsDeviceProfileSelector/WindowsDeviceProfileSelector.uplugin
LogPluginManager: Loaded Plugin WindowsMoviePlayer, From C:/Program Files (x86)/Epic Games/4.13/Engine/Plugins/Runtime/WindowsMoviePlayer/WindowsMoviePlayer.uplugin
LogPluginManager: Loaded Plugin ScriptPlugin, From C:/Program Files (x86)/Epic Games/4.13/Engine/Plugins/ScriptPlugin/ScriptPlugin.uplugin
LogPluginManager: Loaded Plugin SlateRemote, From C:/Program Files (x86)/Epic Games/4.13/Engine/Plugins/Slate/SlateRemote/SlateRemote.uplugin
LogInit: Using libcurl 7.47.1
LogInit:  - built for x86_64-pc-win32
LogInit:  - supports SSL with WinSSL
LogInit:  - other features:
LogInit:      CURL_VERSION_SSL
LogInit:      CURL_VERSION_IPV6
LogInit:      CURL_VERSION_ASYNCHDNS
LogInit:      CURL_VERSION_LARGEFILE
LogInit:      CURL_VERSION_IDN
LogInit:  CurlRequestOptions (configurable via config and command line):
LogInit:  - bVerifyPeer = false  - Libcurl will NOT verify peer certificate
LogInit:  - bUseHttpProxy = false  - Libcurl will NOT use HTTP proxy
LogInit:  - bDontReuseConnections = false  - Libcurl will reuse connections
LogInit:  - CertBundlePath = nullptr  - Libcurl will use whatever was configured at build time.
LogInit: Build: ++UE4+Release-4.13-CL-3172292
LogInit: Engine Version: 4.13.2-3172292+++UE4+Release-4.13
LogInit: Compatible Engine Version: 4.13.0-3106830+++UE4+Release-4.13
LogInit: Net CL: 3172292
LogDevObjectVersion: Number of dev versions registered: 13
LogDevObjectVersion:   Dev-Blueprints (B0D832E4-1F89-4F0D-ACCF-7EB736FD4AA2): 5
LogDevObjectVersion:   Dev-Build (E1C64328-A22C-4D53-A36C-8E866417BD8C): 0
LogDevObjectVersion:   Dev-Core (375EC13C-06E4-48FB-B500-84F0262A717E): 1
LogDevObjectVersion:   Dev-Editor (E4B068ED-F494-42E9-A231-DA0B2E46BB41): 6
LogDevObjectVersion:   Dev-Framework (CFFC743F-43B0-4480-9391-14DF171D2073): 12
LogDevObjectVersion:   Dev-Mobile (B02B49B5-BB20-44E9-A304-32B752E40360): 0
LogDevObjectVersion:   Dev-Networking (A4E4105C-59A1-49B5-A7C5-40C4547EDFEE): 0
LogDevObjectVersion:   Dev-Online (39C831C9-5AE6-47DC-9A44-9C173E1C8E7C): 0
LogDevObjectVersion:   Dev-Physics (78F01B33-EBEA-4F98-B9B4-84EACCB95AA2): 0
LogDevObjectVersion:   Dev-Platform (6631380F-2D4D-43E0-8009-CF276956A95A): 0
LogDevObjectVersion:   Dev-Rendering (12F88B9F-8875-4AFC-A67C-D90C383ABD29): 4
LogDevObjectVersion:   Dev-Sequencer (7B5AE74C-D270-4C10-A958-57980B212A5A): 0
LogDevObjectVersion:   Dev-VR (D7296918-1DD6-4BDD-9DE2-64A83CC13884): 0
LogInit: Compiled (64-bit): Oct 24 2016 14:29:06
LogInit: Compiled with Visual C++: 19.00.23026.00
LogInit: Build Configuration: Development
LogInit: Branch Name: ++UE4+Release-4.13
LogInit: Command line: -EpicPortal 
LogInit: Base directory: C:/Program Files (x86)/Epic Games/4.13/Engine/Binaries/Win64/
LogInit: Installed Engine Build: 1
LogInit: Presizing for max 8388607 objects, including 0 objects not considered by GC, pre-allocating 0 bytes for permanent pool.
LogInit: Object subsystem initialized
[2017.02.28-00.52.56:886][  0]LogInit: Selected Device Profile: [Windows]
[2017.02.28-00.52.56:886][  0]LogInit: Applying CVar settings loaded from the selected device profile: [Windows]
[2017.02.28-00.52.56:912][  0]LogInit: Computer: PC_ON_MAC
[2017.02.28-00.52.56:912][  0]LogInit: User: DavidBarnes
[2017.02.28-00.52.56:912][  0]LogInit: CPU Page size=65536, Cores=4
[2017.02.28-00.52.56:912][  0]LogInit: High frequency timer resolution =2.148515 MHz
[2017.02.28-00.52.56:912][  0]LogMemory: Memory total: Physical=7.9GB (8GB approx)
[2017.02.28-00.52.56:912][  0]LogMemory: Platform Memory Stats for Windows
[2017.02.28-00.52.56:912][  0]LogMemory: Process Physical Memory: 257.82 MB used, 257.82 MB peak
[2017.02.28-00.52.56:912][  0]LogMemory: Process Virtual Memory: 261.65 MB used, 261.65 MB peak
[2017.02.28-00.52.56:912][  0]LogMemory: Physical Memory: 3831.29 MB used, 8102.73 MB total
[2017.02.28-00.52.56:912][  0]LogMemory: Virtual Memory: 592.06 MB used, 8388608.00 MB total
[2017.02.28-00.52.56:957][  0]LogTextLocalizationManager: No specific translations for ('en-US') exist, so ('en') translations will be used.
[2017.02.28-00.52.57:753][  0]LogD3D11RHI: D3D11 adapters:
[2017.02.28-00.52.57:763][  0]LogD3D11RHI:    0. 'AMD Radeon 6600M and 6700M Series' (Feature Level 11_0)
[2017.02.28-00.52.57:763][  0]LogD3D11RHI:       1008/0/3795 MB DedicatedVideo/DedicatedSystem/SharedSystem, Outputs:2, VendorId:0x1002
[2017.02.28-00.52.57:763][  0]LogD3D11RHI: Chosen D3D11 Adapter: 0
[2017.02.28-00.52.57:768][  0]LogD3D11RHI: Creating new Direct3DDevice
[2017.02.28-00.52.57:768][  0]LogD3D11RHI:     GPU DeviceId: 0x6741 (for the marketing name, search the web for "GPU Device Id")
[2017.02.28-00.52.57:768][  0]LogWindows: EnumDisplayDevices:
[2017.02.28-00.52.57:768][  0]LogWindows:    0. 'AMD Radeon 6600M and 6700M Series' (P:0 D:1)
[2017.02.28-00.52.57:768][  0]LogWindows:    1. 'AMD Radeon 6600M and 6700M Series' (P:1 D:1)
[2017.02.28-00.52.57:769][  0]LogWindows:    2. 'AMD Radeon 6600M and 6700M Series' (P:0 D:0)
[2017.02.28-00.52.57:769][  0]LogWindows:    3. 'AMD Radeon 6600M and 6700M Series' (P:0 D:0)
[2017.02.28-00.52.57:769][  0]LogWindows:    4. 'RDPDD Chained DD' (P:0 D:0)
[2017.02.28-00.52.57:770][  0]LogWindows:    5. 'RDP Encoder Mirror Driver' (P:0 D:0)
[2017.02.28-00.52.57:770][  0]LogWindows:    6. 'RDP Reflector Display Driver' (P:0 D:0)
[2017.02.28-00.52.57:770][  0]LogWindows: DebugString: PrimaryIsNotTheChoosenAdapter PrimaryIsNotTheChoosenAdapter PrimaryIsNotTheChoosenAdapter PrimaryIsNotTheChoosenAdapter GetVideoDriverDetailsInvalid PrimaryIsNotTheChoosenAdapter GetVideoDriverDetailsInvalid PrimaryIsNotTheChoosenAdapter GetVideoDriverDetailsInvalid PrimaryIsNotTheChoosenAdapter FoundDriverCount:0 
[2017.02.28-00.52.57:770][  0]LogD3D11RHI:     Adapter Name: AMD Radeon 6600M and 6700M Series
[2017.02.28-00.52.57:770][  0]LogD3D11RHI:   Driver Version: Unknown (internal:Unknown, unified:Unknown)
[2017.02.28-00.52.57:770][  0]LogD3D11RHI:      Driver Date: Unknown
[2017.02.28-00.52.57:770][  0]LogRHI: Texture pool is 706 MB (70% of 1008 MB)
[2017.02.28-00.52.57:778][  0]LogD3D11RHI: Async texture creation enabled
[2017.02.28-00.52.57:793][  0]LogD3D11RHI: GPU Timing Frequency: 27.000000 (Debug: 2 1)
[2017.02.28-00.52.57:793][  0]LogShaderCompilers: Guid format shader working directory is -46 characters bigger than the processId version (../../../../../../Users/David Barnes/Documents/GitHub/ProjectLonesomeRecovered/Project_lonesome/Intermediate/Shaders/WorkingDirectory/5668/).
[2017.02.28-00.52.57:794][  0]LogShaderCompilers: Cleaned the shader compiler working directory 'C:/Users/DAVIDB~1/AppData/Local/Temp/UnrealShaderWorkingDir/B955EE254AA01736414F4EA9017B503B/'.
[2017.02.28-00.52.57:794][  0]LogShaderCompilers:Display: Using Local Shader Compiler.
[2017.02.28-00.52.59:076][  0]LogTemp:Display: Loaded TP AllDesktopTargetPlatform
[2017.02.28-00.52.59:087][  0]LogTemp:Display: Loaded TP WindowsClientTargetPlatform
[2017.02.28-00.52.59:098][  0]LogTemp:Display: Loaded TP WindowsNoEditorTargetPlatform
[2017.02.28-00.52.59:109][  0]LogTemp:Display: Loaded TP WindowsServerTargetPlatform
[2017.02.28-00.52.59:120][  0]LogTemp:Display: Loaded TP WindowsTargetPlatform
[2017.02.28-00.52.59:130][  0]LogTemp:Display: Loaded TP AndroidTargetPlatform
[2017.02.28-00.52.59:138][  0]LogTemp:Display: Loaded TP Android_ASTCTargetPlatform
[2017.02.28-00.52.59:147][  0]LogTemp:Display: Loaded TP Android_ATCTargetPlatform
[2017.02.28-00.52.59:156][  0]LogTemp:Display: Loaded TP Android_DXTTargetPlatform
[2017.02.28-00.52.59:165][  0]LogTemp:Display: Loaded TP Android_ETC1TargetPlatform
[2017.02.28-00.52.59:174][  0]LogTemp:Display: Loaded TP Android_ETC2TargetPlatform
[2017.02.28-00.52.59:191][  0]LogTemp:Display: Loaded TP Android_MultiTargetPlatform
[2017.02.28-00.52.59:191][  0]LogTemp:Display: Loaded TP Android_PVRTCTargetPlatform
[2017.02.28-00.52.59:193][  0]LogTemp:Display: Loaded TP HTML5TargetPlatform
[2017.02.28-00.52.59:215][  0]LogTemp:Display: Loaded TP IOSTargetPlatform
[2017.02.28-00.52.59:223][  0]LogTemp:Display: Loaded TP TVOSTargetPlatform
[2017.02.28-00.52.59:232][  0]LogTemp:Display: Loaded TP LinuxClientTargetPlatform
[2017.02.28-00.52.59:240][  0]LogTemp:Display: Loaded TP LinuxNoEditorTargetPlatform
[2017.02.28-00.52.59:248][  0]LogTemp:Display: Loaded TP LinuxServerTargetPlatform
[2017.02.28-00.52.59:257][  0]LogTemp:Display: Loaded TP LinuxTargetPlatform
[2017.02.28-00.52.59:257][  0]LogTargetPlatformManager:Display: Building Assets For Windows
[2017.02.28-00.52.59:370][  0]LogDerivedDataCache:Display: Max Cache Size: 512 MB
[2017.02.28-00.52.59:441][  0]LogDerivedDataCache: Loaded boot cache 0.07s 62MB C:/Users/David Barnes/AppData/Local/UnrealEngine/4.13/DerivedDataCache/Boot.ddc.
[2017.02.28-00.52.59:441][  0]LogDerivedDataCache:Display: Loaded Boot cache: C:/Users/David Barnes/AppData/Local/UnrealEngine/4.13/DerivedDataCache/Boot.ddc
[2017.02.28-00.52.59:441][  0]LogDerivedDataCache: FDerivedDataBackendGraph:  Pak pak cache file ../../../../../../Users/David Barnes/Documents/GitHub/ProjectLonesomeRecovered/Project_lonesome/DerivedDataCache/DDC.ddp not found, will not use a pak cache.
[2017.02.28-00.52.59:441][  0]LogDerivedDataCache: Unable to find inner node Pak for hierarchical cache Hierarchy.
[2017.02.28-00.52.59:441][  0]LogDerivedDataCache: FDerivedDataBackendGraph:  CompressedPak pak cache file ../../../../../../Users/David Barnes/Documents/GitHub/ProjectLonesomeRecovered/Project_lonesome/DerivedDataCache/Compressed.ddp not found, will not use a pak cache.
[2017.02.28-00.52.59:441][  0]LogDerivedDataCache: Unable to find inner node CompressedPak for hierarchical cache Hierarchy.
[2017.02.28-00.52.59:462][  0]LogDerivedDataCache:Display: Pak cache opened for reading ../../../Engine/DerivedDataCache/Compressed.ddp.
[2017.02.28-00.52.59:474][  0]LogDerivedDataCache: Using Local data cache path C:/Users/David Barnes/AppData/Local/UnrealEngine/Common/DerivedDataCache: Writable
[2017.02.28-00.52.59:753][  0]LogInit: Selected Device Profile: [Windows]
[2017.02.28-00.52.59:754][  0]LogMaterial: Uniform references updated for custom material expression Custom.
[2017.02.28-00.52.59:759][  0]LogContentStreaming: Texture pool size is 0.00 MB
[2017.02.28-00.53.00:034][  0]LogMeshUtilities: No automatic mesh reduction module available
[2017.02.28-00.53.00:034][  0]LogMeshUtilities: No automatic mesh merging module available
[2017.02.28-00.53.00:034][  0]LogMeshUtilities: No distributed automatic mesh merging module available
[2017.02.28-00.53.00:507][  0]LogNetVersion: GetLocalNetworkVersion: CL: 3106830, ProjectName: project_lonesome, ProjectVersion: , EngineNetworkVersion: 1, GameNetworkVersion: 0, NetworkChecksum: 2580453821
[2017.02.28-00.53.00:548][  0]LogAssetRegistry: FAssetRegistry took 0.0201 seconds to start up
[2017.02.28-00.53.00:576][  0]LogPackageLocalizationCache: Processed 3 localized package path(s) for 2 prioritized culture(s) in 0.024573 seconds
[2017.02.28-00.53.00:582][  0]LogUObjectArray: 29778 objects as part of root set at end of initial load.
[2017.02.28-00.53.00:582][  0]LogUObjectAllocator: 6125456 out of 0 bytes used by permanent object pool.
[2017.02.28-00.53.00:582][  0]LogUObjectArray: CloseDisregardForGC: 0/0 objects in disregard for GC pool
[2017.02.28-00.53.00:592][  0]LogInit: WinSock: version 1.1 (2.2), MaxSocks=32767, MaxUdp=65467
[2017.02.28-00.53.00:878][  0]LogSlate: SlateFontCache - WITH_FREETYPE: 1, WITH_HARFBUZZ: 1
[2017.02.28-00.53.00:878][  0]LogSlate: SlateFontCache - WITH_FREETYPE: 1, WITH_HARFBUZZ: 1
[2017.02.28-00.53.01:907][  0]LogTcpMessaging: Initializing TcpMessaging bridge
[2017.02.28-00.53.01:931][  0]LogUdpMessaging: Initializing bridge on interface 0.0.0.0:0 to multicast group 230.0.0.1:6666.
[2017.02.28-00.53.02:312][  0]SourceControl: Info Source control is disabled
[2017.02.28-00.53.02:313][  0]SourceControl: Info Source control is disabled
[2017.02.28-00.53.02:327][  0]SourceControl: Info Source control is disabled
[2017.02.28-00.53.02:341][  0]SourceControl: Info Source control is disabled
[2017.02.28-00.53.02:758][  0]LogEngine: Initializing Engine...
[2017.02.28-00.53.02:759][  0]LogHMD: Failed to initialize OpenVR with code 110
[2017.02.28-00.53.02:923][  0]LogAIModule: Creating AISystem for world Untitled
[2017.02.28-00.53.02:947][  0]LogInit: XAudio2 using 'Speakers (Logitech USB Headset)' : 2 channels at 44.1 kHz using 16 bits per sample (channel mask 0x3)
[2017.02.28-00.53.02:980][  0]LogInit: FAudioDevice initialized.
[2017.02.28-00.53.03:012][  0]LogDerivedDataCache: Saved boot cache 0.03s 62MB C:/Users/David Barnes/AppData/Local/UnrealEngine/4.13/DerivedDataCache/Boot.ddc.
[2017.02.28-00.53.03:021][  0]LogInit: Texture streaming: Enabled
[2017.02.28-00.53.03:052][  0]LogInit: Transaction tracking system initialized
[2017.02.28-00.53.03:086][  0]BlueprintLog: New page: Editor Load
[2017.02.28-00.53.03:258][  0]LocalizationService: Info Localization service is disabled
[2017.02.28-00.53.03:380][  0]LogConsoleResponse:Display: 
[2017.02.28-00.53.03:515][  0]LogCook:Display: Max memory allowance for cook 16384mb min free memory 0mb
[2017.02.28-00.53.03:515][  0]LogCook:Display: Mobile HDR setting 1
[2017.02.28-00.53.03:748][  0]LogFileCache: Scanning file cache for directory 'C:/Users/David Barnes/Documents/GitHub/ProjectLonesomeRecovered/Project_lonesome/Content/' took 0.02s
[2017.02.28-00.53.03:748][  0]SourceControl: Info Source control is disabled
[2017.02.28-00.53.03:783][  0]LightingResults: New page: Lighting Build
[2017.02.28-00.53.03:787][  0]MapCheck: New page: Map Check
[2017.02.28-00.53.03:787][  0]LightingResults: New page: Lighting Build
[2017.02.28-00.53.11:712][  0]LogTexture:Display: Building textures: 215588 (AutoDXT)
[2017.02.28-00.53.15:055][  0]LogAudioDerivedData:Display: Building compressed audio format OGG wave footstep...
[2017.02.28-00.53.15:380][  0]LogAIModule: Creating AISystem for world FirstPersonExampleMap
[2017.02.28-00.53.15:394][  0]LogEditorServer: Finished looking for orphan Actors (0.000 secs)
[2017.02.28-00.53.15:395][  0]Cmd: MAP CHECKDEP NOCLEARLOG
[2017.02.28-00.53.15:499][  0]MapCheck: Info Map check complete: 0 Error(s), 0 Warning(s), took 103.28ms to complete.
[2017.02.28-00.53.15:499][  0]LogFileHelpers: Loading map 'FirstPersonExampleMap' took 11.750
[2017.02.28-00.53.15:957][  0]LogCollectionManager: Loaded 1 collections in 0.004474 seconds
[2017.02.28-00.53.16:007][  0]LogFileCache: Scanning file cache for directory 'C:/Users/David Barnes/Documents/GitHub/ProjectLonesomeRecovered/Project_lonesome/Saved/Collections/' took 0.01s
[2017.02.28-00.53.16:007][  0]LogFileCache: Scanning file cache for directory 'C:/Users/David Barnes/Documents/GitHub/ProjectLonesomeRecovered/Project_lonesome/Content/Developers/DavidBarnes/Collections/' took 0.01s
[2017.02.28-00.53.16:007][  0]LogFileCache: Scanning file cache for directory 'C:/Users/David Barnes/Documents/GitHub/ProjectLonesomeRecovered/Project_lonesome/Content/Collections/' took 0.01s
[2017.02.28-00.53.16:007][  0]LogCollectionManager: Rebuilt the GUID cache for 1 collections in 0.000007 seconds
[2017.02.28-00.53.16:007][  0]LogCollectionManager: Rebuilt the hierarchy cache for 1 collections in 0.000000 seconds
[2017.02.28-00.53.16:022][  0]LogContentBrowser: Native class hierarchy populated in 0.0143 seconds. Added 2141 classes and 415 folders.
[2017.02.28-00.53.16:029][  0]LogStats: UGameplayTagsManager::ConstructGameplayTagTree: Construct from data asset -  0.000 s
[2017.02.28-00.53.16:029][  0]LogStats: UGameplayTagsManager::ConstructGameplayTagTree: GameplayTagTreeChangedEvent.Broadcast -  0.000 s
[2017.02.28-00.53.16:030][  0]LogContentBrowser: Native class hierarchy updated for 'GameplayTags' in 0.0007 seconds. Added 12 classes and 0 folders.
[2017.02.28-00.53.16:037][  0]LogContentBrowser: Native class hierarchy updated for 'WidgetCarousel' in 0.0005 seconds. Added 0 classes and 0 folders.
[2017.02.28-00.53.20:597][  0]LogContentBrowser: Native class hierarchy updated for 'AddContentDialog' in 0.0012 seconds. Added 0 classes and 0 folders.
[2017.02.28-00.53.21:090][  0]LogContentBrowser: Native class hierarchy updated for 'SceneOutliner' in 0.0012 seconds. Added 1 classes and 2 folders.
[2017.02.28-00.53.21:114][  0]LogCrashTracker: Crashtracker disabled due to settings.
[2017.02.28-00.53.21:118][  0]LogUObjectGlobals:Warning: Failed to find object 'Class None.'
[2017.02.28-00.53.21:145][  0]LogContentBrowser: Native class hierarchy updated for 'HierarchicalLODOutliner' in 0.0006 seconds. Added 1 classes and 2 folders.
[2017.02.28-00.53.21:145][  0]LogLoad: (Engine Initialization) Total time: 25.95 seconds
[2017.02.28-00.53.21:145][  0]LogLoad: (Engine Initialization) Total Blueprint compile time: 0.39 seconds
[2017.02.28-00.53.21:145][  0]LogExternalProfiler: No external profilers were discovered.  External profiling features will not be available.
[2017.02.28-00.53.21:154][  0]LogOcInput: OculusInput pre-init called
[2017.02.28-00.53.21:177][  0]LogContentStreaming: Texture pool size now 1000 MB
[2017.02.28-00.53.22:051][  2]LogRenderer: Reallocating scene render targets to support 880x472 (Frame:2).
[2017.02.28-00.53.50:686][138]LogAssetRegistry: Asset discovery search completed in 50.1569 seconds
[2017.02.28-00.53.50:686][138]LogCollectionManager: Rebuilt the object cache for 1 collections in 0.000016 seconds (found 0 objects)
[2017.02.28-00.53.50:686][138]LogCollectionManager: Fixed up redirectors for 1 collections in 0.000038 seconds (updated 0 objects)
[2017.02.28-00.54.15:306][ 10]LogTexture:Display: Building textures: T_Door_N (BC5)
[2017.02.28-00.54.15:844][ 10]LogTexture:Display: Building textures: T_Door_M (DXT1)
[2017.02.28-00.54.16:498][ 10]LogStaticMesh: Building static mesh AxeFordoor...
[2017.02.28-00.54.17:073][ 10]LogStaticMesh: Built static mesh [0.58s] /Game/Objects/AxeFordoor.AxeFordoor
[2017.02.28-00.54.17:110][ 10]LogTexture:Display: Building textures: Room_207 (AutoDXT)
[2017.02.28-00.54.17:322][ 10]LogTexture:Display: Building textures: Room_205 (AutoDXT)
[2017.02.28-00.54.17:667][ 10]LogTexture:Display: Building textures: Room_213 (AutoDXT)
[2017.02.28-00.54.17:897][ 10]LogTexture:Display: Building textures: Room_209 (AutoDXT)
[2017.02.28-00.54.18:103][ 10]LogStaticMesh: Building static mesh Rope...
[2017.02.28-00.54.18:152][ 10]LogStaticMesh: Built static mesh [0.05s] /Game/Objects/Rope.Rope
[2017.02.28-00.54.18:182][ 10]LogTexture:Display: Building textures: Room_204 (AutoDXT)
[2017.02.28-00.54.18:368][ 10]LogTexture:Display: Building textures: PH_Notes (AutoDXT)
[2017.02.28-00.54.19:176][ 10]LogTexture:Display: Building textures: Room_203 (AutoDXT)
[2017.02.28-00.54.19:322][ 10]LogTexture:Display: Building textures: Room_215 (AutoDXT)
[2017.02.28-00.54.19:567][ 10]LogTexture:Display: Building textures: Room_220 (AutoDXT)
[2017.02.28-00.54.19:762][ 10]LogMaterial: Missing cached shader map for material Material_002, compiling. 
[2017.02.28-00.54.19:814][ 10]LogMaterial: Missing cached shader map for material Material_003, compiling. 
[2017.02.28-00.54.20:300][ 10]LogTexture:Display: Building textures: HQ_Lightmap0_1 (AutoDXT)
[2017.02.28-00.54.20:903][ 10]LogTexture:Display: Building textures: HQ_Lightmap0_2 (AutoDXT)
[2017.02.28-00.54.21:594][ 10]LogTexture:Display: Building textures: HQ_Lightmap1_3 (AutoDXT)
[2017.02.28-00.54.21:997][ 10]LogTexture:Display: Building textures: LQ_Lightmap_0_1 (DXT1)
[2017.02.28-00.54.22:247][ 10]LogTexture:Display: Building textures: LQ_Lightmap_0_2 (DXT1)
[2017.02.28-00.54.22:522][ 10]LogTexture:Display: Building textures: LQ_Lightmap_1_3 (DXT1)
[2017.02.28-00.54.22:674][ 10]LogTexture:Display: Building textures: ShadowMapTexture2D_1 (G8)
[2017.02.28-00.54.22:807][ 10]LogTexture:Display: Building textures: ShadowMapTexture2D_2 (G8)
[2017.02.28-00.54.22:867][ 10]LogStaticMesh: Building static mesh Broken_TV...
[2017.02.28-00.54.23:359][ 10]LogStaticMesh: Built static mesh [0.49s] /Game/Objects/Broken_TV.Broken_TV
[2017.02.28-00.54.23:367][ 10]LogStaticMesh: Building static mesh Door...
[2017.02.28-00.54.23:393][ 10]LogStaticMesh: Built static mesh [0.03s] /Game/SimpleDoorLockSystem/Objects/Door.Door
[2017.02.28-00.54.23:476][ 10]LogStaticMesh: Building static mesh Safe...
[2017.02.28-00.56.54:395][ 10]LogStaticMesh: Built static mesh [150.91s] /Game/Objects/Safe.Safe
[2017.02.28-00.56.54:416][ 10]LogStaticMesh: Building static mesh Star_piece...
[2017.02.28-00.56.54:426][ 10]LogStaticMesh: Built static mesh [0.01s] /Game/Objects/Star_piece.Star_piece
[2017.02.28-00.56.54:427][ 10]LogStaticMesh: Building static mesh Triangle_piece...
[2017.02.28-00.56.54:430][ 10]LogStaticMesh: Built static mesh [0.00s] /Game/Objects/Triangle_piece.Triangle_piece
[2017.02.28-00.56.54:619][ 10]LogTexture:Display: Building textures: T_Frame_N (BC5)
[2017.02.28-00.56.55:150][ 10]LogTexture:Display: Building textures: T_Frame_M (DXT1)
[2017.02.28-00.56.56:144][ 10]LogMaterial: Missing cached shader map for material Material, compiling. 
[2017.02.28-00.56.56:173][ 10]LogMaterial: Missing cached shader map for material Material_006, compiling. 
[2017.02.28-00.56.56:306][ 10]LogMaterial: Missing cached shader map for material Material_004, compiling. 
[2017.02.28-00.56.56:333][ 10]LogMaterial: Missing cached shader map for material Material_005, compiling. 
[2017.02.28-00.56.56:758][ 10]LogTexture:Display: Building textures: T_Metal_Gold_N (BC5)
[2017.02.28-00.56.57:727][ 10]LogTexture:Display: Building textures: T_Metal_Aluminum_D (AutoDXT)
[2017.02.28-00.57.01:808][ 10]LogMaterial: Missing cached shader map for material DoorKnob_Material, compiling. 
[2017.02.28-00.57.01:949][ 10]LogTexture:Display: Building textures: Door_Texture (AutoDXT)
[2017.02.28-00.57.02:600][ 10]LogMaterial: Missing cached shader map for material Door_and_DoorFrame_Material, compiling. 
[2017.02.28-00.57.02:704][ 10]LogMaterial: Missing cached shader map for material Material_001, compiling. 
[2017.02.28-00.57.03:662][ 10]LogAIModule: Creating AISystem for world Second-Floor
[2017.02.28-00.57.03:819][ 10]LogAudioDerivedData:Display: Building compressed audio format OGG wave Background_3...
[2017.02.28-00.57.11:252][ 10]LogAudioDerivedData:Display: Building compressed audio format OGG wave Banging...
[2017.02.28-00.57.12:302][ 10]LogTexture:Display: Building textures: S_AudioComponent_AutoActivate (BGRA8)
[2017.02.28-00.57.12:346][ 10]Cmd: MAP LOAD FILE="../../../../../../Users/David Barnes/Documents/GitHub/ProjectLonesomeRecovered/Project_lonesome/Content/Levels/Second-Floor.umap" TEMPLATE=0 SHOWPROGRESS=1 FEATURELEVEL=3
[2017.02.28-00.57.12:346][ 10]LightingResults: New page: Lighting Build
[2017.02.28-00.57.12:347][ 10]LoadErrors: New page: Loading map: Second-Floor.umap
[2017.02.28-00.57.12:348][ 10]MapCheck: New page: Map Check
[2017.02.28-00.57.12:348][ 10]LightingResults: New page: Lighting Build
[2017.02.28-00.57.12:493][ 10]LogEditorServer: Finished looking for orphan Actors (0.000 secs)
[2017.02.28-00.57.12:536][ 10]Cmd: MAP CHECKDEP NOCLEARLOG
[2017.02.28-00.57.12:657][ 10]MapCheck: Info Map check complete: 0 Error(s), 0 Warning(s), took 120.702ms to complete.
[2017.02.28-00.57.12:657][ 10]LogFileHelpers: Loading map 'Second-Floor' took 0.312
[2017.02.28-00.58.02:887][810]LogEditorViewport: Clicking Background
[2017.02.28-00.58.53:130][386]LogFactory: FactoryCreateFile: StaticMesh with FbxFactory (0 0 ../../../../../../Users/David Barnes/Documents/Blender/Nurse.fbx)
[2017.02.28-00.58.53:361][386]LogFbx: ItemName: GlobalSettings, ItemCount : 1
[2017.02.28-00.58.53:361][386]LogFbx: ItemName: NodeAttribute, ItemCount : 33
[2017.02.28-00.58.53:361][386]LogFbx: ItemName: Geometry, ItemCount : 30
[2017.02.28-00.58.53:361][386]LogFbx: ItemName: Model, ItemCount : 63
[2017.02.28-00.58.53:361][386]LogFbx: ItemName: Pose, ItemCount : 1
[2017.02.28-00.58.53:361][386]LogFbx: ItemName: Deformer, ItemCount : 33
[2017.02.28-00.58.53:361][386]LogFbx: ItemName: Material, ItemCount : 7
[2017.02.28-00.58.53:361][386]LogFbx: ItemName: Texture, ItemCount : 7
[2017.02.28-00.58.53:361][386]LogFbx: ItemName: Video, ItemCount : 7
[2017.02.28-00.58.53:421][386]LogFbx: Loading FBX Scene from ../../../../../../Users/David Barnes/Documents/Blender/Nurse.fbx
[2017.02.28-00.58.53:578][386]LogFbx: FBX Scene Loaded Succesfully
[2017.02.28-01.01.11:383][386]LogFbx: Loading FBX Scene from ../../../../../../Users/David Barnes/Documents/Blender/Nurse.fbx
[2017.02.28-01.01.11:442][386]LogFbx: FBX Scene Loaded Succesfully
[2017.02.28-01.01.11:446][386]LogFbx: =================================================
[2017.02.28-01.01.11:446][386]LogFbx: Dumping Node START [Nurse:Proxy] 
[2017.02.28-01.01.11:446][386]LogFbx: 	Total Deformer Count 568781312.
[2017.02.28-01.01.11:446][386]LogFbx: 		[Node 1] Nurse (Type Skin).
[2017.02.28-01.01.11:446][386]LogFbx: =================================================
[2017.02.28-01.01.11:446][386]LogFbx: 	Attribute (Nurse:Proxy) Type (4).
[2017.02.28-01.01.11:446][386]LogFbx: 		[Node Attribute Child 1] Nurse:Proxy (Type Mesh).
[2017.02.28-01.01.11:446][386]LogFbx: Dumping Node END [Nurse:Proxy]
[2017.02.28-01.01.11:446][386]LogFbx: =================================================
[2017.02.28-01.01.11:446][386]LogFbx: Dumping Node START [GZM_Tongue] 
[2017.02.28-01.01.11:446][386]LogFbx: 	Total Deformer Count 568781312.
[2017.02.28-01.01.11:446][386]LogFbx: 	Attribute (GZM_Tongue) Type (4).
[2017.02.28-01.01.11:446][386]LogFbx: 		[Node Attribute Child 1] GZM_Tongue (Type Mesh).
[2017.02.28-01.01.11:446][386]LogFbx: Dumping Node END [GZM_Tongue]
[2017.02.28-01.01.11:446][386]LogFbx: =================================================
[2017.02.28-01.01.11:447][386]LogFbx: Dumping Node START [GZM_Jaw] 
[2017.02.28-01.01.11:447][386]LogFbx: 	Total Deformer Count 1068052320.
[2017.02.28-01.01.11:447][386]LogFbx: 	Attribute (Mesh) Type (4).
[2017.02.28-01.01.11:447][386]LogFbx: 		[Node Attribute Child 1] GZM_Jaw (Type Mesh).
[2017.02.28-01.01.11:447][386]LogFbx: Dumping Node END [GZM_Jaw]
[2017.02.28-01.01.11:447][386]LogFbx: =================================================
[2017.02.28-01.01.11:447][386]LogFbx: Dumping Node START [GZM_Cube025] 
[2017.02.28-01.01.11:447][386]LogFbx: 	Total Deformer Count 568781312.
[2017.02.28-01.01.11:447][386]LogFbx: 	Attribute (GZM_Cube025) Type (4).
[2017.02.28-01.01.11:447][386]LogFbx: 		[Node Attribute Child 1] GZM_Cube025 (Type Mesh).
[2017.02.28-01.01.11:447][386]LogFbx: Dumping Node END [GZM_Cube025]
[2017.02.28-01.01.11:447][386]LogFbx: =================================================
[2017.02.28-01.01.11:447][386]LogFbx: Dumping Node START [GZM_Circle025] 
[2017.02.28-01.01.11:447][386]LogFbx: 	Total Deformer Count 568507696.
[2017.02.28-01.01.11:447][386]LogFbx: 	Attribute (Mesh.001) Type (4).
[2017.02.28-01.01.11:447][386]LogFbx: 		[Node Attribute Child 1] GZM_Circle025 (Type Mesh).
[2017.02.28-01.01.11:447][386]LogFbx: Dumping Node END [GZM_Circle025]
[2017.02.28-01.01.11:447][386]LogFbx: =================================================
[2017.02.28-01.01.11:447][386]LogFbx: Dumping Node START [GZM_CircleSpine] 
[2017.02.28-01.01.11:447][386]LogFbx: 	Total Deformer Count 568507696.
[2017.02.28-01.01.11:447][386]LogFbx: 	Attribute (Mesh.002) Type (4).
[2017.02.28-01.01.11:447][386]LogFbx: 		[Node Attribute Child 1] GZM_CircleSpine (Type Mesh).
[2017.02.28-01.01.11:447][386]LogFbx: Dumping Node END [GZM_CircleSpine]
[2017.02.28-01.01.11:447][386]LogFbx: =================================================
[2017.02.28-01.01.11:447][386]LogFbx: Dumping Node START [GZM_Toe] 
[2017.02.28-01.01.11:447][386]LogFbx: 	Total Deformer Count 1068052320.
[2017.02.28-01.01.11:447][386]LogFbx: 	Attribute (GZM_Toe) Type (4).
[2017.02.28-01.01.11:447][386]LogFbx: 		[Node Attribute Child 1] GZM_Toe (Type Mesh).
[2017.02.28-01.01.11:447][386]LogFbx: Dumping Node END [GZM_Toe]
[2017.02.28-01.01.11:447][386]LogFbx: =================================================
[2017.02.28-01.01.11:447][386]LogFbx: Dumping Node START [GZM_FaceHead] 
[2017.02.28-01.01.11:447][386]LogFbx: 	Total Deformer Count 568500016.
[2017.02.28-01.01.11:447][386]LogFbx: 	Attribute (Mesh.003) Type (4).
[2017.02.28-01.01.11:447][386]LogFbx: 		[Node Attribute Child 1] GZM_FaceHead (Type Mesh).
[2017.02.28-01.01.11:447][386]LogFbx: Dumping Node END [GZM_FaceHead]
[2017.02.28-01.01.11:447][386]LogFbx: =================================================
[2017.02.28-01.01.11:447][386]LogFbx: Dumping Node START [GZM_Breast_L] 
[2017.02.28-01.01.11:447][386]LogFbx: 	Total Deformer Count 568500016.
[2017.02.28-01.01.11:447][386]LogFbx: 	Attribute (Mesh.004) Type (4).
[2017.02.28-01.01.11:447][386]LogFbx: 		[Node Attribute Child 1] GZM_Breast_L (Type Mesh).
[2017.02.28-01.01.11:447][386]LogFbx: Dumping Node END [GZM_Breast_L]
[2017.02.28-01.01.11:447][386]LogFbx: =================================================
[2017.02.28-01.01.11:447][386]LogFbx: Dumping Node START [GZM_Root] 
[2017.02.28-01.01.11:447][386]LogFbx: 	Total Deformer Count 1068052320.
[2017.02.28-01.01.11:447][386]LogFbx: 	Attribute (GZM_Root) Type (4).
[2017.02.28-01.01.11:447][386]LogFbx: 		[Node Attribute Child 1] GZM_Root (Type Mesh).
[2017.02.28-01.01.11:447][386]LogFbx: Dumping Node END [GZM_Root]
[2017.02.28-01.01.11:447][386]LogFbx: =================================================
[2017.02.28-01.01.11:447][386]LogFbx: Dumping Node START [GZM_Breast_R] 
[2017.02.28-01.01.11:447][386]LogFbx: 	Total Deformer Count 568499456.
[2017.02.28-01.01.11:447][386]LogFbx: 	Attribute (Mesh.005) Type (4).
[2017.02.28-01.01.11:447][386]LogFbx: 		[Node Attribute Child 1] GZM_Breast_R (Type Mesh).
[2017.02.28-01.01.11:447][386]LogFbx: Dumping Node END [GZM_Breast_R]
[2017.02.28-01.01.11:447][386]LogFbx: =================================================
[2017.02.28-01.01.11:447][386]LogFbx: Dumping Node START [GZM_UpLid] 
[2017.02.28-01.01.11:447][386]LogFbx: 	Total Deformer Count 568781312.
[2017.02.28-01.01.11:447][386]LogFbx: 	Attribute (Mesh.006) Type (4).
[2017.02.28-01.01.11:447][386]LogFbx: 		[Node Attribute Child 1] GZM_UpLid (Type Mesh).
[2017.02.28-01.01.11:447][386]LogFbx: Dumping Node END [GZM_UpLid]
[2017.02.28-01.01.11:447][386]LogFbx: =================================================
[2017.02.28-01.01.11:447][386]LogFbx: Dumping Node START [GZM_RevToe] 
[2017.02.28-01.01.11:447][386]LogFbx: 	Total Deformer Count 568781312.
[2017.02.28-01.01.11:447][386]LogFbx: 	Attribute (GZM_RevToe) Type (4).
[2017.02.28-01.01.11:447][386]LogFbx: 		[Node Attribute Child 1] GZM_RevToe (Type Mesh).
[2017.02.28-01.01.11:447][386]LogFbx: Dumping Node END [GZM_RevToe]
[2017.02.28-01.01.11:447][386]LogFbx: =================================================
[2017.02.28-01.01.11:447][386]LogFbx: Dumping Node START [GZM_FootIK] 
[2017.02.28-01.01.11:447][386]LogFbx: 	Total Deformer Count 568781312.
[2017.02.28-01.01.11:447][386]LogFbx: 	Attribute (Mesh.007) Type (4).
[2017.02.28-01.01.11:447][386]LogFbx: 		[Node Attribute Child 1] GZM_FootIK (Type Mesh).
[2017.02.28-01.01.11:447][386]LogFbx: Dumping Node END [GZM_FootIK]
[2017.02.28-01.01.11:447][386]LogFbx: =================================================
[2017.02.28-01.01.11:447][386]LogFbx: Dumping Node START [GZM_Hand] 
[2017.02.28-01.01.11:447][386]LogFbx: 	Total Deformer Count 1068052320.
[2017.02.28-01.01.11:447][386]LogFbx: 	Attribute (GZM_Hand) Type (4).
[2017.02.28-01.01.11:447][386]LogFbx: 		[Node Attribute Child 1] GZM_Hand (Type Mesh).
[2017.02.28-01.01.11:447][386]LogFbx: Dumping Node END [GZM_Hand]
[2017.02.28-01.01.11:447][386]LogFbx: =================================================
[2017.02.28-01.01.11:447][386]LogFbx: Dumping Node START [GZM_Foot] 
[2017.02.28-01.01.11:447][386]LogFbx: 	Total Deformer Count 1068052320.
[2017.02.28-01.01.11:447][386]LogFbx: 	Attribute (GZM_Foot) Type (4).
[2017.02.28-01.01.11:447][386]LogFbx: 		[Node Attribute Child 1] GZM_Foot (Type Mesh).
[2017.02.28-01.01.11:447][386]LogFbx: Dumping Node END [GZM_Foot]
[2017.02.28-01.01.11:447][386]LogFbx: =================================================
[2017.02.28-01.01.11:447][386]LogFbx: Dumping Node START [GZM_Head] 
[2017.02.28-01.01.11:447][386]LogFbx: 	Total Deformer Count 1068052320.
[2017.02.28-01.01.11:447][386]LogFbx: 	Attribute (Mesh.008) Type (4).
[2017.02.28-01.01.11:447][386]LogFbx: 		[Node Attribute Child 1] GZM_Head (Type Mesh).
[2017.02.28-01.01.11:447][386]LogFbx: Dumping Node END [GZM_Head]
[2017.02.28-01.01.11:447][386]LogFbx: =================================================
[2017.02.28-01.01.11:447][386]LogFbx: Dumping Node START [GZM_Knuckle] 
[2017.02.28-01.01.11:448][386]LogFbx: 	Total Deformer Count 568781312.
[2017.02.28-01.01.11:448][386]LogFbx: 	Attribute (GZM_Knuckle) Type (4).
[2017.02.28-01.01.11:448][386]LogFbx: 		[Node Attribute Child 1] GZM_Knuckle (Type Mesh).
[2017.02.28-01.01.11:448][386]LogFbx: Dumping Node END [GZM_Knuckle]
[2017.02.28-01.01.11:448][386]LogFbx: =================================================
[2017.02.28-01.01.11:448][386]LogFbx: Dumping Node START [GZM_HandIK] 
[2017.02.28-01.01.11:448][386]LogFbx: 	Total Deformer Count 568781312.
[2017.02.28-01.01.11:448][386]LogFbx: 	Attribute (Mesh.009) Type (4).
[2017.02.28-01.01.11:448][386]LogFbx: 		[Node Attribute Child 1] GZM_HandIK (Type Mesh).
[2017.02.28-01.01.11:448][386]LogFbx: Dumping Node END [GZM_HandIK]
[2017.02.28-01.01.11:448][386]LogFbx: =================================================
[2017.02.28-01.01.11:448][386]LogFbx: Dumping Node START [GZM_FaceJaw] 
[2017.02.28-01.01.11:448][386]LogFbx: 	Total Deformer Count 568781312.
[2017.02.28-01.01.11:448][386]LogFbx: 	Attribute (Mesh.010) Type (4).
[2017.02.28-01.01.11:448][386]LogFbx: 		[Node Attribute Child 1] GZM_FaceJaw (Type Mesh).
[2017.02.28-01.01.11:448][386]LogFbx: Dumping Node END [GZM_FaceJaw]
[2017.02.28-01.01.11:448][386]LogFbx: =================================================
[2017.02.28-01.01.11:448][386]LogFbx: Dumping Node START [GZM_LoLid] 
[2017.02.28-01.01.11:448][386]LogFbx: 	Total Deformer Count 568781312.
[2017.02.28-01.01.11:448][386]LogFbx: 	Attribute (Mesh.011) Type (4).
[2017.02.28-01.01.11:448][386]LogFbx: 		[Node Attribute Child 1] GZM_LoLid (Type Mesh).
[2017.02.28-01.01.11:448][386]LogFbx: Dumping Node END [GZM_LoLid]
[2017.02.28-01.01.11:448][386]LogFbx: =================================================
[2017.02.28-01.01.11:448][386]LogFbx: Dumping Node START [GZM_CircleChest] 
[2017.02.28-01.01.11:448][386]LogFbx: 	Total Deformer Count 568506576.
[2017.02.28-01.01.11:448][386]LogFbx: 	Attribute (Mesh.012) Type (4).
[2017.02.28-01.01.11:448][386]LogFbx: 		[Node Attribute Child 1] GZM_CircleChest (Type Mesh).
[2017.02.28-01.01.11:448][386]LogFbx: Dumping Node END [GZM_CircleChest]
[2017.02.28-01.01.11:448][386]LogFbx: =================================================
[2017.02.28-01.01.11:448][386]LogFbx: Dumping Node START [GZM_CircleHips] 
[2017.02.28-01.01.11:448][386]LogFbx: 	Total Deformer Count 568506576.
[2017.02.28-01.01.11:448][386]LogFbx: 	Attribute (Mesh.013) Type (4).
[2017.02.28-01.01.11:448][386]LogFbx: 		[Node Attribute Child 1] GZM_CircleHips (Type Mesh).
[2017.02.28-01.01.11:448][386]LogFbx: Dumping Node END [GZM_CircleHips]
[2017.02.28-01.01.11:448][386]LogFbx: =================================================
[2017.02.28-01.01.11:448][386]LogFbx: Dumping Node START [GZM_Ball025] 
[2017.02.28-01.01.11:448][386]LogFbx: 	Total Deformer Count 568781312.
[2017.02.28-01.01.11:448][386]LogFbx: 	Attribute (Mesh.014) Type (4).
[2017.02.28-01.01.11:448][386]LogFbx: 		[Node Attribute Child 1] GZM_Ball025 (Type Mesh).
[2017.02.28-01.01.11:448][386]LogFbx: Dumping Node END [GZM_Ball025]
[2017.02.28-01.01.11:448][386]LogFbx: =================================================
[2017.02.28-01.01.11:448][386]LogFbx: Dumping Node START [GZM_Shoulder] 
[2017.02.28-01.01.11:448][386]LogFbx: 	Total Deformer Count 568492736.
[2017.02.28-01.01.11:448][386]LogFbx: 	Attribute (GZM_Shoulder) Type (4).
[2017.02.28-01.01.11:448][386]LogFbx: 		[Node Attribute Child 1] GZM_Shoulder (Type Mesh).
[2017.02.28-01.01.11:448][386]LogFbx: Dumping Node END [GZM_Shoulder]
[2017.02.28-01.01.11:448][386]LogFbx: =================================================
[2017.02.28-01.01.11:448][386]LogFbx: Dumping Node START [GZM_CrownHips] 
[2017.02.28-01.01.11:448][386]LogFbx: 	Total Deformer Count 568492736.
[2017.02.28-01.01.11:448][386]LogFbx: 	Attribute (GZM_CrownHips) Type (4).
[2017.02.28-01.01.11:448][386]LogFbx: 		[Node Attribute Child 1] GZM_CrownHips (Type Mesh).
[2017.02.28-01.01.11:448][386]LogFbx: Dumping Node END [GZM_CrownHips]
[2017.02.28-01.01.11:448][386]LogFbx: =================================================
[2017.02.28-01.01.11:448][386]LogFbx: Dumping Node START [GZM_Gaze] 
[2017.02.28-01.01.11:448][386]LogFbx: 	Total Deformer Count 1068052320.
[2017.02.28-01.01.11:448][386]LogFbx: 	Attribute (Mesh.015) Type (4).
[2017.02.28-01.01.11:448][386]LogFbx: 		[Node Attribute Child 1] GZM_Gaze (Type Mesh).
[2017.02.28-01.01.11:448][386]LogFbx: Dumping Node END [GZM_Gaze]
[2017.02.28-01.01.11:448][386]LogFbx: =================================================
[2017.02.28-01.01.11:448][386]LogFbx: Dumping Node START [GZM_Neck] 
[2017.02.28-01.01.11:448][386]LogFbx: 	Total Deformer Count 1068052320.
[2017.02.28-01.01.11:448][386]LogFbx: 	Attribute (Mesh.016) Type (4).
[2017.02.28-01.01.11:448][386]LogFbx: 		[Node Attribute Child 1] GZM_Neck (Type Mesh).
[2017.02.28-01.01.11:448][386]LogFbx: Dumping Node END [GZM_Neck]
[2017.02.28-01.01.11:448][386]LogFbx: =================================================
[2017.02.28-01.01.11:448][386]LogFbx: Dumping Node START [GZM_RevFoot] 
[2017.02.28-01.01.11:448][386]LogFbx: 	Total Deformer Count 568781312.
[2017.02.28-01.01.11:448][386]LogFbx: 	Attribute (GZM_RevFoot) Type (4).
[2017.02.28-01.01.11:448][386]LogFbx: 		[Node Attribute Child 1] GZM_RevFoot (Type Mesh).
[2017.02.28-01.01.11:448][386]LogFbx: Dumping Node END [GZM_RevFoot]
[2017.02.28-01.01.11:448][386]LogFbx: =================================================
[2017.02.28-01.01.11:448][386]LogFbx: Dumping Node START [GZM_Master] 
[2017.02.28-01.01.11:448][386]LogFbx: 	Total Deformer Count 568781312.
[2017.02.28-01.01.11:448][386]LogFbx: 	Attribute (Mesh.017) Type (4).
[2017.02.28-01.01.11:448][386]LogFbx: 		[Node Attribute Child 1] GZM_Master (Type Mesh).
[2017.02.28-01.01.11:448][386]LogFbx: Dumping Node END [GZM_Master]
[2017.02.28-01.01.11:449][386]LogFbx: =================================================
[2017.02.28-01.01.11:449][386]LogFbx: Dumping Node START [Nurse:Proxy] 
[2017.02.28-01.01.11:449][386]LogFbx: 	Total Deformer Count 568781312.
[2017.02.28-01.01.11:449][386]LogFbx: 		[Node 1] Nurse (Type Skin).
[2017.02.28-01.01.11:449][386]LogFbx: =================================================
[2017.02.28-01.01.11:449][386]LogFbx: 	Attribute (Nurse:Proxy) Type (4).
[2017.02.28-01.01.11:449][386]LogFbx: 		[Node Attribute Child 1] Nurse:Proxy (Type Mesh).
[2017.02.28-01.01.11:449][386]LogFbx: Dumping Node END [Nurse:Proxy]
[2017.02.28-01.01.11:449][386]LogFbx: =================================================
[2017.02.28-01.01.11:449][386]LogFbx: Dumping Node START [GZM_Tongue] 
[2017.02.28-01.01.11:449][386]LogFbx: 	Total Deformer Count 568781312.
[2017.02.28-01.01.11:449][386]LogFbx: 	Attribute (GZM_Tongue) Type (4).
[2017.02.28-01.01.11:449][386]LogFbx: 		[Node Attribute Child 1] GZM_Tongue (Type Mesh).
[2017.02.28-01.01.11:449][386]LogFbx: Dumping Node END [GZM_Tongue]
[2017.02.28-01.01.11:450][386]LogFbx: =================================================
[2017.02.28-01.01.11:450][386]LogFbx: Dumping Node START [GZM_Jaw] 
[2017.02.28-01.01.11:450][386]LogFbx: 	Total Deformer Count 1068055568.
[2017.02.28-01.01.11:450][386]LogFbx: 	Attribute (Mesh) Type (4).
[2017.02.28-01.01.11:450][386]LogFbx: 		[Node Attribute Child 1] GZM_Jaw (Type Mesh).
[2017.02.28-01.01.11:450][386]LogFbx: Dumping Node END [GZM_Jaw]
[2017.02.28-01.01.11:450][386]LogFbx: =================================================
[2017.02.28-01.01.11:450][386]LogFbx: Dumping Node START [GZM_Cube025] 
[2017.02.28-01.01.11:450][386]LogFbx: 	Total Deformer Count 568781312.
[2017.02.28-01.01.11:450][386]LogFbx: 	Attribute (GZM_Cube025) Type (4).
[2017.02.28-01.01.11:450][386]LogFbx: 		[Node Attribute Child 1] GZM_Cube025 (Type Mesh).
[2017.02.28-01.01.11:450][386]LogFbx: Dumping Node END [GZM_Cube025]
[2017.02.28-01.01.11:450][386]LogFbx: =================================================
[2017.02.28-01.01.11:450][386]LogFbx: Dumping Node START [GZM_Circle025] 
[2017.02.28-01.01.11:450][386]LogFbx: 	Total Deformer Count 568507856.
[2017.02.28-01.01.11:450][386]LogFbx: 	Attribute (Mesh.001) Type (4).
[2017.02.28-01.01.11:450][386]LogFbx: 		[Node Attribute Child 1] GZM_Circle025 (Type Mesh).
[2017.02.28-01.01.11:450][386]LogFbx: Dumping Node END [GZM_Circle025]
[2017.02.28-01.01.11:450][386]LogFbx: =================================================
[2017.02.28-01.01.11:450][386]LogFbx: Dumping Node START [GZM_CircleSpine] 
[2017.02.28-01.01.11:450][386]LogFbx: 	Total Deformer Count 568507856.
[2017.02.28-01.01.11:450][386]LogFbx: 	Attribute (Mesh.002) Type (4).
[2017.02.28-01.01.11:450][386]LogFbx: 		[Node Attribute Child 1] GZM_CircleSpine (Type Mesh).
[2017.02.28-01.01.11:450][386]LogFbx: Dumping Node END [GZM_CircleSpine]
[2017.02.28-01.01.11:450][386]LogFbx: =================================================
[2017.02.28-01.01.11:450][386]LogFbx: Dumping Node START [GZM_Toe] 
[2017.02.28-01.01.11:450][386]LogFbx: 	Total Deformer Count 1068055568.
[2017.02.28-01.01.11:450][386]LogFbx: 	Attribute (GZM_Toe) Type (4).
[2017.02.28-01.01.11:450][386]LogFbx: 		[Node Attribute Child 1] GZM_Toe (Type Mesh).
[2017.02.28-01.01.11:450][386]LogFbx: Dumping Node END [GZM_Toe]
[2017.02.28-01.01.11:450][386]LogFbx: =================================================
[2017.02.28-01.01.11:450][386]LogFbx: Dumping Node START [GZM_FaceHead] 
[2017.02.28-01.01.11:450][386]LogFbx: 	Total Deformer Count 568498576.
[2017.02.28-01.01.11:450][386]LogFbx: 	Attribute (Mesh.003) Type (4).
[2017.02.28-01.01.11:450][386]LogFbx: 		[Node Attribute Child 1] GZM_FaceHead (Type Mesh).
[2017.02.28-01.01.11:450][386]LogFbx: Dumping Node END [GZM_FaceHead]
[2017.02.28-01.01.11:450][386]LogFbx: =================================================
[2017.02.28-01.01.11:450][386]LogFbx: Dumping Node START [GZM_Breast_L] 
[2017.02.28-01.01.11:450][386]LogFbx: 	Total Deformer Count 568498576.
[2017.02.28-01.01.11:450][386]LogFbx: 	Attribute (Mesh.004) Type (4).
[2017.02.28-01.01.11:450][386]LogFbx: 		[Node Attribute Child 1] GZM_Breast_L (Type Mesh).
[2017.02.28-01.01.11:450][386]LogFbx: Dumping Node END [GZM_Breast_L]
[2017.02.28-01.01.11:450][386]LogFbx: =================================================
[2017.02.28-01.01.11:450][386]LogFbx: Dumping Node START [GZM_Root] 
[2017.02.28-01.01.11:450][386]LogFbx: 	Total Deformer Count 1068055568.
[2017.02.28-01.01.11:450][386]LogFbx: 	Attribute (GZM_Root) Type (4).
[2017.02.28-01.01.11:450][386]LogFbx: 		[Node Attribute Child 1] GZM_Root (Type Mesh).
[2017.02.28-01.01.11:450][386]LogFbx: Dumping Node END [GZM_Root]
[2017.02.28-01.01.11:450][386]LogFbx: =================================================
[2017.02.28-01.01.11:450][386]LogFbx: Dumping Node START [GZM_Breast_R] 
[2017.02.28-01.01.11:450][386]LogFbx: 	Total Deformer Count 568498336.
[2017.02.28-01.01.11:450][386]LogFbx: 	Attribute (Mesh.005) Type (4).
[2017.02.28-01.01.11:450][386]LogFbx: 		[Node Attribute Child 1] GZM_Breast_R (Type Mesh).
[2017.02.28-01.01.11:450][386]LogFbx: Dumping Node END [GZM_Breast_R]
[2017.02.28-01.01.11:450][386]LogFbx: =================================================
[2017.02.28-01.01.11:450][386]LogFbx: Dumping Node START [GZM_UpLid] 
[2017.02.28-01.01.11:450][386]LogFbx: 	Total Deformer Count 568781312.
[2017.02.28-01.01.11:450][386]LogFbx: 	Attribute (Mesh.006) Type (4).
[2017.02.28-01.01.11:450][386]LogFbx: 		[Node Attribute Child 1] GZM_UpLid (Type Mesh).
[2017.02.28-01.01.11:450][386]LogFbx: Dumping Node END [GZM_UpLid]
[2017.02.28-01.01.11:450][386]LogFbx: =================================================
[2017.02.28-01.01.11:450][386]LogFbx: Dumping Node START [GZM_RevToe] 
[2017.02.28-01.01.11:450][386]LogFbx: 	Total Deformer Count 568781312.
[2017.02.28-01.01.11:450][386]LogFbx: 	Attribute (GZM_RevToe) Type (4).
[2017.02.28-01.01.11:450][386]LogFbx: 		[Node Attribute Child 1] GZM_RevToe (Type Mesh).
[2017.02.28-01.01.11:450][386]LogFbx: Dumping Node END [GZM_RevToe]
[2017.02.28-01.01.11:450][386]LogFbx: =================================================
[2017.02.28-01.01.11:450][386]LogFbx: Dumping Node START [GZM_FootIK] 
[2017.02.28-01.01.11:450][386]LogFbx: 	Total Deformer Count 568781312.
[2017.02.28-01.01.11:450][386]LogFbx: 	Attribute (Mesh.007) Type (4).
[2017.02.28-01.01.11:450][386]LogFbx: 		[Node Attribute Child 1] GZM_FootIK (Type Mesh).
[2017.02.28-01.01.11:450][386]LogFbx: Dumping Node END [GZM_FootIK]
[2017.02.28-01.01.11:450][386]LogFbx: =================================================
[2017.02.28-01.01.11:450][386]LogFbx: Dumping Node START [GZM_Hand] 
[2017.02.28-01.01.11:450][386]LogFbx: 	Total Deformer Count 1068055568.
[2017.02.28-01.01.11:450][386]LogFbx: 	Attribute (GZM_Hand) Type (4).
[2017.02.28-01.01.11:450][386]LogFbx: 		[Node Attribute Child 1] GZM_Hand (Type Mesh).
[2017.02.28-01.01.11:450][386]LogFbx: Dumping Node END [GZM_Hand]
[2017.02.28-01.01.11:450][386]LogFbx: =================================================
[2017.02.28-01.01.11:450][386]LogFbx: Dumping Node START [GZM_Foot] 
[2017.02.28-01.01.11:450][386]LogFbx: 	Total Deformer Count 1068055568.
[2017.02.28-01.01.11:450][386]LogFbx: 	Attribute (GZM_Foot) Type (4).
[2017.02.28-01.01.11:450][386]LogFbx: 		[Node Attribute Child 1] GZM_Foot (Type Mesh).
[2017.02.28-01.01.11:450][386]LogFbx: Dumping Node END [GZM_Foot]
[2017.02.28-01.01.11:450][386]LogFbx: =================================================
[2017.02.28-01.01.11:450][386]LogFbx: Dumping Node START [GZM_Head] 
[2017.02.28-01.01.11:450][386]LogFbx: 	Total Deformer Count 1068055568.
[2017.02.28-01.01.11:450][386]LogFbx: 	Attribute (Mesh.008) Type (4).
[2017.02.28-01.01.11:450][386]LogFbx: 		[Node Attribute Child 1] GZM_Head (Type Mesh).
[2017.02.28-01.01.11:450][386]LogFbx: Dumping Node END [GZM_Head]
[2017.02.28-01.01.11:450][386]LogFbx: =================================================
[2017.02.28-01.01.11:451][386]LogFbx: Dumping Node START [GZM_Knuckle] 
[2017.02.28-01.01.11:451][386]LogFbx: 	Total Deformer Count 568781312.
[2017.02.28-01.01.11:451][386]LogFbx: 	Attribute (GZM_Knuckle) Type (4).
[2017.02.28-01.01.11:451][386]LogFbx: 		[Node Attribute Child 1] GZM_Knuckle (Type Mesh).
[2017.02.28-01.01.11:451][386]LogFbx: Dumping Node END [GZM_Knuckle]
[2017.02.28-01.01.11:451][386]LogFbx: =================================================
[2017.02.28-01.01.11:451][386]LogFbx: Dumping Node START [GZM_HandIK] 
[2017.02.28-01.01.11:451][386]LogFbx: 	Total Deformer Count 568781312.
[2017.02.28-01.01.11:451][386]LogFbx: 	Attribute (Mesh.009) Type (4).
[2017.02.28-01.01.11:451][386]LogFbx: 		[Node Attribute Child 1] GZM_HandIK (Type Mesh).
[2017.02.28-01.01.11:451][386]LogFbx: Dumping Node END [GZM_HandIK]
[2017.02.28-01.01.11:451][386]LogFbx: =================================================
[2017.02.28-01.01.11:451][386]LogFbx: Dumping Node START [GZM_FaceJaw] 
[2017.02.28-01.01.11:451][386]LogFbx: 	Total Deformer Count 568781312.
[2017.02.28-01.01.11:451][386]LogFbx: 	Attribute (Mesh.010) Type (4).
[2017.02.28-01.01.11:451][386]LogFbx: 		[Node Attribute Child 1] GZM_FaceJaw (Type Mesh).
[2017.02.28-01.01.11:451][386]LogFbx: Dumping Node END [GZM_FaceJaw]
[2017.02.28-01.01.11:451][386]LogFbx: =================================================
[2017.02.28-01.01.11:451][386]LogFbx: Dumping Node START [GZM_LoLid] 
[2017.02.28-01.01.11:451][386]LogFbx: 	Total Deformer Count 568781312.
[2017.02.28-01.01.11:451][386]LogFbx: 	Attribute (Mesh.011) Type (4).
[2017.02.28-01.01.11:451][386]LogFbx: 		[Node Attribute Child 1] GZM_LoLid (Type Mesh).
[2017.02.28-01.01.11:451][386]LogFbx: Dumping Node END [GZM_LoLid]
[2017.02.28-01.01.11:451][386]LogFbx: =================================================
[2017.02.28-01.01.11:451][386]LogFbx: Dumping Node START [GZM_CircleChest] 
[2017.02.28-01.01.11:451][386]LogFbx: 	Total Deformer Count 568494416.
[2017.02.28-01.01.11:451][386]LogFbx: 	Attribute (Mesh.012) Type (4).
[2017.02.28-01.01.11:451][386]LogFbx: 		[Node Attribute Child 1] GZM_CircleChest (Type Mesh).
[2017.02.28-01.01.11:451][386]LogFbx: Dumping Node END [GZM_CircleChest]
[2017.02.28-01.01.11:451][386]LogFbx: =================================================
[2017.02.28-01.01.11:451][386]LogFbx: Dumping Node START [GZM_CircleHips] 
[2017.02.28-01.01.11:451][386]LogFbx: 	Total Deformer Count 568494416.
[2017.02.28-01.01.11:451][386]LogFbx: 	Attribute (Mesh.013) Type (4).
[2017.02.28-01.01.11:451][386]LogFbx: 		[Node Attribute Child 1] GZM_CircleHips (Type Mesh).
[2017.02.28-01.01.11:451][386]LogFbx: Dumping Node END [GZM_CircleHips]
[2017.02.28-01.01.11:451][386]LogFbx: =================================================
[2017.02.28-01.01.11:451][386]LogFbx: Dumping Node START [GZM_Ball025] 
[2017.02.28-01.01.11:451][386]LogFbx: 	Total Deformer Count 568781312.
[2017.02.28-01.01.11:451][386]LogFbx: 	Attribute (Mesh.014) Type (4).
[2017.02.28-01.01.11:451][386]LogFbx: 		[Node Attribute Child 1] GZM_Ball025 (Type Mesh).
[2017.02.28-01.01.11:451][386]LogFbx: Dumping Node END [GZM_Ball025]
[2017.02.28-01.01.11:451][386]LogFbx: =================================================
[2017.02.28-01.01.11:451][386]LogFbx: Dumping Node START [GZM_Shoulder] 
[2017.02.28-01.01.11:451][386]LogFbx: 	Total Deformer Count 568497456.
[2017.02.28-01.01.11:451][386]LogFbx: 	Attribute (GZM_Shoulder) Type (4).
[2017.02.28-01.01.11:451][386]LogFbx: 		[Node Attribute Child 1] GZM_Shoulder (Type Mesh).
[2017.02.28-01.01.11:451][386]LogFbx: Dumping Node END [GZM_Shoulder]
[2017.02.28-01.01.11:451][386]LogFbx: =================================================
[2017.02.28-01.01.11:451][386]LogFbx: Dumping Node START [GZM_CrownHips] 
[2017.02.28-01.01.11:451][386]LogFbx: 	Total Deformer Count 568497456.
[2017.02.28-01.01.11:451][386]LogFbx: 	Attribute (GZM_CrownHips) Type (4).
[2017.02.28-01.01.11:451][386]LogFbx: 		[Node Attribute Child 1] GZM_CrownHips (Type Mesh).
[2017.02.28-01.01.11:451][386]LogFbx: Dumping Node END [GZM_CrownHips]
[2017.02.28-01.01.11:451][386]LogFbx: =================================================
[2017.02.28-01.01.11:451][386]LogFbx: Dumping Node START [GZM_Gaze] 
[2017.02.28-01.01.11:451][386]LogFbx: 	Total Deformer Count 1068055568.
[2017.02.28-01.01.11:451][386]LogFbx: 	Attribute (Mesh.015) Type (4).
[2017.02.28-01.01.11:451][386]LogFbx: 		[Node Attribute Child 1] GZM_Gaze (Type Mesh).
[2017.02.28-01.01.11:451][386]LogFbx: Dumping Node END [GZM_Gaze]
[2017.02.28-01.01.11:451][386]LogFbx: =================================================
[2017.02.28-01.01.11:451][386]LogFbx: Dumping Node START [GZM_Neck] 
[2017.02.28-01.01.11:451][386]LogFbx: 	Total Deformer Count 1068055568.
[2017.02.28-01.01.11:451][386]LogFbx: 	Attribute (Mesh.016) Type (4).
[2017.02.28-01.01.11:451][386]LogFbx: 		[Node Attribute Child 1] GZM_Neck (Type Mesh).
[2017.02.28-01.01.11:451][386]LogFbx: Dumping Node END [GZM_Neck]
[2017.02.28-01.01.11:451][386]LogFbx: =================================================
[2017.02.28-01.01.11:451][386]LogFbx: Dumping Node START [GZM_RevFoot] 
[2017.02.28-01.01.11:451][386]LogFbx: 	Total Deformer Count 568781312.
[2017.02.28-01.01.11:451][386]LogFbx: 	Attribute (GZM_RevFoot) Type (4).
[2017.02.28-01.01.11:451][386]LogFbx: 		[Node Attribute Child 1] GZM_RevFoot (Type Mesh).
[2017.02.28-01.01.11:451][386]LogFbx: Dumping Node END [GZM_RevFoot]
[2017.02.28-01.01.11:451][386]LogFbx: =================================================
[2017.02.28-01.01.11:451][386]LogFbx: Dumping Node START [GZM_Master] 
[2017.02.28-01.01.11:451][386]LogFbx: 	Total Deformer Count 568781312.
[2017.02.28-01.01.11:451][386]LogFbx: 	Attribute (Mesh.017) Type (4).
[2017.02.28-01.01.11:451][386]LogFbx: 		[Node Attribute Child 1] GZM_Master (Type Mesh).
[2017.02.28-01.01.11:451][386]LogFbx: Dumping Node END [GZM_Master]
[2017.02.28-01.01.11:452][386]LogFbx: Valid bind pose for Pose (Nurse:Proxy) - Nurse:Proxy
[2017.02.28-01.01.11:455][386]LogFbx: Triangulating skeletal mesh Nurse:Proxy
[2017.02.28-01.01.18:680][386]LogFbx:Warning: Bones digested - 44  Depth of hierarchy - 11
[2017.02.28-01.01.19:761][386]LogSkeletalMesh: Section 0: 12822 vertices, 30 active bones
[2017.02.28-01.01.19:766][386]LogSkeletalMesh: Section 1: 2816 vertices, 10 active bones
[2017.02.28-01.01.19:766][386]LogSkeletalMesh: Section 2: 2448 vertices, 8 active bones
[2017.02.28-01.01.19:767][386]LogSkeletalMesh: Section 3: 4494 vertices, 2 active bones
[2017.02.28-01.01.19:767][386]LogSkeletalMesh: Section 4: 124 vertices, 1 active bones
[2017.02.28-01.01.19:767][386]LogSkeletalMesh: Section 5: 1076 vertices, 2 active bones
[2017.02.28-01.01.19:768][386]LogSkeletalMesh: Section 6: 2581 vertices, 9 active bones
[2017.02.28-01.01.19:886][386]LogSkeletalMesh: Section 0: Material=0, 23160 triangles
[2017.02.28-01.01.19:886][386]LogSkeletalMesh: Section 1: Material=1, 4724 triangles
[2017.02.28-01.01.19:886][386]LogSkeletalMesh: Section 2: Material=2, 4244 triangles
[2017.02.28-01.01.19:886][386]LogSkeletalMesh: Section 3: Material=3, 7120 triangles
[2017.02.28-01.01.19:886][386]LogSkeletalMesh: Section 4: Material=4, 192 triangles
[2017.02.28-01.01.19:886][386]LogSkeletalMesh: Section 5: Material=5, 2040 triangles
[2017.02.28-01.01.19:886][386]LogSkeletalMesh: Section 6: Material=6, 3596 triangles
[2017.02.28-01.01.19:901][386]LogLinker:Warning: Can't find file '/Game/Levels/Nurse_PhysicsAsset'
[2017.02.28-01.01.19:901][386]LogLinker:Warning: Can't find file '/Game/Levels/Nurse_PhysicsAsset'
[2017.02.28-01.01.19:901][386]LogUObjectGlobals:Warning: Failed to find object 'Object /Game/Levels/Nurse_PhysicsAsset.Nurse_PhysicsAsset'
[2017.02.28-01.01.19:907][386]LogLinker:Warning: Can't find file '/Game/Levels/Nurse_Skeleton'
[2017.02.28-01.01.19:907][386]LogLinker:Warning: Can't find file '/Game/Levels/Nurse_Skeleton'
[2017.02.28-01.01.19:907][386]LogUObjectGlobals:Warning: Failed to find object 'Object /Game/Levels/Nurse_Skeleton.Nurse_Skeleton'
[2017.02.28-01.01.19:915][386]FBXImport:Warning: Warning Warning: No smoothing group information was found in this FBX scene.  Please make sure to enable the 'Export Smoothing Groups' option in the FBX Exporter plug-in before exporting the file.  Even for tools that don't support smoothing groups, the FBX Exporter will generate appropriate smoothing data at export-time so that correct vertex normals can be inferred while importing. 
[2017.02.28-01.02.29:855][ 26]Cmd: OBJ SAVEPACKAGE PACKAGE="/Game/Characters/Nurse" FILE="../../../../../../Users/David Barnes/Documents/GitHub/ProjectLonesomeRecovered/Project_lonesome/Content/Characters/Nurse.uasset" SILENT=true
[2017.02.28-01.02.29:935][ 26]LogSavePackage: Save=78.11ms
[2017.02.28-01.02.29:935][ 26]LogSavePackage: Moving '../../../../../../Users/David Barnes/Documents/GitHub/ProjectLonesomeRecovered/Project_lonesome/Saved/Nurse657A71AD4B674101262C0987DF6B6053.tmp' to '../../../../../../Users/David Barnes/Documents/GitHub/ProjectLonesomeRecovered/Project_lonesome/Content/Characters/Nurse.uasset'
[2017.02.28-01.02.29:937][ 26]LogSavePackage:Display: Finished SavePackage ../../../../../../Users/David Barnes/Documents/GitHub/ProjectLonesomeRecovered/Project_lonesome/Content/Characters/Nurse.uasset
[2017.02.28-01.02.34:333][277]LogSavePackage: Save=13.93ms
[2017.02.28-01.02.34:333][277]LogSavePackage: Moving '../../../../../../Users/David Barnes/Documents/GitHub/ProjectLonesomeRecovered/Project_lonesome/Saved/Nurse_PhysicsAsset0CC4177949CFA7845576BF8B306C3CC1.tmp' to '../../../../../../Users/David Barnes/Documents/GitHub/ProjectLonesomeRecovered/Project_lonesome/Content/Characters/Nurse_PhysicsAsset.uasset'
[2017.02.28-01.02.34:335][277]LogSavePackage:Display: Finished SavePackage ../../../../../../Users/David Barnes/Documents/GitHub/ProjectLonesomeRecovered/Project_lonesome/Content/Characters/Nurse_PhysicsAsset.uasset
[2017.02.28-01.02.34:434][277]Cmd: OBJ SAVEPACKAGE PACKAGE="/Game/Characters/Nurse" FILE="../../../../../../Users/David Barnes/Documents/GitHub/ProjectLonesomeRecovered/Project_lonesome/Content/Characters/Nurse.uasset" SILENT=true
[2017.02.28-01.02.34:552][277]LogSavePackage: Save=69.62ms
[2017.02.28-01.02.34:552][277]LogSavePackage: Moving '../../../../../../Users/David Barnes/Documents/GitHub/ProjectLonesomeRecovered/Project_lonesome/Saved/Nurse86F876EB4948DC4A8A1E31B8D8DDEB0E.tmp' to '../../../../../../Users/David Barnes/Documents/GitHub/ProjectLonesomeRecovered/Project_lonesome/Content/Characters/Nurse.uasset'
[2017.02.28-01.02.34:554][277]LogSavePackage:Display: Finished SavePackage ../../../../../../Users/David Barnes/Documents/GitHub/ProjectLonesomeRecovered/Project_lonesome/Content/Characters/Nurse.uasset
[2017.02.28-01.02.38:475][505]LogSavePackage: Save=2.02ms
[2017.02.28-01.02.38:475][505]LogSavePackage: Moving '../../../../../../Users/David Barnes/Documents/GitHub/ProjectLonesomeRecovered/Project_lonesome/Saved/Nurse_Skeleton42C027194A9B8411ED423886162B10F5.tmp' to '../../../../../../Users/David Barnes/Documents/GitHub/ProjectLonesomeRecovered/Project_lonesome/Content/Characters/Nurse_Skeleton.uasset'
[2017.02.28-01.02.38:477][505]LogSavePackage:Display: Finished SavePackage ../../../../../../Users/David Barnes/Documents/GitHub/ProjectLonesomeRecovered/Project_lonesome/Content/Characters/Nurse_Skeleton.uasset
[2017.02.28-01.02.38:571][505]Cmd: OBJ SAVEPACKAGE PACKAGE="/Game/Characters/Nurse" FILE="../../../../../../Users/David Barnes/Documents/GitHub/ProjectLonesomeRecovered/Project_lonesome/Content/Characters/Nurse.uasset" SILENT=true
[2017.02.28-01.02.38:646][505]LogSavePackage: Save=68.63ms
[2017.02.28-01.02.38:646][505]LogSavePackage: Moving '../../../../../../Users/David Barnes/Documents/GitHub/ProjectLonesomeRecovered/Project_lonesome/Saved/Nurse5A6AD84B4F60F60EAC18BAAE7EFE08E5.tmp' to '../../../../../../Users/David Barnes/Documents/GitHub/ProjectLonesomeRecovered/Project_lonesome/Content/Characters/Nurse.uasset'
[2017.02.28-01.02.38:649][505]LogSavePackage:Display: Finished SavePackage ../../../../../../Users/David Barnes/Documents/GitHub/ProjectLonesomeRecovered/Project_lonesome/Content/Characters/Nurse.uasset
[2017.02.28-01.03.27:874][740]LogTexture:Display: Building textures: SunsetAmbientCubemap (RGBA16F)
[2017.02.28-01.03.37:730][740]LogSkeletalMesh: InitArticulated: Bodies already created (/Engine/Transient.DebugSkelMeshComponent_0) - call TermArticulated first.
[2017.02.28-01.03.37:830][740]LogTexture:Display: Building textures: icon_ShowSkeletalMeshes_40x (BGRA8)
[2017.02.28-01.03.37:997][740]LogRenderer: Reallocating scene render targets to support 880x740 (Frame:9444).
[2017.02.28-01.30.43:309][ 14]LogRenderer: Reallocating scene render targets to support 880x776 (Frame:76136).
[2017.02.28-01.32.15:238][158]LogAnimationCompression: Building Anim DDC data for AnimSequence /Game/Characters/Nurse_Skeleton_Sequence.Nurse_Skeleton_Sequence
[2017.02.28-01.32.15:451][159]LogFileHelpers: Editor autosave (incl. sublevels) for '/Game/Levels/Second-Floor' took 0.012
[2017.02.28-01.32.15:455][159]LogSavePackage: Save=1.29ms
[2017.02.28-01.32.15:455][159]LogSavePackage: Moving '../../../../../../Users/David Barnes/Documents/GitHub/ProjectLonesomeRecovered/Project_lonesome/Saved/Nurse_Auto1BF523D7942739D361F6A9DAF55C109B2.tmp' to '../../../../../../Users/David Barnes/Documents/GitHub/ProjectLonesomeRecovered/Project_lonesome/Saved/Autosaves/Game/Levels/Nurse_Auto1.uasset'
[2017.02.28-01.32.15:456][159]LogSavePackage:Display: Finished SavePackage ../../../../../../Users/David Barnes/Documents/GitHub/ProjectLonesomeRecovered/Project_lonesome/Saved/Autosaves/Game/Levels/Nurse_Auto1.uasset
[2017.02.28-01.32.15:459][159]LogSavePackage: Save=1.12ms
[2017.02.28-01.32.15:459][159]LogSavePackage: Moving '../../../../../../Users/David Barnes/Documents/GitHub/ProjectLonesomeRecovered/Project_lonesome/Saved/Nurse_PhysicsAsset_Auto16A666A0C4E3EF007EB77438AFBABC3C4.tmp' to '../../../../../../Users/David Barnes/Documents/GitHub/ProjectLonesomeRecovered/Project_lonesome/Saved/Autosaves/Game/Levels/Nurse_PhysicsAsset_Auto1.uasset'
[2017.02.28-01.32.15:460][159]LogSavePackage:Display: Finished SavePackage ../../../../../../Users/David Barnes/Documents/GitHub/ProjectLonesomeRecovered/Project_lonesome/Saved/Autosaves/Game/Levels/Nurse_PhysicsAsset_Auto1.uasset
[2017.02.28-01.32.15:463][159]LogSavePackage: Save=1.15ms
[2017.02.28-01.32.15:463][159]LogSavePackage: Moving '../../../../../../Users/David Barnes/Documents/GitHub/ProjectLonesomeRecovered/Project_lonesome/Saved/Nurse_Skeleton_Auto19C4F8A4B40BBC289C6B2A7BCD73F8C5E.tmp' to '../../../../../../Users/David Barnes/Documents/GitHub/ProjectLonesomeRecovered/Project_lonesome/Saved/Autosaves/Game/Levels/Nurse_Skeleton_Auto1.uasset'
[2017.02.28-01.32.15:464][159]LogSavePackage:Display: Finished SavePackage ../../../../../../Users/David Barnes/Documents/GitHub/ProjectLonesomeRecovered/Project_lonesome/Saved/Autosaves/Game/Levels/Nurse_Skeleton_Auto1.uasset
[2017.02.28-01.32.15:465][159]OBJ SavePackage: Generating thumbnails for [0] asset(s) in package [/Game/Characters/Nurse] ([1] browsable assets)...
[2017.02.28-01.32.15:465][159]OBJ SavePackage: Finished generating thumbnails for package [/Game/Characters/Nurse]
[2017.02.28-01.32.15:553][159]LogSavePackage: Save=69.64ms
[2017.02.28-01.32.15:553][159]LogSavePackage: Moving '../../../../../../Users/David Barnes/Documents/GitHub/ProjectLonesomeRecovered/Project_lonesome/Saved/Nurse_Auto1E9DF4DD9490CE31D87176686312A8B1D.tmp' to '../../../../../../Users/David Barnes/Documents/GitHub/ProjectLonesomeRecovered/Project_lonesome/Saved/Autosaves/Game/Characters/Nurse_Auto1.uasset'
[2017.02.28-01.32.15:554][159]LogSavePackage:Display: Finished SavePackage ../../../../../../Users/David Barnes/Documents/GitHub/ProjectLonesomeRecovered/Project_lonesome/Saved/Autosaves/Game/Characters/Nurse_Auto1.uasset
[2017.02.28-01.32.15:554][159]OBJ SavePackage: Generating thumbnails for [0] asset(s) in package [/Game/Characters/Nurse_Skeleton] ([1] browsable assets)...
[2017.02.28-01.32.15:554][159]OBJ SavePackage: Finished generating thumbnails for package [/Game/Characters/Nurse_Skeleton]
[2017.02.28-01.32.15:563][159]LogSavePackage: Save=2.98ms
[2017.02.28-01.32.15:563][159]LogSavePackage: Moving '../../../../../../Users/David Barnes/Documents/GitHub/ProjectLonesomeRecovered/Project_lonesome/Saved/Nurse_Skeleton_Auto14853C0864951132BCC3607A22EC5BECD.tmp' to '../../../../../../Users/David Barnes/Documents/GitHub/ProjectLonesomeRecovered/Project_lonesome/Saved/Autosaves/Game/Characters/Nurse_Skeleton_Auto1.uasset'
[2017.02.28-01.32.15:564][159]LogSavePackage:Display: Finished SavePackage ../../../../../../Users/David Barnes/Documents/GitHub/ProjectLonesomeRecovered/Project_lonesome/Saved/Autosaves/Game/Characters/Nurse_Skeleton_Auto1.uasset
[2017.02.28-01.32.15:565][159]OBJ SavePackage: Generating thumbnails for [1] asset(s) in package [/Game/Characters/Nurse_Skeleton_Sequence] ([1] browsable assets)...
[2017.02.28-01.32.15:612][159]OBJ SavePackage:     Rendered thumbnail for [AnimSequence /Game/Characters/Nurse_Skeleton_Sequence.Nurse_Skeleton_Sequence]
[2017.02.28-01.32.15:612][159]OBJ SavePackage: Finished generating thumbnails for package [/Game/Characters/Nurse_Skeleton_Sequence]
[2017.02.28-01.32.15:625][159]LogSavePackage: Save=11.96ms
[2017.02.28-01.32.15:625][159]LogSavePackage: Moving '../../../../../../Users/David Barnes/Documents/GitHub/ProjectLonesomeRecovered/Project_lonesome/Saved/Nurse_Skeleton_Sequence_Auto1BD8C4C6C4846E8753C694393E3D790C9.tmp' to '../../../../../../Users/David Barnes/Documents/GitHub/ProjectLonesomeRecovered/Project_lonesome/Saved/Autosaves/Game/Characters/Nurse_Skeleton_Sequence_Auto1.uasset'
[2017.02.28-01.32.15:636][159]LogSavePackage:Display: Finished SavePackage ../../../../../../Users/David Barnes/Documents/GitHub/ProjectLonesomeRecovered/Project_lonesome/Saved/Autosaves/Game/Characters/Nurse_Skeleton_Sequence_Auto1.uasset
[2017.02.28-01.32.15:636][159]LogFileHelpers: Auto-saving content packages took 0.184
[2017.02.28-01.37.18:452][608]LogAnimationCompression: Building Anim DDC data for AnimSequence /Game/AnimStarterPack/Walk_Fwd_Rifle_Ironsights.Walk_Fwd_Rifle_Ironsights
[2017.02.28-01.37.18:612][608]LogTexture:Display: Building textures: T_ML_Rubber_Blue_01_N (BC5)
[2017.02.28-01.37.18:661][608]LogTexture:Display: Building textures: T_ML_Rubber_Blue_01_D (DXT1)
[2017.02.28-01.37.18:836][608]LogTexture:Display: Building textures: UE4_Mannequin_occlusion_Mobile (DXT1)
[2017.02.28-01.37.18:962][608]LogTexture:Display: Building textures: UE4_Mannequin_MAT_MASKA (AutoDXT)
[2017.02.28-01.37.19:232][608]LogTexture:Display: Building textures: UE4_Mannequin__normals (BC5)
[2017.02.28-01.37.19:686][608]LogTexture:Display: Building textures: T_ML_Aluminum01_N (BC5)
[2017.02.28-01.37.19:735][608]LogTexture:Display: Building textures: T_ML_Aluminum01 (DXT1)
[2017.02.28-01.37.19:877][608]LogMaterial: Missing cached shader map for material M_UE4Man_Body, compiling. 
[2017.02.28-01.37.20:000][608]LogTexture:Display: Building textures: UE4Man_Logo_N (BC5)
[2017.02.28-01.37.20:045][608]LogMaterial: Missing cached shader map for material M_UE4Man_Body, compiling. 
[2017.02.28-01.37.20:221][608]LogSkeletalMesh: InitArticulated: Bodies already created (/Engine/Transient.DebugSkelMeshComponent_3) - call TermArticulated first.
[2017.02.28-01.37.20:367][608]LogAnimation:Warning: root : Missing joint on skeleton.  Make sure to assign to the skeleeton.
[2017.02.28-01.37.20:613][608]LogContentBrowser:Verbose: The majority of assets in the view are of type: AnimSequence
[2017.02.28-01.38.05:046][209]LogSkeletalMesh: InitArticulated: Bodies already created (/Engine/Transient.DebugSkelMeshComponent_6) - call TermArticulated first.
[2017.02.28-04.23.58:490][997]LogFactory: FactoryCreateFile: StaticMesh with FbxFactory (0 0 ../../../../../../Users/David Barnes/Documents/Blender/Nurse.fbx)
[2017.02.28-04.23.58:498][997]LogFbx: ItemName: GlobalSettings, ItemCount : 1
[2017.02.28-04.23.58:498][997]LogFbx: ItemName: NodeAttribute, ItemCount : 33
[2017.02.28-04.23.58:498][997]LogFbx: ItemName: Geometry, ItemCount : 35
[2017.02.28-04.23.58:498][997]LogFbx: ItemName: Model, ItemCount : 68
[2017.02.28-04.23.58:498][997]LogFbx: ItemName: Pose, ItemCount : 4
[2017.02.28-04.23.58:498][997]LogFbx: ItemName: Deformer, ItemCount : 129
[2017.02.28-04.23.58:498][997]LogFbx: ItemName: Material, ItemCount : 7
[2017.02.28-04.23.58:498][997]LogFbx: ItemName: Texture, ItemCount : 7
[2017.02.28-04.23.58:498][997]LogFbx: ItemName: Video, ItemCount : 7
[2017.02.28-04.23.58:504][997]LogFbx: Loading FBX Scene from ../../../../../../Users/David Barnes/Documents/Blender/Nurse.fbx
[2017.02.28-04.23.58:566][997]LogFbx: FBX Scene Loaded Succesfully
[2017.02.28-04.23.58:635][997]LogUObjectArray:Warning: Invalid object index -572662307
